[36mInstall the project...[0m
-- Install configuration: ""
-- Installing: /home/pal/TiaGo_TourGuide/TiagoTourGuide_ws/install/_setup_util.py
-- Installing: /home/pal/TiaGo_TourGuide/TiagoTourGuide_ws/install/env.sh
-- Installing: /home/pal/TiaGo_TourGuide/TiagoTourGuide_ws/install/setup.bash
-- Installing: /home/pal/TiaGo_TourGuide/TiagoTourGuide_ws/install/local_setup.bash
-- Installing: /home/pal/TiaGo_TourGuide/TiagoTourGuide_ws/install/setup.sh
-- Installing: /home/pal/TiaGo_TourGuide/TiagoTourGuide_ws/install/local_setup.sh
-- Installing: /home/pal/TiaGo_TourGuide/TiagoTourGuide_ws/install/setup.zsh
-- Installing: /home/pal/TiaGo_TourGuide/TiagoTourGuide_ws/install/local_setup.zsh
-- Installing: /home/pal/TiaGo_TourGuide/TiagoTourGuide_ws/install/.rosinstall
+ cd /home/pal/TiaGo_TourGuide/TiagoTourGuide_ws/src/tiago_common
+ mkdir -p /home/pal/TiaGo_TourGuide/TiagoTourGuide_ws/install/lib/python3/dist-packages
+ /usr/bin/env PYTHONPATH=/home/pal/TiaGo_TourGuide/TiagoTourGuide_ws/install/lib/python3/dist-packages:/home/pal/TiaGo_TourGuide/TiagoTourGuide_ws/build/tiago_common/lib/python3/dist-packages:/home/pal/TiaGo_TourGuide/TiagoTourGuide_ws/install/lib/python3/dist-packages:/opt/pal/gallium/lib/python3/dist-packages:/opt/ros/noetic/lib/python3/dist-packages CATKIN_BINARY_DIR=/home/pal/TiaGo_TourGuide/TiagoTourGuide_ws/build/tiago_common /usr/bin/python3 /home/pal/TiaGo_TourGuide/TiagoTourGuide_ws/src/tiago_common/setup.py build --build-base /home/pal/TiaGo_TourGuide/TiagoTourGuide_ws/build/tiago_common install --root=/ --install-layout=deb --prefix=/home/pal/TiaGo_TourGuide/TiagoTourGuide_ws/install --install-scripts=/home/pal/TiaGo_TourGuide/TiagoTourGuide_ws/install/bin
running build
running build_py
creating /home/pal/TiaGo_TourGuide/TiagoTourGuide_ws/build/tiago_common/lib
creating /home/pal/TiaGo_TourGuide/TiagoTourGuide_ws/build/tiago_common/lib/tiago_common
copying src/tiago_common/__init__.py -> /home/pal/TiaGo_TourGuide/TiagoTourGuide_ws/build/tiago_common/lib/tiago_common
copying src/tiago_common/open_ai_utils.py -> /home/pal/TiaGo_TourGuide/TiagoTourGuide_ws/build/tiago_common/lib/tiago_common
running install
running install_lib
creating /home/pal/TiaGo_TourGuide/TiagoTourGuide_ws/install/lib/python3/dist-packages/tiago_common
copying /home/pal/TiaGo_TourGuide/TiagoTourGuide_ws/build/tiago_common/lib/tiago_common/__init__.py -> /home/pal/TiaGo_TourGuide/TiagoTourGuide_ws/install/lib/python3/dist-packages/tiago_common
copying /home/pal/TiaGo_TourGuide/TiagoTourGuide_ws/build/tiago_common/lib/tiago_common/open_ai_utils.py -> /home/pal/TiaGo_TourGuide/TiagoTourGuide_ws/install/lib/python3/dist-packages/tiago_common
byte-compiling /home/pal/TiaGo_TourGuide/TiagoTourGuide_ws/install/lib/python3/dist-packages/tiago_common/__init__.py to __init__.cpython-38.pyc
byte-compiling /home/pal/TiaGo_TourGuide/TiagoTourGuide_ws/install/lib/python3/dist-packages/tiago_common/open_ai_utils.py to open_ai_utils.cpython-38.pyc
running install_egg_info
Writing /home/pal/TiaGo_TourGuide/TiagoTourGuide_ws/install/lib/python3/dist-packages/tiago_common-0.0.0.egg-info
-- Installing: /home/pal/TiaGo_TourGuide/TiagoTourGuide_ws/install/lib/pkgconfig/tiago_common.pc
-- Installing: /home/pal/TiaGo_TourGuide/TiagoTourGuide_ws/install/share/tiago_common/cmake/tiago_commonConfig.cmake
-- Installing: /home/pal/TiaGo_TourGuide/TiagoTourGuide_ws/install/share/tiago_common/cmake/tiago_commonConfig-version.cmake
-- Installing: /home/pal/TiaGo_TourGuide/TiagoTourGuide_ws/install/share/tiago_common/package.xml
-- Up-to-date: /home/pal/TiaGo_TourGuide/TiagoTourGuide_ws/install/lib/pkgconfig/tiago_common.pc
-- Up-to-date: /home/pal/TiaGo_TourGuide/TiagoTourGuide_ws/install/share/tiago_common/cmake/tiago_commonConfig.cmake
-- Up-to-date: /home/pal/TiaGo_TourGuide/TiagoTourGuide_ws/install/share/tiago_common/cmake/tiago_commonConfig-version.cmake
-- Up-to-date: /home/pal/TiaGo_TourGuide/TiagoTourGuide_ws/install/share/tiago_common/package.xml
