[36mInstall the project...[0m
-- Install configuration: ""
-- Installing: /TiaGo_TourGuide/TiagoTourGuide_ws/install/_setup_util.py
-- Installing: /TiaGo_TourGuide/TiagoTourGuide_ws/install/env.sh
-- Installing: /TiaGo_TourGuide/TiagoTourGuide_ws/install/setup.bash
-- Installing: /TiaGo_TourGuide/TiagoTourGuide_ws/install/local_setup.bash
-- Installing: /TiaGo_TourGuide/TiagoTourGuide_ws/install/setup.sh
-- Installing: /TiaGo_TourGuide/TiagoTourGuide_ws/install/local_setup.sh
-- Installing: /TiaGo_TourGuide/TiagoTourGuide_ws/install/setup.zsh
-- Installing: /TiaGo_TourGuide/TiagoTourGuide_ws/install/local_setup.zsh
-- Installing: /TiaGo_TourGuide/TiagoTourGuide_ws/install/.rosinstall
-- Installing: /TiaGo_TourGuide/TiagoTourGuide_ws/install/lib/pkgconfig/tf2_sensor_msgs.pc
-- Installing: /TiaGo_TourGuide/TiagoTourGuide_ws/install/share/tf2_sensor_msgs/cmake/tf2_sensor_msgsConfig.cmake
-- Installing: /TiaGo_TourGuide/TiagoTourGuide_ws/install/share/tf2_sensor_msgs/cmake/tf2_sensor_msgsConfig-version.cmake
-- Installing: /TiaGo_TourGuide/TiagoTourGuide_ws/install/share/tf2_sensor_msgs/package.xml
-- Installing: /TiaGo_TourGuide/TiagoTourGuide_ws/install/include/tf2_sensor_msgs
-- Installing: /TiaGo_TourGuide/TiagoTourGuide_ws/install/include/tf2_sensor_msgs/tf2_sensor_msgs.h
+ cd /TiaGo_TourGuide/TiagoTourGuide_ws/src/geometry2-noetic-devel/tf2_sensor_msgs
+ mkdir -p /TiaGo_TourGuide/TiagoTourGuide_ws/install/lib/python3/dist-packages
+ /usr/bin/env PYTHONPATH=/TiaGo_TourGuide/TiagoTourGuide_ws/install/lib/python3/dist-packages:/TiaGo_TourGuide/TiagoTourGuide_ws/build/tf2_sensor_msgs/lib/python3/dist-packages:/TiaGo_TourGuide/TiagoTourGuide_ws/install/lib/python3/dist-packages:/TiaGo_TourGuide/TiagoTourGuide_ws/devel/lib/python3/dist-packages:/opt/ros/noetic/lib/python3/dist-packages CATKIN_BINARY_DIR=/TiaGo_TourGuide/TiagoTourGuide_ws/build/tf2_sensor_msgs /usr/bin/python3 /TiaGo_TourGuide/TiagoTourGuide_ws/src/geometry2-noetic-devel/tf2_sensor_msgs/setup.py egg_info --egg-base /TiaGo_TourGuide/TiagoTourGuide_ws/build/tf2_sensor_msgs build --build-base /TiaGo_TourGuide/TiagoTourGuide_ws/build/tf2_sensor_msgs install --root=/ --install-layout=deb --prefix=/TiaGo_TourGuide/TiagoTourGuide_ws/install --install-scripts=/TiaGo_TourGuide/TiagoTourGuide_ws/install/bin
running egg_info
creating /TiaGo_TourGuide/TiagoTourGuide_ws/build/tf2_sensor_msgs/tf2_sensor_msgs.egg-info
writing /TiaGo_TourGuide/TiagoTourGuide_ws/build/tf2_sensor_msgs/tf2_sensor_msgs.egg-info/PKG-INFO
writing dependency_links to /TiaGo_TourGuide/TiagoTourGuide_ws/build/tf2_sensor_msgs/tf2_sensor_msgs.egg-info/dependency_links.txt
writing top-level names to /TiaGo_TourGuide/TiagoTourGuide_ws/build/tf2_sensor_msgs/tf2_sensor_msgs.egg-info/top_level.txt
writing manifest file '/TiaGo_TourGuide/TiagoTourGuide_ws/build/tf2_sensor_msgs/tf2_sensor_msgs.egg-info/SOURCES.txt'
reading manifest file '/TiaGo_TourGuide/TiagoTourGuide_ws/build/tf2_sensor_msgs/tf2_sensor_msgs.egg-info/SOURCES.txt'
writing manifest file '/TiaGo_TourGuide/TiagoTourGuide_ws/build/tf2_sensor_msgs/tf2_sensor_msgs.egg-info/SOURCES.txt'
running build
running build_py
creating /TiaGo_TourGuide/TiagoTourGuide_ws/build/tf2_sensor_msgs/lib
creating /TiaGo_TourGuide/TiagoTourGuide_ws/build/tf2_sensor_msgs/lib/tf2_sensor_msgs
copying src/tf2_sensor_msgs/tf2_sensor_msgs.py -> /TiaGo_TourGuide/TiagoTourGuide_ws/build/tf2_sensor_msgs/lib/tf2_sensor_msgs
copying src/tf2_sensor_msgs/__init__.py -> /TiaGo_TourGuide/TiagoTourGuide_ws/build/tf2_sensor_msgs/lib/tf2_sensor_msgs
running install
running install_lib
creating /TiaGo_TourGuide/TiagoTourGuide_ws/install/lib/python3/dist-packages/tf2_sensor_msgs
copying /TiaGo_TourGuide/TiagoTourGuide_ws/build/tf2_sensor_msgs/lib/tf2_sensor_msgs/tf2_sensor_msgs.py -> /TiaGo_TourGuide/TiagoTourGuide_ws/install/lib/python3/dist-packages/tf2_sensor_msgs
copying /TiaGo_TourGuide/TiagoTourGuide_ws/build/tf2_sensor_msgs/lib/tf2_sensor_msgs/__init__.py -> /TiaGo_TourGuide/TiagoTourGuide_ws/install/lib/python3/dist-packages/tf2_sensor_msgs
byte-compiling /TiaGo_TourGuide/TiagoTourGuide_ws/install/lib/python3/dist-packages/tf2_sensor_msgs/tf2_sensor_msgs.py to tf2_sensor_msgs.cpython-38.pyc
byte-compiling /TiaGo_TourGuide/TiagoTourGuide_ws/install/lib/python3/dist-packages/tf2_sensor_msgs/__init__.py to __init__.cpython-38.pyc
running install_egg_info
Copying /TiaGo_TourGuide/TiagoTourGuide_ws/build/tf2_sensor_msgs/tf2_sensor_msgs.egg-info to /TiaGo_TourGuide/TiagoTourGuide_ws/install/lib/python3/dist-packages/tf2_sensor_msgs-0.7.7.egg-info
Skipping SOURCES.txt
running install_scripts
