[35m[1mScanning dependencies of target _pal_navigation_msgs_generate_messages_check_deps_GoToGoal[0m
[  0%] Built target _pal_navigation_msgs_generate_messages_check_deps_GoToGoal
[35m[1mScanning dependencies of target actionlib_msgs_generate_messages_eus[0m
[  0%] Built target actionlib_msgs_generate_messages_eus
[35m[1mScanning dependencies of target _pal_navigation_msgs_generate_messages_check_deps_GoToActionFeedback[0m
[  0%] Built target _pal_navigation_msgs_generate_messages_check_deps_GoToActionFeedback
[35m[1mScanning dependencies of target _pal_navigation_msgs_generate_messages_check_deps_ExecuteParkingActionResult[0m
[  0%] Built target _pal_navigation_msgs_generate_messages_check_deps_ExecuteParkingActionResult
[35m[1mScanning dependencies of target _pal_navigation_msgs_generate_messages_check_deps_GoToResult[0m
[  0%] Built target _pal_navigation_msgs_generate_messages_check_deps_GoToResult
[35m[1mScanning dependencies of target _pal_navigation_msgs_generate_messages_check_deps_ChangeBuilding[0m
[  0%] Built target _pal_navigation_msgs_generate_messages_check_deps_ChangeBuilding
[35m[1mScanning dependencies of target _pal_navigation_msgs_generate_messages_check_deps_FollowWaypointsGoal[0m
[  0%] Built target _pal_navigation_msgs_generate_messages_check_deps_FollowWaypointsGoal
[35m[1mScanning dependencies of target _pal_navigation_msgs_generate_messages_check_deps_EulerAngles[0m
[  0%] Built target _pal_navigation_msgs_generate_messages_check_deps_EulerAngles
[35m[1mScanning dependencies of target _pal_navigation_msgs_generate_messages_check_deps_VisualLocRecognize[0m
[  0%] Built target _pal_navigation_msgs_generate_messages_check_deps_VisualLocRecognize
[35m[1mScanning dependencies of target _pal_navigation_msgs_generate_messages_check_deps_SetSubMapFloor[0m
[  0%] Built target _pal_navigation_msgs_generate_messages_check_deps_SetSubMapFloor
[35m[1mScanning dependencies of target _pal_navigation_msgs_generate_messages_check_deps_SetPOI[0m
[  0%] Built target _pal_navigation_msgs_generate_messages_check_deps_SetPOI
[35m[1mScanning dependencies of target _pal_navigation_msgs_generate_messages_check_deps_SetMapConfiguration[0m
[  0%] Built target _pal_navigation_msgs_generate_messages_check_deps_SetMapConfiguration
[35m[1mScanning dependencies of target _pal_navigation_msgs_generate_messages_check_deps_ExecuteParkingFeedback[0m
[  0%] Built target _pal_navigation_msgs_generate_messages_check_deps_ExecuteParkingFeedback
[35m[1mScanning dependencies of target _pal_navigation_msgs_generate_messages_check_deps_FollowWaypointsActionGoal[0m
[  0%] Built target _pal_navigation_msgs_generate_messages_check_deps_FollowWaypointsActionGoal
[35m[1mScanning dependencies of target _pal_navigation_msgs_generate_messages_check_deps_DisableEmergency[0m
[  0%] Built target _pal_navigation_msgs_generate_messages_check_deps_DisableEmergency
[35m[1mScanning dependencies of target _pal_navigation_msgs_generate_messages_check_deps_ExecuteParkingResult[0m
[  0%] Built target _pal_navigation_msgs_generate_messages_check_deps_ExecuteParkingResult
[35m[1mScanning dependencies of target _pal_navigation_msgs_generate_messages_check_deps_ExecuteParkingGoal[0m
[  0%] Built target _pal_navigation_msgs_generate_messages_check_deps_ExecuteParkingGoal
[35m[1mScanning dependencies of target sensor_msgs_generate_messages_eus[0m
[  0%] Built target sensor_msgs_generate_messages_eus
[35m[1mScanning dependencies of target _pal_navigation_msgs_generate_messages_check_deps_JoyTurboActionGoal[0m
[  0%] Built target _pal_navigation_msgs_generate_messages_check_deps_JoyTurboActionGoal
[35m[1mScanning dependencies of target _pal_navigation_msgs_generate_messages_check_deps_GoToAction[0m
[  0%] Built target _pal_navigation_msgs_generate_messages_check_deps_GoToAction
[35m[1mScanning dependencies of target _pal_navigation_msgs_generate_messages_check_deps_SaveMap[0m
[  0%] Built target _pal_navigation_msgs_generate_messages_check_deps_SaveMap
[35m[1mScanning dependencies of target _pal_navigation_msgs_generate_messages_check_deps_FollowWaypointsActionFeedback[0m
[  0%] Built target _pal_navigation_msgs_generate_messages_check_deps_FollowWaypointsActionFeedback
[35m[1mScanning dependencies of target _pal_navigation_msgs_generate_messages_check_deps_MapConfiguration[0m
[  0%] Built target _pal_navigation_msgs_generate_messages_check_deps_MapConfiguration
[35m[1mScanning dependencies of target _pal_navigation_msgs_generate_messages_check_deps_GoToActionResult[0m
[  0%] Built target _pal_navigation_msgs_generate_messages_check_deps_GoToActionResult
[35m[1mScanning dependencies of target _pal_navigation_msgs_generate_messages_check_deps_VisualTrainingGoal[0m
[  0%] Built target _pal_navigation_msgs_generate_messages_check_deps_VisualTrainingGoal
[35m[1mScanning dependencies of target geometry_msgs_generate_messages_eus[0m
[  0%] Built target geometry_msgs_generate_messages_eus
[35m[1mScanning dependencies of target _pal_navigation_msgs_generate_messages_check_deps_PolarReadingScan[0m
[  0%] Built target _pal_navigation_msgs_generate_messages_check_deps_PolarReadingScan
[35m[1mScanning dependencies of target _pal_navigation_msgs_generate_messages_check_deps_GetSubMap[0m
[  0%] Built target _pal_navigation_msgs_generate_messages_check_deps_GetSubMap
[35m[1mScanning dependencies of target _pal_navigation_msgs_generate_messages_check_deps_ServiceStatus[0m
[  0%] Built target _pal_navigation_msgs_generate_messages_check_deps_ServiceStatus
[35m[1mScanning dependencies of target _pal_navigation_msgs_generate_messages_check_deps_LaserImage[0m
[  0%] Built target _pal_navigation_msgs_generate_messages_check_deps_LaserImage
[35m[1mScanning dependencies of target _pal_navigation_msgs_generate_messages_check_deps_ChangeMap[0m
[  0%] Built target _pal_navigation_msgs_generate_messages_check_deps_ChangeMap
[35m[1mScanning dependencies of target _pal_navigation_msgs_generate_messages_check_deps_ChangeSyncMap[0m
[  0%] Built target _pal_navigation_msgs_generate_messages_check_deps_ChangeSyncMap
[35m[1mScanning dependencies of target _pal_navigation_msgs_generate_messages_check_deps_FinalApproachPose[0m
[  0%] Built target _pal_navigation_msgs_generate_messages_check_deps_FinalApproachPose
[35m[1mScanning dependencies of target _pal_navigation_msgs_generate_messages_check_deps_Acknowledgment[0m
[35m[1mScanning dependencies of target _pal_navigation_msgs_generate_messages_check_deps_ListMaps[0m
[  0%] Built target _pal_navigation_msgs_generate_messages_check_deps_Acknowledgment
[  0%] Built target _pal_navigation_msgs_generate_messages_check_deps_ListMaps
[35m[1mScanning dependencies of target _pal_navigation_msgs_generate_messages_check_deps_GetMapConfiguration[0m
[  0%] Built target _pal_navigation_msgs_generate_messages_check_deps_GetMapConfiguration
[35m[1mScanning dependencies of target _pal_navigation_msgs_generate_messages_check_deps_GetPOI[0m
[  0%] Built target _pal_navigation_msgs_generate_messages_check_deps_GetPOI
[35m[1mScanning dependencies of target _pal_navigation_msgs_generate_messages_check_deps_RegisterSync[0m
[  0%] Built target _pal_navigation_msgs_generate_messages_check_deps_RegisterSync
[35m[1mScanning dependencies of target _pal_navigation_msgs_generate_messages_check_deps_ExecuteParkingAction[0m
[  0%] Built target _pal_navigation_msgs_generate_messages_check_deps_ExecuteParkingAction
[35m[1mScanning dependencies of target _pal_navigation_msgs_generate_messages_check_deps_SafetyZone[0m
[  0%] Built target _pal_navigation_msgs_generate_messages_check_deps_SafetyZone
[35m[1mScanning dependencies of target _pal_navigation_msgs_generate_messages_check_deps_JoyTurboActionResult[0m
[  0%] Built target _pal_navigation_msgs_generate_messages_check_deps_JoyTurboActionResult
[35m[1mScanning dependencies of target _pal_navigation_msgs_generate_messages_check_deps_JoyPriorityResult[0m
[  0%] Built target _pal_navigation_msgs_generate_messages_check_deps_JoyPriorityResult
[35m[1mScanning dependencies of target _pal_navigation_msgs_generate_messages_check_deps_VisualTrainingAction[0m
[  0%] Built target _pal_navigation_msgs_generate_messages_check_deps_VisualTrainingAction
[35m[1mScanning dependencies of target _pal_navigation_msgs_generate_messages_check_deps_GetNodes[0m
[35m[1mScanning dependencies of target _pal_navigation_msgs_generate_messages_check_deps_JoyTurboActionFeedback[0m
[  0%] Built target _pal_navigation_msgs_generate_messages_check_deps_GetNodes
[  0%] Built target _pal_navigation_msgs_generate_messages_check_deps_JoyTurboActionFeedback
[35m[1mScanning dependencies of target _pal_navigation_msgs_generate_messages_check_deps_JoyTurboGoal[0m
[35m[1mScanning dependencies of target _pal_navigation_msgs_generate_messages_check_deps_JoyTurboResult[0m
[  0%] Built target _pal_navigation_msgs_generate_messages_check_deps_JoyTurboGoal
[35m[1mScanning dependencies of target _pal_navigation_msgs_generate_messages_check_deps_ExecuteParkingActionGoal[0m
[  0%] Built target _pal_navigation_msgs_generate_messages_check_deps_JoyTurboResult
[35m[1mScanning dependencies of target _pal_navigation_msgs_generate_messages_check_deps_JoyPriorityActionResult[0m
[  0%] Built target _pal_navigation_msgs_generate_messages_check_deps_ExecuteParkingActionGoal
[  0%] Built target _pal_navigation_msgs_generate_messages_check_deps_JoyPriorityActionResult
[35m[1mScanning dependencies of target _pal_navigation_msgs_generate_messages_check_deps_AvailableMaps[0m
[  0%] Built target _pal_navigation_msgs_generate_messages_check_deps_AvailableMaps
[35m[1mScanning dependencies of target _pal_navigation_msgs_generate_messages_check_deps_GoToPOIActionResult[0m
[  0%] Built target _pal_navigation_msgs_generate_messages_check_deps_GoToPOIActionResult
[35m[1mScanning dependencies of target _pal_navigation_msgs_generate_messages_check_deps_FollowWaypointsActionResult[0m
[  0%] Built target _pal_navigation_msgs_generate_messages_check_deps_FollowWaypointsActionResult
[35m[1mScanning dependencies of target _pal_navigation_msgs_generate_messages_check_deps_GoToPOIActionFeedback[0m
[  0%] Built target _pal_navigation_msgs_generate_messages_check_deps_GoToPOIActionFeedback
[35m[1mScanning dependencies of target _pal_navigation_msgs_generate_messages_check_deps_GoToPOIGoal[0m
[35m[1mScanning dependencies of target _pal_navigation_msgs_generate_messages_check_deps_GoToPOIResult[0m
[  0%] Built target _pal_navigation_msgs_generate_messages_check_deps_GoToPOIGoal
[  0%] Built target _pal_navigation_msgs_generate_messages_check_deps_GoToPOIResult
[35m[1mScanning dependencies of target _pal_navigation_msgs_generate_messages_check_deps_POIGroup[0m
[35m[1mScanning dependencies of target _pal_navigation_msgs_generate_messages_check_deps_Highways[0m
[  0%] Built target _pal_navigation_msgs_generate_messages_check_deps_POIGroup
[  0%] Built target _pal_navigation_msgs_generate_messages_check_deps_Highways
[35m[1mScanning dependencies of target _pal_navigation_msgs_generate_messages_check_deps_GoToPOIFeedback[0m
[  0%] Built target _pal_navigation_msgs_generate_messages_check_deps_GoToPOIFeedback
[35m[1mScanning dependencies of target _pal_navigation_msgs_generate_messages_check_deps_GoToActionGoal[0m
[  0%] Built target _pal_navigation_msgs_generate_messages_check_deps_GoToActionGoal
[35m[1mScanning dependencies of target _pal_navigation_msgs_generate_messages_check_deps_VisualTrainingActionResult[0m
[  0%] Built target _pal_navigation_msgs_generate_messages_check_deps_VisualTrainingActionResult
[35m[1mScanning dependencies of target _pal_navigation_msgs_generate_messages_check_deps_MissedWaypoint[0m
[  0%] Built target _pal_navigation_msgs_generate_messages_check_deps_MissedWaypoint
[35m[1mScanning dependencies of target _pal_navigation_msgs_generate_messages_check_deps_VisualTrainingActionFeedback[0m
[  0%] Built target _pal_navigation_msgs_generate_messages_check_deps_VisualTrainingActionFeedback
[35m[1mScanning dependencies of target _pal_navigation_msgs_generate_messages_check_deps_VisualTrainingResult[0m
[  0%] Built target _pal_navigation_msgs_generate_messages_check_deps_VisualTrainingResult
[35m[1mScanning dependencies of target _pal_navigation_msgs_generate_messages_check_deps_NavigationStatus[0m
[  0%] Built target _pal_navigation_msgs_generate_messages_check_deps_NavigationStatus
[35m[1mScanning dependencies of target _pal_navigation_msgs_generate_messages_check_deps_JoyTurboFeedback[0m
[  0%] Built target _pal_navigation_msgs_generate_messages_check_deps_JoyTurboFeedback
[35m[1mScanning dependencies of target _pal_navigation_msgs_generate_messages_check_deps_VisualLocDB[0m
[  0%] Built target _pal_navigation_msgs_generate_messages_check_deps_VisualLocDB
[35m[1mScanning dependencies of target _pal_navigation_msgs_generate_messages_check_deps_NiceMapTransformation[0m
[  0%] Built target _pal_navigation_msgs_generate_messages_check_deps_NiceMapTransformation
[35m[1mScanning dependencies of target _pal_navigation_msgs_generate_messages_check_deps_POI[0m
[  0%] Built target _pal_navigation_msgs_generate_messages_check_deps_POI
[35m[1mScanning dependencies of target _pal_navigation_msgs_generate_messages_check_deps_VisualTrainingFeedback[0m
[  0%] Built target _pal_navigation_msgs_generate_messages_check_deps_VisualTrainingFeedback
[35m[1mScanning dependencies of target _pal_navigation_msgs_generate_messages_check_deps_GoToPOIAction[0m
[35m[1mScanning dependencies of target _pal_navigation_msgs_generate_messages_check_deps_PolarReading[0m
[  0%] Built target _pal_navigation_msgs_generate_messages_check_deps_GoToPOIAction
[  0%] Built target _pal_navigation_msgs_generate_messages_check_deps_PolarReading
[35m[1mScanning dependencies of target _pal_navigation_msgs_generate_messages_check_deps_GoToPOIActionGoal[0m
[  0%] Built target _pal_navigation_msgs_generate_messages_check_deps_GoToPOIActionGoal
[35m[1mScanning dependencies of target _pal_navigation_msgs_generate_messages_check_deps_VisualTrainingActionGoal[0m
[35m[1mScanning dependencies of target _pal_navigation_msgs_generate_messages_check_deps_ExecuteParkingActionFeedback[0m
[  0%] Built target _pal_navigation_msgs_generate_messages_check_deps_VisualTrainingActionGoal
[  0%] Built target _pal_navigation_msgs_generate_messages_check_deps_ExecuteParkingActionFeedback
[35m[1mScanning dependencies of target _pal_navigation_msgs_generate_messages_check_deps_FollowWaypointsAction[0m
[  0%] Built target _pal_navigation_msgs_generate_messages_check_deps_FollowWaypointsAction
[35m[1mScanning dependencies of target nav_msgs_generate_messages_eus[0m
[  0%] Built target nav_msgs_generate_messages_eus
[35m[1mScanning dependencies of target _pal_navigation_msgs_generate_messages_check_deps_TabletPOI[0m
[  0%] Built target _pal_navigation_msgs_generate_messages_check_deps_TabletPOI
[35m[1mScanning dependencies of target _pal_navigation_msgs_generate_messages_check_deps_GoToFeedback[0m
[  0%] Built target _pal_navigation_msgs_generate_messages_check_deps_GoToFeedback
[35m[1mScanning dependencies of target _pal_navigation_msgs_generate_messages_check_deps_FollowWaypointsResult[0m
[  0%] Built target _pal_navigation_msgs_generate_messages_check_deps_FollowWaypointsResult
[35m[1mScanning dependencies of target _pal_navigation_msgs_generate_messages_check_deps_Emergency[0m
[  0%] Built target _pal_navigation_msgs_generate_messages_check_deps_Emergency
[35m[1mScanning dependencies of target _pal_navigation_msgs_generate_messages_check_deps_JoyPriorityAction[0m
[35m[1mScanning dependencies of target _pal_navigation_msgs_generate_messages_check_deps_FollowWaypointsFeedback[0m
[  0%] Built target _pal_navigation_msgs_generate_messages_check_deps_JoyPriorityAction
[  0%] Built target _pal_navigation_msgs_generate_messages_check_deps_FollowWaypointsFeedback
[35m[1mScanning dependencies of target _pal_navigation_msgs_generate_messages_check_deps_JoyPriorityActionGoal[0m
[  0%] Built target _pal_navigation_msgs_generate_messages_check_deps_JoyPriorityActionGoal
[35m[1mScanning dependencies of target _pal_navigation_msgs_generate_messages_check_deps_RenameMap[0m
[  0%] Built target _pal_navigation_msgs_generate_messages_check_deps_RenameMap
[35m[1mScanning dependencies of target _pal_navigation_msgs_generate_messages_check_deps_Waypoint[0m
[  0%] Built target _pal_navigation_msgs_generate_messages_check_deps_Waypoint
[35m[1mScanning dependencies of target _pal_navigation_msgs_generate_messages_check_deps_JoyPriorityActionFeedback[0m
[  0%] Built target _pal_navigation_msgs_generate_messages_check_deps_JoyPriorityActionFeedback
[35m[1mScanning dependencies of target _pal_navigation_msgs_generate_messages_check_deps_JoyPriorityFeedback[0m
[35m[1mScanning dependencies of target _pal_navigation_msgs_generate_messages_check_deps_JoyPriorityGoal[0m
[  0%] Built target _pal_navigation_msgs_generate_messages_check_deps_JoyPriorityFeedback
[  0%] Built target _pal_navigation_msgs_generate_messages_check_deps_JoyPriorityGoal
[35m[1mScanning dependencies of target _pal_navigation_msgs_generate_messages_check_deps_EulerAnglesStamped[0m
[35m[1mScanning dependencies of target _pal_navigation_msgs_generate_messages_check_deps_JoyTurboAction[0m
[  0%] Built target _pal_navigation_msgs_generate_messages_check_deps_EulerAnglesStamped
[35m[1mScanning dependencies of target sensor_msgs_generate_messages_py[0m
[  0%] Built target sensor_msgs_generate_messages_py
[35m[1mScanning dependencies of target geometry_msgs_generate_messages_py[0m
[  0%] Built target geometry_msgs_generate_messages_py
[  0%] Built target _pal_navigation_msgs_generate_messages_check_deps_JoyTurboAction
[35m[1mScanning dependencies of target nav_msgs_generate_messages_py[0m
[35m[1mScanning dependencies of target actionlib_msgs_generate_messages_py[0m
[  0%] Built target nav_msgs_generate_messages_py
[  0%] Built target actionlib_msgs_generate_messages_py
[35m[1mScanning dependencies of target sensor_msgs_generate_messages_nodejs[0m
[  0%] Built target sensor_msgs_generate_messages_nodejs
[35m[1mScanning dependencies of target nav_msgs_generate_messages_nodejs[0m
[35m[1mScanning dependencies of target geometry_msgs_generate_messages_nodejs[0m
[  0%] Built target nav_msgs_generate_messages_nodejs
[  0%] Built target geometry_msgs_generate_messages_nodejs
[35m[1mScanning dependencies of target actionlib_msgs_generate_messages_nodejs[0m
[35m[1mScanning dependencies of target nav_msgs_generate_messages_lisp[0m
[  0%] Built target actionlib_msgs_generate_messages_nodejs
[  0%] Built target nav_msgs_generate_messages_lisp
[35m[1mScanning dependencies of target sensor_msgs_generate_messages_lisp[0m
[35m[1mScanning dependencies of target actionlib_msgs_generate_messages_lisp[0m
[  0%] Built target sensor_msgs_generate_messages_lisp
[  0%] Built target actionlib_msgs_generate_messages_lisp
[35m[1mScanning dependencies of target geometry_msgs_generate_messages_lisp[0m
[  0%] Built target geometry_msgs_generate_messages_lisp
[35m[1mScanning dependencies of target geometry_msgs_generate_messages_cpp[0m
[  0%] Built target geometry_msgs_generate_messages_cpp
[35m[1mScanning dependencies of target sensor_msgs_generate_messages_cpp[0m
[35m[1mScanning dependencies of target nav_msgs_generate_messages_cpp[0m
[  0%] Built target sensor_msgs_generate_messages_cpp
[  0%] Built target nav_msgs_generate_messages_cpp
[35m[1mScanning dependencies of target actionlib_msgs_generate_messages_cpp[0m
[35m[1mScanning dependencies of target pal_navigation_msgs_generate_messages_eus[0m
[  0%] Built target actionlib_msgs_generate_messages_cpp
[  0%] [34m[1mGenerating EusLisp code from pal_navigation_msgs/ExecuteParkingAction.msg[0m
[35m[1mScanning dependencies of target pal_navigation_msgs_generate_messages_py[0m
[35m[1mScanning dependencies of target pal_navigation_msgs_generate_messages_nodejs[0m
[  0%] [34m[1mGenerating Python from MSG pal_navigation_msgs/ExecuteParkingAction[0m
[  0%] [34m[1mGenerating Javascript code from pal_navigation_msgs/ExecuteParkingAction.msg[0m
[  0%] [34m[1mGenerating EusLisp code from pal_navigation_msgs/ExecuteParkingActionGoal.msg[0m
[  0%] [34m[1mGenerating Javascript code from pal_navigation_msgs/ExecuteParkingActionGoal.msg[0m
[  1%] [34m[1mGenerating Javascript code from pal_navigation_msgs/ExecuteParkingActionResult.msg[0m
[  1%] [34m[1mGenerating EusLisp code from pal_navigation_msgs/ExecuteParkingActionResult.msg[0m
[  1%] [34m[1mGenerating Javascript code from pal_navigation_msgs/ExecuteParkingActionFeedback.msg[0m
[  2%] [34m[1mGenerating EusLisp code from pal_navigation_msgs/ExecuteParkingActionFeedback.msg[0m
[  2%] [34m[1mGenerating Javascript code from pal_navigation_msgs/ExecuteParkingGoal.msg[0m
[  2%] [34m[1mGenerating EusLisp code from pal_navigation_msgs/ExecuteParkingGoal.msg[0m
[  2%] [34m[1mGenerating Javascript code from pal_navigation_msgs/ExecuteParkingResult.msg[0m
[  3%] [34m[1mGenerating Javascript code from pal_navigation_msgs/ExecuteParkingFeedback.msg[0m
[  3%] [34m[1mGenerating Python from MSG pal_navigation_msgs/ExecuteParkingActionGoal[0m
[  3%] [34m[1mGenerating EusLisp code from pal_navigation_msgs/ExecuteParkingResult.msg[0m
[  3%] [34m[1mGenerating Python from MSG pal_navigation_msgs/ExecuteParkingActionResult[0m
[  3%] [34m[1mGenerating Javascript code from pal_navigation_msgs/FollowWaypointsAction.msg[0m
[  3%] [34m[1mGenerating EusLisp code from pal_navigation_msgs/ExecuteParkingFeedback.msg[0m
[  3%] [34m[1mGenerating Javascript code from pal_navigation_msgs/FollowWaypointsActionGoal.msg[0m
[  3%] [34m[1mGenerating Javascript code from pal_navigation_msgs/FollowWaypointsActionResult.msg[0m
[  4%] [34m[1mGenerating Javascript code from pal_navigation_msgs/FollowWaypointsActionFeedback.msg[0m
[  4%] [34m[1mGenerating Javascript code from pal_navigation_msgs/FollowWaypointsGoal.msg[0m
[  5%] [34m[1mGenerating EusLisp code from pal_navigation_msgs/FollowWaypointsAction.msg[0m
[  5%] [34m[1mGenerating Javascript code from pal_navigation_msgs/FollowWaypointsResult.msg[0m
[  5%] [34m[1mGenerating Python from MSG pal_navigation_msgs/ExecuteParkingActionFeedback[0m
[  5%] [34m[1mGenerating Javascript code from pal_navigation_msgs/FollowWaypointsFeedback.msg[0m
[  6%] [34m[1mGenerating Python from MSG pal_navigation_msgs/ExecuteParkingGoal[0m
[  6%] [34m[1mGenerating EusLisp code from pal_navigation_msgs/FollowWaypointsActionGoal.msg[0m
[  6%] [34m[1mGenerating Javascript code from pal_navigation_msgs/JoyPriorityAction.msg[0m
[  6%] [34m[1mGenerating Python from MSG pal_navigation_msgs/ExecuteParkingResult[0m
[  6%] [34m[1mGenerating EusLisp code from pal_navigation_msgs/FollowWaypointsActionResult.msg[0m
[  6%] [34m[1mGenerating Python from MSG pal_navigation_msgs/ExecuteParkingFeedback[0m
[  7%] [34m[1mGenerating Javascript code from pal_navigation_msgs/JoyPriorityActionGoal.msg[0m
[  7%] [34m[1mGenerating Python from MSG pal_navigation_msgs/FollowWaypointsAction[0m
[  8%] [34m[1mGenerating Python from MSG pal_navigation_msgs/FollowWaypointsActionGoal[0m
[  8%] [34m[1mGenerating Javascript code from pal_navigation_msgs/JoyPriorityActionResult.msg[0m
[  8%] [34m[1mGenerating EusLisp code from pal_navigation_msgs/FollowWaypointsActionFeedback.msg[0m
[  8%] [34m[1mGenerating Javascript code from pal_navigation_msgs/JoyPriorityActionFeedback.msg[0m
[  8%] [34m[1mGenerating Python from MSG pal_navigation_msgs/FollowWaypointsActionResult[0m
[  8%] [34m[1mGenerating Python from MSG pal_navigation_msgs/FollowWaypointsActionFeedback[0m
[  8%] [34m[1mGenerating Javascript code from pal_navigation_msgs/JoyPriorityGoal.msg[0m
[  9%] [34m[1mGenerating EusLisp code from pal_navigation_msgs/FollowWaypointsGoal.msg[0m
[  9%] [34m[1mGenerating EusLisp code from pal_navigation_msgs/FollowWaypointsResult.msg[0m
[35m[1mScanning dependencies of target pal_navigation_msgs_generate_messages_lisp[0m
[  9%] [34m[1mGenerating Lisp code from pal_navigation_msgs/ExecuteParkingAction.msg[0m
[ 10%] [34m[1mGenerating Javascript code from pal_navigation_msgs/JoyPriorityResult.msg[0m
[ 10%] [34m[1mGenerating Javascript code from pal_navigation_msgs/JoyPriorityFeedback.msg[0m
[ 10%] [34m[1mGenerating EusLisp code from pal_navigation_msgs/FollowWaypointsFeedback.msg[0m
[ 10%] [34m[1mGenerating Javascript code from pal_navigation_msgs/JoyTurboAction.msg[0m
[ 10%] [34m[1mGenerating Lisp code from pal_navigation_msgs/ExecuteParkingActionGoal.msg[0m
[ 10%] [34m[1mGenerating Javascript code from pal_navigation_msgs/JoyTurboActionGoal.msg[0m
[ 10%] [34m[1mGenerating Python from MSG pal_navigation_msgs/FollowWaypointsGoal[0m
[ 10%] [34m[1mGenerating EusLisp code from pal_navigation_msgs/JoyPriorityAction.msg[0m
[ 10%] [34m[1mGenerating EusLisp code from pal_navigation_msgs/JoyPriorityActionGoal.msg[0m
[ 10%] [34m[1mGenerating Javascript code from pal_navigation_msgs/JoyTurboActionResult.msg[0m
[ 10%] [34m[1mGenerating Lisp code from pal_navigation_msgs/ExecuteParkingActionResult.msg[0m
[ 11%] [34m[1mGenerating EusLisp code from pal_navigation_msgs/JoyPriorityActionResult.msg[0m
[ 11%] [34m[1mGenerating Lisp code from pal_navigation_msgs/ExecuteParkingActionFeedback.msg[0m
[ 12%] [34m[1mGenerating Javascript code from pal_navigation_msgs/JoyTurboActionFeedback.msg[0m
[ 12%] [34m[1mGenerating EusLisp code from pal_navigation_msgs/JoyPriorityActionFeedback.msg[0m
[ 12%] [34m[1mGenerating Python from MSG pal_navigation_msgs/FollowWaypointsResult[0m
[ 13%] [34m[1mGenerating Lisp code from pal_navigation_msgs/ExecuteParkingGoal.msg[0m
[ 13%] [34m[1mGenerating Javascript code from pal_navigation_msgs/JoyTurboGoal.msg[0m
[ 14%] [34m[1mGenerating Python from MSG pal_navigation_msgs/FollowWaypointsFeedback[0m
[ 14%] [34m[1mGenerating Lisp code from pal_navigation_msgs/ExecuteParkingResult.msg[0m
[ 14%] [34m[1mGenerating Python from MSG pal_navigation_msgs/JoyPriorityAction[0m
[ 14%] [34m[1mGenerating Javascript code from pal_navigation_msgs/JoyTurboResult.msg[0m
[ 14%] [34m[1mGenerating EusLisp code from pal_navigation_msgs/JoyPriorityGoal.msg[0m
[ 14%] [34m[1mGenerating Lisp code from pal_navigation_msgs/ExecuteParkingFeedback.msg[0m
[ 14%] [34m[1mGenerating Javascript code from pal_navigation_msgs/JoyTurboFeedback.msg[0m
[ 14%] [34m[1mGenerating EusLisp code from pal_navigation_msgs/JoyPriorityResult.msg[0m
[ 15%] [34m[1mGenerating Javascript code from pal_navigation_msgs/GoToPOIAction.msg[0m
[ 15%] [34m[1mGenerating Lisp code from pal_navigation_msgs/FollowWaypointsAction.msg[0m
[ 15%] [34m[1mGenerating Javascript code from pal_navigation_msgs/GoToPOIActionGoal.msg[0m
[ 15%] [34m[1mGenerating Javascript code from pal_navigation_msgs/GoToPOIActionResult.msg[0m
[ 15%] [34m[1mGenerating Javascript code from pal_navigation_msgs/GoToPOIActionFeedback.msg[0m
[ 16%] [34m[1mGenerating Lisp code from pal_navigation_msgs/FollowWaypointsActionGoal.msg[0m
[ 16%] [34m[1mGenerating Python from MSG pal_navigation_msgs/JoyPriorityActionGoal[0m
[ 17%] [34m[1mGenerating EusLisp code from pal_navigation_msgs/JoyPriorityFeedback.msg[0m
[ 17%] [34m[1mGenerating EusLisp code from pal_navigation_msgs/JoyTurboAction.msg[0m
[ 18%] [34m[1mGenerating Javascript code from pal_navigation_msgs/GoToPOIGoal.msg[0m
[ 18%] [34m[1mGenerating EusLisp code from pal_navigation_msgs/JoyTurboActionGoal.msg[0m
[ 18%] [34m[1mGenerating Lisp code from pal_navigation_msgs/FollowWaypointsActionResult.msg[0m
[ 18%] [34m[1mGenerating Javascript code from pal_navigation_msgs/GoToPOIResult.msg[0m
[ 18%] [34m[1mGenerating Javascript code from pal_navigation_msgs/GoToPOIFeedback.msg[0m
[ 18%] [34m[1mGenerating Lisp code from pal_navigation_msgs/FollowWaypointsActionFeedback.msg[0m
[ 18%] [34m[1mGenerating Lisp code from pal_navigation_msgs/FollowWaypointsGoal.msg[0m
[ 18%] [34m[1mGenerating EusLisp code from pal_navigation_msgs/JoyTurboActionResult.msg[0m
[ 18%] [34m[1mGenerating Javascript code from pal_navigation_msgs/GoToAction.msg[0m
[ 18%] [34m[1mGenerating EusLisp code from pal_navigation_msgs/JoyTurboActionFeedback.msg[0m
[ 19%] [34m[1mGenerating EusLisp code from pal_navigation_msgs/JoyTurboGoal.msg[0m
[ 19%] [34m[1mGenerating Lisp code from pal_navigation_msgs/FollowWaypointsResult.msg[0m
[ 19%] [34m[1mGenerating Python from MSG pal_navigation_msgs/JoyPriorityActionResult[0m
[ 19%] [34m[1mGenerating Javascript code from pal_navigation_msgs/GoToActionGoal.msg[0m
[ 20%] [34m[1mGenerating Lisp code from pal_navigation_msgs/FollowWaypointsFeedback.msg[0m
[ 21%] [34m[1mGenerating Javascript code from pal_navigation_msgs/GoToActionResult.msg[0m
[ 22%] [34m[1mGenerating Python from MSG pal_navigation_msgs/JoyPriorityActionFeedback[0m
[ 22%] [34m[1mGenerating EusLisp code from pal_navigation_msgs/JoyTurboResult.msg[0m
[ 22%] [34m[1mGenerating Python from MSG pal_navigation_msgs/JoyPriorityGoal[0m
[ 22%] [34m[1mGenerating Lisp code from pal_navigation_msgs/JoyPriorityAction.msg[0m
[ 22%] [34m[1mGenerating Javascript code from pal_navigation_msgs/GoToActionFeedback.msg[0m
[ 22%] [34m[1mGenerating EusLisp code from pal_navigation_msgs/JoyTurboFeedback.msg[0m
[ 22%] [34m[1mGenerating Lisp code from pal_navigation_msgs/JoyPriorityActionGoal.msg[0m
[ 22%] [34m[1mGenerating Javascript code from pal_navigation_msgs/GoToGoal.msg[0m
[ 22%] [34m[1mGenerating Javascript code from pal_navigation_msgs/GoToResult.msg[0m
[ 22%] [34m[1mGenerating Lisp code from pal_navigation_msgs/JoyPriorityActionResult.msg[0m
[ 22%] [34m[1mGenerating EusLisp code from pal_navigation_msgs/GoToPOIAction.msg[0m
[ 23%] [34m[1mGenerating Lisp code from pal_navigation_msgs/JoyPriorityActionFeedback.msg[0m
[ 24%] [34m[1mGenerating Javascript code from pal_navigation_msgs/GoToFeedback.msg[0m
[35m[1mScanning dependencies of target pal_navigation_msgs_generate_messages_cpp[0m
[ 25%] [34m[1mGenerating C++ code from pal_navigation_msgs/ExecuteParkingAction.msg[0m
[ 25%] [34m[1mGenerating Javascript code from pal_navigation_msgs/VisualTrainingAction.msg[0m
[ 25%] [34m[1mGenerating Python from MSG pal_navigation_msgs/JoyPriorityResult[0m
[ 25%] [34m[1mGenerating Python from MSG pal_navigation_msgs/JoyPriorityFeedback[0m
[ 25%] [34m[1mGenerating Lisp code from pal_navigation_msgs/JoyPriorityGoal.msg[0m
[ 25%] [34m[1mGenerating Javascript code from pal_navigation_msgs/VisualTrainingActionGoal.msg[0m
[ 26%] [34m[1mGenerating EusLisp code from pal_navigation_msgs/GoToPOIActionGoal.msg[0m
[ 26%] [34m[1mGenerating C++ code from pal_navigation_msgs/ExecuteParkingActionGoal.msg[0m
[ 26%] [34m[1mGenerating Lisp code from pal_navigation_msgs/JoyPriorityResult.msg[0m
[ 26%] [34m[1mGenerating Javascript code from pal_navigation_msgs/VisualTrainingActionResult.msg[0m
[ 26%] [34m[1mGenerating Lisp code from pal_navigation_msgs/JoyPriorityFeedback.msg[0m
[ 26%] [34m[1mGenerating EusLisp code from pal_navigation_msgs/GoToPOIActionResult.msg[0m
[ 26%] [34m[1mGenerating Javascript code from pal_navigation_msgs/VisualTrainingActionFeedback.msg[0m
[ 26%] [34m[1mGenerating EusLisp code from pal_navigation_msgs/GoToPOIActionFeedback.msg[0m
[ 27%] [34m[1mGenerating Python from MSG pal_navigation_msgs/JoyTurboAction[0m
[ 28%] [34m[1mGenerating Lisp code from pal_navigation_msgs/JoyTurboAction.msg[0m
[ 28%] [34m[1mGenerating C++ code from pal_navigation_msgs/ExecuteParkingActionResult.msg[0m
[ 29%] [34m[1mGenerating Javascript code from pal_navigation_msgs/VisualTrainingGoal.msg[0m
[ 29%] [34m[1mGenerating Lisp code from pal_navigation_msgs/JoyTurboActionGoal.msg[0m
[ 29%] [34m[1mGenerating Lisp code from pal_navigation_msgs/JoyTurboActionResult.msg[0m
[ 29%] [34m[1mGenerating EusLisp code from pal_navigation_msgs/GoToPOIGoal.msg[0m
[ 29%] [34m[1mGenerating Python from MSG pal_navigation_msgs/JoyTurboActionGoal[0m
[ 29%] [34m[1mGenerating Lisp code from pal_navigation_msgs/JoyTurboActionFeedback.msg[0m
[ 29%] [34m[1mGenerating Javascript code from pal_navigation_msgs/VisualTrainingResult.msg[0m
[ 29%] [34m[1mGenerating C++ code from pal_navigation_msgs/ExecuteParkingActionFeedback.msg[0m
[ 29%] [34m[1mGenerating C++ code from pal_navigation_msgs/ExecuteParkingGoal.msg[0m
[ 29%] [34m[1mGenerating Lisp code from pal_navigation_msgs/JoyTurboGoal.msg[0m
[ 29%] [34m[1mGenerating Javascript code from pal_navigation_msgs/VisualTrainingFeedback.msg[0m
[ 30%] [34m[1mGenerating EusLisp code from pal_navigation_msgs/GoToPOIResult.msg[0m
[ 30%] [34m[1mGenerating Javascript code from pal_navigation_msgs/AvailableMaps.msg[0m
[ 31%] [34m[1mGenerating Lisp code from pal_navigation_msgs/JoyTurboResult.msg[0m
[ 31%] [34m[1mGenerating EusLisp code from pal_navigation_msgs/GoToPOIFeedback.msg[0m
[ 31%] [34m[1mGenerating Lisp code from pal_navigation_msgs/JoyTurboFeedback.msg[0m
[ 32%] [34m[1mGenerating Javascript code from pal_navigation_msgs/Emergency.msg[0m
[ 33%] [34m[1mGenerating C++ code from pal_navigation_msgs/ExecuteParkingResult.msg[0m
[ 33%] [34m[1mGenerating C++ code from pal_navigation_msgs/ExecuteParkingFeedback.msg[0m
[ 33%] [34m[1mGenerating Python from MSG pal_navigation_msgs/JoyTurboActionResult[0m
[ 33%] [34m[1mGenerating Javascript code from pal_navigation_msgs/EulerAngles.msg[0m
[ 33%] [34m[1mGenerating Lisp code from pal_navigation_msgs/GoToPOIAction.msg[0m
[ 33%] [34m[1mGenerating EusLisp code from pal_navigation_msgs/GoToAction.msg[0m
[ 33%] [34m[1mGenerating Javascript code from pal_navigation_msgs/EulerAnglesStamped.msg[0m
[ 33%] [34m[1mGenerating Lisp code from pal_navigation_msgs/GoToPOIActionGoal.msg[0m
[ 33%] [34m[1mGenerating C++ code from pal_navigation_msgs/FollowWaypointsAction.msg[0m
[ 33%] [34m[1mGenerating C++ code from pal_navigation_msgs/FollowWaypointsActionGoal.msg[0m
[ 33%] [34m[1mGenerating EusLisp code from pal_navigation_msgs/GoToActionGoal.msg[0m
[ 33%] [34m[1mGenerating Javascript code from pal_navigation_msgs/MapConfiguration.msg[0m
[ 34%] [34m[1mGenerating Lisp code from pal_navigation_msgs/GoToPOIActionResult.msg[0m
[ 34%] [34m[1mGenerating Lisp code from pal_navigation_msgs/GoToPOIActionFeedback.msg[0m
[ 34%] [34m[1mGenerating Lisp code from pal_navigation_msgs/GoToPOIGoal.msg[0m
[ 34%] [34m[1mGenerating Python from MSG pal_navigation_msgs/JoyTurboActionFeedback[0m
[ 35%] [34m[1mGenerating Javascript code from pal_navigation_msgs/MissedWaypoint.msg[0m
[ 35%] [34m[1mGenerating Lisp code from pal_navigation_msgs/GoToPOIResult.msg[0m
[ 35%] [34m[1mGenerating EusLisp code from pal_navigation_msgs/GoToActionResult.msg[0m
[ 36%] [34m[1mGenerating C++ code from pal_navigation_msgs/FollowWaypointsActionResult.msg[0m
[ 36%] [34m[1mGenerating C++ code from pal_navigation_msgs/FollowWaypointsActionFeedback.msg[0m
[ 36%] [34m[1mGenerating Lisp code from pal_navigation_msgs/GoToPOIFeedback.msg[0m
[ 36%] [34m[1mGenerating Javascript code from pal_navigation_msgs/NiceMapTransformation.msg[0m
[ 36%] [34m[1mGenerating Javascript code from pal_navigation_msgs/NavigationStatus.msg[0m
[ 37%] [34m[1mGenerating EusLisp code from pal_navigation_msgs/GoToActionFeedback.msg[0m
[ 38%] [34m[1mGenerating Lisp code from pal_navigation_msgs/GoToAction.msg[0m
[ 38%] [34m[1mGenerating Javascript code from pal_navigation_msgs/POIGroup.msg[0m
[ 38%] [34m[1mGenerating Javascript code from pal_navigation_msgs/POI.msg[0m
[ 38%] [34m[1mGenerating C++ code from pal_navigation_msgs/FollowWaypointsGoal.msg[0m
[ 38%] [34m[1mGenerating C++ code from pal_navigation_msgs/FollowWaypointsResult.msg[0m
[ 38%] [34m[1mGenerating Python from MSG pal_navigation_msgs/JoyTurboGoal[0m
[ 38%] [34m[1mGenerating Lisp code from pal_navigation_msgs/GoToActionGoal.msg[0m
[ 39%] [34m[1mGenerating Javascript code from pal_navigation_msgs/PolarReading.msg[0m
[ 39%] [34m[1mGenerating C++ code from pal_navigation_msgs/FollowWaypointsFeedback.msg[0m
[ 39%] [34m[1mGenerating EusLisp code from pal_navigation_msgs/GoToGoal.msg[0m
[ 39%] [34m[1mGenerating Javascript code from pal_navigation_msgs/PolarReadingScan.msg[0m
[ 40%] [34m[1mGenerating C++ code from pal_navigation_msgs/JoyPriorityAction.msg[0m
[ 40%] [34m[1mGenerating Lisp code from pal_navigation_msgs/GoToActionResult.msg[0m
[ 40%] [34m[1mGenerating Lisp code from pal_navigation_msgs/GoToActionFeedback.msg[0m
[ 40%] [34m[1mGenerating EusLisp code from pal_navigation_msgs/GoToResult.msg[0m
[ 40%] [34m[1mGenerating Javascript code from pal_navigation_msgs/ServiceStatus.msg[0m
[ 41%] [34m[1mGenerating Lisp code from pal_navigation_msgs/GoToGoal.msg[0m
[ 41%] [34m[1mGenerating C++ code from pal_navigation_msgs/JoyPriorityActionGoal.msg[0m
[ 42%] [34m[1mGenerating Python from MSG pal_navigation_msgs/JoyTurboResult[0m
[ 42%] [34m[1mGenerating C++ code from pal_navigation_msgs/JoyPriorityActionResult.msg[0m
[ 42%] [34m[1mGenerating Python from MSG pal_navigation_msgs/JoyTurboFeedback[0m
[ 42%] [34m[1mGenerating Javascript code from pal_navigation_msgs/TabletPOI.msg[0m
[ 42%] [34m[1mGenerating EusLisp code from pal_navigation_msgs/GoToFeedback.msg[0m
[ 42%] [34m[1mGenerating Lisp code from pal_navigation_msgs/GoToResult.msg[0m
[ 43%] [34m[1mGenerating EusLisp code from pal_navigation_msgs/VisualTrainingAction.msg[0m
[ 44%] [34m[1mGenerating Javascript code from pal_navigation_msgs/VisualLocDB.msg[0m
[ 44%] [34m[1mGenerating Lisp code from pal_navigation_msgs/GoToFeedback.msg[0m
[ 44%] [34m[1mGenerating Javascript code from pal_navigation_msgs/Highways.msg[0m
[ 44%] [34m[1mGenerating Javascript code from pal_navigation_msgs/LaserImage.msg[0m
[ 44%] [34m[1mGenerating C++ code from pal_navigation_msgs/JoyPriorityActionFeedback.msg[0m
[ 44%] [34m[1mGenerating Javascript code from pal_navigation_msgs/Waypoint.msg[0m
[ 44%] [34m[1mGenerating Python from MSG pal_navigation_msgs/GoToPOIAction[0m
[ 44%] [34m[1mGenerating Lisp code from pal_navigation_msgs/VisualTrainingAction.msg[0m
[ 44%] [34m[1mGenerating EusLisp code from pal_navigation_msgs/VisualTrainingActionGoal.msg[0m
[ 44%] [34m[1mGenerating Python from MSG pal_navigation_msgs/GoToPOIActionGoal[0m
[ 45%] [34m[1mGenerating Lisp code from pal_navigation_msgs/VisualTrainingActionGoal.msg[0m
[ 45%] [34m[1mGenerating Javascript code from pal_navigation_msgs/Acknowledgment.srv[0m
[ 45%] [34m[1mGenerating Lisp code from pal_navigation_msgs/VisualTrainingActionResult.msg[0m
[ 46%] [34m[1mGenerating Javascript code from pal_navigation_msgs/ChangeBuilding.srv[0m
[ 46%] [34m[1mGenerating Javascript code from pal_navigation_msgs/ChangeMap.srv[0m
[ 46%] [34m[1mGenerating EusLisp code from pal_navigation_msgs/VisualTrainingActionResult.msg[0m
[ 47%] [34m[1mGenerating C++ code from pal_navigation_msgs/JoyPriorityGoal.msg[0m
[ 47%] [34m[1mGenerating EusLisp code from pal_navigation_msgs/VisualTrainingActionFeedback.msg[0m
[ 47%] [34m[1mGenerating Lisp code from pal_navigation_msgs/VisualTrainingActionFeedback.msg[0m
[ 47%] [34m[1mGenerating Javascript code from pal_navigation_msgs/ChangeSyncMap.srv[0m
[ 47%] [34m[1mGenerating EusLisp code from pal_navigation_msgs/VisualTrainingGoal.msg[0m
[ 48%] [34m[1mGenerating Python from MSG pal_navigation_msgs/GoToPOIActionResult[0m
[ 48%] [34m[1mGenerating Javascript code from pal_navigation_msgs/DisableEmergency.srv[0m
[ 48%] [34m[1mGenerating Lisp code from pal_navigation_msgs/VisualTrainingGoal.msg[0m
[ 48%] [34m[1mGenerating Lisp code from pal_navigation_msgs/VisualTrainingResult.msg[0m
[ 49%] [34m[1mGenerating EusLisp code from pal_navigation_msgs/VisualTrainingResult.msg[0m
[ 49%] [34m[1mGenerating C++ code from pal_navigation_msgs/JoyPriorityResult.msg[0m
[ 49%] [34m[1mGenerating Javascript code from pal_navigation_msgs/ListMaps.srv[0m
[ 50%] [34m[1mGenerating Javascript code from pal_navigation_msgs/FinalApproachPose.srv[0m
[ 51%] [34m[1mGenerating Lisp code from pal_navigation_msgs/VisualTrainingFeedback.msg[0m
[ 51%] [34m[1mGenerating EusLisp code from pal_navigation_msgs/VisualTrainingFeedback.msg[0m
[ 51%] [34m[1mGenerating Javascript code from pal_navigation_msgs/GetMapConfiguration.srv[0m
[ 51%] [34m[1mGenerating EusLisp code from pal_navigation_msgs/AvailableMaps.msg[0m
[ 51%] [34m[1mGenerating Lisp code from pal_navigation_msgs/AvailableMaps.msg[0m
[ 51%] [34m[1mGenerating Javascript code from pal_navigation_msgs/GetNodes.srv[0m
[ 51%] [34m[1mGenerating Lisp code from pal_navigation_msgs/Emergency.msg[0m
[ 51%] [34m[1mGenerating Python from MSG pal_navigation_msgs/GoToPOIActionFeedback[0m
[ 52%] [34m[1mGenerating Javascript code from pal_navigation_msgs/GetPOI.srv[0m
[ 52%] [34m[1mGenerating C++ code from pal_navigation_msgs/JoyPriorityFeedback.msg[0m
[ 52%] [34m[1mGenerating Python from MSG pal_navigation_msgs/GoToPOIGoal[0m
[ 52%] [34m[1mGenerating Javascript code from pal_navigation_msgs/GetSubMap.srv[0m
[ 52%] [34m[1mGenerating Lisp code from pal_navigation_msgs/EulerAngles.msg[0m
[ 52%] [34m[1mGenerating EusLisp code from pal_navigation_msgs/Emergency.msg[0m
[ 52%] [34m[1mGenerating Javascript code from pal_navigation_msgs/RegisterSync.srv[0m
[ 53%] [34m[1mGenerating Lisp code from pal_navigation_msgs/EulerAnglesStamped.msg[0m
[ 54%] [34m[1mGenerating EusLisp code from pal_navigation_msgs/EulerAngles.msg[0m
[ 54%] [34m[1mGenerating EusLisp code from pal_navigation_msgs/EulerAnglesStamped.msg[0m
[ 54%] [34m[1mGenerating C++ code from pal_navigation_msgs/JoyTurboAction.msg[0m
[ 54%] [34m[1mGenerating Javascript code from pal_navigation_msgs/SafetyZone.srv[0m
[ 54%] [34m[1mGenerating Lisp code from pal_navigation_msgs/MapConfiguration.msg[0m
[ 54%] [34m[1mGenerating Lisp code from pal_navigation_msgs/MissedWaypoint.msg[0m
[ 54%] [34m[1mGenerating Python from MSG pal_navigation_msgs/GoToPOIResult[0m
[ 54%] [34m[1mGenerating Lisp code from pal_navigation_msgs/NavigationStatus.msg[0m
[ 54%] [34m[1mGenerating EusLisp code from pal_navigation_msgs/MapConfiguration.msg[0m
[ 54%] [34m[1mGenerating Javascript code from pal_navigation_msgs/SaveMap.srv[0m
[ 55%] [34m[1mGenerating Javascript code from pal_navigation_msgs/SetMapConfiguration.srv[0m
[ 56%] [34m[1mGenerating C++ code from pal_navigation_msgs/JoyTurboActionGoal.msg[0m
[ 56%] [34m[1mGenerating Javascript code from pal_navigation_msgs/SetPOI.srv[0m
[ 56%] [34m[1mGenerating Lisp code from pal_navigation_msgs/NiceMapTransformation.msg[0m
[ 56%] [34m[1mGenerating Javascript code from pal_navigation_msgs/SetSubMapFloor.srv[0m
[ 56%] [34m[1mGenerating EusLisp code from pal_navigation_msgs/MissedWaypoint.msg[0m
[ 56%] [34m[1mGenerating Javascript code from pal_navigation_msgs/VisualLocRecognize.srv[0m
[ 57%] [34m[1mGenerating EusLisp code from pal_navigation_msgs/NavigationStatus.msg[0m
[ 58%] [34m[1mGenerating Lisp code from pal_navigation_msgs/POI.msg[0m
[ 58%] [34m[1mGenerating EusLisp code from pal_navigation_msgs/NiceMapTransformation.msg[0m
[ 58%] [34m[1mGenerating Python from MSG pal_navigation_msgs/GoToPOIFeedback[0m
[ 59%] [34m[1mGenerating Javascript code from pal_navigation_msgs/RenameMap.srv[0m
[ 59%] [34m[1mGenerating Lisp code from pal_navigation_msgs/POIGroup.msg[0m
[ 59%] [34m[1mGenerating C++ code from pal_navigation_msgs/JoyTurboActionResult.msg[0m
[ 59%] [34m[1mGenerating C++ code from pal_navigation_msgs/JoyTurboActionFeedback.msg[0m
[ 59%] [34m[1mGenerating EusLisp code from pal_navigation_msgs/POI.msg[0m
[ 59%] Built target pal_navigation_msgs_generate_messages_nodejs
[ 59%] [34m[1mGenerating C++ code from pal_navigation_msgs/JoyTurboGoal.msg[0m
[ 59%] [34m[1mGenerating Lisp code from pal_navigation_msgs/PolarReading.msg[0m
[ 59%] [34m[1mGenerating EusLisp code from pal_navigation_msgs/POIGroup.msg[0m
[ 59%] [34m[1mGenerating C++ code from pal_navigation_msgs/JoyTurboResult.msg[0m
[ 59%] [34m[1mGenerating Lisp code from pal_navigation_msgs/PolarReadingScan.msg[0m
[ 60%] [34m[1mGenerating Lisp code from pal_navigation_msgs/ServiceStatus.msg[0m
[ 61%] [34m[1mGenerating C++ code from pal_navigation_msgs/JoyTurboFeedback.msg[0m
[ 61%] [34m[1mGenerating EusLisp code from pal_navigation_msgs/PolarReading.msg[0m
[ 61%] [34m[1mGenerating C++ code from pal_navigation_msgs/GoToPOIAction.msg[0m
[ 62%] [34m[1mGenerating Python from MSG pal_navigation_msgs/GoToAction[0m
[ 62%] [34m[1mGenerating Python from MSG pal_navigation_msgs/GoToActionGoal[0m
[ 62%] [34m[1mGenerating Lisp code from pal_navigation_msgs/TabletPOI.msg[0m
[ 62%] [34m[1mGenerating C++ code from pal_navigation_msgs/GoToPOIActionGoal.msg[0m
[ 63%] [34m[1mGenerating EusLisp code from pal_navigation_msgs/PolarReadingScan.msg[0m
[ 63%] [34m[1mGenerating EusLisp code from pal_navigation_msgs/ServiceStatus.msg[0m
[ 63%] [34m[1mGenerating Lisp code from pal_navigation_msgs/VisualLocDB.msg[0m
[ 63%] [34m[1mGenerating C++ code from pal_navigation_msgs/GoToPOIActionResult.msg[0m
[ 63%] [34m[1mGenerating EusLisp code from pal_navigation_msgs/TabletPOI.msg[0m
[ 64%] [34m[1mGenerating C++ code from pal_navigation_msgs/GoToPOIActionFeedback.msg[0m
[ 64%] [34m[1mGenerating C++ code from pal_navigation_msgs/GoToPOIGoal.msg[0m
[ 64%] [34m[1mGenerating Lisp code from pal_navigation_msgs/Highways.msg[0m
[ 64%] [34m[1mGenerating C++ code from pal_navigation_msgs/GoToPOIResult.msg[0m
[ 64%] [34m[1mGenerating EusLisp code from pal_navigation_msgs/VisualLocDB.msg[0m
[ 64%] [34m[1mGenerating Python from MSG pal_navigation_msgs/GoToActionResult[0m
[ 64%] [34m[1mGenerating C++ code from pal_navigation_msgs/GoToPOIFeedback.msg[0m
[ 66%] [34m[1mGenerating EusLisp code from pal_navigation_msgs/Highways.msg[0m
[ 66%] [34m[1mGenerating Lisp code from pal_navigation_msgs/LaserImage.msg[0m
[ 66%] [34m[1mGenerating EusLisp code from pal_navigation_msgs/LaserImage.msg[0m
[ 66%] [34m[1mGenerating Python from MSG pal_navigation_msgs/GoToActionFeedback[0m
[ 66%] [34m[1mGenerating Lisp code from pal_navigation_msgs/Waypoint.msg[0m
[ 67%] [34m[1mGenerating Python from MSG pal_navigation_msgs/GoToGoal[0m
[ 67%] [34m[1mGenerating Lisp code from pal_navigation_msgs/Acknowledgment.srv[0m
[ 67%] [34m[1mGenerating C++ code from pal_navigation_msgs/GoToAction.msg[0m
[ 67%] [34m[1mGenerating Lisp code from pal_navigation_msgs/ChangeBuilding.srv[0m
[ 67%] [34m[1mGenerating Lisp code from pal_navigation_msgs/ChangeMap.srv[0m
[ 68%] [34m[1mGenerating C++ code from pal_navigation_msgs/GoToActionGoal.msg[0m
[ 68%] [34m[1mGenerating EusLisp code from pal_navigation_msgs/Acknowledgment.srv[0m
[ 68%] [34m[1mGenerating EusLisp code from pal_navigation_msgs/Waypoint.msg[0m
[ 69%] [34m[1mGenerating Lisp code from pal_navigation_msgs/ChangeSyncMap.srv[0m
[ 69%] [34m[1mGenerating EusLisp code from pal_navigation_msgs/ChangeBuilding.srv[0m
[ 70%] [34m[1mGenerating EusLisp code from pal_navigation_msgs/ChangeMap.srv[0m
[ 70%] [34m[1mGenerating C++ code from pal_navigation_msgs/GoToActionResult.msg[0m
[ 70%] [34m[1mGenerating EusLisp code from pal_navigation_msgs/ChangeSyncMap.srv[0m
[ 70%] [34m[1mGenerating Lisp code from pal_navigation_msgs/DisableEmergency.srv[0m
[ 70%] [34m[1mGenerating Python from MSG pal_navigation_msgs/GoToResult[0m
[ 70%] [34m[1mGenerating C++ code from pal_navigation_msgs/GoToGoal.msg[0m
[ 70%] [34m[1mGenerating C++ code from pal_navigation_msgs/GoToActionFeedback.msg[0m
[ 70%] [34m[1mGenerating EusLisp code from pal_navigation_msgs/DisableEmergency.srv[0m
[ 70%] [34m[1mGenerating Lisp code from pal_navigation_msgs/FinalApproachPose.srv[0m
[ 71%] [34m[1mGenerating EusLisp code from pal_navigation_msgs/ListMaps.srv[0m
[ 71%] [34m[1mGenerating EusLisp code from pal_navigation_msgs/FinalApproachPose.srv[0m
[ 71%] [34m[1mGenerating Lisp code from pal_navigation_msgs/ListMaps.srv[0m
[ 72%] [34m[1mGenerating C++ code from pal_navigation_msgs/GoToResult.msg[0m
[ 72%] [34m[1mGenerating C++ code from pal_navigation_msgs/GoToFeedback.msg[0m
[ 72%] [34m[1mGenerating C++ code from pal_navigation_msgs/VisualTrainingAction.msg[0m
[ 72%] [34m[1mGenerating EusLisp code from pal_navigation_msgs/GetMapConfiguration.srv[0m
[ 72%] [34m[1mGenerating C++ code from pal_navigation_msgs/VisualTrainingActionGoal.msg[0m
[ 72%] [34m[1mGenerating EusLisp code from pal_navigation_msgs/GetNodes.srv[0m
[ 73%] [34m[1mGenerating Lisp code from pal_navigation_msgs/GetMapConfiguration.srv[0m
[ 73%] [34m[1mGenerating Python from MSG pal_navigation_msgs/GoToFeedback[0m
[ 73%] [34m[1mGenerating Lisp code from pal_navigation_msgs/GetNodes.srv[0m
[ 74%] [34m[1mGenerating C++ code from pal_navigation_msgs/VisualTrainingActionResult.msg[0m
[ 74%] [34m[1mGenerating C++ code from pal_navigation_msgs/VisualTrainingGoal.msg[0m
[ 74%] [34m[1mGenerating C++ code from pal_navigation_msgs/VisualTrainingActionFeedback.msg[0m
[ 74%] [34m[1mGenerating EusLisp code from pal_navigation_msgs/GetPOI.srv[0m
[ 74%] [34m[1mGenerating C++ code from pal_navigation_msgs/VisualTrainingResult.msg[0m
[ 75%] [34m[1mGenerating EusLisp code from pal_navigation_msgs/GetSubMap.srv[0m
[ 75%] [34m[1mGenerating Lisp code from pal_navigation_msgs/GetPOI.srv[0m
[ 75%] [34m[1mGenerating C++ code from pal_navigation_msgs/VisualTrainingFeedback.msg[0m
[ 75%] [34m[1mGenerating EusLisp code from pal_navigation_msgs/RegisterSync.srv[0m
[ 76%] [34m[1mGenerating C++ code from pal_navigation_msgs/AvailableMaps.msg[0m
[ 76%] [34m[1mGenerating Python from MSG pal_navigation_msgs/VisualTrainingAction[0m
[ 76%] [34m[1mGenerating C++ code from pal_navigation_msgs/Emergency.msg[0m
[ 76%] [34m[1mGenerating Lisp code from pal_navigation_msgs/GetSubMap.srv[0m
[ 76%] [34m[1mGenerating EusLisp code from pal_navigation_msgs/SafetyZone.srv[0m
[ 76%] [34m[1mGenerating C++ code from pal_navigation_msgs/EulerAngles.msg[0m
[ 76%] [34m[1mGenerating EusLisp code from pal_navigation_msgs/SaveMap.srv[0m
[ 76%] [34m[1mGenerating Lisp code from pal_navigation_msgs/RegisterSync.srv[0m
[ 76%] [34m[1mGenerating EusLisp code from pal_navigation_msgs/SetMapConfiguration.srv[0m
[ 77%] [34m[1mGenerating Python from MSG pal_navigation_msgs/VisualTrainingActionGoal[0m
[ 78%] [34m[1mGenerating EusLisp code from pal_navigation_msgs/SetPOI.srv[0m
[ 78%] [34m[1mGenerating C++ code from pal_navigation_msgs/EulerAnglesStamped.msg[0m
[ 79%] [34m[1mGenerating C++ code from pal_navigation_msgs/MapConfiguration.msg[0m
[ 79%] [34m[1mGenerating EusLisp code from pal_navigation_msgs/SetSubMapFloor.srv[0m
[ 80%] [34m[1mGenerating Lisp code from pal_navigation_msgs/SafetyZone.srv[0m
[ 80%] [34m[1mGenerating C++ code from pal_navigation_msgs/MissedWaypoint.msg[0m
[ 80%] [34m[1mGenerating EusLisp code from pal_navigation_msgs/VisualLocRecognize.srv[0m
[ 80%] [34m[1mGenerating C++ code from pal_navigation_msgs/NavigationStatus.msg[0m
[ 80%] [34m[1mGenerating C++ code from pal_navigation_msgs/NiceMapTransformation.msg[0m
[ 80%] [34m[1mGenerating Lisp code from pal_navigation_msgs/SaveMap.srv[0m
[ 80%] [34m[1mGenerating C++ code from pal_navigation_msgs/POI.msg[0m
[ 80%] [34m[1mGenerating EusLisp code from pal_navigation_msgs/RenameMap.srv[0m
[ 81%] [34m[1mGenerating C++ code from pal_navigation_msgs/POIGroup.msg[0m
[ 81%] [34m[1mGenerating Python from MSG pal_navigation_msgs/VisualTrainingActionResult[0m
[ 81%] [34m[1mGenerating Lisp code from pal_navigation_msgs/SetMapConfiguration.srv[0m
[ 81%] [34m[1mGenerating Lisp code from pal_navigation_msgs/SetPOI.srv[0m
[ 81%] [34m[1mGenerating C++ code from pal_navigation_msgs/PolarReading.msg[0m
[ 82%] [34m[1mGenerating Lisp code from pal_navigation_msgs/SetSubMapFloor.srv[0m
[ 83%] [34m[1mGenerating EusLisp manifest code for pal_navigation_msgs[0m
[ 83%] [34m[1mGenerating C++ code from pal_navigation_msgs/PolarReadingScan.msg[0m
[ 83%] [34m[1mGenerating Lisp code from pal_navigation_msgs/VisualLocRecognize.srv[0m
[ 83%] [34m[1mGenerating C++ code from pal_navigation_msgs/ServiceStatus.msg[0m
[ 84%] [34m[1mGenerating C++ code from pal_navigation_msgs/TabletPOI.msg[0m
[ 84%] [34m[1mGenerating C++ code from pal_navigation_msgs/VisualLocDB.msg[0m
[ 84%] [34m[1mGenerating Lisp code from pal_navigation_msgs/RenameMap.srv[0m
WARNING: Package name "TiagoTourGuide" does not follow the naming conventions. It should start with a lower case letter and only contain lower case letters, digits, underscores, and dashes.
[ 84%] [34m[1mGenerating Python from MSG pal_navigation_msgs/VisualTrainingActionFeedback[0m
WARNING: Package name "TiagoTourGuide" does not follow the naming conventions. It should start with a lower case letter and only contain lower case letters, digits, underscores, and dashes.
[ 84%] [34m[1mGenerating Python from MSG pal_navigation_msgs/VisualTrainingGoal[0m
[ 84%] Built target pal_navigation_msgs_generate_messages_lisp
[ 84%] [34m[1mGenerating C++ code from pal_navigation_msgs/Highways.msg[0m
[ 84%] [34m[1mGenerating C++ code from pal_navigation_msgs/LaserImage.msg[0m
[ 85%] [34m[1mGenerating C++ code from pal_navigation_msgs/Waypoint.msg[0m
[ 85%] [34m[1mGenerating Python from MSG pal_navigation_msgs/VisualTrainingResult[0m
[ 85%] [34m[1mGenerating C++ code from pal_navigation_msgs/Acknowledgment.srv[0m
[ 86%] [34m[1mGenerating Python from MSG pal_navigation_msgs/VisualTrainingFeedback[0m
[ 86%] [34m[1mGenerating C++ code from pal_navigation_msgs/ChangeMap.srv[0m
[ 86%] [34m[1mGenerating C++ code from pal_navigation_msgs/ChangeBuilding.srv[0m
[ 86%] [34m[1mGenerating Python from MSG pal_navigation_msgs/AvailableMaps[0m
WARNING: Package name "TiagoTourGuide" does not follow the naming conventions. It should start with a lower case letter and only contain lower case letters, digits, underscores, and dashes.
[ 86%] [34m[1mGenerating C++ code from pal_navigation_msgs/ChangeSyncMap.srv[0m
[ 87%] [34m[1mGenerating C++ code from pal_navigation_msgs/DisableEmergency.srv[0m
WARNING: Package name "TiagoTourGuide" does not follow the naming conventions. It should start with a lower case letter and only contain lower case letters, digits, underscores, and dashes.
[ 87%] [34m[1mGenerating C++ code from pal_navigation_msgs/FinalApproachPose.srv[0m
[ 87%] [34m[1mGenerating Python from MSG pal_navigation_msgs/Emergency[0m
[ 87%] [34m[1mGenerating Python from MSG pal_navigation_msgs/EulerAngles[0m
[ 87%] [34m[1mGenerating Python from MSG pal_navigation_msgs/MapConfiguration[0m
[ 88%] [34m[1mGenerating Python from MSG pal_navigation_msgs/EulerAnglesStamped[0m
[ 88%] [34m[1mGenerating C++ code from pal_navigation_msgs/ListMaps.srv[0m
[ 88%] [34m[1mGenerating Python from MSG pal_navigation_msgs/MissedWaypoint[0m
[ 88%] Built target pal_navigation_msgs_generate_messages_eus
[ 88%] [34m[1mGenerating Python from MSG pal_navigation_msgs/NavigationStatus[0m
[ 88%] [34m[1mGenerating Python from MSG pal_navigation_msgs/NiceMapTransformation[0m
[ 89%] [34m[1mGenerating Python from MSG pal_navigation_msgs/POI[0m
[ 89%] [34m[1mGenerating C++ code from pal_navigation_msgs/GetMapConfiguration.srv[0m
[ 89%] [34m[1mGenerating Python from MSG pal_navigation_msgs/PolarReading[0m
[ 89%] [34m[1mGenerating Python from MSG pal_navigation_msgs/POIGroup[0m
[ 89%] [34m[1mGenerating Python from MSG pal_navigation_msgs/PolarReadingScan[0m
[ 90%] [34m[1mGenerating Python from MSG pal_navigation_msgs/ServiceStatus[0m
[ 91%] [34m[1mGenerating C++ code from pal_navigation_msgs/GetNodes.srv[0m
[ 91%] [34m[1mGenerating Python from MSG pal_navigation_msgs/VisualLocDB[0m
[ 91%] [34m[1mGenerating Python from MSG pal_navigation_msgs/TabletPOI[0m
[ 91%] [34m[1mGenerating C++ code from pal_navigation_msgs/GetPOI.srv[0m
[ 91%] [34m[1mGenerating Python from MSG pal_navigation_msgs/Highways[0m
[ 92%] [34m[1mGenerating Python from MSG pal_navigation_msgs/LaserImage[0m
[ 92%] [34m[1mGenerating Python from MSG pal_navigation_msgs/Waypoint[0m
[ 92%] [34m[1mGenerating Python code from SRV pal_navigation_msgs/Acknowledgment[0m
[ 92%] [34m[1mGenerating Python code from SRV pal_navigation_msgs/ChangeBuilding[0m
[ 92%] [34m[1mGenerating C++ code from pal_navigation_msgs/GetSubMap.srv[0m
[ 92%] [34m[1mGenerating Python code from SRV pal_navigation_msgs/ChangeMap[0m
[ 93%] [34m[1mGenerating Python code from SRV pal_navigation_msgs/ChangeSyncMap[0m
[ 93%] [34m[1mGenerating C++ code from pal_navigation_msgs/RegisterSync.srv[0m
[ 93%] [34m[1mGenerating C++ code from pal_navigation_msgs/SafetyZone.srv[0m
[ 94%] [34m[1mGenerating C++ code from pal_navigation_msgs/SaveMap.srv[0m
[ 94%] [34m[1mGenerating C++ code from pal_navigation_msgs/SetMapConfiguration.srv[0m
[ 94%] [34m[1mGenerating Python code from SRV pal_navigation_msgs/DisableEmergency[0m
[ 94%] [34m[1mGenerating Python code from SRV pal_navigation_msgs/FinalApproachPose[0m
[ 94%] [34m[1mGenerating C++ code from pal_navigation_msgs/SetPOI.srv[0m
[ 94%] [34m[1mGenerating Python code from SRV pal_navigation_msgs/ListMaps[0m
[ 94%] [34m[1mGenerating C++ code from pal_navigation_msgs/SetSubMapFloor.srv[0m
[ 95%] [34m[1mGenerating Python code from SRV pal_navigation_msgs/GetMapConfiguration[0m
[ 96%] [34m[1mGenerating C++ code from pal_navigation_msgs/VisualLocRecognize.srv[0m
[ 96%] [34m[1mGenerating C++ code from pal_navigation_msgs/RenameMap.srv[0m
[ 96%] [34m[1mGenerating Python code from SRV pal_navigation_msgs/GetNodes[0m
[ 96%] [34m[1mGenerating Python code from SRV pal_navigation_msgs/GetPOI[0m
[ 96%] [34m[1mGenerating Python code from SRV pal_navigation_msgs/GetSubMap[0m
[ 96%] [34m[1mGenerating Python code from SRV pal_navigation_msgs/RegisterSync[0m
[ 97%] [34m[1mGenerating Python code from SRV pal_navigation_msgs/SafetyZone[0m
[ 97%] [34m[1mGenerating Python code from SRV pal_navigation_msgs/SaveMap[0m
[ 97%] [34m[1mGenerating Python code from SRV pal_navigation_msgs/SetPOI[0m
[ 97%] [34m[1mGenerating Python code from SRV pal_navigation_msgs/SetMapConfiguration[0m
[ 98%] [34m[1mGenerating Python code from SRV pal_navigation_msgs/SetSubMapFloor[0m
[ 98%] Built target pal_navigation_msgs_generate_messages_cpp
[ 98%] [34m[1mGenerating Python code from SRV pal_navigation_msgs/VisualLocRecognize[0m
[ 98%] [34m[1mGenerating Python code from SRV pal_navigation_msgs/RenameMap[0m
[100%] [34m[1mGenerating Python msg __init__.py for pal_navigation_msgs[0m
[100%] [34m[1mGenerating Python srv __init__.py for pal_navigation_msgs[0m
[100%] Built target pal_navigation_msgs_generate_messages_py
[35m[1mScanning dependencies of target pal_navigation_msgs_generate_messages[0m
[100%] Built target pal_navigation_msgs_generate_messages
