[  0%] Built target _pal_visual_localization_msgs_generate_messages_check_deps_VisualLocAddPlaceResult
[  0%] Built target _pal_visual_localization_msgs_generate_messages_check_deps_VisualLocRecognizeResult
[  0%] Built target _pal_visual_localization_msgs_generate_messages_check_deps_VisualLocRecognizeActionResult
[  0%] Built target _pal_visual_localization_msgs_generate_messages_check_deps_VisualLocRecognizeActionGoal
[  0%] Built target std_msgs_generate_messages_cpp
[  0%] Built target actionlib_msgs_generate_messages_cpp
[  0%] Built target _pal_visual_localization_msgs_generate_messages_check_deps_VisualLocRecognizeActionFeedback
[  0%] Built target _pal_visual_localization_msgs_generate_messages_check_deps_VisualLocAddPlaceAction
[  0%] Built target geometry_msgs_generate_messages_cpp
[  0%] Built target _pal_visual_localization_msgs_generate_messages_check_deps_VisualLocAddPlaceActionFeedback
[  0%] Built target _pal_visual_localization_msgs_generate_messages_check_deps_VisualLocRecognizeAction
[  0%] Built target _pal_visual_localization_msgs_generate_messages_check_deps_VisualLocRecognizeFeedback
[  0%] Built target _pal_visual_localization_msgs_generate_messages_check_deps_VisualLocRecognizeGoal
[  0%] Built target _pal_visual_localization_msgs_generate_messages_check_deps_VisualLocAddPlaceActionResult
[  0%] Built target _pal_visual_localization_msgs_generate_messages_check_deps_VisualLocAddPlaceFeedback
[  0%] Built target _pal_visual_localization_msgs_generate_messages_check_deps_VisualLocAddPlaceActionGoal
[  0%] Built target _pal_visual_localization_msgs_generate_messages_check_deps_VisualLocAddPlaceGoal
[  0%] Built target actionlib_msgs_generate_messages_nodejs
[  0%] Built target geometry_msgs_generate_messages_nodejs
[  0%] Built target std_msgs_generate_messages_nodejs
[  0%] Built target geometry_msgs_generate_messages_lisp
[  0%] Built target std_msgs_generate_messages_lisp
[  0%] Built target actionlib_msgs_generate_messages_lisp
[  0%] Built target std_msgs_generate_messages_eus
[  0%] Built target actionlib_msgs_generate_messages_eus
[  0%] Built target geometry_msgs_generate_messages_eus
[  0%] Built target actionlib_msgs_generate_messages_py
[  0%] Built target std_msgs_generate_messages_py
[  0%] Built target geometry_msgs_generate_messages_py
[ 19%] Built target pal_visual_localization_msgs_generate_messages_cpp
[ 38%] Built target pal_visual_localization_msgs_generate_messages_nodejs
[ 58%] Built target pal_visual_localization_msgs_generate_messages_lisp
[ 79%] Built target pal_visual_localization_msgs_generate_messages_eus
[100%] Built target pal_visual_localization_msgs_generate_messages_py
[100%] Built target pal_visual_localization_msgs_generate_messages
