[35m[1mScanning dependencies of target _pal_visual_localization_msgs_generate_messages_check_deps_VisualLocAddPlaceResult[0m
[  0%] Built target _pal_visual_localization_msgs_generate_messages_check_deps_VisualLocAddPlaceResult
[35m[1mScanning dependencies of target _pal_visual_localization_msgs_generate_messages_check_deps_VisualLocRecognizeResult[0m
[  0%] Built target _pal_visual_localization_msgs_generate_messages_check_deps_VisualLocRecognizeResult
[35m[1mScanning dependencies of target _pal_visual_localization_msgs_generate_messages_check_deps_VisualLocRecognizeActionResult[0m
[  0%] Built target _pal_visual_localization_msgs_generate_messages_check_deps_VisualLocRecognizeActionResult
[35m[1mScanning dependencies of target _pal_visual_localization_msgs_generate_messages_check_deps_VisualLocRecognizeActionGoal[0m
[  0%] Built target _pal_visual_localization_msgs_generate_messages_check_deps_VisualLocRecognizeActionGoal
[35m[1mScanning dependencies of target std_msgs_generate_messages_cpp[0m
[  0%] Built target std_msgs_generate_messages_cpp
[35m[1mScanning dependencies of target actionlib_msgs_generate_messages_cpp[0m
[  0%] Built target actionlib_msgs_generate_messages_cpp
[35m[1mScanning dependencies of target _pal_visual_localization_msgs_generate_messages_check_deps_VisualLocRecognizeActionFeedback[0m
[  0%] Built target _pal_visual_localization_msgs_generate_messages_check_deps_VisualLocRecognizeActionFeedback
[35m[1mScanning dependencies of target _pal_visual_localization_msgs_generate_messages_check_deps_VisualLocAddPlaceAction[0m
[  0%] Built target _pal_visual_localization_msgs_generate_messages_check_deps_VisualLocAddPlaceAction
[35m[1mScanning dependencies of target geometry_msgs_generate_messages_cpp[0m
[  0%] Built target geometry_msgs_generate_messages_cpp
[35m[1mScanning dependencies of target _pal_visual_localization_msgs_generate_messages_check_deps_VisualLocAddPlaceActionFeedback[0m
[  0%] Built target _pal_visual_localization_msgs_generate_messages_check_deps_VisualLocAddPlaceActionFeedback
[35m[1mScanning dependencies of target _pal_visual_localization_msgs_generate_messages_check_deps_VisualLocRecognizeAction[0m
[  0%] Built target _pal_visual_localization_msgs_generate_messages_check_deps_VisualLocRecognizeAction
[35m[1mScanning dependencies of target _pal_visual_localization_msgs_generate_messages_check_deps_VisualLocRecognizeFeedback[0m
[  0%] Built target _pal_visual_localization_msgs_generate_messages_check_deps_VisualLocRecognizeFeedback
[35m[1mScanning dependencies of target _pal_visual_localization_msgs_generate_messages_check_deps_VisualLocRecognizeGoal[0m
[  0%] Built target _pal_visual_localization_msgs_generate_messages_check_deps_VisualLocRecognizeGoal
[35m[1mScanning dependencies of target _pal_visual_localization_msgs_generate_messages_check_deps_VisualLocAddPlaceActionResult[0m
[  0%] Built target _pal_visual_localization_msgs_generate_messages_check_deps_VisualLocAddPlaceActionResult
[35m[1mScanning dependencies of target _pal_visual_localization_msgs_generate_messages_check_deps_VisualLocAddPlaceFeedback[0m
[  0%] Built target _pal_visual_localization_msgs_generate_messages_check_deps_VisualLocAddPlaceFeedback
[35m[1mScanning dependencies of target _pal_visual_localization_msgs_generate_messages_check_deps_VisualLocAddPlaceActionGoal[0m
[  0%] Built target _pal_visual_localization_msgs_generate_messages_check_deps_VisualLocAddPlaceActionGoal
[35m[1mScanning dependencies of target _pal_visual_localization_msgs_generate_messages_check_deps_VisualLocAddPlaceGoal[0m
[  0%] Built target _pal_visual_localization_msgs_generate_messages_check_deps_VisualLocAddPlaceGoal
[35m[1mScanning dependencies of target actionlib_msgs_generate_messages_nodejs[0m
[  0%] Built target actionlib_msgs_generate_messages_nodejs
[35m[1mScanning dependencies of target geometry_msgs_generate_messages_nodejs[0m
[  0%] Built target geometry_msgs_generate_messages_nodejs
[35m[1mScanning dependencies of target std_msgs_generate_messages_nodejs[0m
[  0%] Built target std_msgs_generate_messages_nodejs
[35m[1mScanning dependencies of target geometry_msgs_generate_messages_lisp[0m
[  0%] Built target geometry_msgs_generate_messages_lisp
[35m[1mScanning dependencies of target std_msgs_generate_messages_lisp[0m
[  0%] Built target std_msgs_generate_messages_lisp
[35m[1mScanning dependencies of target actionlib_msgs_generate_messages_lisp[0m
[  0%] Built target actionlib_msgs_generate_messages_lisp
[35m[1mScanning dependencies of target std_msgs_generate_messages_eus[0m
[  0%] Built target std_msgs_generate_messages_eus
[35m[1mScanning dependencies of target actionlib_msgs_generate_messages_eus[0m
[  0%] Built target actionlib_msgs_generate_messages_eus
[35m[1mScanning dependencies of target geometry_msgs_generate_messages_eus[0m
[  0%] Built target geometry_msgs_generate_messages_eus
[35m[1mScanning dependencies of target actionlib_msgs_generate_messages_py[0m
[  0%] Built target actionlib_msgs_generate_messages_py
[35m[1mScanning dependencies of target std_msgs_generate_messages_py[0m
[  0%] Built target std_msgs_generate_messages_py
[35m[1mScanning dependencies of target geometry_msgs_generate_messages_py[0m
[  0%] Built target geometry_msgs_generate_messages_py
[35m[1mScanning dependencies of target pal_visual_localization_msgs_generate_messages_cpp[0m
[  1%] [34m[1mGenerating C++ code from pal_visual_localization_msgs/VisualLocAddPlaceAction.msg[0m
[  2%] [34m[1mGenerating C++ code from pal_visual_localization_msgs/VisualLocAddPlaceActionGoal.msg[0m
[  4%] [34m[1mGenerating C++ code from pal_visual_localization_msgs/VisualLocAddPlaceActionResult.msg[0m
[  5%] [34m[1mGenerating C++ code from pal_visual_localization_msgs/VisualLocAddPlaceActionFeedback.msg[0m
[  6%] [34m[1mGenerating C++ code from pal_visual_localization_msgs/VisualLocAddPlaceGoal.msg[0m
[  8%] [34m[1mGenerating C++ code from pal_visual_localization_msgs/VisualLocAddPlaceResult.msg[0m
[  9%] [34m[1mGenerating C++ code from pal_visual_localization_msgs/VisualLocAddPlaceFeedback.msg[0m
[ 11%] [34m[1mGenerating C++ code from pal_visual_localization_msgs/VisualLocRecognizeAction.msg[0m
[35m[1mScanning dependencies of target pal_visual_localization_msgs_generate_messages_nodejs[0m
[ 12%] [34m[1mGenerating Javascript code from pal_visual_localization_msgs/VisualLocAddPlaceAction.msg[0m
[ 13%] [34m[1mGenerating Javascript code from pal_visual_localization_msgs/VisualLocAddPlaceActionGoal.msg[0m
[ 15%] [34m[1mGenerating C++ code from pal_visual_localization_msgs/VisualLocRecognizeActionGoal.msg[0m
[ 16%] [34m[1mGenerating Javascript code from pal_visual_localization_msgs/VisualLocAddPlaceActionResult.msg[0m
[ 18%] [34m[1mGenerating C++ code from pal_visual_localization_msgs/VisualLocRecognizeActionResult.msg[0m
[ 19%] [34m[1mGenerating Javascript code from pal_visual_localization_msgs/VisualLocAddPlaceActionFeedback.msg[0m
[ 20%] [34m[1mGenerating Javascript code from pal_visual_localization_msgs/VisualLocAddPlaceGoal.msg[0m
[ 22%] [34m[1mGenerating Javascript code from pal_visual_localization_msgs/VisualLocAddPlaceResult.msg[0m
[ 23%] [34m[1mGenerating Javascript code from pal_visual_localization_msgs/VisualLocAddPlaceFeedback.msg[0m
[ 25%] [34m[1mGenerating C++ code from pal_visual_localization_msgs/VisualLocRecognizeActionFeedback.msg[0m
[ 26%] [34m[1mGenerating Javascript code from pal_visual_localization_msgs/VisualLocRecognizeAction.msg[0m
[ 27%] [34m[1mGenerating Javascript code from pal_visual_localization_msgs/VisualLocRecognizeActionGoal.msg[0m
[ 29%] [34m[1mGenerating C++ code from pal_visual_localization_msgs/VisualLocRecognizeGoal.msg[0m
[ 30%] [34m[1mGenerating Javascript code from pal_visual_localization_msgs/VisualLocRecognizeActionResult.msg[0m
[ 31%] [34m[1mGenerating Javascript code from pal_visual_localization_msgs/VisualLocRecognizeActionFeedback.msg[0m
[ 33%] [34m[1mGenerating C++ code from pal_visual_localization_msgs/VisualLocRecognizeResult.msg[0m
[ 34%] [34m[1mGenerating Javascript code from pal_visual_localization_msgs/VisualLocRecognizeGoal.msg[0m
[ 36%] [34m[1mGenerating Javascript code from pal_visual_localization_msgs/VisualLocRecognizeResult.msg[0m
[ 37%] [34m[1mGenerating Javascript code from pal_visual_localization_msgs/VisualLocRecognizeFeedback.msg[0m
[ 38%] [34m[1mGenerating C++ code from pal_visual_localization_msgs/VisualLocRecognizeFeedback.msg[0m
[ 38%] Built target pal_visual_localization_msgs_generate_messages_nodejs
[35m[1mScanning dependencies of target pal_visual_localization_msgs_generate_messages_lisp[0m
[ 40%] [34m[1mGenerating Lisp code from pal_visual_localization_msgs/VisualLocAddPlaceAction.msg[0m
[ 41%] [34m[1mGenerating Lisp code from pal_visual_localization_msgs/VisualLocAddPlaceActionGoal.msg[0m
[ 41%] Built target pal_visual_localization_msgs_generate_messages_cpp
[ 43%] [34m[1mGenerating Lisp code from pal_visual_localization_msgs/VisualLocAddPlaceActionResult.msg[0m
[ 44%] [34m[1mGenerating Lisp code from pal_visual_localization_msgs/VisualLocAddPlaceActionFeedback.msg[0m
[ 45%] [34m[1mGenerating Lisp code from pal_visual_localization_msgs/VisualLocAddPlaceGoal.msg[0m
[ 47%] [34m[1mGenerating Lisp code from pal_visual_localization_msgs/VisualLocAddPlaceResult.msg[0m
[ 48%] [34m[1mGenerating Lisp code from pal_visual_localization_msgs/VisualLocAddPlaceFeedback.msg[0m
[ 50%] [34m[1mGenerating Lisp code from pal_visual_localization_msgs/VisualLocRecognizeAction.msg[0m
[ 51%] [34m[1mGenerating Lisp code from pal_visual_localization_msgs/VisualLocRecognizeActionGoal.msg[0m
[ 52%] [34m[1mGenerating Lisp code from pal_visual_localization_msgs/VisualLocRecognizeActionResult.msg[0m
[ 54%] [34m[1mGenerating Lisp code from pal_visual_localization_msgs/VisualLocRecognizeActionFeedback.msg[0m
[ 55%] [34m[1mGenerating Lisp code from pal_visual_localization_msgs/VisualLocRecognizeGoal.msg[0m
[ 56%] [34m[1mGenerating Lisp code from pal_visual_localization_msgs/VisualLocRecognizeResult.msg[0m
[ 58%] [34m[1mGenerating Lisp code from pal_visual_localization_msgs/VisualLocRecognizeFeedback.msg[0m
[ 58%] Built target pal_visual_localization_msgs_generate_messages_lisp
[35m[1mScanning dependencies of target pal_visual_localization_msgs_generate_messages_eus[0m
[ 59%] [34m[1mGenerating EusLisp code from pal_visual_localization_msgs/VisualLocAddPlaceAction.msg[0m
[ 61%] [34m[1mGenerating EusLisp code from pal_visual_localization_msgs/VisualLocAddPlaceActionGoal.msg[0m
[ 62%] [34m[1mGenerating EusLisp code from pal_visual_localization_msgs/VisualLocAddPlaceActionResult.msg[0m
[ 63%] [34m[1mGenerating EusLisp code from pal_visual_localization_msgs/VisualLocAddPlaceActionFeedback.msg[0m
[ 65%] [34m[1mGenerating EusLisp code from pal_visual_localization_msgs/VisualLocAddPlaceGoal.msg[0m
[35m[1mScanning dependencies of target pal_visual_localization_msgs_generate_messages_py[0m
[ 66%] [34m[1mGenerating Python from MSG pal_visual_localization_msgs/VisualLocAddPlaceAction[0m
[ 68%] [34m[1mGenerating EusLisp code from pal_visual_localization_msgs/VisualLocAddPlaceResult.msg[0m
[ 69%] [34m[1mGenerating Python from MSG pal_visual_localization_msgs/VisualLocAddPlaceActionGoal[0m
[ 70%] [34m[1mGenerating EusLisp code from pal_visual_localization_msgs/VisualLocAddPlaceFeedback.msg[0m
[ 72%] [34m[1mGenerating Python from MSG pal_visual_localization_msgs/VisualLocAddPlaceActionResult[0m
[ 73%] [34m[1mGenerating EusLisp code from pal_visual_localization_msgs/VisualLocRecognizeAction.msg[0m
[ 75%] [34m[1mGenerating EusLisp code from pal_visual_localization_msgs/VisualLocRecognizeActionGoal.msg[0m
[ 76%] [34m[1mGenerating EusLisp code from pal_visual_localization_msgs/VisualLocRecognizeActionResult.msg[0m
[ 77%] [34m[1mGenerating EusLisp code from pal_visual_localization_msgs/VisualLocRecognizeActionFeedback.msg[0m
[ 79%] [34m[1mGenerating Python from MSG pal_visual_localization_msgs/VisualLocAddPlaceActionFeedback[0m
[ 80%] [34m[1mGenerating EusLisp code from pal_visual_localization_msgs/VisualLocRecognizeGoal.msg[0m
[ 81%] [34m[1mGenerating EusLisp code from pal_visual_localization_msgs/VisualLocRecognizeResult.msg[0m
[ 83%] [34m[1mGenerating EusLisp code from pal_visual_localization_msgs/VisualLocRecognizeFeedback.msg[0m
[ 84%] [34m[1mGenerating Python from MSG pal_visual_localization_msgs/VisualLocAddPlaceGoal[0m
[ 86%] [34m[1mGenerating EusLisp manifest code for pal_visual_localization_msgs[0m
WARNING: Package name "TiagoTourGuide" does not follow the naming conventions. It should start with a lower case letter and only contain lower case letters, digits, underscores, and dashes.
[ 87%] [34m[1mGenerating Python from MSG pal_visual_localization_msgs/VisualLocAddPlaceResult[0m
WARNING: Package name "TiagoTourGuide" does not follow the naming conventions. It should start with a lower case letter and only contain lower case letters, digits, underscores, and dashes.
[ 88%] [34m[1mGenerating Python from MSG pal_visual_localization_msgs/VisualLocAddPlaceFeedback[0m
WARNING: Package name "TiagoTourGuide" does not follow the naming conventions. It should start with a lower case letter and only contain lower case letters, digits, underscores, and dashes.
WARNING: Package name "TiagoTourGuide" does not follow the naming conventions. It should start with a lower case letter and only contain lower case letters, digits, underscores, and dashes.
[ 90%] [34m[1mGenerating Python from MSG pal_visual_localization_msgs/VisualLocRecognizeAction[0m
[ 90%] Built target pal_visual_localization_msgs_generate_messages_eus
[ 91%] [34m[1mGenerating Python from MSG pal_visual_localization_msgs/VisualLocRecognizeActionGoal[0m
[ 93%] [34m[1mGenerating Python from MSG pal_visual_localization_msgs/VisualLocRecognizeActionResult[0m
[ 94%] [34m[1mGenerating Python from MSG pal_visual_localization_msgs/VisualLocRecognizeActionFeedback[0m
[ 95%] [34m[1mGenerating Python from MSG pal_visual_localization_msgs/VisualLocRecognizeGoal[0m
[ 97%] [34m[1mGenerating Python from MSG pal_visual_localization_msgs/VisualLocRecognizeResult[0m
[ 98%] [34m[1mGenerating Python from MSG pal_visual_localization_msgs/VisualLocRecognizeFeedback[0m
[100%] [34m[1mGenerating Python msg __init__.py for pal_visual_localization_msgs[0m
[100%] Built target pal_visual_localization_msgs_generate_messages_py
[35m[1mScanning dependencies of target pal_visual_localization_msgs_generate_messages[0m
[100%] Built target pal_visual_localization_msgs_generate_messages
