[36mInstall the project...[0m
-- Install configuration: ""
-- Up-to-date: /TiaGo_TourGuide/TiagoTourGuide_ws/install/_setup_util.py
-- Up-to-date: /TiaGo_TourGuide/TiagoTourGuide_ws/install/env.sh
-- Up-to-date: /TiaGo_TourGuide/TiagoTourGuide_ws/install/setup.bash
-- Up-to-date: /TiaGo_TourGuide/TiagoTourGuide_ws/install/local_setup.bash
-- Up-to-date: /TiaGo_TourGuide/TiagoTourGuide_ws/install/setup.sh
-- Up-to-date: /TiaGo_TourGuide/TiagoTourGuide_ws/install/local_setup.sh
-- Up-to-date: /TiaGo_TourGuide/TiagoTourGuide_ws/install/setup.zsh
-- Up-to-date: /TiaGo_TourGuide/TiagoTourGuide_ws/install/local_setup.zsh
-- Up-to-date: /TiaGo_TourGuide/TiagoTourGuide_ws/install/.rosinstall
-- Installing: /TiaGo_TourGuide/TiagoTourGuide_ws/install/lib/pkgconfig/tf2_kdl.pc
-- Installing: /TiaGo_TourGuide/TiagoTourGuide_ws/install/share/tf2_kdl/cmake/tf2_kdlConfig.cmake
-- Installing: /TiaGo_TourGuide/TiagoTourGuide_ws/install/share/tf2_kdl/cmake/tf2_kdlConfig-version.cmake
-- Installing: /TiaGo_TourGuide/TiagoTourGuide_ws/install/share/tf2_kdl/package.xml
+ cd /TiaGo_TourGuide/TiagoTourGuide_ws/src/geometry2-noetic-devel/tf2_kdl
+ mkdir -p /TiaGo_TourGuide/TiagoTourGuide_ws/install/lib/python3/dist-packages
+ /usr/bin/env PYTHONPATH=/TiaGo_TourGuide/TiagoTourGuide_ws/install/lib/python3/dist-packages:/TiaGo_TourGuide/TiagoTourGuide_ws/build/tf2_kdl/lib/python3/dist-packages:/TiaGo_TourGuide/TiagoTourGuide_ws/install/lib/python3/dist-packages:/TiaGo_TourGuide/TiagoTourGuide_ws/devel/lib/python3/dist-packages:/opt/ros/noetic/lib/python3/dist-packages CATKIN_BINARY_DIR=/TiaGo_TourGuide/TiagoTourGuide_ws/build/tf2_kdl /usr/bin/python3 /TiaGo_TourGuide/TiagoTourGuide_ws/src/geometry2-noetic-devel/tf2_kdl/setup.py egg_info --egg-base /TiaGo_TourGuide/TiagoTourGuide_ws/build/tf2_kdl build --build-base /TiaGo_TourGuide/TiagoTourGuide_ws/build/tf2_kdl install --root=/ --install-layout=deb --prefix=/TiaGo_TourGuide/TiagoTourGuide_ws/install --install-scripts=/TiaGo_TourGuide/TiagoTourGuide_ws/install/bin
running egg_info
creating /TiaGo_TourGuide/TiagoTourGuide_ws/build/tf2_kdl/tf2_kdl.egg-info
writing /TiaGo_TourGuide/TiagoTourGuide_ws/build/tf2_kdl/tf2_kdl.egg-info/PKG-INFO
writing dependency_links to /TiaGo_TourGuide/TiagoTourGuide_ws/build/tf2_kdl/tf2_kdl.egg-info/dependency_links.txt
writing top-level names to /TiaGo_TourGuide/TiagoTourGuide_ws/build/tf2_kdl/tf2_kdl.egg-info/top_level.txt
writing manifest file '/TiaGo_TourGuide/TiagoTourGuide_ws/build/tf2_kdl/tf2_kdl.egg-info/SOURCES.txt'
reading manifest file '/TiaGo_TourGuide/TiagoTourGuide_ws/build/tf2_kdl/tf2_kdl.egg-info/SOURCES.txt'
writing manifest file '/TiaGo_TourGuide/TiagoTourGuide_ws/build/tf2_kdl/tf2_kdl.egg-info/SOURCES.txt'
running build
running build_py
creating /TiaGo_TourGuide/TiagoTourGuide_ws/build/tf2_kdl/lib
creating /TiaGo_TourGuide/TiagoTourGuide_ws/build/tf2_kdl/lib/tf2_kdl
copying src/tf2_kdl/__init__.py -> /TiaGo_TourGuide/TiagoTourGuide_ws/build/tf2_kdl/lib/tf2_kdl
copying src/tf2_kdl/tf2_kdl.py -> /TiaGo_TourGuide/TiagoTourGuide_ws/build/tf2_kdl/lib/tf2_kdl
running install
running install_lib
creating /TiaGo_TourGuide/TiagoTourGuide_ws/install/lib/python3/dist-packages/tf2_kdl
copying /TiaGo_TourGuide/TiagoTourGuide_ws/build/tf2_kdl/lib/tf2_kdl/__init__.py -> /TiaGo_TourGuide/TiagoTourGuide_ws/install/lib/python3/dist-packages/tf2_kdl
copying /TiaGo_TourGuide/TiagoTourGuide_ws/build/tf2_kdl/lib/tf2_kdl/tf2_kdl.py -> /TiaGo_TourGuide/TiagoTourGuide_ws/install/lib/python3/dist-packages/tf2_kdl
byte-compiling /TiaGo_TourGuide/TiagoTourGuide_ws/install/lib/python3/dist-packages/tf2_kdl/__init__.py to __init__.cpython-38.pyc
byte-compiling /TiaGo_TourGuide/TiagoTourGuide_ws/install/lib/python3/dist-packages/tf2_kdl/tf2_kdl.py to tf2_kdl.cpython-38.pyc
running install_egg_info
Copying /TiaGo_TourGuide/TiagoTourGuide_ws/build/tf2_kdl/tf2_kdl.egg-info to /TiaGo_TourGuide/TiagoTourGuide_ws/install/lib/python3/dist-packages/tf2_kdl-0.7.7.egg-info
Skipping SOURCES.txt
running install_scripts
-- Installing: /TiaGo_TourGuide/TiagoTourGuide_ws/install/include/tf2_kdl
-- Installing: /TiaGo_TourGuide/TiagoTourGuide_ws/install/include/tf2_kdl/tf2_kdl
-- Installing: /TiaGo_TourGuide/TiagoTourGuide_ws/install/include/tf2_kdl/tf2_kdl/tf2_kdl.h
-- Installing: /TiaGo_TourGuide/TiagoTourGuide_ws/install/include/tf2_kdl/tf2_kdl.h
-- Installing: /TiaGo_TourGuide/TiagoTourGuide_ws/install/lib/tf2_kdl/test.py
