[35m[1mScanning dependencies of target _pal_tablet_msgs_generate_messages_check_deps_FunctionalityStatus[0m
[  0%] Built target _pal_tablet_msgs_generate_messages_check_deps_FunctionalityStatus
[35m[1mScanning dependencies of target std_msgs_generate_messages_nodejs[0m
[  0%] Built target std_msgs_generate_messages_nodejs
[35m[1mScanning dependencies of target _pal_tablet_msgs_generate_messages_check_deps_RobotStatus[0m
[  0%] Built target _pal_tablet_msgs_generate_messages_check_deps_RobotStatus
[35m[1mScanning dependencies of target std_msgs_generate_messages_eus[0m
[  0%] Built target std_msgs_generate_messages_eus
[35m[1mScanning dependencies of target std_msgs_generate_messages_cpp[0m
[  0%] Built target std_msgs_generate_messages_cpp
[35m[1mScanning dependencies of target std_msgs_generate_messages_py[0m
[  0%] Built target std_msgs_generate_messages_py
[35m[1mScanning dependencies of target std_msgs_generate_messages_lisp[0m
[  0%] Built target std_msgs_generate_messages_lisp
[35m[1mScanning dependencies of target pal_tablet_msgs_generate_messages_nodejs[0m
[  8%] [34m[1mGenerating Javascript code from pal_tablet_msgs/FunctionalityStatus.msg[0m
[ 16%] [34m[1mGenerating Javascript code from pal_tablet_msgs/RobotStatus.msg[0m
[ 16%] Built target pal_tablet_msgs_generate_messages_nodejs
[35m[1mScanning dependencies of target pal_tablet_msgs_generate_messages_eus[0m
[ 25%] [34m[1mGenerating EusLisp code from pal_tablet_msgs/FunctionalityStatus.msg[0m
[ 33%] [34m[1mGenerating EusLisp code from pal_tablet_msgs/RobotStatus.msg[0m
[ 41%] [34m[1mGenerating EusLisp manifest code for pal_tablet_msgs[0m
WARNING: Package name "TiagoTourGuide" does not follow the naming conventions. It should start with a lower case letter and only contain lower case letters, digits, underscores, and dashes.
WARNING: Package name "TiagoTourGuide" does not follow the naming conventions. It should start with a lower case letter and only contain lower case letters, digits, underscores, and dashes.
WARNING: Package name "TiagoTourGuide" does not follow the naming conventions. It should start with a lower case letter and only contain lower case letters, digits, underscores, and dashes.
WARNING: Package name "TiagoTourGuide" does not follow the naming conventions. It should start with a lower case letter and only contain lower case letters, digits, underscores, and dashes.
[ 41%] Built target pal_tablet_msgs_generate_messages_eus
[35m[1mScanning dependencies of target pal_tablet_msgs_generate_messages_cpp[0m
[ 50%] [34m[1mGenerating C++ code from pal_tablet_msgs/FunctionalityStatus.msg[0m
[ 58%] [34m[1mGenerating C++ code from pal_tablet_msgs/RobotStatus.msg[0m
[ 58%] Built target pal_tablet_msgs_generate_messages_cpp
[35m[1mScanning dependencies of target pal_tablet_msgs_generate_messages_py[0m
[ 66%] [34m[1mGenerating Python from MSG pal_tablet_msgs/FunctionalityStatus[0m
[ 75%] [34m[1mGenerating Python from MSG pal_tablet_msgs/RobotStatus[0m
[ 83%] [34m[1mGenerating Python msg __init__.py for pal_tablet_msgs[0m
[ 83%] Built target pal_tablet_msgs_generate_messages_py
[35m[1mScanning dependencies of target pal_tablet_msgs_generate_messages_lisp[0m
[ 91%] [34m[1mGenerating Lisp code from pal_tablet_msgs/FunctionalityStatus.msg[0m
[100%] [34m[1mGenerating Lisp code from pal_tablet_msgs/RobotStatus.msg[0m
[100%] Built target pal_tablet_msgs_generate_messages_lisp
[35m[1mScanning dependencies of target pal_tablet_msgs_generate_messages[0m
[100%] Built target pal_tablet_msgs_generate_messages
