[  0%] Built target _pal_tablet_msgs_generate_messages_check_deps_FunctionalityStatus
[  0%] Built target std_msgs_generate_messages_nodejs
[  0%] Built target _pal_tablet_msgs_generate_messages_check_deps_RobotStatus
[ 16%] Built target pal_tablet_msgs_generate_messages_nodejs
[ 16%] Built target std_msgs_generate_messages_eus
[ 41%] Built target pal_tablet_msgs_generate_messages_eus
[ 41%] Built target std_msgs_generate_messages_cpp
[ 58%] Built target pal_tablet_msgs_generate_messages_cpp
[ 58%] Built target std_msgs_generate_messages_py
[ 83%] Built target pal_tablet_msgs_generate_messages_py
[ 83%] Built target std_msgs_generate_messages_lisp
[100%] Built target pal_tablet_msgs_generate_messages_lisp
[100%] Built target pal_tablet_msgs_generate_messages
[36mInstall the project...[0m
-- Install configuration: ""
-- Up-to-date: /home/james/TiaGo_TourGuide/TiagoTourGuide_ws/install/_setup_util.py
-- Up-to-date: /home/james/TiaGo_TourGuide/TiagoTourGuide_ws/install/env.sh
-- Up-to-date: /home/james/TiaGo_TourGuide/TiagoTourGuide_ws/install/setup.bash
-- Up-to-date: /home/james/TiaGo_TourGuide/TiagoTourGuide_ws/install/local_setup.bash
-- Up-to-date: /home/james/TiaGo_TourGuide/TiagoTourGuide_ws/install/setup.sh
-- Up-to-date: /home/james/TiaGo_TourGuide/TiagoTourGuide_ws/install/local_setup.sh
-- Up-to-date: /home/james/TiaGo_TourGuide/TiagoTourGuide_ws/install/setup.zsh
-- Up-to-date: /home/james/TiaGo_TourGuide/TiagoTourGuide_ws/install/local_setup.zsh
-- Up-to-date: /home/james/TiaGo_TourGuide/TiagoTourGuide_ws/install/.rosinstall
-- Installing: /home/james/TiaGo_TourGuide/TiagoTourGuide_ws/install/share/pal_tablet_msgs/msg/FunctionalityStatus.msg
-- Installing: /home/james/TiaGo_TourGuide/TiagoTourGuide_ws/install/share/pal_tablet_msgs/msg/RobotStatus.msg
-- Installing: /home/james/TiaGo_TourGuide/TiagoTourGuide_ws/install/share/pal_tablet_msgs/cmake/pal_tablet_msgs-msg-paths.cmake
-- Installing: /home/james/TiaGo_TourGuide/TiagoTourGuide_ws/install/include/pal_tablet_msgs
-- Installing: /home/james/TiaGo_TourGuide/TiagoTourGuide_ws/install/include/pal_tablet_msgs/FunctionalityStatus.h
-- Installing: /home/james/TiaGo_TourGuide/TiagoTourGuide_ws/install/include/pal_tablet_msgs/RobotStatus.h
-- Installing: /home/james/TiaGo_TourGuide/TiagoTourGuide_ws/install/share/roseus/ros/pal_tablet_msgs
-- Installing: /home/james/TiaGo_TourGuide/TiagoTourGuide_ws/install/share/roseus/ros/pal_tablet_msgs/manifest.l
-- Installing: /home/james/TiaGo_TourGuide/TiagoTourGuide_ws/install/share/roseus/ros/pal_tablet_msgs/msg
-- Installing: /home/james/TiaGo_TourGuide/TiagoTourGuide_ws/install/share/roseus/ros/pal_tablet_msgs/msg/RobotStatus.l
-- Installing: /home/james/TiaGo_TourGuide/TiagoTourGuide_ws/install/share/roseus/ros/pal_tablet_msgs/msg/FunctionalityStatus.l
-- Installing: /home/james/TiaGo_TourGuide/TiagoTourGuide_ws/install/share/common-lisp/ros/pal_tablet_msgs
-- Installing: /home/james/TiaGo_TourGuide/TiagoTourGuide_ws/install/share/common-lisp/ros/pal_tablet_msgs/msg
-- Installing: /home/james/TiaGo_TourGuide/TiagoTourGuide_ws/install/share/common-lisp/ros/pal_tablet_msgs/msg/_package.lisp
-- Installing: /home/james/TiaGo_TourGuide/TiagoTourGuide_ws/install/share/common-lisp/ros/pal_tablet_msgs/msg/_package_FunctionalityStatus.lisp
-- Installing: /home/james/TiaGo_TourGuide/TiagoTourGuide_ws/install/share/common-lisp/ros/pal_tablet_msgs/msg/_package_RobotStatus.lisp
-- Installing: /home/james/TiaGo_TourGuide/TiagoTourGuide_ws/install/share/common-lisp/ros/pal_tablet_msgs/msg/pal_tablet_msgs-msg.asd
-- Installing: /home/james/TiaGo_TourGuide/TiagoTourGuide_ws/install/share/common-lisp/ros/pal_tablet_msgs/msg/FunctionalityStatus.lisp
-- Installing: /home/james/TiaGo_TourGuide/TiagoTourGuide_ws/install/share/common-lisp/ros/pal_tablet_msgs/msg/RobotStatus.lisp
-- Installing: /home/james/TiaGo_TourGuide/TiagoTourGuide_ws/install/share/gennodejs/ros/pal_tablet_msgs
-- Installing: /home/james/TiaGo_TourGuide/TiagoTourGuide_ws/install/share/gennodejs/ros/pal_tablet_msgs/_index.js
-- Installing: /home/james/TiaGo_TourGuide/TiagoTourGuide_ws/install/share/gennodejs/ros/pal_tablet_msgs/msg
-- Installing: /home/james/TiaGo_TourGuide/TiagoTourGuide_ws/install/share/gennodejs/ros/pal_tablet_msgs/msg/RobotStatus.js
-- Installing: /home/james/TiaGo_TourGuide/TiagoTourGuide_ws/install/share/gennodejs/ros/pal_tablet_msgs/msg/_index.js
-- Installing: /home/james/TiaGo_TourGuide/TiagoTourGuide_ws/install/share/gennodejs/ros/pal_tablet_msgs/msg/FunctionalityStatus.js
Listing '/home/james/TiaGo_TourGuide/TiagoTourGuide_ws/devel/.private/pal_tablet_msgs/lib/python3/dist-packages/pal_tablet_msgs'...
Compiling '/home/james/TiaGo_TourGuide/TiagoTourGuide_ws/devel/.private/pal_tablet_msgs/lib/python3/dist-packages/pal_tablet_msgs/__init__.py'...
Listing '/home/james/TiaGo_TourGuide/TiagoTourGuide_ws/devel/.private/pal_tablet_msgs/lib/python3/dist-packages/pal_tablet_msgs/msg'...
Compiling '/home/james/TiaGo_TourGuide/TiagoTourGuide_ws/devel/.private/pal_tablet_msgs/lib/python3/dist-packages/pal_tablet_msgs/msg/_FunctionalityStatus.py'...
Compiling '/home/james/TiaGo_TourGuide/TiagoTourGuide_ws/devel/.private/pal_tablet_msgs/lib/python3/dist-packages/pal_tablet_msgs/msg/_RobotStatus.py'...
Compiling '/home/james/TiaGo_TourGuide/TiagoTourGuide_ws/devel/.private/pal_tablet_msgs/lib/python3/dist-packages/pal_tablet_msgs/msg/__init__.py'...
-- Installing: /home/james/TiaGo_TourGuide/TiagoTourGuide_ws/install/lib/python3/dist-packages/pal_tablet_msgs
-- Installing: /home/james/TiaGo_TourGuide/TiagoTourGuide_ws/install/lib/python3/dist-packages/pal_tablet_msgs/__pycache__
-- Installing: /home/james/TiaGo_TourGuide/TiagoTourGuide_ws/install/lib/python3/dist-packages/pal_tablet_msgs/__pycache__/__init__.cpython-38.pyc
-- Installing: /home/james/TiaGo_TourGuide/TiagoTourGuide_ws/install/lib/python3/dist-packages/pal_tablet_msgs/__init__.py
-- Installing: /home/james/TiaGo_TourGuide/TiagoTourGuide_ws/install/lib/python3/dist-packages/pal_tablet_msgs/msg
-- Installing: /home/james/TiaGo_TourGuide/TiagoTourGuide_ws/install/lib/python3/dist-packages/pal_tablet_msgs/msg/_RobotStatus.py
-- Installing: /home/james/TiaGo_TourGuide/TiagoTourGuide_ws/install/lib/python3/dist-packages/pal_tablet_msgs/msg/__pycache__
-- Installing: /home/james/TiaGo_TourGuide/TiagoTourGuide_ws/install/lib/python3/dist-packages/pal_tablet_msgs/msg/__pycache__/__init__.cpython-38.pyc
-- Installing: /home/james/TiaGo_TourGuide/TiagoTourGuide_ws/install/lib/python3/dist-packages/pal_tablet_msgs/msg/__pycache__/_FunctionalityStatus.cpython-38.pyc
-- Installing: /home/james/TiaGo_TourGuide/TiagoTourGuide_ws/install/lib/python3/dist-packages/pal_tablet_msgs/msg/__pycache__/_RobotStatus.cpython-38.pyc
-- Installing: /home/james/TiaGo_TourGuide/TiagoTourGuide_ws/install/lib/python3/dist-packages/pal_tablet_msgs/msg/__init__.py
-- Installing: /home/james/TiaGo_TourGuide/TiagoTourGuide_ws/install/lib/python3/dist-packages/pal_tablet_msgs/msg/_FunctionalityStatus.py
-- Installing: /home/james/TiaGo_TourGuide/TiagoTourGuide_ws/install/lib/pkgconfig/pal_tablet_msgs.pc
-- Installing: /home/james/TiaGo_TourGuide/TiagoTourGuide_ws/install/share/pal_tablet_msgs/cmake/pal_tablet_msgs-msg-extras.cmake
-- Installing: /home/james/TiaGo_TourGuide/TiagoTourGuide_ws/install/share/pal_tablet_msgs/cmake/pal_tablet_msgsConfig.cmake
-- Installing: /home/james/TiaGo_TourGuide/TiagoTourGuide_ws/install/share/pal_tablet_msgs/cmake/pal_tablet_msgsConfig-version.cmake
-- Installing: /home/james/TiaGo_TourGuide/TiagoTourGuide_ws/install/share/pal_tablet_msgs/package.xml
