[  0%] Built target _pal_multirobot_msgs_generate_messages_check_deps_WifiServiceDetection
[  0%] Built target std_msgs_generate_messages_eus
[  0%] Built target geometry_msgs_generate_messages_eus
[ 28%] Built target pal_multirobot_msgs_generate_messages_eus
[ 28%] Built target geometry_msgs_generate_messages_lisp
[ 28%] Built target std_msgs_generate_messages_lisp
[ 42%] Built target pal_multirobot_msgs_generate_messages_lisp
[ 42%] Built target std_msgs_generate_messages_py
[ 42%] Built target geometry_msgs_generate_messages_py
[ 71%] Built target pal_multirobot_msgs_generate_messages_py
[ 71%] Built target std_msgs_generate_messages_cpp
[ 71%] Built target geometry_msgs_generate_messages_cpp
[ 85%] Built target pal_multirobot_msgs_generate_messages_cpp
[ 85%] Built target geometry_msgs_generate_messages_nodejs
[ 85%] Built target std_msgs_generate_messages_nodejs
[100%] Built target pal_multirobot_msgs_generate_messages_nodejs
[100%] Built target pal_multirobot_msgs_generate_messages
[36mInstall the project...[0m
-- Install configuration: ""
-- Installing: /home/james/TiaGo_TourGuide/TiagoTourGuide_ws/install/_setup_util.py
-- Installing: /home/james/TiaGo_TourGuide/TiagoTourGuide_ws/install/env.sh
-- Installing: /home/james/TiaGo_TourGuide/TiagoTourGuide_ws/install/setup.bash
-- Installing: /home/james/TiaGo_TourGuide/TiagoTourGuide_ws/install/local_setup.bash
-- Installing: /home/james/TiaGo_TourGuide/TiagoTourGuide_ws/install/setup.sh
-- Installing: /home/james/TiaGo_TourGuide/TiagoTourGuide_ws/install/local_setup.sh
-- Installing: /home/james/TiaGo_TourGuide/TiagoTourGuide_ws/install/setup.zsh
-- Installing: /home/james/TiaGo_TourGuide/TiagoTourGuide_ws/install/local_setup.zsh
-- Installing: /home/james/TiaGo_TourGuide/TiagoTourGuide_ws/install/.rosinstall
-- Installing: /home/james/TiaGo_TourGuide/TiagoTourGuide_ws/install/share/pal_multirobot_msgs/msg/WifiServiceDetection.msg
-- Installing: /home/james/TiaGo_TourGuide/TiagoTourGuide_ws/install/share/pal_multirobot_msgs/cmake/pal_multirobot_msgs-msg-paths.cmake
-- Installing: /home/james/TiaGo_TourGuide/TiagoTourGuide_ws/install/include/pal_multirobot_msgs
-- Installing: /home/james/TiaGo_TourGuide/TiagoTourGuide_ws/install/include/pal_multirobot_msgs/WifiServiceDetection.h
-- Installing: /home/james/TiaGo_TourGuide/TiagoTourGuide_ws/install/share/roseus/ros/pal_multirobot_msgs
-- Installing: /home/james/TiaGo_TourGuide/TiagoTourGuide_ws/install/share/roseus/ros/pal_multirobot_msgs/manifest.l
-- Installing: /home/james/TiaGo_TourGuide/TiagoTourGuide_ws/install/share/roseus/ros/pal_multirobot_msgs/msg
-- Installing: /home/james/TiaGo_TourGuide/TiagoTourGuide_ws/install/share/roseus/ros/pal_multirobot_msgs/msg/WifiServiceDetection.l
-- Installing: /home/james/TiaGo_TourGuide/TiagoTourGuide_ws/install/share/common-lisp/ros/pal_multirobot_msgs
-- Installing: /home/james/TiaGo_TourGuide/TiagoTourGuide_ws/install/share/common-lisp/ros/pal_multirobot_msgs/msg
-- Installing: /home/james/TiaGo_TourGuide/TiagoTourGuide_ws/install/share/common-lisp/ros/pal_multirobot_msgs/msg/pal_multirobot_msgs-msg.asd
-- Installing: /home/james/TiaGo_TourGuide/TiagoTourGuide_ws/install/share/common-lisp/ros/pal_multirobot_msgs/msg/WifiServiceDetection.lisp
-- Installing: /home/james/TiaGo_TourGuide/TiagoTourGuide_ws/install/share/common-lisp/ros/pal_multirobot_msgs/msg/_package.lisp
-- Installing: /home/james/TiaGo_TourGuide/TiagoTourGuide_ws/install/share/common-lisp/ros/pal_multirobot_msgs/msg/_package_WifiServiceDetection.lisp
-- Installing: /home/james/TiaGo_TourGuide/TiagoTourGuide_ws/install/share/gennodejs/ros/pal_multirobot_msgs
-- Installing: /home/james/TiaGo_TourGuide/TiagoTourGuide_ws/install/share/gennodejs/ros/pal_multirobot_msgs/_index.js
-- Installing: /home/james/TiaGo_TourGuide/TiagoTourGuide_ws/install/share/gennodejs/ros/pal_multirobot_msgs/msg
-- Installing: /home/james/TiaGo_TourGuide/TiagoTourGuide_ws/install/share/gennodejs/ros/pal_multirobot_msgs/msg/_index.js
-- Installing: /home/james/TiaGo_TourGuide/TiagoTourGuide_ws/install/share/gennodejs/ros/pal_multirobot_msgs/msg/WifiServiceDetection.js
Listing '/home/james/TiaGo_TourGuide/TiagoTourGuide_ws/devel/.private/pal_multirobot_msgs/lib/python3/dist-packages/pal_multirobot_msgs'...
Compiling '/home/james/TiaGo_TourGuide/TiagoTourGuide_ws/devel/.private/pal_multirobot_msgs/lib/python3/dist-packages/pal_multirobot_msgs/__init__.py'...
Listing '/home/james/TiaGo_TourGuide/TiagoTourGuide_ws/devel/.private/pal_multirobot_msgs/lib/python3/dist-packages/pal_multirobot_msgs/msg'...
Compiling '/home/james/TiaGo_TourGuide/TiagoTourGuide_ws/devel/.private/pal_multirobot_msgs/lib/python3/dist-packages/pal_multirobot_msgs/msg/_WifiServiceDetection.py'...
Compiling '/home/james/TiaGo_TourGuide/TiagoTourGuide_ws/devel/.private/pal_multirobot_msgs/lib/python3/dist-packages/pal_multirobot_msgs/msg/__init__.py'...
-- Installing: /home/james/TiaGo_TourGuide/TiagoTourGuide_ws/install/lib/python3/dist-packages/pal_multirobot_msgs
-- Installing: /home/james/TiaGo_TourGuide/TiagoTourGuide_ws/install/lib/python3/dist-packages/pal_multirobot_msgs/__pycache__
-- Installing: /home/james/TiaGo_TourGuide/TiagoTourGuide_ws/install/lib/python3/dist-packages/pal_multirobot_msgs/__pycache__/__init__.cpython-38.pyc
-- Installing: /home/james/TiaGo_TourGuide/TiagoTourGuide_ws/install/lib/python3/dist-packages/pal_multirobot_msgs/__init__.py
-- Installing: /home/james/TiaGo_TourGuide/TiagoTourGuide_ws/install/lib/python3/dist-packages/pal_multirobot_msgs/msg
-- Installing: /home/james/TiaGo_TourGuide/TiagoTourGuide_ws/install/lib/python3/dist-packages/pal_multirobot_msgs/msg/_WifiServiceDetection.py
-- Installing: /home/james/TiaGo_TourGuide/TiagoTourGuide_ws/install/lib/python3/dist-packages/pal_multirobot_msgs/msg/__pycache__
-- Installing: /home/james/TiaGo_TourGuide/TiagoTourGuide_ws/install/lib/python3/dist-packages/pal_multirobot_msgs/msg/__pycache__/_WifiServiceDetection.cpython-38.pyc
-- Installing: /home/james/TiaGo_TourGuide/TiagoTourGuide_ws/install/lib/python3/dist-packages/pal_multirobot_msgs/msg/__pycache__/__init__.cpython-38.pyc
-- Installing: /home/james/TiaGo_TourGuide/TiagoTourGuide_ws/install/lib/python3/dist-packages/pal_multirobot_msgs/msg/__init__.py
-- Installing: /home/james/TiaGo_TourGuide/TiagoTourGuide_ws/install/lib/pkgconfig/pal_multirobot_msgs.pc
-- Installing: /home/james/TiaGo_TourGuide/TiagoTourGuide_ws/install/share/pal_multirobot_msgs/cmake/pal_multirobot_msgs-msg-extras.cmake
-- Installing: /home/james/TiaGo_TourGuide/TiagoTourGuide_ws/install/share/pal_multirobot_msgs/cmake/pal_multirobot_msgsConfig.cmake
-- Installing: /home/james/TiaGo_TourGuide/TiagoTourGuide_ws/install/share/pal_multirobot_msgs/cmake/pal_multirobot_msgsConfig-version.cmake
-- Installing: /home/james/TiaGo_TourGuide/TiagoTourGuide_ws/install/share/pal_multirobot_msgs/package.xml
