[35m[1mScanning dependencies of target _pal_multirobot_msgs_generate_messages_check_deps_WifiServiceDetection[0m
[  0%] Built target _pal_multirobot_msgs_generate_messages_check_deps_WifiServiceDetection
[35m[1mScanning dependencies of target std_msgs_generate_messages_eus[0m
[  0%] Built target std_msgs_generate_messages_eus
[35m[1mScanning dependencies of target geometry_msgs_generate_messages_eus[0m
[  0%] Built target geometry_msgs_generate_messages_eus
[35m[1mScanning dependencies of target geometry_msgs_generate_messages_lisp[0m
[  0%] Built target geometry_msgs_generate_messages_lisp
[35m[1mScanning dependencies of target std_msgs_generate_messages_lisp[0m
[  0%] Built target std_msgs_generate_messages_lisp
[35m[1mScanning dependencies of target std_msgs_generate_messages_py[0m
[  0%] Built target std_msgs_generate_messages_py
[35m[1mScanning dependencies of target geometry_msgs_generate_messages_py[0m
[  0%] Built target geometry_msgs_generate_messages_py
[35m[1mScanning dependencies of target std_msgs_generate_messages_cpp[0m
[  0%] Built target std_msgs_generate_messages_cpp
[35m[1mScanning dependencies of target geometry_msgs_generate_messages_cpp[0m
[  0%] Built target geometry_msgs_generate_messages_cpp
[35m[1mScanning dependencies of target geometry_msgs_generate_messages_nodejs[0m
[  0%] Built target geometry_msgs_generate_messages_nodejs
[35m[1mScanning dependencies of target std_msgs_generate_messages_nodejs[0m
[  0%] Built target std_msgs_generate_messages_nodejs
[35m[1mScanning dependencies of target pal_multirobot_msgs_generate_messages_eus[0m
[ 14%] [34m[1mGenerating EusLisp code from pal_multirobot_msgs/WifiServiceDetection.msg[0m
[ 28%] [34m[1mGenerating EusLisp manifest code for pal_multirobot_msgs[0m
WARNING: Package name "TiagoTourGuide" does not follow the naming conventions. It should start with a lower case letter and only contain lower case letters, digits, underscores, and dashes.
WARNING: Package name "TiagoTourGuide" does not follow the naming conventions. It should start with a lower case letter and only contain lower case letters, digits, underscores, and dashes.
WARNING: Package name "TiagoTourGuide" does not follow the naming conventions. It should start with a lower case letter and only contain lower case letters, digits, underscores, and dashes.
WARNING: Package name "TiagoTourGuide" does not follow the naming conventions. It should start with a lower case letter and only contain lower case letters, digits, underscores, and dashes.
[ 28%] Built target pal_multirobot_msgs_generate_messages_eus
[35m[1mScanning dependencies of target pal_multirobot_msgs_generate_messages_lisp[0m
[ 42%] [34m[1mGenerating Lisp code from pal_multirobot_msgs/WifiServiceDetection.msg[0m
[ 42%] Built target pal_multirobot_msgs_generate_messages_lisp
[35m[1mScanning dependencies of target pal_multirobot_msgs_generate_messages_py[0m
[ 57%] [34m[1mGenerating Python from MSG pal_multirobot_msgs/WifiServiceDetection[0m
[ 71%] [34m[1mGenerating Python msg __init__.py for pal_multirobot_msgs[0m
[ 71%] Built target pal_multirobot_msgs_generate_messages_py
[35m[1mScanning dependencies of target pal_multirobot_msgs_generate_messages_cpp[0m
[ 85%] [34m[1mGenerating C++ code from pal_multirobot_msgs/WifiServiceDetection.msg[0m
[ 85%] Built target pal_multirobot_msgs_generate_messages_cpp
[35m[1mScanning dependencies of target pal_multirobot_msgs_generate_messages_nodejs[0m
[100%] [34m[1mGenerating Javascript code from pal_multirobot_msgs/WifiServiceDetection.msg[0m
[100%] Built target pal_multirobot_msgs_generate_messages_nodejs
[35m[1mScanning dependencies of target pal_multirobot_msgs_generate_messages[0m
[100%] Built target pal_multirobot_msgs_generate_messages
