[  0%] Built target _pal_common_msgs_generate_messages_check_deps_EmptyGoal
[  0%] Built target _pal_common_msgs_generate_messages_check_deps_EmptyFeedback
[  0%] Built target _pal_common_msgs_generate_messages_check_deps_EmptyResult
[  0%] Built target _pal_common_msgs_generate_messages_check_deps_DisableResult
[  0%] Built target std_msgs_generate_messages_cpp
[  0%] Built target _pal_common_msgs_generate_messages_check_deps_DisableAction
[  0%] Built target _pal_common_msgs_generate_messages_check_deps_EmptyAction
[  0%] Built target _pal_common_msgs_generate_messages_check_deps_DisableFeedback
[  0%] Built target _pal_common_msgs_generate_messages_check_deps_EmptyActionFeedback
[  0%] Built target _pal_common_msgs_generate_messages_check_deps_JointCurrent
[  0%] Built target _pal_common_msgs_generate_messages_check_deps_EmptyActionGoal
[  0%] Built target _pal_common_msgs_generate_messages_check_deps_EmptyActionResult
[  0%] Built target _pal_common_msgs_generate_messages_check_deps_GetString
[  0%] Built target _pal_common_msgs_generate_messages_check_deps_DisableActionGoal
[  0%] Built target actionlib_msgs_generate_messages_cpp
[  0%] Built target _pal_common_msgs_generate_messages_check_deps_DisableActionFeedback
[  0%] Built target _pal_common_msgs_generate_messages_check_deps_SetString
[  0%] Built target _pal_common_msgs_generate_messages_check_deps_DisableActionResult
[  0%] Built target _pal_common_msgs_generate_messages_check_deps_DisableGoal
[ 19%] Built target pal_common_msgs_generate_messages_cpp
[ 19%] Built target actionlib_msgs_generate_messages_py
[ 19%] Built target std_msgs_generate_messages_py
[ 40%] Built target pal_common_msgs_generate_messages_py
[ 40%] Built target std_msgs_generate_messages_eus
[ 40%] Built target actionlib_msgs_generate_messages_eus
[ 61%] Built target pal_common_msgs_generate_messages_eus
[ 61%] Built target std_msgs_generate_messages_nodejs
[ 61%] Built target actionlib_msgs_generate_messages_nodejs
[ 80%] Built target pal_common_msgs_generate_messages_nodejs
[ 80%] Built target std_msgs_generate_messages_lisp
[ 80%] Built target actionlib_msgs_generate_messages_lisp
[100%] Built target pal_common_msgs_generate_messages_lisp
[100%] Built target pal_common_msgs_generate_messages
[36mInstall the project...[0m
-- Install configuration: ""
-- Installing: /home/james/TiaGo_TourGuide/TiagoTourGuide_ws/install/_setup_util.py
-- Installing: /home/james/TiaGo_TourGuide/TiagoTourGuide_ws/install/env.sh
-- Installing: /home/james/TiaGo_TourGuide/TiagoTourGuide_ws/install/setup.bash
-- Installing: /home/james/TiaGo_TourGuide/TiagoTourGuide_ws/install/local_setup.bash
-- Installing: /home/james/TiaGo_TourGuide/TiagoTourGuide_ws/install/setup.sh
-- Installing: /home/james/TiaGo_TourGuide/TiagoTourGuide_ws/install/local_setup.sh
-- Installing: /home/james/TiaGo_TourGuide/TiagoTourGuide_ws/install/setup.zsh
-- Installing: /home/james/TiaGo_TourGuide/TiagoTourGuide_ws/install/local_setup.zsh
-- Installing: /home/james/TiaGo_TourGuide/TiagoTourGuide_ws/install/.rosinstall
-- Up-to-date: /home/james/TiaGo_TourGuide/TiagoTourGuide_ws/install/share/pal_common_msgs/action/Disable.action
-- Up-to-date: /home/james/TiaGo_TourGuide/TiagoTourGuide_ws/install/share/pal_common_msgs/action/Empty.action
-- Up-to-date: /home/james/TiaGo_TourGuide/TiagoTourGuide_ws/install/share/pal_common_msgs/msg/DisableAction.msg
-- Up-to-date: /home/james/TiaGo_TourGuide/TiagoTourGuide_ws/install/share/pal_common_msgs/msg/DisableActionGoal.msg
-- Up-to-date: /home/james/TiaGo_TourGuide/TiagoTourGuide_ws/install/share/pal_common_msgs/msg/DisableActionResult.msg
-- Up-to-date: /home/james/TiaGo_TourGuide/TiagoTourGuide_ws/install/share/pal_common_msgs/msg/DisableActionFeedback.msg
-- Up-to-date: /home/james/TiaGo_TourGuide/TiagoTourGuide_ws/install/share/pal_common_msgs/msg/DisableGoal.msg
-- Up-to-date: /home/james/TiaGo_TourGuide/TiagoTourGuide_ws/install/share/pal_common_msgs/msg/DisableResult.msg
-- Up-to-date: /home/james/TiaGo_TourGuide/TiagoTourGuide_ws/install/share/pal_common_msgs/msg/DisableFeedback.msg
-- Up-to-date: /home/james/TiaGo_TourGuide/TiagoTourGuide_ws/install/share/pal_common_msgs/msg/EmptyAction.msg
-- Up-to-date: /home/james/TiaGo_TourGuide/TiagoTourGuide_ws/install/share/pal_common_msgs/msg/EmptyActionGoal.msg
-- Up-to-date: /home/james/TiaGo_TourGuide/TiagoTourGuide_ws/install/share/pal_common_msgs/msg/EmptyActionResult.msg
-- Up-to-date: /home/james/TiaGo_TourGuide/TiagoTourGuide_ws/install/share/pal_common_msgs/msg/EmptyActionFeedback.msg
-- Up-to-date: /home/james/TiaGo_TourGuide/TiagoTourGuide_ws/install/share/pal_common_msgs/msg/EmptyGoal.msg
-- Up-to-date: /home/james/TiaGo_TourGuide/TiagoTourGuide_ws/install/share/pal_common_msgs/msg/EmptyResult.msg
-- Up-to-date: /home/james/TiaGo_TourGuide/TiagoTourGuide_ws/install/share/pal_common_msgs/msg/EmptyFeedback.msg
-- Up-to-date: /home/james/TiaGo_TourGuide/TiagoTourGuide_ws/install/share/pal_common_msgs/msg/JointCurrent.msg
-- Up-to-date: /home/james/TiaGo_TourGuide/TiagoTourGuide_ws/install/share/pal_common_msgs/srv/SetString.srv
-- Up-to-date: /home/james/TiaGo_TourGuide/TiagoTourGuide_ws/install/share/pal_common_msgs/srv/GetString.srv
-- Up-to-date: /home/james/TiaGo_TourGuide/TiagoTourGuide_ws/install/share/pal_common_msgs/cmake/pal_common_msgs-msg-paths.cmake
-- Up-to-date: /home/james/TiaGo_TourGuide/TiagoTourGuide_ws/install/include/pal_common_msgs
-- Up-to-date: /home/james/TiaGo_TourGuide/TiagoTourGuide_ws/install/include/pal_common_msgs/DisableFeedback.h
-- Up-to-date: /home/james/TiaGo_TourGuide/TiagoTourGuide_ws/install/include/pal_common_msgs/SetStringResponse.h
-- Up-to-date: /home/james/TiaGo_TourGuide/TiagoTourGuide_ws/install/include/pal_common_msgs/EmptyActionFeedback.h
-- Up-to-date: /home/james/TiaGo_TourGuide/TiagoTourGuide_ws/install/include/pal_common_msgs/SetString.h
-- Up-to-date: /home/james/TiaGo_TourGuide/TiagoTourGuide_ws/install/include/pal_common_msgs/EmptyGoal.h
-- Up-to-date: /home/james/TiaGo_TourGuide/TiagoTourGuide_ws/install/include/pal_common_msgs/DisableActionResult.h
-- Up-to-date: /home/james/TiaGo_TourGuide/TiagoTourGuide_ws/install/include/pal_common_msgs/GetStringResponse.h
-- Up-to-date: /home/james/TiaGo_TourGuide/TiagoTourGuide_ws/install/include/pal_common_msgs/EmptyAction.h
-- Up-to-date: /home/james/TiaGo_TourGuide/TiagoTourGuide_ws/install/include/pal_common_msgs/DisableActionFeedback.h
-- Up-to-date: /home/james/TiaGo_TourGuide/TiagoTourGuide_ws/install/include/pal_common_msgs/DisableResult.h
-- Up-to-date: /home/james/TiaGo_TourGuide/TiagoTourGuide_ws/install/include/pal_common_msgs/EmptyFeedback.h
-- Up-to-date: /home/james/TiaGo_TourGuide/TiagoTourGuide_ws/install/include/pal_common_msgs/SetStringRequest.h
-- Up-to-date: /home/james/TiaGo_TourGuide/TiagoTourGuide_ws/install/include/pal_common_msgs/GetStringRequest.h
-- Up-to-date: /home/james/TiaGo_TourGuide/TiagoTourGuide_ws/install/include/pal_common_msgs/DisableActionGoal.h
-- Up-to-date: /home/james/TiaGo_TourGuide/TiagoTourGuide_ws/install/include/pal_common_msgs/GetString.h
-- Up-to-date: /home/james/TiaGo_TourGuide/TiagoTourGuide_ws/install/include/pal_common_msgs/EmptyActionResult.h
-- Up-to-date: /home/james/TiaGo_TourGuide/TiagoTourGuide_ws/install/include/pal_common_msgs/JointCurrent.h
-- Up-to-date: /home/james/TiaGo_TourGuide/TiagoTourGuide_ws/install/include/pal_common_msgs/DisableGoal.h
-- Up-to-date: /home/james/TiaGo_TourGuide/TiagoTourGuide_ws/install/include/pal_common_msgs/EmptyResult.h
-- Up-to-date: /home/james/TiaGo_TourGuide/TiagoTourGuide_ws/install/include/pal_common_msgs/DisableAction.h
-- Up-to-date: /home/james/TiaGo_TourGuide/TiagoTourGuide_ws/install/include/pal_common_msgs/EmptyActionGoal.h
-- Up-to-date: /home/james/TiaGo_TourGuide/TiagoTourGuide_ws/install/share/roseus/ros/pal_common_msgs
-- Up-to-date: /home/james/TiaGo_TourGuide/TiagoTourGuide_ws/install/share/roseus/ros/pal_common_msgs/manifest.l
-- Up-to-date: /home/james/TiaGo_TourGuide/TiagoTourGuide_ws/install/share/roseus/ros/pal_common_msgs/msg
-- Up-to-date: /home/james/TiaGo_TourGuide/TiagoTourGuide_ws/install/share/roseus/ros/pal_common_msgs/msg/DisableAction.l
-- Up-to-date: /home/james/TiaGo_TourGuide/TiagoTourGuide_ws/install/share/roseus/ros/pal_common_msgs/msg/DisableResult.l
-- Up-to-date: /home/james/TiaGo_TourGuide/TiagoTourGuide_ws/install/share/roseus/ros/pal_common_msgs/msg/DisableGoal.l
-- Up-to-date: /home/james/TiaGo_TourGuide/TiagoTourGuide_ws/install/share/roseus/ros/pal_common_msgs/msg/EmptyActionGoal.l
-- Up-to-date: /home/james/TiaGo_TourGuide/TiagoTourGuide_ws/install/share/roseus/ros/pal_common_msgs/msg/EmptyResult.l
-- Up-to-date: /home/james/TiaGo_TourGuide/TiagoTourGuide_ws/install/share/roseus/ros/pal_common_msgs/msg/JointCurrent.l
-- Up-to-date: /home/james/TiaGo_TourGuide/TiagoTourGuide_ws/install/share/roseus/ros/pal_common_msgs/msg/EmptyActionFeedback.l
-- Up-to-date: /home/james/TiaGo_TourGuide/TiagoTourGuide_ws/install/share/roseus/ros/pal_common_msgs/msg/EmptyAction.l
-- Up-to-date: /home/james/TiaGo_TourGuide/TiagoTourGuide_ws/install/share/roseus/ros/pal_common_msgs/msg/EmptyActionResult.l
-- Up-to-date: /home/james/TiaGo_TourGuide/TiagoTourGuide_ws/install/share/roseus/ros/pal_common_msgs/msg/EmptyGoal.l
-- Up-to-date: /home/james/TiaGo_TourGuide/TiagoTourGuide_ws/install/share/roseus/ros/pal_common_msgs/msg/EmptyFeedback.l
-- Up-to-date: /home/james/TiaGo_TourGuide/TiagoTourGuide_ws/install/share/roseus/ros/pal_common_msgs/msg/DisableActionFeedback.l
-- Up-to-date: /home/james/TiaGo_TourGuide/TiagoTourGuide_ws/install/share/roseus/ros/pal_common_msgs/msg/DisableActionGoal.l
-- Up-to-date: /home/james/TiaGo_TourGuide/TiagoTourGuide_ws/install/share/roseus/ros/pal_common_msgs/msg/DisableActionResult.l
-- Up-to-date: /home/james/TiaGo_TourGuide/TiagoTourGuide_ws/install/share/roseus/ros/pal_common_msgs/msg/DisableFeedback.l
-- Up-to-date: /home/james/TiaGo_TourGuide/TiagoTourGuide_ws/install/share/roseus/ros/pal_common_msgs/srv
-- Up-to-date: /home/james/TiaGo_TourGuide/TiagoTourGuide_ws/install/share/roseus/ros/pal_common_msgs/srv/SetString.l
-- Up-to-date: /home/james/TiaGo_TourGuide/TiagoTourGuide_ws/install/share/roseus/ros/pal_common_msgs/srv/GetString.l
-- Up-to-date: /home/james/TiaGo_TourGuide/TiagoTourGuide_ws/install/share/common-lisp/ros/pal_common_msgs
-- Up-to-date: /home/james/TiaGo_TourGuide/TiagoTourGuide_ws/install/share/common-lisp/ros/pal_common_msgs/msg
-- Up-to-date: /home/james/TiaGo_TourGuide/TiagoTourGuide_ws/install/share/common-lisp/ros/pal_common_msgs/msg/DisableFeedback.lisp
-- Up-to-date: /home/james/TiaGo_TourGuide/TiagoTourGuide_ws/install/share/common-lisp/ros/pal_common_msgs/msg/DisableActionGoal.lisp
-- Up-to-date: /home/james/TiaGo_TourGuide/TiagoTourGuide_ws/install/share/common-lisp/ros/pal_common_msgs/msg/DisableAction.lisp
-- Up-to-date: /home/james/TiaGo_TourGuide/TiagoTourGuide_ws/install/share/common-lisp/ros/pal_common_msgs/msg/_package_DisableActionGoal.lisp
-- Up-to-date: /home/james/TiaGo_TourGuide/TiagoTourGuide_ws/install/share/common-lisp/ros/pal_common_msgs/msg/EmptyActionFeedback.lisp
-- Up-to-date: /home/james/TiaGo_TourGuide/TiagoTourGuide_ws/install/share/common-lisp/ros/pal_common_msgs/msg/_package.lisp
-- Up-to-date: /home/james/TiaGo_TourGuide/TiagoTourGuide_ws/install/share/common-lisp/ros/pal_common_msgs/msg/EmptyGoal.lisp
-- Up-to-date: /home/james/TiaGo_TourGuide/TiagoTourGuide_ws/install/share/common-lisp/ros/pal_common_msgs/msg/_package_EmptyActionGoal.lisp
-- Up-to-date: /home/james/TiaGo_TourGuide/TiagoTourGuide_ws/install/share/common-lisp/ros/pal_common_msgs/msg/DisableGoal.lisp
-- Up-to-date: /home/james/TiaGo_TourGuide/TiagoTourGuide_ws/install/share/common-lisp/ros/pal_common_msgs/msg/_package_EmptyActionResult.lisp
-- Up-to-date: /home/james/TiaGo_TourGuide/TiagoTourGuide_ws/install/share/common-lisp/ros/pal_common_msgs/msg/EmptyActionResult.lisp
-- Up-to-date: /home/james/TiaGo_TourGuide/TiagoTourGuide_ws/install/share/common-lisp/ros/pal_common_msgs/msg/EmptyResult.lisp
-- Up-to-date: /home/james/TiaGo_TourGuide/TiagoTourGuide_ws/install/share/common-lisp/ros/pal_common_msgs/msg/_package_JointCurrent.lisp
-- Up-to-date: /home/james/TiaGo_TourGuide/TiagoTourGuide_ws/install/share/common-lisp/ros/pal_common_msgs/msg/_package_EmptyFeedback.lisp
-- Up-to-date: /home/james/TiaGo_TourGuide/TiagoTourGuide_ws/install/share/common-lisp/ros/pal_common_msgs/msg/pal_common_msgs-msg.asd
-- Up-to-date: /home/james/TiaGo_TourGuide/TiagoTourGuide_ws/install/share/common-lisp/ros/pal_common_msgs/msg/_package_EmptyAction.lisp
-- Up-to-date: /home/james/TiaGo_TourGuide/TiagoTourGuide_ws/install/share/common-lisp/ros/pal_common_msgs/msg/_package_DisableAction.lisp
-- Up-to-date: /home/james/TiaGo_TourGuide/TiagoTourGuide_ws/install/share/common-lisp/ros/pal_common_msgs/msg/EmptyFeedback.lisp
-- Up-to-date: /home/james/TiaGo_TourGuide/TiagoTourGuide_ws/install/share/common-lisp/ros/pal_common_msgs/msg/_package_DisableActionResult.lisp
-- Up-to-date: /home/james/TiaGo_TourGuide/TiagoTourGuide_ws/install/share/common-lisp/ros/pal_common_msgs/msg/_package_DisableResult.lisp
-- Up-to-date: /home/james/TiaGo_TourGuide/TiagoTourGuide_ws/install/share/common-lisp/ros/pal_common_msgs/msg/_package_EmptyResult.lisp
-- Up-to-date: /home/james/TiaGo_TourGuide/TiagoTourGuide_ws/install/share/common-lisp/ros/pal_common_msgs/msg/_package_DisableGoal.lisp
-- Up-to-date: /home/james/TiaGo_TourGuide/TiagoTourGuide_ws/install/share/common-lisp/ros/pal_common_msgs/msg/DisableActionFeedback.lisp
-- Up-to-date: /home/james/TiaGo_TourGuide/TiagoTourGuide_ws/install/share/common-lisp/ros/pal_common_msgs/msg/EmptyAction.lisp
-- Up-to-date: /home/james/TiaGo_TourGuide/TiagoTourGuide_ws/install/share/common-lisp/ros/pal_common_msgs/msg/_package_DisableActionFeedback.lisp
-- Up-to-date: /home/james/TiaGo_TourGuide/TiagoTourGuide_ws/install/share/common-lisp/ros/pal_common_msgs/msg/JointCurrent.lisp
-- Up-to-date: /home/james/TiaGo_TourGuide/TiagoTourGuide_ws/install/share/common-lisp/ros/pal_common_msgs/msg/DisableResult.lisp
-- Up-to-date: /home/james/TiaGo_TourGuide/TiagoTourGuide_ws/install/share/common-lisp/ros/pal_common_msgs/msg/EmptyActionGoal.lisp
-- Up-to-date: /home/james/TiaGo_TourGuide/TiagoTourGuide_ws/install/share/common-lisp/ros/pal_common_msgs/msg/_package_DisableFeedback.lisp
-- Up-to-date: /home/james/TiaGo_TourGuide/TiagoTourGuide_ws/install/share/common-lisp/ros/pal_common_msgs/msg/_package_EmptyActionFeedback.lisp
-- Up-to-date: /home/james/TiaGo_TourGuide/TiagoTourGuide_ws/install/share/common-lisp/ros/pal_common_msgs/msg/_package_EmptyGoal.lisp
-- Up-to-date: /home/james/TiaGo_TourGuide/TiagoTourGuide_ws/install/share/common-lisp/ros/pal_common_msgs/msg/DisableActionResult.lisp
-- Up-to-date: /home/james/TiaGo_TourGuide/TiagoTourGuide_ws/install/share/common-lisp/ros/pal_common_msgs/srv
-- Up-to-date: /home/james/TiaGo_TourGuide/TiagoTourGuide_ws/install/share/common-lisp/ros/pal_common_msgs/srv/SetString.lisp
-- Up-to-date: /home/james/TiaGo_TourGuide/TiagoTourGuide_ws/install/share/common-lisp/ros/pal_common_msgs/srv/_package.lisp
-- Up-to-date: /home/james/TiaGo_TourGuide/TiagoTourGuide_ws/install/share/common-lisp/ros/pal_common_msgs/srv/_package_GetString.lisp
-- Up-to-date: /home/james/TiaGo_TourGuide/TiagoTourGuide_ws/install/share/common-lisp/ros/pal_common_msgs/srv/GetString.lisp
-- Up-to-date: /home/james/TiaGo_TourGuide/TiagoTourGuide_ws/install/share/common-lisp/ros/pal_common_msgs/srv/pal_common_msgs-srv.asd
-- Up-to-date: /home/james/TiaGo_TourGuide/TiagoTourGuide_ws/install/share/common-lisp/ros/pal_common_msgs/srv/_package_SetString.lisp
-- Up-to-date: /home/james/TiaGo_TourGuide/TiagoTourGuide_ws/install/share/gennodejs/ros/pal_common_msgs
-- Up-to-date: /home/james/TiaGo_TourGuide/TiagoTourGuide_ws/install/share/gennodejs/ros/pal_common_msgs/_index.js
-- Up-to-date: /home/james/TiaGo_TourGuide/TiagoTourGuide_ws/install/share/gennodejs/ros/pal_common_msgs/msg
-- Up-to-date: /home/james/TiaGo_TourGuide/TiagoTourGuide_ws/install/share/gennodejs/ros/pal_common_msgs/msg/JointCurrent.js
-- Up-to-date: /home/james/TiaGo_TourGuide/TiagoTourGuide_ws/install/share/gennodejs/ros/pal_common_msgs/msg/EmptyResult.js
-- Up-to-date: /home/james/TiaGo_TourGuide/TiagoTourGuide_ws/install/share/gennodejs/ros/pal_common_msgs/msg/EmptyAction.js
-- Up-to-date: /home/james/TiaGo_TourGuide/TiagoTourGuide_ws/install/share/gennodejs/ros/pal_common_msgs/msg/EmptyActionFeedback.js
-- Up-to-date: /home/james/TiaGo_TourGuide/TiagoTourGuide_ws/install/share/gennodejs/ros/pal_common_msgs/msg/DisableActionFeedback.js
-- Up-to-date: /home/james/TiaGo_TourGuide/TiagoTourGuide_ws/install/share/gennodejs/ros/pal_common_msgs/msg/DisableResult.js
-- Up-to-date: /home/james/TiaGo_TourGuide/TiagoTourGuide_ws/install/share/gennodejs/ros/pal_common_msgs/msg/DisableAction.js
-- Up-to-date: /home/james/TiaGo_TourGuide/TiagoTourGuide_ws/install/share/gennodejs/ros/pal_common_msgs/msg/EmptyGoal.js
-- Up-to-date: /home/james/TiaGo_TourGuide/TiagoTourGuide_ws/install/share/gennodejs/ros/pal_common_msgs/msg/DisableActionGoal.js
-- Up-to-date: /home/james/TiaGo_TourGuide/TiagoTourGuide_ws/install/share/gennodejs/ros/pal_common_msgs/msg/DisableActionResult.js
-- Up-to-date: /home/james/TiaGo_TourGuide/TiagoTourGuide_ws/install/share/gennodejs/ros/pal_common_msgs/msg/_index.js
-- Up-to-date: /home/james/TiaGo_TourGuide/TiagoTourGuide_ws/install/share/gennodejs/ros/pal_common_msgs/msg/EmptyFeedback.js
-- Up-to-date: /home/james/TiaGo_TourGuide/TiagoTourGuide_ws/install/share/gennodejs/ros/pal_common_msgs/msg/EmptyActionGoal.js
-- Up-to-date: /home/james/TiaGo_TourGuide/TiagoTourGuide_ws/install/share/gennodejs/ros/pal_common_msgs/msg/EmptyActionResult.js
-- Up-to-date: /home/james/TiaGo_TourGuide/TiagoTourGuide_ws/install/share/gennodejs/ros/pal_common_msgs/msg/DisableFeedback.js
-- Up-to-date: /home/james/TiaGo_TourGuide/TiagoTourGuide_ws/install/share/gennodejs/ros/pal_common_msgs/msg/DisableGoal.js
-- Up-to-date: /home/james/TiaGo_TourGuide/TiagoTourGuide_ws/install/share/gennodejs/ros/pal_common_msgs/srv
-- Up-to-date: /home/james/TiaGo_TourGuide/TiagoTourGuide_ws/install/share/gennodejs/ros/pal_common_msgs/srv/GetString.js
-- Up-to-date: /home/james/TiaGo_TourGuide/TiagoTourGuide_ws/install/share/gennodejs/ros/pal_common_msgs/srv/_index.js
-- Up-to-date: /home/james/TiaGo_TourGuide/TiagoTourGuide_ws/install/share/gennodejs/ros/pal_common_msgs/srv/SetString.js
Listing '/home/james/TiaGo_TourGuide/TiagoTourGuide_ws/devel/.private/pal_common_msgs/lib/python3/dist-packages/pal_common_msgs'...
Listing '/home/james/TiaGo_TourGuide/TiagoTourGuide_ws/devel/.private/pal_common_msgs/lib/python3/dist-packages/pal_common_msgs/msg'...
Listing '/home/james/TiaGo_TourGuide/TiagoTourGuide_ws/devel/.private/pal_common_msgs/lib/python3/dist-packages/pal_common_msgs/srv'...
-- Up-to-date: /home/james/TiaGo_TourGuide/TiagoTourGuide_ws/install/lib/python3/dist-packages/pal_common_msgs
-- Up-to-date: /home/james/TiaGo_TourGuide/TiagoTourGuide_ws/install/lib/python3/dist-packages/pal_common_msgs/__pycache__
-- Up-to-date: /home/james/TiaGo_TourGuide/TiagoTourGuide_ws/install/lib/python3/dist-packages/pal_common_msgs/__pycache__/__init__.cpython-38.pyc
-- Up-to-date: /home/james/TiaGo_TourGuide/TiagoTourGuide_ws/install/lib/python3/dist-packages/pal_common_msgs/__init__.py
-- Up-to-date: /home/james/TiaGo_TourGuide/TiagoTourGuide_ws/install/lib/python3/dist-packages/pal_common_msgs/msg
-- Up-to-date: /home/james/TiaGo_TourGuide/TiagoTourGuide_ws/install/lib/python3/dist-packages/pal_common_msgs/msg/_DisableFeedback.py
-- Up-to-date: /home/james/TiaGo_TourGuide/TiagoTourGuide_ws/install/lib/python3/dist-packages/pal_common_msgs/msg/_EmptyGoal.py
-- Up-to-date: /home/james/TiaGo_TourGuide/TiagoTourGuide_ws/install/lib/python3/dist-packages/pal_common_msgs/msg/_EmptyActionGoal.py
-- Up-to-date: /home/james/TiaGo_TourGuide/TiagoTourGuide_ws/install/lib/python3/dist-packages/pal_common_msgs/msg/_DisableResult.py
-- Up-to-date: /home/james/TiaGo_TourGuide/TiagoTourGuide_ws/install/lib/python3/dist-packages/pal_common_msgs/msg/_DisableAction.py
-- Up-to-date: /home/james/TiaGo_TourGuide/TiagoTourGuide_ws/install/lib/python3/dist-packages/pal_common_msgs/msg/_EmptyActionResult.py
-- Up-to-date: /home/james/TiaGo_TourGuide/TiagoTourGuide_ws/install/lib/python3/dist-packages/pal_common_msgs/msg/_EmptyResult.py
-- Up-to-date: /home/james/TiaGo_TourGuide/TiagoTourGuide_ws/install/lib/python3/dist-packages/pal_common_msgs/msg/_EmptyFeedback.py
-- Up-to-date: /home/james/TiaGo_TourGuide/TiagoTourGuide_ws/install/lib/python3/dist-packages/pal_common_msgs/msg/_DisableActionGoal.py
-- Up-to-date: /home/james/TiaGo_TourGuide/TiagoTourGuide_ws/install/lib/python3/dist-packages/pal_common_msgs/msg/_DisableActionFeedback.py
-- Up-to-date: /home/james/TiaGo_TourGuide/TiagoTourGuide_ws/install/lib/python3/dist-packages/pal_common_msgs/msg/_JointCurrent.py
-- Up-to-date: /home/james/TiaGo_TourGuide/TiagoTourGuide_ws/install/lib/python3/dist-packages/pal_common_msgs/msg/_DisableActionResult.py
-- Up-to-date: /home/james/TiaGo_TourGuide/TiagoTourGuide_ws/install/lib/python3/dist-packages/pal_common_msgs/msg/__pycache__
-- Up-to-date: /home/james/TiaGo_TourGuide/TiagoTourGuide_ws/install/lib/python3/dist-packages/pal_common_msgs/msg/__pycache__/_DisableAction.cpython-38.pyc
-- Up-to-date: /home/james/TiaGo_TourGuide/TiagoTourGuide_ws/install/lib/python3/dist-packages/pal_common_msgs/msg/__pycache__/_EmptyResult.cpython-38.pyc
-- Up-to-date: /home/james/TiaGo_TourGuide/TiagoTourGuide_ws/install/lib/python3/dist-packages/pal_common_msgs/msg/__pycache__/_EmptyFeedback.cpython-38.pyc
-- Up-to-date: /home/james/TiaGo_TourGuide/TiagoTourGuide_ws/install/lib/python3/dist-packages/pal_common_msgs/msg/__pycache__/_JointCurrent.cpython-38.pyc
-- Up-to-date: /home/james/TiaGo_TourGuide/TiagoTourGuide_ws/install/lib/python3/dist-packages/pal_common_msgs/msg/__pycache__/_DisableActionResult.cpython-38.pyc
-- Up-to-date: /home/james/TiaGo_TourGuide/TiagoTourGuide_ws/install/lib/python3/dist-packages/pal_common_msgs/msg/__pycache__/_EmptyActionResult.cpython-38.pyc
-- Up-to-date: /home/james/TiaGo_TourGuide/TiagoTourGuide_ws/install/lib/python3/dist-packages/pal_common_msgs/msg/__pycache__/_DisableResult.cpython-38.pyc
-- Up-to-date: /home/james/TiaGo_TourGuide/TiagoTourGuide_ws/install/lib/python3/dist-packages/pal_common_msgs/msg/__pycache__/_EmptyAction.cpython-38.pyc
-- Up-to-date: /home/james/TiaGo_TourGuide/TiagoTourGuide_ws/install/lib/python3/dist-packages/pal_common_msgs/msg/__pycache__/__init__.cpython-38.pyc
-- Up-to-date: /home/james/TiaGo_TourGuide/TiagoTourGuide_ws/install/lib/python3/dist-packages/pal_common_msgs/msg/__pycache__/_DisableActionFeedback.cpython-38.pyc
-- Up-to-date: /home/james/TiaGo_TourGuide/TiagoTourGuide_ws/install/lib/python3/dist-packages/pal_common_msgs/msg/__pycache__/_DisableFeedback.cpython-38.pyc
-- Up-to-date: /home/james/TiaGo_TourGuide/TiagoTourGuide_ws/install/lib/python3/dist-packages/pal_common_msgs/msg/__pycache__/_EmptyActionGoal.cpython-38.pyc
-- Up-to-date: /home/james/TiaGo_TourGuide/TiagoTourGuide_ws/install/lib/python3/dist-packages/pal_common_msgs/msg/__pycache__/_EmptyActionFeedback.cpython-38.pyc
-- Up-to-date: /home/james/TiaGo_TourGuide/TiagoTourGuide_ws/install/lib/python3/dist-packages/pal_common_msgs/msg/__pycache__/_EmptyGoal.cpython-38.pyc
-- Up-to-date: /home/james/TiaGo_TourGuide/TiagoTourGuide_ws/install/lib/python3/dist-packages/pal_common_msgs/msg/__pycache__/_DisableGoal.cpython-38.pyc
-- Up-to-date: /home/james/TiaGo_TourGuide/TiagoTourGuide_ws/install/lib/python3/dist-packages/pal_common_msgs/msg/__pycache__/_DisableActionGoal.cpython-38.pyc
-- Up-to-date: /home/james/TiaGo_TourGuide/TiagoTourGuide_ws/install/lib/python3/dist-packages/pal_common_msgs/msg/__init__.py
-- Up-to-date: /home/james/TiaGo_TourGuide/TiagoTourGuide_ws/install/lib/python3/dist-packages/pal_common_msgs/msg/_EmptyAction.py
-- Up-to-date: /home/james/TiaGo_TourGuide/TiagoTourGuide_ws/install/lib/python3/dist-packages/pal_common_msgs/msg/_DisableGoal.py
-- Up-to-date: /home/james/TiaGo_TourGuide/TiagoTourGuide_ws/install/lib/python3/dist-packages/pal_common_msgs/msg/_EmptyActionFeedback.py
-- Up-to-date: /home/james/TiaGo_TourGuide/TiagoTourGuide_ws/install/lib/python3/dist-packages/pal_common_msgs/srv
-- Up-to-date: /home/james/TiaGo_TourGuide/TiagoTourGuide_ws/install/lib/python3/dist-packages/pal_common_msgs/srv/__pycache__
-- Up-to-date: /home/james/TiaGo_TourGuide/TiagoTourGuide_ws/install/lib/python3/dist-packages/pal_common_msgs/srv/__pycache__/__init__.cpython-38.pyc
-- Up-to-date: /home/james/TiaGo_TourGuide/TiagoTourGuide_ws/install/lib/python3/dist-packages/pal_common_msgs/srv/__pycache__/_SetString.cpython-38.pyc
-- Up-to-date: /home/james/TiaGo_TourGuide/TiagoTourGuide_ws/install/lib/python3/dist-packages/pal_common_msgs/srv/__pycache__/_GetString.cpython-38.pyc
-- Up-to-date: /home/james/TiaGo_TourGuide/TiagoTourGuide_ws/install/lib/python3/dist-packages/pal_common_msgs/srv/__init__.py
-- Up-to-date: /home/james/TiaGo_TourGuide/TiagoTourGuide_ws/install/lib/python3/dist-packages/pal_common_msgs/srv/_GetString.py
-- Up-to-date: /home/james/TiaGo_TourGuide/TiagoTourGuide_ws/install/lib/python3/dist-packages/pal_common_msgs/srv/_SetString.py
-- Up-to-date: /home/james/TiaGo_TourGuide/TiagoTourGuide_ws/install/lib/pkgconfig/pal_common_msgs.pc
-- Up-to-date: /home/james/TiaGo_TourGuide/TiagoTourGuide_ws/install/share/pal_common_msgs/cmake/pal_common_msgs-msg-extras.cmake
-- Up-to-date: /home/james/TiaGo_TourGuide/TiagoTourGuide_ws/install/share/pal_common_msgs/cmake/pal_common_msgsConfig.cmake
-- Up-to-date: /home/james/TiaGo_TourGuide/TiagoTourGuide_ws/install/share/pal_common_msgs/cmake/pal_common_msgsConfig-version.cmake
-- Up-to-date: /home/james/TiaGo_TourGuide/TiagoTourGuide_ws/install/share/pal_common_msgs/package.xml
