Symlinking /home/james/TiaGo_TourGuide/TiagoTourGuide_ws/devel/share/roseus/ros/pal_common_msgs/manifest.l
Symlinking /home/james/TiaGo_TourGuide/TiagoTourGuide_ws/devel/share/roseus/ros/pal_common_msgs/msg/DisableAction.l
Symlinking /home/james/TiaGo_TourGuide/TiagoTourGuide_ws/devel/share/roseus/ros/pal_common_msgs/msg/DisableResult.l
Symlinking /home/james/TiaGo_TourGuide/TiagoTourGuide_ws/devel/share/roseus/ros/pal_common_msgs/msg/DisableGoal.l
Symlinking /home/james/TiaGo_TourGuide/TiagoTourGuide_ws/devel/share/roseus/ros/pal_common_msgs/msg/EmptyActionGoal.l
Symlinking /home/james/TiaGo_TourGuide/TiagoTourGuide_ws/devel/share/roseus/ros/pal_common_msgs/msg/EmptyResult.l
Symlinking /home/james/TiaGo_TourGuide/TiagoTourGuide_ws/devel/share/roseus/ros/pal_common_msgs/msg/JointCurrent.l
Symlinking /home/james/TiaGo_TourGuide/TiagoTourGuide_ws/devel/share/roseus/ros/pal_common_msgs/msg/EmptyActionFeedback.l
Symlinking /home/james/TiaGo_TourGuide/TiagoTourGuide_ws/devel/share/roseus/ros/pal_common_msgs/msg/EmptyAction.l
Symlinking /home/james/TiaGo_TourGuide/TiagoTourGuide_ws/devel/share/roseus/ros/pal_common_msgs/msg/EmptyActionResult.l
Symlinking /home/james/TiaGo_TourGuide/TiagoTourGuide_ws/devel/share/roseus/ros/pal_common_msgs/msg/EmptyGoal.l
Symlinking /home/james/TiaGo_TourGuide/TiagoTourGuide_ws/devel/share/roseus/ros/pal_common_msgs/msg/EmptyFeedback.l
Symlinking /home/james/TiaGo_TourGuide/TiagoTourGuide_ws/devel/share/roseus/ros/pal_common_msgs/msg/DisableActionFeedback.l
Symlinking /home/james/TiaGo_TourGuide/TiagoTourGuide_ws/devel/share/roseus/ros/pal_common_msgs/msg/DisableActionGoal.l
Symlinking /home/james/TiaGo_TourGuide/TiagoTourGuide_ws/devel/share/roseus/ros/pal_common_msgs/msg/DisableActionResult.l
Symlinking /home/james/TiaGo_TourGuide/TiagoTourGuide_ws/devel/share/roseus/ros/pal_common_msgs/msg/DisableFeedback.l
Symlinking /home/james/TiaGo_TourGuide/TiagoTourGuide_ws/devel/share/roseus/ros/pal_common_msgs/srv/SetString.l
Symlinking /home/james/TiaGo_TourGuide/TiagoTourGuide_ws/devel/share/roseus/ros/pal_common_msgs/srv/GetString.l
Symlinking /home/james/TiaGo_TourGuide/TiagoTourGuide_ws/devel/share/common-lisp/ros/pal_common_msgs/msg/DisableFeedback.lisp
Symlinking /home/james/TiaGo_TourGuide/TiagoTourGuide_ws/devel/share/common-lisp/ros/pal_common_msgs/msg/DisableActionGoal.lisp
Symlinking /home/james/TiaGo_TourGuide/TiagoTourGuide_ws/devel/share/common-lisp/ros/pal_common_msgs/msg/DisableAction.lisp
Symlinking /home/james/TiaGo_TourGuide/TiagoTourGuide_ws/devel/share/common-lisp/ros/pal_common_msgs/msg/_package_DisableActionGoal.lisp
Symlinking /home/james/TiaGo_TourGuide/TiagoTourGuide_ws/devel/share/common-lisp/ros/pal_common_msgs/msg/EmptyActionFeedback.lisp
Symlinking /home/james/TiaGo_TourGuide/TiagoTourGuide_ws/devel/share/common-lisp/ros/pal_common_msgs/msg/_package.lisp
Symlinking /home/james/TiaGo_TourGuide/TiagoTourGuide_ws/devel/share/common-lisp/ros/pal_common_msgs/msg/EmptyGoal.lisp
Symlinking /home/james/TiaGo_TourGuide/TiagoTourGuide_ws/devel/share/common-lisp/ros/pal_common_msgs/msg/_package_EmptyActionGoal.lisp
Symlinking /home/james/TiaGo_TourGuide/TiagoTourGuide_ws/devel/share/common-lisp/ros/pal_common_msgs/msg/DisableGoal.lisp
Symlinking /home/james/TiaGo_TourGuide/TiagoTourGuide_ws/devel/share/common-lisp/ros/pal_common_msgs/msg/_package_EmptyActionResult.lisp
Symlinking /home/james/TiaGo_TourGuide/TiagoTourGuide_ws/devel/share/common-lisp/ros/pal_common_msgs/msg/EmptyActionResult.lisp
Symlinking /home/james/TiaGo_TourGuide/TiagoTourGuide_ws/devel/share/common-lisp/ros/pal_common_msgs/msg/EmptyResult.lisp
Symlinking /home/james/TiaGo_TourGuide/TiagoTourGuide_ws/devel/share/common-lisp/ros/pal_common_msgs/msg/_package_JointCurrent.lisp
Symlinking /home/james/TiaGo_TourGuide/TiagoTourGuide_ws/devel/share/common-lisp/ros/pal_common_msgs/msg/_package_EmptyFeedback.lisp
Symlinking /home/james/TiaGo_TourGuide/TiagoTourGuide_ws/devel/share/common-lisp/ros/pal_common_msgs/msg/pal_common_msgs-msg.asd
Symlinking /home/james/TiaGo_TourGuide/TiagoTourGuide_ws/devel/share/common-lisp/ros/pal_common_msgs/msg/_package_EmptyAction.lisp
Symlinking /home/james/TiaGo_TourGuide/TiagoTourGuide_ws/devel/share/common-lisp/ros/pal_common_msgs/msg/_package_DisableAction.lisp
Symlinking /home/james/TiaGo_TourGuide/TiagoTourGuide_ws/devel/share/common-lisp/ros/pal_common_msgs/msg/EmptyFeedback.lisp
Symlinking /home/james/TiaGo_TourGuide/TiagoTourGuide_ws/devel/share/common-lisp/ros/pal_common_msgs/msg/_package_DisableActionResult.lisp
Symlinking /home/james/TiaGo_TourGuide/TiagoTourGuide_ws/devel/share/common-lisp/ros/pal_common_msgs/msg/_package_DisableResult.lisp
Symlinking /home/james/TiaGo_TourGuide/TiagoTourGuide_ws/devel/share/common-lisp/ros/pal_common_msgs/msg/_package_EmptyResult.lisp
Symlinking /home/james/TiaGo_TourGuide/TiagoTourGuide_ws/devel/share/common-lisp/ros/pal_common_msgs/msg/_package_DisableGoal.lisp
Symlinking /home/james/TiaGo_TourGuide/TiagoTourGuide_ws/devel/share/common-lisp/ros/pal_common_msgs/msg/DisableActionFeedback.lisp
Symlinking /home/james/TiaGo_TourGuide/TiagoTourGuide_ws/devel/share/common-lisp/ros/pal_common_msgs/msg/EmptyAction.lisp
Symlinking /home/james/TiaGo_TourGuide/TiagoTourGuide_ws/devel/share/common-lisp/ros/pal_common_msgs/msg/_package_DisableActionFeedback.lisp
Symlinking /home/james/TiaGo_TourGuide/TiagoTourGuide_ws/devel/share/common-lisp/ros/pal_common_msgs/msg/JointCurrent.lisp
Symlinking /home/james/TiaGo_TourGuide/TiagoTourGuide_ws/devel/share/common-lisp/ros/pal_common_msgs/msg/DisableResult.lisp
Symlinking /home/james/TiaGo_TourGuide/TiagoTourGuide_ws/devel/share/common-lisp/ros/pal_common_msgs/msg/EmptyActionGoal.lisp
Symlinking /home/james/TiaGo_TourGuide/TiagoTourGuide_ws/devel/share/common-lisp/ros/pal_common_msgs/msg/_package_DisableFeedback.lisp
Symlinking /home/james/TiaGo_TourGuide/TiagoTourGuide_ws/devel/share/common-lisp/ros/pal_common_msgs/msg/_package_EmptyActionFeedback.lisp
Symlinking /home/james/TiaGo_TourGuide/TiagoTourGuide_ws/devel/share/common-lisp/ros/pal_common_msgs/msg/_package_EmptyGoal.lisp
Symlinking /home/james/TiaGo_TourGuide/TiagoTourGuide_ws/devel/share/common-lisp/ros/pal_common_msgs/msg/DisableActionResult.lisp
Symlinking /home/james/TiaGo_TourGuide/TiagoTourGuide_ws/devel/share/common-lisp/ros/pal_common_msgs/srv/SetString.lisp
Symlinking /home/james/TiaGo_TourGuide/TiagoTourGuide_ws/devel/share/common-lisp/ros/pal_common_msgs/srv/_package.lisp
Symlinking /home/james/TiaGo_TourGuide/TiagoTourGuide_ws/devel/share/common-lisp/ros/pal_common_msgs/srv/_package_GetString.lisp
Symlinking /home/james/TiaGo_TourGuide/TiagoTourGuide_ws/devel/share/common-lisp/ros/pal_common_msgs/srv/GetString.lisp
Symlinking /home/james/TiaGo_TourGuide/TiagoTourGuide_ws/devel/share/common-lisp/ros/pal_common_msgs/srv/pal_common_msgs-srv.asd
Symlinking /home/james/TiaGo_TourGuide/TiagoTourGuide_ws/devel/share/common-lisp/ros/pal_common_msgs/srv/_package_SetString.lisp
Symlinking /home/james/TiaGo_TourGuide/TiagoTourGuide_ws/devel/share/gennodejs/ros/pal_common_msgs/_index.js
Symlinking /home/james/TiaGo_TourGuide/TiagoTourGuide_ws/devel/share/gennodejs/ros/pal_common_msgs/msg/JointCurrent.js
Symlinking /home/james/TiaGo_TourGuide/TiagoTourGuide_ws/devel/share/gennodejs/ros/pal_common_msgs/msg/EmptyResult.js
Symlinking /home/james/TiaGo_TourGuide/TiagoTourGuide_ws/devel/share/gennodejs/ros/pal_common_msgs/msg/EmptyAction.js
Symlinking /home/james/TiaGo_TourGuide/TiagoTourGuide_ws/devel/share/gennodejs/ros/pal_common_msgs/msg/EmptyActionFeedback.js
Symlinking /home/james/TiaGo_TourGuide/TiagoTourGuide_ws/devel/share/gennodejs/ros/pal_common_msgs/msg/DisableActionFeedback.js
Symlinking /home/james/TiaGo_TourGuide/TiagoTourGuide_ws/devel/share/gennodejs/ros/pal_common_msgs/msg/DisableResult.js
Symlinking /home/james/TiaGo_TourGuide/TiagoTourGuide_ws/devel/share/gennodejs/ros/pal_common_msgs/msg/DisableAction.js
Symlinking /home/james/TiaGo_TourGuide/TiagoTourGuide_ws/devel/share/gennodejs/ros/pal_common_msgs/msg/EmptyGoal.js
Symlinking /home/james/TiaGo_TourGuide/TiagoTourGuide_ws/devel/share/gennodejs/ros/pal_common_msgs/msg/DisableActionGoal.js
Symlinking /home/james/TiaGo_TourGuide/TiagoTourGuide_ws/devel/share/gennodejs/ros/pal_common_msgs/msg/DisableActionResult.js
Symlinking /home/james/TiaGo_TourGuide/TiagoTourGuide_ws/devel/share/gennodejs/ros/pal_common_msgs/msg/_index.js
Symlinking /home/james/TiaGo_TourGuide/TiagoTourGuide_ws/devel/share/gennodejs/ros/pal_common_msgs/msg/EmptyFeedback.js
Symlinking /home/james/TiaGo_TourGuide/TiagoTourGuide_ws/devel/share/gennodejs/ros/pal_common_msgs/msg/EmptyActionGoal.js
Symlinking /home/james/TiaGo_TourGuide/TiagoTourGuide_ws/devel/share/gennodejs/ros/pal_common_msgs/msg/EmptyActionResult.js
Symlinking /home/james/TiaGo_TourGuide/TiagoTourGuide_ws/devel/share/gennodejs/ros/pal_common_msgs/msg/DisableFeedback.js
Symlinking /home/james/TiaGo_TourGuide/TiagoTourGuide_ws/devel/share/gennodejs/ros/pal_common_msgs/msg/DisableGoal.js
Symlinking /home/james/TiaGo_TourGuide/TiagoTourGuide_ws/devel/share/gennodejs/ros/pal_common_msgs/srv/GetString.js
Symlinking /home/james/TiaGo_TourGuide/TiagoTourGuide_ws/devel/share/gennodejs/ros/pal_common_msgs/srv/_index.js
Symlinking /home/james/TiaGo_TourGuide/TiagoTourGuide_ws/devel/share/gennodejs/ros/pal_common_msgs/srv/SetString.js
Symlinking /home/james/TiaGo_TourGuide/TiagoTourGuide_ws/devel/share/pal_common_msgs/cmake/pal_common_msgs-msg-extras.cmake
Symlinking /home/james/TiaGo_TourGuide/TiagoTourGuide_ws/devel/share/pal_common_msgs/cmake/pal_common_msgsConfig.cmake
Symlinking /home/james/TiaGo_TourGuide/TiagoTourGuide_ws/devel/share/pal_common_msgs/cmake/pal_common_msgs-msg-paths.cmake
Symlinking /home/james/TiaGo_TourGuide/TiagoTourGuide_ws/devel/share/pal_common_msgs/cmake/pal_common_msgsConfig-version.cmake
Symlinking /home/james/TiaGo_TourGuide/TiagoTourGuide_ws/devel/share/pal_common_msgs/msg/DisableActionResult.msg
Symlinking /home/james/TiaGo_TourGuide/TiagoTourGuide_ws/devel/share/pal_common_msgs/msg/EmptyFeedback.msg
Symlinking /home/james/TiaGo_TourGuide/TiagoTourGuide_ws/devel/share/pal_common_msgs/msg/EmptyResult.msg
Symlinking /home/james/TiaGo_TourGuide/TiagoTourGuide_ws/devel/share/pal_common_msgs/msg/DisableGoal.msg
Symlinking /home/james/TiaGo_TourGuide/TiagoTourGuide_ws/devel/share/pal_common_msgs/msg/DisableActionGoal.msg
Symlinking /home/james/TiaGo_TourGuide/TiagoTourGuide_ws/devel/share/pal_common_msgs/msg/DisableAction.msg
Symlinking /home/james/TiaGo_TourGuide/TiagoTourGuide_ws/devel/share/pal_common_msgs/msg/DisableResult.msg
Symlinking /home/james/TiaGo_TourGuide/TiagoTourGuide_ws/devel/share/pal_common_msgs/msg/EmptyGoal.msg
Symlinking /home/james/TiaGo_TourGuide/TiagoTourGuide_ws/devel/share/pal_common_msgs/msg/EmptyAction.msg
Symlinking /home/james/TiaGo_TourGuide/TiagoTourGuide_ws/devel/share/pal_common_msgs/msg/EmptyActionGoal.msg
Symlinking /home/james/TiaGo_TourGuide/TiagoTourGuide_ws/devel/share/pal_common_msgs/msg/DisableFeedback.msg
Symlinking /home/james/TiaGo_TourGuide/TiagoTourGuide_ws/devel/share/pal_common_msgs/msg/EmptyActionResult.msg
Symlinking /home/james/TiaGo_TourGuide/TiagoTourGuide_ws/devel/share/pal_common_msgs/msg/EmptyActionFeedback.msg
Symlinking /home/james/TiaGo_TourGuide/TiagoTourGuide_ws/devel/share/pal_common_msgs/msg/DisableActionFeedback.msg
Symlinking /home/james/TiaGo_TourGuide/TiagoTourGuide_ws/devel/lib/pkgconfig/pal_common_msgs.pc
Symlinking /home/james/TiaGo_TourGuide/TiagoTourGuide_ws/devel/lib/python3/dist-packages/pal_common_msgs/__init__.py
Symlinking /home/james/TiaGo_TourGuide/TiagoTourGuide_ws/devel/lib/python3/dist-packages/pal_common_msgs/msg/_DisableFeedback.py
Symlinking /home/james/TiaGo_TourGuide/TiagoTourGuide_ws/devel/lib/python3/dist-packages/pal_common_msgs/msg/_EmptyGoal.py
Symlinking /home/james/TiaGo_TourGuide/TiagoTourGuide_ws/devel/lib/python3/dist-packages/pal_common_msgs/msg/_EmptyActionGoal.py
Symlinking /home/james/TiaGo_TourGuide/TiagoTourGuide_ws/devel/lib/python3/dist-packages/pal_common_msgs/msg/_DisableResult.py
Symlinking /home/james/TiaGo_TourGuide/TiagoTourGuide_ws/devel/lib/python3/dist-packages/pal_common_msgs/msg/_DisableAction.py
Symlinking /home/james/TiaGo_TourGuide/TiagoTourGuide_ws/devel/lib/python3/dist-packages/pal_common_msgs/msg/_EmptyActionResult.py
Symlinking /home/james/TiaGo_TourGuide/TiagoTourGuide_ws/devel/lib/python3/dist-packages/pal_common_msgs/msg/_EmptyResult.py
Symlinking /home/james/TiaGo_TourGuide/TiagoTourGuide_ws/devel/lib/python3/dist-packages/pal_common_msgs/msg/_EmptyFeedback.py
Symlinking /home/james/TiaGo_TourGuide/TiagoTourGuide_ws/devel/lib/python3/dist-packages/pal_common_msgs/msg/_DisableActionGoal.py
Symlinking /home/james/TiaGo_TourGuide/TiagoTourGuide_ws/devel/lib/python3/dist-packages/pal_common_msgs/msg/_DisableActionFeedback.py
Symlinking /home/james/TiaGo_TourGuide/TiagoTourGuide_ws/devel/lib/python3/dist-packages/pal_common_msgs/msg/_JointCurrent.py
Symlinking /home/james/TiaGo_TourGuide/TiagoTourGuide_ws/devel/lib/python3/dist-packages/pal_common_msgs/msg/_DisableActionResult.py
Symlinking /home/james/TiaGo_TourGuide/TiagoTourGuide_ws/devel/lib/python3/dist-packages/pal_common_msgs/msg/__init__.py
Symlinking /home/james/TiaGo_TourGuide/TiagoTourGuide_ws/devel/lib/python3/dist-packages/pal_common_msgs/msg/_EmptyAction.py
Symlinking /home/james/TiaGo_TourGuide/TiagoTourGuide_ws/devel/lib/python3/dist-packages/pal_common_msgs/msg/_DisableGoal.py
Symlinking /home/james/TiaGo_TourGuide/TiagoTourGuide_ws/devel/lib/python3/dist-packages/pal_common_msgs/msg/_EmptyActionFeedback.py
Symlinking /home/james/TiaGo_TourGuide/TiagoTourGuide_ws/devel/lib/python3/dist-packages/pal_common_msgs/srv/__init__.py
Symlinking /home/james/TiaGo_TourGuide/TiagoTourGuide_ws/devel/lib/python3/dist-packages/pal_common_msgs/srv/_GetString.py
Symlinking /home/james/TiaGo_TourGuide/TiagoTourGuide_ws/devel/lib/python3/dist-packages/pal_common_msgs/srv/_SetString.py
Symlinking /home/james/TiaGo_TourGuide/TiagoTourGuide_ws/devel/include/pal_common_msgs/DisableFeedback.h
Symlinking /home/james/TiaGo_TourGuide/TiagoTourGuide_ws/devel/include/pal_common_msgs/SetStringResponse.h
Symlinking /home/james/TiaGo_TourGuide/TiagoTourGuide_ws/devel/include/pal_common_msgs/EmptyActionFeedback.h
Symlinking /home/james/TiaGo_TourGuide/TiagoTourGuide_ws/devel/include/pal_common_msgs/SetString.h
Symlinking /home/james/TiaGo_TourGuide/TiagoTourGuide_ws/devel/include/pal_common_msgs/EmptyGoal.h
Symlinking /home/james/TiaGo_TourGuide/TiagoTourGuide_ws/devel/include/pal_common_msgs/DisableActionResult.h
Symlinking /home/james/TiaGo_TourGuide/TiagoTourGuide_ws/devel/include/pal_common_msgs/GetStringResponse.h
Symlinking /home/james/TiaGo_TourGuide/TiagoTourGuide_ws/devel/include/pal_common_msgs/EmptyAction.h
Symlinking /home/james/TiaGo_TourGuide/TiagoTourGuide_ws/devel/include/pal_common_msgs/DisableActionFeedback.h
Symlinking /home/james/TiaGo_TourGuide/TiagoTourGuide_ws/devel/include/pal_common_msgs/DisableResult.h
Symlinking /home/james/TiaGo_TourGuide/TiagoTourGuide_ws/devel/include/pal_common_msgs/EmptyFeedback.h
Symlinking /home/james/TiaGo_TourGuide/TiagoTourGuide_ws/devel/include/pal_common_msgs/SetStringRequest.h
Symlinking /home/james/TiaGo_TourGuide/TiagoTourGuide_ws/devel/include/pal_common_msgs/GetStringRequest.h
Symlinking /home/james/TiaGo_TourGuide/TiagoTourGuide_ws/devel/include/pal_common_msgs/DisableActionGoal.h
Symlinking /home/james/TiaGo_TourGuide/TiagoTourGuide_ws/devel/include/pal_common_msgs/GetString.h
Symlinking /home/james/TiaGo_TourGuide/TiagoTourGuide_ws/devel/include/pal_common_msgs/EmptyActionResult.h
Symlinking /home/james/TiaGo_TourGuide/TiagoTourGuide_ws/devel/include/pal_common_msgs/JointCurrent.h
Symlinking /home/james/TiaGo_TourGuide/TiagoTourGuide_ws/devel/include/pal_common_msgs/DisableGoal.h
Symlinking /home/james/TiaGo_TourGuide/TiagoTourGuide_ws/devel/include/pal_common_msgs/EmptyResult.h
Symlinking /home/james/TiaGo_TourGuide/TiagoTourGuide_ws/devel/include/pal_common_msgs/DisableAction.h
Symlinking /home/james/TiaGo_TourGuide/TiagoTourGuide_ws/devel/include/pal_common_msgs/EmptyActionGoal.h
