Symlinking /home/james/TiaGo_TourGuide/TiagoTourGuide_ws/devel/share/roseus/ros/pal_vision_msgs/manifest.l
Symlinking /home/james/TiaGo_TourGuide/TiagoTourGuide_ws/devel/share/roseus/ros/pal_vision_msgs/msg/HeadPanTilt.l
Symlinking /home/james/TiaGo_TourGuide/TiagoTourGuide_ws/devel/share/roseus/ros/pal_vision_msgs/msg/FaceRecognitionGoal.l
Symlinking /home/james/TiaGo_TourGuide/TiagoTourGuide_ws/devel/share/roseus/ros/pal_vision_msgs/msg/FaceRecognitionActionFeedback.l
Symlinking /home/james/TiaGo_TourGuide/TiagoTourGuide_ws/devel/share/roseus/ros/pal_vision_msgs/msg/FaceRecognitionFeedback.l
Symlinking /home/james/TiaGo_TourGuide/TiagoTourGuide_ws/devel/share/roseus/ros/pal_vision_msgs/msg/LegDetections.l
Symlinking /home/james/TiaGo_TourGuide/TiagoTourGuide_ws/devel/share/roseus/ros/pal_vision_msgs/msg/FaceRecognitionActionResult.l
Symlinking /home/james/TiaGo_TourGuide/TiagoTourGuide_ws/devel/share/roseus/ros/pal_vision_msgs/msg/DetectedPerson.l
Symlinking /home/james/TiaGo_TourGuide/TiagoTourGuide_ws/devel/share/roseus/ros/pal_vision_msgs/msg/DetectedObject.l
Symlinking /home/james/TiaGo_TourGuide/TiagoTourGuide_ws/devel/share/roseus/ros/pal_vision_msgs/msg/FaceRecognitionResult.l
Symlinking /home/james/TiaGo_TourGuide/TiagoTourGuide_ws/devel/share/roseus/ros/pal_vision_msgs/msg/FaceRecognitionAction.l
Symlinking /home/james/TiaGo_TourGuide/TiagoTourGuide_ws/devel/share/roseus/ros/pal_vision_msgs/msg/FaceDetections.l
Symlinking /home/james/TiaGo_TourGuide/TiagoTourGuide_ws/devel/share/roseus/ros/pal_vision_msgs/msg/FaceRecognitionActionGoal.l
Symlinking /home/james/TiaGo_TourGuide/TiagoTourGuide_ws/devel/share/roseus/ros/pal_vision_msgs/msg/FaceDetection.l
Symlinking /home/james/TiaGo_TourGuide/TiagoTourGuide_ws/devel/share/roseus/ros/pal_vision_msgs/msg/FollowMeResponse.l
Symlinking /home/james/TiaGo_TourGuide/TiagoTourGuide_ws/devel/share/roseus/ros/pal_vision_msgs/msg/Gesture.l
Symlinking /home/james/TiaGo_TourGuide/TiagoTourGuide_ws/devel/share/roseus/ros/pal_vision_msgs/msg/Rectangle.l
Symlinking /home/james/TiaGo_TourGuide/TiagoTourGuide_ws/devel/share/roseus/ros/pal_vision_msgs/msg/HogDetection.l
Symlinking /home/james/TiaGo_TourGuide/TiagoTourGuide_ws/devel/share/roseus/ros/pal_vision_msgs/msg/HogDetections.l
Symlinking /home/james/TiaGo_TourGuide/TiagoTourGuide_ws/devel/share/roseus/ros/pal_vision_msgs/srv/FollowMeStart.l
Symlinking /home/james/TiaGo_TourGuide/TiagoTourGuide_ws/devel/share/roseus/ros/pal_vision_msgs/srv/FaceTrackingStart.l
Symlinking /home/james/TiaGo_TourGuide/TiagoTourGuide_ws/devel/share/roseus/ros/pal_vision_msgs/srv/LookToPixel.l
Symlinking /home/james/TiaGo_TourGuide/TiagoTourGuide_ws/devel/share/roseus/ros/pal_vision_msgs/srv/FaceTrackingStop.l
Symlinking /home/james/TiaGo_TourGuide/TiagoTourGuide_ws/devel/share/roseus/ros/pal_vision_msgs/srv/FollowMeStop.l
Symlinking /home/james/TiaGo_TourGuide/TiagoTourGuide_ws/devel/share/common-lisp/ros/pal_vision_msgs/msg/_package_FaceDetections.lisp
Symlinking /home/james/TiaGo_TourGuide/TiagoTourGuide_ws/devel/share/common-lisp/ros/pal_vision_msgs/msg/FaceRecognitionActionFeedback.lisp
Symlinking /home/james/TiaGo_TourGuide/TiagoTourGuide_ws/devel/share/common-lisp/ros/pal_vision_msgs/msg/Gesture.lisp
Symlinking /home/james/TiaGo_TourGuide/TiagoTourGuide_ws/devel/share/common-lisp/ros/pal_vision_msgs/msg/FaceDetection.lisp
Symlinking /home/james/TiaGo_TourGuide/TiagoTourGuide_ws/devel/share/common-lisp/ros/pal_vision_msgs/msg/_package.lisp
Symlinking /home/james/TiaGo_TourGuide/TiagoTourGuide_ws/devel/share/common-lisp/ros/pal_vision_msgs/msg/DetectedObject.lisp
Symlinking /home/james/TiaGo_TourGuide/TiagoTourGuide_ws/devel/share/common-lisp/ros/pal_vision_msgs/msg/_package_DetectedPerson.lisp
Symlinking /home/james/TiaGo_TourGuide/TiagoTourGuide_ws/devel/share/common-lisp/ros/pal_vision_msgs/msg/FaceDetections.lisp
Symlinking /home/james/TiaGo_TourGuide/TiagoTourGuide_ws/devel/share/common-lisp/ros/pal_vision_msgs/msg/_package_HogDetections.lisp
Symlinking /home/james/TiaGo_TourGuide/TiagoTourGuide_ws/devel/share/common-lisp/ros/pal_vision_msgs/msg/_package_FaceRecognitionActionGoal.lisp
Symlinking /home/james/TiaGo_TourGuide/TiagoTourGuide_ws/devel/share/common-lisp/ros/pal_vision_msgs/msg/_package_FaceDetection.lisp
Symlinking /home/james/TiaGo_TourGuide/TiagoTourGuide_ws/devel/share/common-lisp/ros/pal_vision_msgs/msg/FaceRecognitionActionGoal.lisp
Symlinking /home/james/TiaGo_TourGuide/TiagoTourGuide_ws/devel/share/common-lisp/ros/pal_vision_msgs/msg/_package_FaceRecognitionActionFeedback.lisp
Symlinking /home/james/TiaGo_TourGuide/TiagoTourGuide_ws/devel/share/common-lisp/ros/pal_vision_msgs/msg/_package_FaceRecognitionAction.lisp
Symlinking /home/james/TiaGo_TourGuide/TiagoTourGuide_ws/devel/share/common-lisp/ros/pal_vision_msgs/msg/_package_FaceRecognitionFeedback.lisp
Symlinking /home/james/TiaGo_TourGuide/TiagoTourGuide_ws/devel/share/common-lisp/ros/pal_vision_msgs/msg/_package_FaceRecognitionResult.lisp
Symlinking /home/james/TiaGo_TourGuide/TiagoTourGuide_ws/devel/share/common-lisp/ros/pal_vision_msgs/msg/_package_HogDetection.lisp
Symlinking /home/james/TiaGo_TourGuide/TiagoTourGuide_ws/devel/share/common-lisp/ros/pal_vision_msgs/msg/_package_FaceRecognitionGoal.lisp
Symlinking /home/james/TiaGo_TourGuide/TiagoTourGuide_ws/devel/share/common-lisp/ros/pal_vision_msgs/msg/HogDetection.lisp
Symlinking /home/james/TiaGo_TourGuide/TiagoTourGuide_ws/devel/share/common-lisp/ros/pal_vision_msgs/msg/_package_FollowMeResponse.lisp
Symlinking /home/james/TiaGo_TourGuide/TiagoTourGuide_ws/devel/share/common-lisp/ros/pal_vision_msgs/msg/_package_Gesture.lisp
Symlinking /home/james/TiaGo_TourGuide/TiagoTourGuide_ws/devel/share/common-lisp/ros/pal_vision_msgs/msg/_package_HeadPanTilt.lisp
Symlinking /home/james/TiaGo_TourGuide/TiagoTourGuide_ws/devel/share/common-lisp/ros/pal_vision_msgs/msg/FaceRecognitionFeedback.lisp
Symlinking /home/james/TiaGo_TourGuide/TiagoTourGuide_ws/devel/share/common-lisp/ros/pal_vision_msgs/msg/FaceRecognitionActionResult.lisp
Symlinking /home/james/TiaGo_TourGuide/TiagoTourGuide_ws/devel/share/common-lisp/ros/pal_vision_msgs/msg/pal_vision_msgs-msg.asd
Symlinking /home/james/TiaGo_TourGuide/TiagoTourGuide_ws/devel/share/common-lisp/ros/pal_vision_msgs/msg/_package_Rectangle.lisp
Symlinking /home/james/TiaGo_TourGuide/TiagoTourGuide_ws/devel/share/common-lisp/ros/pal_vision_msgs/msg/HogDetections.lisp
Symlinking /home/james/TiaGo_TourGuide/TiagoTourGuide_ws/devel/share/common-lisp/ros/pal_vision_msgs/msg/FaceRecognitionResult.lisp
Symlinking /home/james/TiaGo_TourGuide/TiagoTourGuide_ws/devel/share/common-lisp/ros/pal_vision_msgs/msg/LegDetections.lisp
Symlinking /home/james/TiaGo_TourGuide/TiagoTourGuide_ws/devel/share/common-lisp/ros/pal_vision_msgs/msg/_package_LegDetections.lisp
Symlinking /home/james/TiaGo_TourGuide/TiagoTourGuide_ws/devel/share/common-lisp/ros/pal_vision_msgs/msg/_package_FaceRecognitionActionResult.lisp
Symlinking /home/james/TiaGo_TourGuide/TiagoTourGuide_ws/devel/share/common-lisp/ros/pal_vision_msgs/msg/FollowMeResponse.lisp
Symlinking /home/james/TiaGo_TourGuide/TiagoTourGuide_ws/devel/share/common-lisp/ros/pal_vision_msgs/msg/Rectangle.lisp
Symlinking /home/james/TiaGo_TourGuide/TiagoTourGuide_ws/devel/share/common-lisp/ros/pal_vision_msgs/msg/DetectedPerson.lisp
Symlinking /home/james/TiaGo_TourGuide/TiagoTourGuide_ws/devel/share/common-lisp/ros/pal_vision_msgs/msg/FaceRecognitionAction.lisp
Symlinking /home/james/TiaGo_TourGuide/TiagoTourGuide_ws/devel/share/common-lisp/ros/pal_vision_msgs/msg/HeadPanTilt.lisp
Symlinking /home/james/TiaGo_TourGuide/TiagoTourGuide_ws/devel/share/common-lisp/ros/pal_vision_msgs/msg/FaceRecognitionGoal.lisp
Symlinking /home/james/TiaGo_TourGuide/TiagoTourGuide_ws/devel/share/common-lisp/ros/pal_vision_msgs/msg/_package_DetectedObject.lisp
Symlinking /home/james/TiaGo_TourGuide/TiagoTourGuide_ws/devel/share/common-lisp/ros/pal_vision_msgs/srv/FollowMeStart.lisp
Symlinking /home/james/TiaGo_TourGuide/TiagoTourGuide_ws/devel/share/common-lisp/ros/pal_vision_msgs/srv/FaceTrackingStart.lisp
Symlinking /home/james/TiaGo_TourGuide/TiagoTourGuide_ws/devel/share/common-lisp/ros/pal_vision_msgs/srv/_package.lisp
Symlinking /home/james/TiaGo_TourGuide/TiagoTourGuide_ws/devel/share/common-lisp/ros/pal_vision_msgs/srv/_package_FaceTrackingStop.lisp
Symlinking /home/james/TiaGo_TourGuide/TiagoTourGuide_ws/devel/share/common-lisp/ros/pal_vision_msgs/srv/FaceTrackingStop.lisp
Symlinking /home/james/TiaGo_TourGuide/TiagoTourGuide_ws/devel/share/common-lisp/ros/pal_vision_msgs/srv/pal_vision_msgs-srv.asd
Symlinking /home/james/TiaGo_TourGuide/TiagoTourGuide_ws/devel/share/common-lisp/ros/pal_vision_msgs/srv/FollowMeStop.lisp
Symlinking /home/james/TiaGo_TourGuide/TiagoTourGuide_ws/devel/share/common-lisp/ros/pal_vision_msgs/srv/_package_FaceTrackingStart.lisp
Symlinking /home/james/TiaGo_TourGuide/TiagoTourGuide_ws/devel/share/common-lisp/ros/pal_vision_msgs/srv/_package_LookToPixel.lisp
Symlinking /home/james/TiaGo_TourGuide/TiagoTourGuide_ws/devel/share/common-lisp/ros/pal_vision_msgs/srv/_package_FollowMeStart.lisp
Symlinking /home/james/TiaGo_TourGuide/TiagoTourGuide_ws/devel/share/common-lisp/ros/pal_vision_msgs/srv/LookToPixel.lisp
Symlinking /home/james/TiaGo_TourGuide/TiagoTourGuide_ws/devel/share/common-lisp/ros/pal_vision_msgs/srv/_package_FollowMeStop.lisp
Symlinking /home/james/TiaGo_TourGuide/TiagoTourGuide_ws/devel/share/pal_vision_msgs/cmake/pal_vision_msgs-msg-paths.cmake
Symlinking /home/james/TiaGo_TourGuide/TiagoTourGuide_ws/devel/share/pal_vision_msgs/cmake/pal_vision_msgs-msg-extras.cmake
Symlinking /home/james/TiaGo_TourGuide/TiagoTourGuide_ws/devel/share/pal_vision_msgs/cmake/pal_vision_msgsConfig.cmake
Symlinking /home/james/TiaGo_TourGuide/TiagoTourGuide_ws/devel/share/pal_vision_msgs/cmake/pal_vision_msgsConfig-version.cmake
Symlinking /home/james/TiaGo_TourGuide/TiagoTourGuide_ws/devel/share/pal_vision_msgs/msg/FaceRecognitionGoal.msg
Symlinking /home/james/TiaGo_TourGuide/TiagoTourGuide_ws/devel/share/pal_vision_msgs/msg/FaceRecognitionFeedback.msg
Symlinking /home/james/TiaGo_TourGuide/TiagoTourGuide_ws/devel/share/pal_vision_msgs/msg/FaceRecognitionResult.msg
Symlinking /home/james/TiaGo_TourGuide/TiagoTourGuide_ws/devel/share/pal_vision_msgs/msg/FaceRecognitionAction.msg
Symlinking /home/james/TiaGo_TourGuide/TiagoTourGuide_ws/devel/share/pal_vision_msgs/msg/FaceRecognitionActionFeedback.msg
Symlinking /home/james/TiaGo_TourGuide/TiagoTourGuide_ws/devel/share/pal_vision_msgs/msg/FaceRecognitionActionResult.msg
Symlinking /home/james/TiaGo_TourGuide/TiagoTourGuide_ws/devel/share/pal_vision_msgs/msg/FaceRecognitionActionGoal.msg
Symlinking /home/james/TiaGo_TourGuide/TiagoTourGuide_ws/devel/share/gennodejs/ros/pal_vision_msgs/_index.js
Symlinking /home/james/TiaGo_TourGuide/TiagoTourGuide_ws/devel/share/gennodejs/ros/pal_vision_msgs/msg/DetectedPerson.js
Symlinking /home/james/TiaGo_TourGuide/TiagoTourGuide_ws/devel/share/gennodejs/ros/pal_vision_msgs/msg/Gesture.js
Symlinking /home/james/TiaGo_TourGuide/TiagoTourGuide_ws/devel/share/gennodejs/ros/pal_vision_msgs/msg/HeadPanTilt.js
Symlinking /home/james/TiaGo_TourGuide/TiagoTourGuide_ws/devel/share/gennodejs/ros/pal_vision_msgs/msg/DetectedObject.js
Symlinking /home/james/TiaGo_TourGuide/TiagoTourGuide_ws/devel/share/gennodejs/ros/pal_vision_msgs/msg/FaceRecognitionResult.js
Symlinking /home/james/TiaGo_TourGuide/TiagoTourGuide_ws/devel/share/gennodejs/ros/pal_vision_msgs/msg/HogDetection.js
Symlinking /home/james/TiaGo_TourGuide/TiagoTourGuide_ws/devel/share/gennodejs/ros/pal_vision_msgs/msg/_index.js
Symlinking /home/james/TiaGo_TourGuide/TiagoTourGuide_ws/devel/share/gennodejs/ros/pal_vision_msgs/msg/LegDetections.js
Symlinking /home/james/TiaGo_TourGuide/TiagoTourGuide_ws/devel/share/gennodejs/ros/pal_vision_msgs/msg/Rectangle.js
Symlinking /home/james/TiaGo_TourGuide/TiagoTourGuide_ws/devel/share/gennodejs/ros/pal_vision_msgs/msg/FaceRecognitionActionFeedback.js
Symlinking /home/james/TiaGo_TourGuide/TiagoTourGuide_ws/devel/share/gennodejs/ros/pal_vision_msgs/msg/HogDetections.js
Symlinking /home/james/TiaGo_TourGuide/TiagoTourGuide_ws/devel/share/gennodejs/ros/pal_vision_msgs/msg/FaceRecognitionAction.js
Symlinking /home/james/TiaGo_TourGuide/TiagoTourGuide_ws/devel/share/gennodejs/ros/pal_vision_msgs/msg/FaceRecognitionGoal.js
Symlinking /home/james/TiaGo_TourGuide/TiagoTourGuide_ws/devel/share/gennodejs/ros/pal_vision_msgs/msg/FaceRecognitionFeedback.js
Symlinking /home/james/TiaGo_TourGuide/TiagoTourGuide_ws/devel/share/gennodejs/ros/pal_vision_msgs/msg/FollowMeResponse.js
Symlinking /home/james/TiaGo_TourGuide/TiagoTourGuide_ws/devel/share/gennodejs/ros/pal_vision_msgs/msg/FaceDetection.js
Symlinking /home/james/TiaGo_TourGuide/TiagoTourGuide_ws/devel/share/gennodejs/ros/pal_vision_msgs/msg/FaceRecognitionActionResult.js
Symlinking /home/james/TiaGo_TourGuide/TiagoTourGuide_ws/devel/share/gennodejs/ros/pal_vision_msgs/msg/FaceDetections.js
Symlinking /home/james/TiaGo_TourGuide/TiagoTourGuide_ws/devel/share/gennodejs/ros/pal_vision_msgs/msg/FaceRecognitionActionGoal.js
Symlinking /home/james/TiaGo_TourGuide/TiagoTourGuide_ws/devel/share/gennodejs/ros/pal_vision_msgs/srv/LookToPixel.js
Symlinking /home/james/TiaGo_TourGuide/TiagoTourGuide_ws/devel/share/gennodejs/ros/pal_vision_msgs/srv/FaceTrackingStart.js
Symlinking /home/james/TiaGo_TourGuide/TiagoTourGuide_ws/devel/share/gennodejs/ros/pal_vision_msgs/srv/_index.js
Symlinking /home/james/TiaGo_TourGuide/TiagoTourGuide_ws/devel/share/gennodejs/ros/pal_vision_msgs/srv/FaceTrackingStop.js
Symlinking /home/james/TiaGo_TourGuide/TiagoTourGuide_ws/devel/share/gennodejs/ros/pal_vision_msgs/srv/FollowMeStart.js
Symlinking /home/james/TiaGo_TourGuide/TiagoTourGuide_ws/devel/share/gennodejs/ros/pal_vision_msgs/srv/FollowMeStop.js
Symlinking /home/james/TiaGo_TourGuide/TiagoTourGuide_ws/devel/lib/pkgconfig/pal_vision_msgs.pc
Symlinking /home/james/TiaGo_TourGuide/TiagoTourGuide_ws/devel/lib/python3/dist-packages/pal_vision_msgs/__init__.py
Symlinking /home/james/TiaGo_TourGuide/TiagoTourGuide_ws/devel/lib/python3/dist-packages/pal_vision_msgs/msg/_FollowMeResponse.py
Symlinking /home/james/TiaGo_TourGuide/TiagoTourGuide_ws/devel/lib/python3/dist-packages/pal_vision_msgs/msg/_DetectedPerson.py
Symlinking /home/james/TiaGo_TourGuide/TiagoTourGuide_ws/devel/lib/python3/dist-packages/pal_vision_msgs/msg/_Gesture.py
Symlinking /home/james/TiaGo_TourGuide/TiagoTourGuide_ws/devel/lib/python3/dist-packages/pal_vision_msgs/msg/_Rectangle.py
Symlinking /home/james/TiaGo_TourGuide/TiagoTourGuide_ws/devel/lib/python3/dist-packages/pal_vision_msgs/msg/_FaceRecognitionActionResult.py
Symlinking /home/james/TiaGo_TourGuide/TiagoTourGuide_ws/devel/lib/python3/dist-packages/pal_vision_msgs/msg/_FaceRecognitionGoal.py
Symlinking /home/james/TiaGo_TourGuide/TiagoTourGuide_ws/devel/lib/python3/dist-packages/pal_vision_msgs/msg/_FaceDetection.py
Symlinking /home/james/TiaGo_TourGuide/TiagoTourGuide_ws/devel/lib/python3/dist-packages/pal_vision_msgs/msg/_HeadPanTilt.py
Symlinking /home/james/TiaGo_TourGuide/TiagoTourGuide_ws/devel/lib/python3/dist-packages/pal_vision_msgs/msg/_HogDetection.py
Symlinking /home/james/TiaGo_TourGuide/TiagoTourGuide_ws/devel/lib/python3/dist-packages/pal_vision_msgs/msg/_FaceRecognitionResult.py
Symlinking /home/james/TiaGo_TourGuide/TiagoTourGuide_ws/devel/lib/python3/dist-packages/pal_vision_msgs/msg/_DetectedObject.py
Symlinking /home/james/TiaGo_TourGuide/TiagoTourGuide_ws/devel/lib/python3/dist-packages/pal_vision_msgs/msg/_FaceRecognitionActionGoal.py
Symlinking /home/james/TiaGo_TourGuide/TiagoTourGuide_ws/devel/lib/python3/dist-packages/pal_vision_msgs/msg/_HogDetections.py
Symlinking /home/james/TiaGo_TourGuide/TiagoTourGuide_ws/devel/lib/python3/dist-packages/pal_vision_msgs/msg/__init__.py
Symlinking /home/james/TiaGo_TourGuide/TiagoTourGuide_ws/devel/lib/python3/dist-packages/pal_vision_msgs/msg/_FaceRecognitionActionFeedback.py
Symlinking /home/james/TiaGo_TourGuide/TiagoTourGuide_ws/devel/lib/python3/dist-packages/pal_vision_msgs/msg/_FaceRecognitionFeedback.py
Symlinking /home/james/TiaGo_TourGuide/TiagoTourGuide_ws/devel/lib/python3/dist-packages/pal_vision_msgs/msg/_FaceDetections.py
Symlinking /home/james/TiaGo_TourGuide/TiagoTourGuide_ws/devel/lib/python3/dist-packages/pal_vision_msgs/msg/_FaceRecognitionAction.py
Symlinking /home/james/TiaGo_TourGuide/TiagoTourGuide_ws/devel/lib/python3/dist-packages/pal_vision_msgs/msg/_LegDetections.py
Symlinking /home/james/TiaGo_TourGuide/TiagoTourGuide_ws/devel/lib/python3/dist-packages/pal_vision_msgs/srv/_FollowMeStart.py
Symlinking /home/james/TiaGo_TourGuide/TiagoTourGuide_ws/devel/lib/python3/dist-packages/pal_vision_msgs/srv/_FaceTrackingStop.py
Symlinking /home/james/TiaGo_TourGuide/TiagoTourGuide_ws/devel/lib/python3/dist-packages/pal_vision_msgs/srv/_LookToPixel.py
Symlinking /home/james/TiaGo_TourGuide/TiagoTourGuide_ws/devel/lib/python3/dist-packages/pal_vision_msgs/srv/_FollowMeStop.py
Symlinking /home/james/TiaGo_TourGuide/TiagoTourGuide_ws/devel/lib/python3/dist-packages/pal_vision_msgs/srv/__init__.py
Symlinking /home/james/TiaGo_TourGuide/TiagoTourGuide_ws/devel/lib/python3/dist-packages/pal_vision_msgs/srv/_FaceTrackingStart.py
Symlinking /home/james/TiaGo_TourGuide/TiagoTourGuide_ws/devel/include/pal_vision_msgs/HogDetections.h
Symlinking /home/james/TiaGo_TourGuide/TiagoTourGuide_ws/devel/include/pal_vision_msgs/FollowMeResponse.h
Symlinking /home/james/TiaGo_TourGuide/TiagoTourGuide_ws/devel/include/pal_vision_msgs/FaceTrackingStop.h
Symlinking /home/james/TiaGo_TourGuide/TiagoTourGuide_ws/devel/include/pal_vision_msgs/HeadPanTilt.h
Symlinking /home/james/TiaGo_TourGuide/TiagoTourGuide_ws/devel/include/pal_vision_msgs/HogDetection.h
Symlinking /home/james/TiaGo_TourGuide/TiagoTourGuide_ws/devel/include/pal_vision_msgs/Rectangle.h
Symlinking /home/james/TiaGo_TourGuide/TiagoTourGuide_ws/devel/include/pal_vision_msgs/FaceRecognitionAction.h
Symlinking /home/james/TiaGo_TourGuide/TiagoTourGuide_ws/devel/include/pal_vision_msgs/LookToPixel.h
Symlinking /home/james/TiaGo_TourGuide/TiagoTourGuide_ws/devel/include/pal_vision_msgs/FaceRecognitionActionResult.h
Symlinking /home/james/TiaGo_TourGuide/TiagoTourGuide_ws/devel/include/pal_vision_msgs/FaceRecognitionResult.h
Symlinking /home/james/TiaGo_TourGuide/TiagoTourGuide_ws/devel/include/pal_vision_msgs/DetectedPerson.h
Symlinking /home/james/TiaGo_TourGuide/TiagoTourGuide_ws/devel/include/pal_vision_msgs/FaceTrackingStartRequest.h
Symlinking /home/james/TiaGo_TourGuide/TiagoTourGuide_ws/devel/include/pal_vision_msgs/FollowMeStop.h
Symlinking /home/james/TiaGo_TourGuide/TiagoTourGuide_ws/devel/include/pal_vision_msgs/FollowMeStopResponse.h
Symlinking /home/james/TiaGo_TourGuide/TiagoTourGuide_ws/devel/include/pal_vision_msgs/FollowMeStart.h
Symlinking /home/james/TiaGo_TourGuide/TiagoTourGuide_ws/devel/include/pal_vision_msgs/FaceTrackingStopRequest.h
Symlinking /home/james/TiaGo_TourGuide/TiagoTourGuide_ws/devel/include/pal_vision_msgs/FaceTrackingStopResponse.h
Symlinking /home/james/TiaGo_TourGuide/TiagoTourGuide_ws/devel/include/pal_vision_msgs/Gesture.h
Symlinking /home/james/TiaGo_TourGuide/TiagoTourGuide_ws/devel/include/pal_vision_msgs/FaceRecognitionActionFeedback.h
Symlinking /home/james/TiaGo_TourGuide/TiagoTourGuide_ws/devel/include/pal_vision_msgs/FaceRecognitionFeedback.h
Symlinking /home/james/TiaGo_TourGuide/TiagoTourGuide_ws/devel/include/pal_vision_msgs/LegDetections.h
Symlinking /home/james/TiaGo_TourGuide/TiagoTourGuide_ws/devel/include/pal_vision_msgs/LookToPixelResponse.h
Symlinking /home/james/TiaGo_TourGuide/TiagoTourGuide_ws/devel/include/pal_vision_msgs/FollowMeStartResponse.h
Symlinking /home/james/TiaGo_TourGuide/TiagoTourGuide_ws/devel/include/pal_vision_msgs/FaceTrackingStartResponse.h
Symlinking /home/james/TiaGo_TourGuide/TiagoTourGuide_ws/devel/include/pal_vision_msgs/FollowMeStopRequest.h
Symlinking /home/james/TiaGo_TourGuide/TiagoTourGuide_ws/devel/include/pal_vision_msgs/LookToPixelRequest.h
Symlinking /home/james/TiaGo_TourGuide/TiagoTourGuide_ws/devel/include/pal_vision_msgs/FaceDetection.h
Symlinking /home/james/TiaGo_TourGuide/TiagoTourGuide_ws/devel/include/pal_vision_msgs/FaceDetections.h
Symlinking /home/james/TiaGo_TourGuide/TiagoTourGuide_ws/devel/include/pal_vision_msgs/DetectedObject.h
Symlinking /home/james/TiaGo_TourGuide/TiagoTourGuide_ws/devel/include/pal_vision_msgs/FaceRecognitionGoal.h
Symlinking /home/james/TiaGo_TourGuide/TiagoTourGuide_ws/devel/include/pal_vision_msgs/FaceRecognitionActionGoal.h
Symlinking /home/james/TiaGo_TourGuide/TiagoTourGuide_ws/devel/include/pal_vision_msgs/FaceTrackingStart.h
Symlinking /home/james/TiaGo_TourGuide/TiagoTourGuide_ws/devel/include/pal_vision_msgs/FollowMeStartRequest.h
