[35m[1mScanning dependencies of target _pal_vision_msgs_generate_messages_check_deps_HogDetection[0m
[  0%] Built target _pal_vision_msgs_generate_messages_check_deps_HogDetection
[35m[1mScanning dependencies of target _pal_vision_msgs_generate_messages_check_deps_DetectedPerson[0m
[  0%] Built target _pal_vision_msgs_generate_messages_check_deps_DetectedPerson
[35m[1mScanning dependencies of target _pal_vision_msgs_generate_messages_check_deps_FaceTrackingStop[0m
[  0%] Built target _pal_vision_msgs_generate_messages_check_deps_FaceTrackingStop
[35m[1mScanning dependencies of target _pal_vision_msgs_generate_messages_check_deps_FaceRecognitionResult[0m
[  0%] Built target _pal_vision_msgs_generate_messages_check_deps_FaceRecognitionResult
[35m[1mScanning dependencies of target sensor_msgs_generate_messages_py[0m
[  0%] Built target sensor_msgs_generate_messages_py
[35m[1mScanning dependencies of target actionlib_msgs_generate_messages_py[0m
[  0%] Built target actionlib_msgs_generate_messages_py
[35m[1mScanning dependencies of target _pal_vision_msgs_generate_messages_check_deps_DetectedObject[0m
[  0%] Built target _pal_vision_msgs_generate_messages_check_deps_DetectedObject
[35m[1mScanning dependencies of target _pal_vision_msgs_generate_messages_check_deps_FaceTrackingStart[0m
[  0%] Built target _pal_vision_msgs_generate_messages_check_deps_FaceTrackingStart
[35m[1mScanning dependencies of target _pal_vision_msgs_generate_messages_check_deps_HogDetections[0m
[  0%] Built target _pal_vision_msgs_generate_messages_check_deps_HogDetections
[35m[1mScanning dependencies of target _pal_vision_msgs_generate_messages_check_deps_FaceRecognitionActionGoal[0m
[  0%] Built target _pal_vision_msgs_generate_messages_check_deps_FaceRecognitionActionGoal
[35m[1mScanning dependencies of target _pal_vision_msgs_generate_messages_check_deps_FaceDetection[0m
[  0%] Built target _pal_vision_msgs_generate_messages_check_deps_FaceDetection
[35m[1mScanning dependencies of target _pal_vision_msgs_generate_messages_check_deps_FaceRecognitionAction[0m
[  0%] Built target _pal_vision_msgs_generate_messages_check_deps_FaceRecognitionAction
[35m[1mScanning dependencies of target geometry_msgs_generate_messages_py[0m
[  0%] Built target geometry_msgs_generate_messages_py
[35m[1mScanning dependencies of target _pal_vision_msgs_generate_messages_check_deps_FollowMeResponse[0m
[  0%] Built target _pal_vision_msgs_generate_messages_check_deps_FollowMeResponse
[35m[1mScanning dependencies of target _pal_vision_msgs_generate_messages_check_deps_Gesture[0m
[  0%] Built target _pal_vision_msgs_generate_messages_check_deps_Gesture
[35m[1mScanning dependencies of target _pal_vision_msgs_generate_messages_check_deps_HeadPanTilt[0m
[  0%] Built target _pal_vision_msgs_generate_messages_check_deps_HeadPanTilt
[35m[1mScanning dependencies of target _pal_vision_msgs_generate_messages_check_deps_FaceRecognitionActionFeedback[0m
[  0%] Built target _pal_vision_msgs_generate_messages_check_deps_FaceRecognitionActionFeedback
[35m[1mScanning dependencies of target _pal_vision_msgs_generate_messages_check_deps_LegDetections[0m
[  0%] Built target _pal_vision_msgs_generate_messages_check_deps_LegDetections
[35m[1mScanning dependencies of target _pal_vision_msgs_generate_messages_check_deps_Rectangle[0m
[  0%] Built target _pal_vision_msgs_generate_messages_check_deps_Rectangle
[35m[1mScanning dependencies of target _pal_vision_msgs_generate_messages_check_deps_FollowMeStart[0m
[  0%] Built target _pal_vision_msgs_generate_messages_check_deps_FollowMeStart
[35m[1mScanning dependencies of target _pal_vision_msgs_generate_messages_check_deps_FaceRecognitionActionResult[0m
[  0%] Built target _pal_vision_msgs_generate_messages_check_deps_FaceRecognitionActionResult
[35m[1mScanning dependencies of target _pal_vision_msgs_generate_messages_check_deps_FaceRecognitionGoal[0m
[  0%] Built target _pal_vision_msgs_generate_messages_check_deps_FaceRecognitionGoal
[35m[1mScanning dependencies of target _pal_vision_msgs_generate_messages_check_deps_FaceRecognitionFeedback[0m
[  0%] Built target _pal_vision_msgs_generate_messages_check_deps_FaceRecognitionFeedback
[35m[1mScanning dependencies of target _pal_vision_msgs_generate_messages_check_deps_FollowMeStop[0m
[  0%] Built target _pal_vision_msgs_generate_messages_check_deps_FollowMeStop
[35m[1mScanning dependencies of target _pal_vision_msgs_generate_messages_check_deps_FaceDetections[0m
[  0%] Built target _pal_vision_msgs_generate_messages_check_deps_FaceDetections
[35m[1mScanning dependencies of target _pal_vision_msgs_generate_messages_check_deps_LookToPixel[0m
[  0%] Built target _pal_vision_msgs_generate_messages_check_deps_LookToPixel
[35m[1mScanning dependencies of target actionlib_msgs_generate_messages_nodejs[0m
[  0%] Built target actionlib_msgs_generate_messages_nodejs
[35m[1mScanning dependencies of target sensor_msgs_generate_messages_nodejs[0m
[  0%] Built target sensor_msgs_generate_messages_nodejs
[35m[1mScanning dependencies of target geometry_msgs_generate_messages_nodejs[0m
[  0%] Built target geometry_msgs_generate_messages_nodejs
[35m[1mScanning dependencies of target actionlib_msgs_generate_messages_eus[0m
[  0%] Built target actionlib_msgs_generate_messages_eus
[35m[1mScanning dependencies of target sensor_msgs_generate_messages_eus[0m
[  0%] Built target sensor_msgs_generate_messages_eus
[35m[1mScanning dependencies of target geometry_msgs_generate_messages_eus[0m
[  0%] Built target geometry_msgs_generate_messages_eus
[35m[1mScanning dependencies of target actionlib_msgs_generate_messages_cpp[0m
[  0%] Built target actionlib_msgs_generate_messages_cpp
[35m[1mScanning dependencies of target geometry_msgs_generate_messages_cpp[0m
[  0%] Built target geometry_msgs_generate_messages_cpp
[35m[1mScanning dependencies of target sensor_msgs_generate_messages_cpp[0m
[  0%] Built target sensor_msgs_generate_messages_cpp
[35m[1mScanning dependencies of target geometry_msgs_generate_messages_lisp[0m
[  0%] Built target geometry_msgs_generate_messages_lisp
[35m[1mScanning dependencies of target actionlib_msgs_generate_messages_lisp[0m
[  0%] Built target actionlib_msgs_generate_messages_lisp
[35m[1mScanning dependencies of target sensor_msgs_generate_messages_lisp[0m
[  0%] Built target sensor_msgs_generate_messages_lisp
[35m[1mScanning dependencies of target pal_vision_msgs_generate_messages_py[0m
[  0%] [34m[1mGenerating Python from MSG pal_vision_msgs/DetectedObject[0m
[  1%] [34m[1mGenerating Python from MSG pal_vision_msgs/DetectedPerson[0m
[  2%] [34m[1mGenerating Python from MSG pal_vision_msgs/FaceDetection[0m
[  3%] [34m[1mGenerating Python from MSG pal_vision_msgs/FaceDetections[0m
[  4%] [34m[1mGenerating Python from MSG pal_vision_msgs/FollowMeResponse[0m
[  4%] [34m[1mGenerating Python from MSG pal_vision_msgs/Gesture[0m
[35m[1mScanning dependencies of target pal_vision_msgs_generate_messages_nodejs[0m
[  5%] [34m[1mGenerating Python from MSG pal_vision_msgs/HeadPanTilt[0m
[  6%] [34m[1mGenerating Javascript code from pal_vision_msgs/DetectedObject.msg[0m
[  7%] [34m[1mGenerating Javascript code from pal_vision_msgs/DetectedPerson.msg[0m
[  8%] [34m[1mGenerating Javascript code from pal_vision_msgs/FaceDetection.msg[0m
[  9%] [34m[1mGenerating Javascript code from pal_vision_msgs/FaceDetections.msg[0m
[ 10%] [34m[1mGenerating Python from MSG pal_vision_msgs/HogDetection[0m
[ 10%] [34m[1mGenerating Javascript code from pal_vision_msgs/FollowMeResponse.msg[0m
[ 11%] [34m[1mGenerating Python from MSG pal_vision_msgs/HogDetections[0m
[ 12%] [34m[1mGenerating Javascript code from pal_vision_msgs/Gesture.msg[0m
[ 13%] [34m[1mGenerating Javascript code from pal_vision_msgs/HeadPanTilt.msg[0m
[ 14%] [34m[1mGenerating Javascript code from pal_vision_msgs/HogDetection.msg[0m
[ 15%] [34m[1mGenerating Python from MSG pal_vision_msgs/LegDetections[0m
[ 15%] [34m[1mGenerating Python from MSG pal_vision_msgs/Rectangle[0m
[ 17%] [34m[1mGenerating Javascript code from pal_vision_msgs/HogDetections.msg[0m
[ 17%] [34m[1mGenerating Javascript code from pal_vision_msgs/LegDetections.msg[0m
[ 18%] [34m[1mGenerating Python from MSG pal_vision_msgs/FaceRecognitionAction[0m
[ 19%] [34m[1mGenerating Javascript code from pal_vision_msgs/Rectangle.msg[0m
[ 20%] [34m[1mGenerating Javascript code from pal_vision_msgs/FaceRecognitionAction.msg[0m
[ 21%] [34m[1mGenerating Python from MSG pal_vision_msgs/FaceRecognitionActionGoal[0m
[ 22%] [34m[1mGenerating Javascript code from pal_vision_msgs/FaceRecognitionActionGoal.msg[0m
[35m[1mScanning dependencies of target pal_vision_msgs_generate_messages_eus[0m
[ 23%] [34m[1mGenerating Javascript code from pal_vision_msgs/FaceRecognitionActionResult.msg[0m
[ 24%] [34m[1mGenerating EusLisp code from pal_vision_msgs/DetectedObject.msg[0m
[ 25%] [34m[1mGenerating Python from MSG pal_vision_msgs/FaceRecognitionActionResult[0m
[35m[1mScanning dependencies of target pal_vision_msgs_generate_messages_cpp[0m
[ 26%] [34m[1mGenerating C++ code from pal_vision_msgs/DetectedObject.msg[0m
[ 26%] [34m[1mGenerating Javascript code from pal_vision_msgs/FaceRecognitionActionFeedback.msg[0m
[ 27%] [34m[1mGenerating EusLisp code from pal_vision_msgs/DetectedPerson.msg[0m
[ 28%] [34m[1mGenerating Javascript code from pal_vision_msgs/FaceRecognitionGoal.msg[0m
[ 28%] [34m[1mGenerating C++ code from pal_vision_msgs/DetectedPerson.msg[0m
[ 29%] [34m[1mGenerating Javascript code from pal_vision_msgs/FaceRecognitionResult.msg[0m
[ 29%] [34m[1mGenerating EusLisp code from pal_vision_msgs/FaceDetection.msg[0m
[ 30%] [34m[1mGenerating Python from MSG pal_vision_msgs/FaceRecognitionActionFeedback[0m
[ 31%] [34m[1mGenerating EusLisp code from pal_vision_msgs/FaceDetections.msg[0m
[ 32%] [34m[1mGenerating Javascript code from pal_vision_msgs/FaceRecognitionFeedback.msg[0m
[ 35%] [34m[1mGenerating EusLisp code from pal_vision_msgs/FollowMeResponse.msg[0m
[ 35%] [34m[1mGenerating C++ code from pal_vision_msgs/FaceDetection.msg[0m
[ 36%] [34m[1mGenerating Javascript code from pal_vision_msgs/FaceTrackingStart.srv[0m
[ 36%] [34m[1mGenerating EusLisp code from pal_vision_msgs/Gesture.msg[0m
[ 37%] [34m[1mGenerating Javascript code from pal_vision_msgs/FollowMeStart.srv[0m
[ 38%] [34m[1mGenerating Javascript code from pal_vision_msgs/FaceTrackingStop.srv[0m
[ 39%] [34m[1mGenerating Python from MSG pal_vision_msgs/FaceRecognitionResult[0m
[ 39%] [34m[1mGenerating Python from MSG pal_vision_msgs/FaceRecognitionGoal[0m
[ 40%] [34m[1mGenerating EusLisp code from pal_vision_msgs/HeadPanTilt.msg[0m
[ 41%] [34m[1mGenerating C++ code from pal_vision_msgs/FaceDetections.msg[0m
[ 42%] [34m[1mGenerating Javascript code from pal_vision_msgs/FollowMeStop.srv[0m
[ 43%] [34m[1mGenerating C++ code from pal_vision_msgs/FollowMeResponse.msg[0m
[ 44%] [34m[1mGenerating Javascript code from pal_vision_msgs/LookToPixel.srv[0m
[ 44%] [34m[1mGenerating EusLisp code from pal_vision_msgs/HogDetection.msg[0m
[ 45%] [34m[1mGenerating C++ code from pal_vision_msgs/Gesture.msg[0m
[ 45%] [34m[1mGenerating C++ code from pal_vision_msgs/HeadPanTilt.msg[0m
[ 45%] Built target pal_vision_msgs_generate_messages_nodejs
[35m[1mScanning dependencies of target pal_vision_msgs_generate_messages_lisp[0m
[ 46%] [34m[1mGenerating Python from MSG pal_vision_msgs/FaceRecognitionFeedback[0m
[ 47%] [34m[1mGenerating Lisp code from pal_vision_msgs/DetectedObject.msg[0m
[ 48%] [34m[1mGenerating Python code from SRV pal_vision_msgs/FaceTrackingStart[0m
[ 50%] [34m[1mGenerating EusLisp code from pal_vision_msgs/HogDetections.msg[0m
[ 51%] [34m[1mGenerating EusLisp code from pal_vision_msgs/LegDetections.msg[0m
[ 52%] [34m[1mGenerating Lisp code from pal_vision_msgs/DetectedPerson.msg[0m
[ 53%] [34m[1mGenerating C++ code from pal_vision_msgs/HogDetection.msg[0m
[ 54%] [34m[1mGenerating Lisp code from pal_vision_msgs/FaceDetection.msg[0m
[ 55%] [34m[1mGenerating EusLisp code from pal_vision_msgs/Rectangle.msg[0m
[ 56%] [34m[1mGenerating EusLisp code from pal_vision_msgs/FaceRecognitionAction.msg[0m
[ 57%] [34m[1mGenerating Python code from SRV pal_vision_msgs/FaceTrackingStop[0m
[ 57%] [34m[1mGenerating Lisp code from pal_vision_msgs/FaceDetections.msg[0m
[ 58%] [34m[1mGenerating C++ code from pal_vision_msgs/HogDetections.msg[0m
[ 59%] [34m[1mGenerating C++ code from pal_vision_msgs/LegDetections.msg[0m
[ 59%] [34m[1mGenerating EusLisp code from pal_vision_msgs/FaceRecognitionActionGoal.msg[0m
[ 60%] [34m[1mGenerating Lisp code from pal_vision_msgs/FollowMeResponse.msg[0m
[ 61%] [34m[1mGenerating EusLisp code from pal_vision_msgs/FaceRecognitionActionResult.msg[0m
[ 62%] [34m[1mGenerating Lisp code from pal_vision_msgs/Gesture.msg[0m
[ 62%] [34m[1mGenerating Python code from SRV pal_vision_msgs/FollowMeStart[0m
[ 63%] [34m[1mGenerating C++ code from pal_vision_msgs/Rectangle.msg[0m
[ 64%] [34m[1mGenerating Lisp code from pal_vision_msgs/HeadPanTilt.msg[0m
[ 65%] [34m[1mGenerating EusLisp code from pal_vision_msgs/FaceRecognitionActionFeedback.msg[0m
[ 67%] [34m[1mGenerating Lisp code from pal_vision_msgs/HogDetection.msg[0m
[ 67%] [34m[1mGenerating C++ code from pal_vision_msgs/FaceRecognitionAction.msg[0m
[ 68%] [34m[1mGenerating EusLisp code from pal_vision_msgs/FaceRecognitionGoal.msg[0m
[ 69%] [34m[1mGenerating Python code from SRV pal_vision_msgs/FollowMeStop[0m
[ 69%] [34m[1mGenerating Lisp code from pal_vision_msgs/HogDetections.msg[0m
[ 70%] [34m[1mGenerating EusLisp code from pal_vision_msgs/FaceRecognitionResult.msg[0m
[ 71%] [34m[1mGenerating Lisp code from pal_vision_msgs/LegDetections.msg[0m
[ 72%] [34m[1mGenerating C++ code from pal_vision_msgs/FaceRecognitionActionGoal.msg[0m
[ 73%] [34m[1mGenerating Lisp code from pal_vision_msgs/Rectangle.msg[0m
[ 74%] [34m[1mGenerating Python code from SRV pal_vision_msgs/LookToPixel[0m
[ 74%] [34m[1mGenerating EusLisp code from pal_vision_msgs/FaceRecognitionFeedback.msg[0m
[ 75%] [34m[1mGenerating Lisp code from pal_vision_msgs/FaceRecognitionAction.msg[0m
[ 76%] [34m[1mGenerating C++ code from pal_vision_msgs/FaceRecognitionActionResult.msg[0m
[ 77%] [34m[1mGenerating EusLisp code from pal_vision_msgs/FaceTrackingStart.srv[0m
[ 77%] [34m[1mGenerating Lisp code from pal_vision_msgs/FaceRecognitionActionGoal.msg[0m
[ 78%] [34m[1mGenerating Python msg __init__.py for pal_vision_msgs[0m
[ 79%] [34m[1mGenerating Lisp code from pal_vision_msgs/FaceRecognitionActionResult.msg[0m
[ 80%] [34m[1mGenerating EusLisp code from pal_vision_msgs/FaceTrackingStop.srv[0m
[ 81%] [34m[1mGenerating C++ code from pal_vision_msgs/FaceRecognitionActionFeedback.msg[0m
[ 82%] [34m[1mGenerating C++ code from pal_vision_msgs/FaceRecognitionGoal.msg[0m
[ 84%] [34m[1mGenerating Lisp code from pal_vision_msgs/FaceRecognitionActionFeedback.msg[0m
[ 85%] [34m[1mGenerating EusLisp code from pal_vision_msgs/FollowMeStart.srv[0m
[ 86%] [34m[1mGenerating Python srv __init__.py for pal_vision_msgs[0m
[ 87%] [34m[1mGenerating EusLisp code from pal_vision_msgs/FollowMeStop.srv[0m
[ 88%] [34m[1mGenerating Lisp code from pal_vision_msgs/FaceRecognitionGoal.msg[0m
[ 88%] [34m[1mGenerating EusLisp code from pal_vision_msgs/LookToPixel.srv[0m
[ 88%] [34m[1mGenerating C++ code from pal_vision_msgs/FaceRecognitionResult.msg[0m
[ 89%] [34m[1mGenerating Lisp code from pal_vision_msgs/FaceRecognitionResult.msg[0m
[ 90%] [34m[1mGenerating EusLisp manifest code for pal_vision_msgs[0m
[ 90%] [34m[1mGenerating Lisp code from pal_vision_msgs/FaceRecognitionFeedback.msg[0m
[ 91%] [34m[1mGenerating Lisp code from pal_vision_msgs/FaceTrackingStart.srv[0m
[ 92%] [34m[1mGenerating C++ code from pal_vision_msgs/FaceRecognitionFeedback.msg[0m
WARNING: Package name "TiagoTourGuide" does not follow the naming conventions. It should start with a lower case letter and only contain lower case letters, digits, underscores, and dashes.
WARNING: Package name "TiagoTourGuide" does not follow the naming conventions. It should start with a lower case letter and only contain lower case letters, digits, underscores, and dashes.
[ 93%] [34m[1mGenerating Lisp code from pal_vision_msgs/FollowMeStart.srv[0m
[ 94%] [34m[1mGenerating Lisp code from pal_vision_msgs/FaceTrackingStop.srv[0m
[ 94%] Built target pal_vision_msgs_generate_messages_py
[ 95%] [34m[1mGenerating Lisp code from pal_vision_msgs/FollowMeStop.srv[0m
[ 96%] [34m[1mGenerating C++ code from pal_vision_msgs/FaceTrackingStart.srv[0m
[ 97%] [34m[1mGenerating C++ code from pal_vision_msgs/FaceTrackingStop.srv[0m
[ 97%] [34m[1mGenerating Lisp code from pal_vision_msgs/LookToPixel.srv[0m
[ 97%] Built target pal_vision_msgs_generate_messages_lisp
[ 98%] [34m[1mGenerating C++ code from pal_vision_msgs/FollowMeStart.srv[0m
WARNING: Package name "TiagoTourGuide" does not follow the naming conventions. It should start with a lower case letter and only contain lower case letters, digits, underscores, and dashes.
[ 98%] [34m[1mGenerating C++ code from pal_vision_msgs/FollowMeStop.srv[0m
WARNING: Package name "TiagoTourGuide" does not follow the naming conventions. It should start with a lower case letter and only contain lower case letters, digits, underscores, and dashes.
[100%] [34m[1mGenerating C++ code from pal_vision_msgs/LookToPixel.srv[0m
[100%] Built target pal_vision_msgs_generate_messages_eus
[100%] Built target pal_vision_msgs_generate_messages_cpp
[35m[1mScanning dependencies of target pal_vision_msgs_generate_messages[0m
[100%] Built target pal_vision_msgs_generate_messages
