[  0%] Built target _pal_interaction_msgs_generate_messages_check_deps_ASRFileResult
[  0%] Built target _pal_interaction_msgs_generate_messages_check_deps_TtsGoal
[  0%] Built target _pal_interaction_msgs_generate_messages_check_deps_TtsActionFeedback
[  0%] Built target _pal_interaction_msgs_generate_messages_check_deps_TtsActionResult
[  0%] Built target _pal_interaction_msgs_generate_messages_check_deps_TtsActionGoal
[  0%] Built target _pal_interaction_msgs_generate_messages_check_deps_TtsAction
[  0%] Built target _pal_interaction_msgs_generate_messages_check_deps_SoundFeedback
[  0%] Built target _pal_interaction_msgs_generate_messages_check_deps_SoundResult
[  0%] Built target _pal_interaction_msgs_generate_messages_check_deps_SoundGoal
[  0%] Built target _pal_interaction_msgs_generate_messages_check_deps_AudioPlayerState
[  0%] Built target _pal_interaction_msgs_generate_messages_check_deps_asrupdate
[  0%] Built target _pal_interaction_msgs_generate_messages_check_deps_I18nArgument
[  0%] Built target _pal_interaction_msgs_generate_messages_check_deps_ASRStatus
[  0%] Built target _pal_interaction_msgs_generate_messages_check_deps_ASRSrvRequest
[  0%] Built target _pal_interaction_msgs_generate_messages_check_deps_AudioPlayGoal
[  0%] Built target _pal_interaction_msgs_generate_messages_check_deps_SoundActionGoal
[  0%] Built target _pal_interaction_msgs_generate_messages_check_deps_ASREvent
[  0%] Built target _pal_interaction_msgs_generate_messages_check_deps_ASRFileActionGoal
[  0%] Built target _pal_interaction_msgs_generate_messages_check_deps_ASRService
[  0%] Built target _pal_interaction_msgs_generate_messages_check_deps_InputArgument
[  0%] Built target _pal_interaction_msgs_generate_messages_check_deps_ASRFileActionFeedback
[  0%] Built target _pal_interaction_msgs_generate_messages_check_deps_AudioPlayActionGoal
[  0%] Built target _pal_interaction_msgs_generate_messages_check_deps_recognizerService
[  0%] Built target _pal_interaction_msgs_generate_messages_check_deps_AudioPlayAction
[  0%] Built target _pal_interaction_msgs_generate_messages_check_deps_AudioPlayActionResult
[  0%] Built target _pal_interaction_msgs_generate_messages_check_deps_audiosignal
[  0%] Built target _pal_interaction_msgs_generate_messages_check_deps_AudioPlayResult
[  0%] Built target _pal_interaction_msgs_generate_messages_check_deps_SoundActionResult
[  0%] Built target _pal_interaction_msgs_generate_messages_check_deps_actiontag
[  0%] Built target _pal_interaction_msgs_generate_messages_check_deps_SoundActionFeedback
[  0%] Built target _pal_interaction_msgs_generate_messages_check_deps_SoundLocalisationService
[  0%] Built target _pal_interaction_msgs_generate_messages_check_deps_AudioPlayActionFeedback
[  0%] Built target _pal_interaction_msgs_generate_messages_check_deps_GetSpeechDuration
[  0%] Built target _pal_interaction_msgs_generate_messages_check_deps_TtsFeedback
[  0%] Built target _pal_interaction_msgs_generate_messages_check_deps_asrresult
[  0%] Built target _pal_interaction_msgs_generate_messages_check_deps_ASRFileActionResult
[  0%] Built target _pal_interaction_msgs_generate_messages_check_deps_TtsText
[  0%] Built target _pal_interaction_msgs_generate_messages_check_deps_ASRLanguage
[  0%] Built target _pal_interaction_msgs_generate_messages_check_deps_TTSstate
[  0%] Built target std_msgs_generate_messages_cpp
[  0%] Built target _pal_interaction_msgs_generate_messages_check_deps_ASRFileAction
[  0%] Built target _pal_interaction_msgs_generate_messages_check_deps_WebGuiEvent
[  0%] Built target _pal_interaction_msgs_generate_messages_check_deps_ASRFileFeedback
[  0%] Built target actionlib_msgs_generate_messages_cpp
[  0%] Built target _pal_interaction_msgs_generate_messages_check_deps_ASRLangModelMngmt
[  0%] Built target _pal_interaction_msgs_generate_messages_check_deps_ASRActivation
[  0%] Built target _pal_interaction_msgs_generate_messages_check_deps_AudioPlayFeedback
[  0%] Built target _pal_interaction_msgs_generate_messages_check_deps_AudioDeviceDescription
[  0%] Built target _pal_interaction_msgs_generate_messages_check_deps_SoundAction
[  0%] Built target _pal_interaction_msgs_generate_messages_check_deps_TtsResult
[  0%] Built target _pal_interaction_msgs_generate_messages_check_deps_DirectionOfArrival
[  0%] Built target _pal_interaction_msgs_generate_messages_check_deps_EnablingSoundLocalisation
[  0%] Built target _pal_interaction_msgs_generate_messages_check_deps_I18nText
[  0%] Built target _pal_interaction_msgs_generate_messages_check_deps_TtsMark
[  0%] Built target _pal_interaction_msgs_generate_messages_check_deps_ASRSrvResponse
[  0%] Built target _pal_interaction_msgs_generate_messages_check_deps_VoiceActivity
[  0%] Built target _pal_interaction_msgs_generate_messages_check_deps_Input
[  0%] Built target std_msgs_generate_messages_py
[  0%] Built target actionlib_msgs_generate_messages_py
[  0%] Built target _pal_interaction_msgs_generate_messages_check_deps_ASRFileGoal
[  0%] Built target actionlib_msgs_generate_messages_nodejs
[  0%] Built target std_msgs_generate_messages_nodejs
[  0%] Built target actionlib_msgs_generate_messages_lisp
[  0%] Built target std_msgs_generate_messages_lisp
[  0%] Built target actionlib_msgs_generate_messages_eus
[  0%] Built target std_msgs_generate_messages_eus
[ 19%] Built target pal_interaction_msgs_generate_messages_cpp
[ 39%] Built target pal_interaction_msgs_generate_messages_py
[ 60%] Built target pal_interaction_msgs_generate_messages_nodejs
[ 79%] Built target pal_interaction_msgs_generate_messages_lisp
[100%] Built target pal_interaction_msgs_generate_messages_eus
[100%] Built target pal_interaction_msgs_generate_messages
