[  0%] Built target _pal_interaction_msgs_generate_messages_check_deps_TtsActionResult
[  0%] Built target _pal_interaction_msgs_generate_messages_check_deps_TtsActionGoal
[  0%] Built target _pal_interaction_msgs_generate_messages_check_deps_TtsAction
[  0%] Built target _pal_interaction_msgs_generate_messages_check_deps_SoundFeedback
[  0%] Built target _pal_interaction_msgs_generate_messages_check_deps_SoundResult
[  0%] Built target _pal_interaction_msgs_generate_messages_check_deps_SoundGoal
[  0%] Built target _pal_interaction_msgs_generate_messages_check_deps_AudioPlayerState
[  0%] Built target _pal_interaction_msgs_generate_messages_check_deps_asrupdate
[  0%] Built target _pal_interaction_msgs_generate_messages_check_deps_I18nArgument
[  0%] Built target _pal_interaction_msgs_generate_messages_check_deps_ASRStatus
[  0%] Built target _pal_interaction_msgs_generate_messages_check_deps_asrresult
[  0%] Built target _pal_interaction_msgs_generate_messages_check_deps_ASRFileActionResult
[  0%] Built target _pal_interaction_msgs_generate_messages_check_deps_TtsText
[  0%] Built target _pal_interaction_msgs_generate_messages_check_deps_ASRLanguage
[  0%] Built target _pal_interaction_msgs_generate_messages_check_deps_TTSstate
[  0%] Built target _pal_interaction_msgs_generate_messages_check_deps_ASRFileAction
[  0%] Built target std_msgs_generate_messages_cpp
[  0%] Built target _pal_interaction_msgs_generate_messages_check_deps_WebGuiEvent
[  0%] Built target _pal_interaction_msgs_generate_messages_check_deps_ASRFileFeedback
[  0%] Built target _pal_interaction_msgs_generate_messages_check_deps_ASRLangModelMngmt
[  0%] Built target _pal_interaction_msgs_generate_messages_check_deps_ASRActivation
[  0%] Built target actionlib_msgs_generate_messages_cpp
[  0%] Built target _pal_interaction_msgs_generate_messages_check_deps_AudioPlayFeedback
[  0%] Built target _pal_interaction_msgs_generate_messages_check_deps_AudioDeviceDescription
[  0%] Built target _pal_interaction_msgs_generate_messages_check_deps_SoundAction
[  0%] Built target _pal_interaction_msgs_generate_messages_check_deps_TtsResult
[  0%] Built target _pal_interaction_msgs_generate_messages_check_deps_DirectionOfArrival
[  0%] Built target _pal_interaction_msgs_generate_messages_check_deps_EnablingSoundLocalisation
[  0%] Built target _pal_interaction_msgs_generate_messages_check_deps_I18nText
[  0%] Built target _pal_interaction_msgs_generate_messages_check_deps_InputArgument
[  0%] Built target _pal_interaction_msgs_generate_messages_check_deps_ASRFileActionFeedback
[  0%] Built target _pal_interaction_msgs_generate_messages_check_deps_AudioPlayActionGoal
[  0%] Built target _pal_interaction_msgs_generate_messages_check_deps_recognizerService
[  0%] Built target _pal_interaction_msgs_generate_messages_check_deps_AudioPlayAction
[  0%] Built target _pal_interaction_msgs_generate_messages_check_deps_AudioPlayActionResult
[  0%] Built target _pal_interaction_msgs_generate_messages_check_deps_audiosignal
[  0%] Built target _pal_interaction_msgs_generate_messages_check_deps_AudioPlayResult
[  0%] Built target _pal_interaction_msgs_generate_messages_check_deps_SoundActionResult
[  0%] Built target _pal_interaction_msgs_generate_messages_check_deps_actiontag
[  0%] Built target _pal_interaction_msgs_generate_messages_check_deps_SoundActionFeedback
[  0%] Built target _pal_interaction_msgs_generate_messages_check_deps_ASRSrvResponse
[  0%] Built target _pal_interaction_msgs_generate_messages_check_deps_VoiceActivity
[  0%] Built target _pal_interaction_msgs_generate_messages_check_deps_Input
[  0%] Built target _pal_interaction_msgs_generate_messages_check_deps_ASRFileGoal
[  0%] Built target _pal_interaction_msgs_generate_messages_check_deps_ASRFileResult
[  0%] Built target _pal_interaction_msgs_generate_messages_check_deps_SoundLocalisationService
[  0%] Built target _pal_interaction_msgs_generate_messages_check_deps_AudioPlayActionFeedback
[  0%] Built target _pal_interaction_msgs_generate_messages_check_deps_GetSpeechDuration
[  0%] Built target _pal_interaction_msgs_generate_messages_check_deps_TtsFeedback
[  0%] Built target _pal_interaction_msgs_generate_messages_check_deps_ASRSrvRequest
[  0%] Built target _pal_interaction_msgs_generate_messages_check_deps_AudioPlayGoal
[  0%] Built target _pal_interaction_msgs_generate_messages_check_deps_SoundActionGoal
[  0%] Built target _pal_interaction_msgs_generate_messages_check_deps_ASREvent
[  0%] Built target _pal_interaction_msgs_generate_messages_check_deps_ASRFileActionGoal
[  0%] Built target _pal_interaction_msgs_generate_messages_check_deps_TtsMark
[  0%] Built target _pal_interaction_msgs_generate_messages_check_deps_ASRService
[  0%] Built target _pal_interaction_msgs_generate_messages_check_deps_TtsGoal
[  0%] Built target _pal_interaction_msgs_generate_messages_check_deps_TtsActionFeedback
[ 19%] Built target pal_interaction_msgs_generate_messages_cpp
[ 19%] Built target actionlib_msgs_generate_messages_nodejs
[ 19%] Built target std_msgs_generate_messages_nodejs
[ 39%] Built target pal_interaction_msgs_generate_messages_nodejs
[ 39%] Built target actionlib_msgs_generate_messages_lisp
[ 39%] Built target std_msgs_generate_messages_lisp
[ 59%] Built target pal_interaction_msgs_generate_messages_lisp
[ 59%] Built target std_msgs_generate_messages_py
[ 59%] Built target actionlib_msgs_generate_messages_py
[ 79%] Built target pal_interaction_msgs_generate_messages_py
[ 79%] Built target std_msgs_generate_messages_eus
[ 79%] Built target actionlib_msgs_generate_messages_eus
[100%] Built target pal_interaction_msgs_generate_messages_eus
[100%] Built target pal_interaction_msgs_generate_messages
[36mInstall the project...[0m
-- Install configuration: ""
-- Installing: /TiaGo_TourGuide/TiagoTourGuide_ws/install/_setup_util.py
-- Installing: /TiaGo_TourGuide/TiagoTourGuide_ws/install/env.sh
-- Installing: /TiaGo_TourGuide/TiagoTourGuide_ws/install/setup.bash
-- Installing: /TiaGo_TourGuide/TiagoTourGuide_ws/install/local_setup.bash
-- Installing: /TiaGo_TourGuide/TiagoTourGuide_ws/install/setup.sh
-- Installing: /TiaGo_TourGuide/TiagoTourGuide_ws/install/local_setup.sh
-- Installing: /TiaGo_TourGuide/TiagoTourGuide_ws/install/setup.zsh
-- Installing: /TiaGo_TourGuide/TiagoTourGuide_ws/install/local_setup.zsh
-- Installing: /TiaGo_TourGuide/TiagoTourGuide_ws/install/.rosinstall
-- Installing: /TiaGo_TourGuide/TiagoTourGuide_ws/install/share/pal_interaction_msgs/msg/actiontag.msg
-- Installing: /TiaGo_TourGuide/TiagoTourGuide_ws/install/share/pal_interaction_msgs/msg/ASRActivation.msg
-- Installing: /TiaGo_TourGuide/TiagoTourGuide_ws/install/share/pal_interaction_msgs/msg/ASREvent.msg
-- Installing: /TiaGo_TourGuide/TiagoTourGuide_ws/install/share/pal_interaction_msgs/msg/ASRLangModelMngmt.msg
-- Installing: /TiaGo_TourGuide/TiagoTourGuide_ws/install/share/pal_interaction_msgs/msg/ASRLanguage.msg
-- Installing: /TiaGo_TourGuide/TiagoTourGuide_ws/install/share/pal_interaction_msgs/msg/asrresult.msg
-- Installing: /TiaGo_TourGuide/TiagoTourGuide_ws/install/share/pal_interaction_msgs/msg/ASRSrvRequest.msg
-- Installing: /TiaGo_TourGuide/TiagoTourGuide_ws/install/share/pal_interaction_msgs/msg/ASRSrvResponse.msg
-- Installing: /TiaGo_TourGuide/TiagoTourGuide_ws/install/share/pal_interaction_msgs/msg/ASRStatus.msg
-- Installing: /TiaGo_TourGuide/TiagoTourGuide_ws/install/share/pal_interaction_msgs/msg/asrupdate.msg
-- Installing: /TiaGo_TourGuide/TiagoTourGuide_ws/install/share/pal_interaction_msgs/msg/AudioDeviceDescription.msg
-- Installing: /TiaGo_TourGuide/TiagoTourGuide_ws/install/share/pal_interaction_msgs/msg/AudioPlayerState.msg
-- Installing: /TiaGo_TourGuide/TiagoTourGuide_ws/install/share/pal_interaction_msgs/msg/audiosignal.msg
-- Installing: /TiaGo_TourGuide/TiagoTourGuide_ws/install/share/pal_interaction_msgs/msg/DirectionOfArrival.msg
-- Installing: /TiaGo_TourGuide/TiagoTourGuide_ws/install/share/pal_interaction_msgs/msg/EnablingSoundLocalisation.msg
-- Installing: /TiaGo_TourGuide/TiagoTourGuide_ws/install/share/pal_interaction_msgs/msg/I18nText.msg
-- Installing: /TiaGo_TourGuide/TiagoTourGuide_ws/install/share/pal_interaction_msgs/msg/I18nArgument.msg
-- Installing: /TiaGo_TourGuide/TiagoTourGuide_ws/install/share/pal_interaction_msgs/msg/Input.msg
-- Installing: /TiaGo_TourGuide/TiagoTourGuide_ws/install/share/pal_interaction_msgs/msg/InputArgument.msg
-- Installing: /TiaGo_TourGuide/TiagoTourGuide_ws/install/share/pal_interaction_msgs/msg/TTSstate.msg
-- Installing: /TiaGo_TourGuide/TiagoTourGuide_ws/install/share/pal_interaction_msgs/msg/TtsText.msg
-- Installing: /TiaGo_TourGuide/TiagoTourGuide_ws/install/share/pal_interaction_msgs/msg/TtsMark.msg
-- Installing: /TiaGo_TourGuide/TiagoTourGuide_ws/install/share/pal_interaction_msgs/msg/VoiceActivity.msg
-- Installing: /TiaGo_TourGuide/TiagoTourGuide_ws/install/share/pal_interaction_msgs/msg/WebGuiEvent.msg
-- Installing: /TiaGo_TourGuide/TiagoTourGuide_ws/install/share/pal_interaction_msgs/action/ASRFile.action
-- Installing: /TiaGo_TourGuide/TiagoTourGuide_ws/install/share/pal_interaction_msgs/action/AudioPlay.action
-- Installing: /TiaGo_TourGuide/TiagoTourGuide_ws/install/share/pal_interaction_msgs/action/Sound.action
-- Installing: /TiaGo_TourGuide/TiagoTourGuide_ws/install/share/pal_interaction_msgs/action/Tts.action
-- Installing: /TiaGo_TourGuide/TiagoTourGuide_ws/install/share/pal_interaction_msgs/msg/ASRFileAction.msg
-- Installing: /TiaGo_TourGuide/TiagoTourGuide_ws/install/share/pal_interaction_msgs/msg/ASRFileActionGoal.msg
-- Installing: /TiaGo_TourGuide/TiagoTourGuide_ws/install/share/pal_interaction_msgs/msg/ASRFileActionResult.msg
-- Installing: /TiaGo_TourGuide/TiagoTourGuide_ws/install/share/pal_interaction_msgs/msg/ASRFileActionFeedback.msg
-- Installing: /TiaGo_TourGuide/TiagoTourGuide_ws/install/share/pal_interaction_msgs/msg/ASRFileGoal.msg
-- Installing: /TiaGo_TourGuide/TiagoTourGuide_ws/install/share/pal_interaction_msgs/msg/ASRFileResult.msg
-- Installing: /TiaGo_TourGuide/TiagoTourGuide_ws/install/share/pal_interaction_msgs/msg/ASRFileFeedback.msg
-- Installing: /TiaGo_TourGuide/TiagoTourGuide_ws/install/share/pal_interaction_msgs/msg/AudioPlayAction.msg
-- Installing: /TiaGo_TourGuide/TiagoTourGuide_ws/install/share/pal_interaction_msgs/msg/AudioPlayActionGoal.msg
-- Installing: /TiaGo_TourGuide/TiagoTourGuide_ws/install/share/pal_interaction_msgs/msg/AudioPlayActionResult.msg
-- Installing: /TiaGo_TourGuide/TiagoTourGuide_ws/install/share/pal_interaction_msgs/msg/AudioPlayActionFeedback.msg
-- Installing: /TiaGo_TourGuide/TiagoTourGuide_ws/install/share/pal_interaction_msgs/msg/AudioPlayGoal.msg
-- Installing: /TiaGo_TourGuide/TiagoTourGuide_ws/install/share/pal_interaction_msgs/msg/AudioPlayResult.msg
-- Installing: /TiaGo_TourGuide/TiagoTourGuide_ws/install/share/pal_interaction_msgs/msg/AudioPlayFeedback.msg
-- Installing: /TiaGo_TourGuide/TiagoTourGuide_ws/install/share/pal_interaction_msgs/msg/SoundAction.msg
-- Installing: /TiaGo_TourGuide/TiagoTourGuide_ws/install/share/pal_interaction_msgs/msg/SoundActionGoal.msg
-- Installing: /TiaGo_TourGuide/TiagoTourGuide_ws/install/share/pal_interaction_msgs/msg/SoundActionResult.msg
-- Installing: /TiaGo_TourGuide/TiagoTourGuide_ws/install/share/pal_interaction_msgs/msg/SoundActionFeedback.msg
-- Installing: /TiaGo_TourGuide/TiagoTourGuide_ws/install/share/pal_interaction_msgs/msg/SoundGoal.msg
-- Installing: /TiaGo_TourGuide/TiagoTourGuide_ws/install/share/pal_interaction_msgs/msg/SoundResult.msg
-- Installing: /TiaGo_TourGuide/TiagoTourGuide_ws/install/share/pal_interaction_msgs/msg/SoundFeedback.msg
-- Installing: /TiaGo_TourGuide/TiagoTourGuide_ws/install/share/pal_interaction_msgs/msg/TtsAction.msg
-- Installing: /TiaGo_TourGuide/TiagoTourGuide_ws/install/share/pal_interaction_msgs/msg/TtsActionGoal.msg
-- Installing: /TiaGo_TourGuide/TiagoTourGuide_ws/install/share/pal_interaction_msgs/msg/TtsActionResult.msg
-- Installing: /TiaGo_TourGuide/TiagoTourGuide_ws/install/share/pal_interaction_msgs/msg/TtsActionFeedback.msg
-- Installing: /TiaGo_TourGuide/TiagoTourGuide_ws/install/share/pal_interaction_msgs/msg/TtsGoal.msg
-- Installing: /TiaGo_TourGuide/TiagoTourGuide_ws/install/share/pal_interaction_msgs/msg/TtsResult.msg
-- Installing: /TiaGo_TourGuide/TiagoTourGuide_ws/install/share/pal_interaction_msgs/msg/TtsFeedback.msg
-- Installing: /TiaGo_TourGuide/TiagoTourGuide_ws/install/share/pal_interaction_msgs/srv/ASRService.srv
-- Installing: /TiaGo_TourGuide/TiagoTourGuide_ws/install/share/pal_interaction_msgs/srv/GetSpeechDuration.srv
-- Installing: /TiaGo_TourGuide/TiagoTourGuide_ws/install/share/pal_interaction_msgs/srv/recognizerService.srv
-- Installing: /TiaGo_TourGuide/TiagoTourGuide_ws/install/share/pal_interaction_msgs/srv/SoundLocalisationService.srv
-- Installing: /TiaGo_TourGuide/TiagoTourGuide_ws/install/share/pal_interaction_msgs/cmake/pal_interaction_msgs-msg-paths.cmake
-- Installing: /TiaGo_TourGuide/TiagoTourGuide_ws/install/include/pal_interaction_msgs
-- Installing: /TiaGo_TourGuide/TiagoTourGuide_ws/install/include/pal_interaction_msgs/AudioPlayFeedback.h
-- Installing: /TiaGo_TourGuide/TiagoTourGuide_ws/install/include/pal_interaction_msgs/TtsActionGoal.h
-- Installing: /TiaGo_TourGuide/TiagoTourGuide_ws/install/include/pal_interaction_msgs/ASRFileGoal.h
-- Installing: /TiaGo_TourGuide/TiagoTourGuide_ws/install/include/pal_interaction_msgs/SoundGoal.h
-- Installing: /TiaGo_TourGuide/TiagoTourGuide_ws/install/include/pal_interaction_msgs/AudioPlayGoal.h
-- Installing: /TiaGo_TourGuide/TiagoTourGuide_ws/install/include/pal_interaction_msgs/TTSstate.h
-- Installing: /TiaGo_TourGuide/TiagoTourGuide_ws/install/include/pal_interaction_msgs/SoundLocalisationServiceResponse.h
-- Installing: /TiaGo_TourGuide/TiagoTourGuide_ws/install/include/pal_interaction_msgs/ASRService.h
-- Installing: /TiaGo_TourGuide/TiagoTourGuide_ws/install/include/pal_interaction_msgs/SoundLocalisationService.h
-- Installing: /TiaGo_TourGuide/TiagoTourGuide_ws/install/include/pal_interaction_msgs/TtsActionFeedback.h
-- Installing: /TiaGo_TourGuide/TiagoTourGuide_ws/install/include/pal_interaction_msgs/asrresult.h
-- Installing: /TiaGo_TourGuide/TiagoTourGuide_ws/install/include/pal_interaction_msgs/Input.h
-- Installing: /TiaGo_TourGuide/TiagoTourGuide_ws/install/include/pal_interaction_msgs/ASRFileActionFeedback.h
-- Installing: /TiaGo_TourGuide/TiagoTourGuide_ws/install/include/pal_interaction_msgs/ASRLanguage.h
-- Installing: /TiaGo_TourGuide/TiagoTourGuide_ws/install/include/pal_interaction_msgs/TtsGoal.h
-- Installing: /TiaGo_TourGuide/TiagoTourGuide_ws/install/include/pal_interaction_msgs/SoundActionFeedback.h
-- Installing: /TiaGo_TourGuide/TiagoTourGuide_ws/install/include/pal_interaction_msgs/ASRActivation.h
-- Installing: /TiaGo_TourGuide/TiagoTourGuide_ws/install/include/pal_interaction_msgs/ASRFileAction.h
-- Installing: /TiaGo_TourGuide/TiagoTourGuide_ws/install/include/pal_interaction_msgs/GetSpeechDurationResponse.h
-- Installing: /TiaGo_TourGuide/TiagoTourGuide_ws/install/include/pal_interaction_msgs/WebGuiEvent.h
-- Installing: /TiaGo_TourGuide/TiagoTourGuide_ws/install/include/pal_interaction_msgs/ASRFileResult.h
-- Installing: /TiaGo_TourGuide/TiagoTourGuide_ws/install/include/pal_interaction_msgs/ASRSrvRequest.h
-- Installing: /TiaGo_TourGuide/TiagoTourGuide_ws/install/include/pal_interaction_msgs/ASRLangModelMngmt.h
-- Installing: /TiaGo_TourGuide/TiagoTourGuide_ws/install/include/pal_interaction_msgs/ASRServiceResponse.h
-- Installing: /TiaGo_TourGuide/TiagoTourGuide_ws/install/include/pal_interaction_msgs/TtsActionResult.h
-- Installing: /TiaGo_TourGuide/TiagoTourGuide_ws/install/include/pal_interaction_msgs/audiosignal.h
-- Installing: /TiaGo_TourGuide/TiagoTourGuide_ws/install/include/pal_interaction_msgs/TtsResult.h
-- Installing: /TiaGo_TourGuide/TiagoTourGuide_ws/install/include/pal_interaction_msgs/AudioPlayerState.h
-- Installing: /TiaGo_TourGuide/TiagoTourGuide_ws/install/include/pal_interaction_msgs/ASRFileActionResult.h
-- Installing: /TiaGo_TourGuide/TiagoTourGuide_ws/install/include/pal_interaction_msgs/ASRStatus.h
-- Installing: /TiaGo_TourGuide/TiagoTourGuide_ws/install/include/pal_interaction_msgs/GetSpeechDurationRequest.h
-- Installing: /TiaGo_TourGuide/TiagoTourGuide_ws/install/include/pal_interaction_msgs/TtsAction.h
-- Installing: /TiaGo_TourGuide/TiagoTourGuide_ws/install/include/pal_interaction_msgs/recognizerServiceRequest.h
-- Installing: /TiaGo_TourGuide/TiagoTourGuide_ws/install/include/pal_interaction_msgs/ASRSrvResponse.h
-- Installing: /TiaGo_TourGuide/TiagoTourGuide_ws/install/include/pal_interaction_msgs/GetSpeechDuration.h
-- Installing: /TiaGo_TourGuide/TiagoTourGuide_ws/install/include/pal_interaction_msgs/SoundFeedback.h
-- Installing: /TiaGo_TourGuide/TiagoTourGuide_ws/install/include/pal_interaction_msgs/ASRFileActionGoal.h
-- Installing: /TiaGo_TourGuide/TiagoTourGuide_ws/install/include/pal_interaction_msgs/EnablingSoundLocalisation.h
-- Installing: /TiaGo_TourGuide/TiagoTourGuide_ws/install/include/pal_interaction_msgs/DirectionOfArrival.h
-- Installing: /TiaGo_TourGuide/TiagoTourGuide_ws/install/include/pal_interaction_msgs/asrupdate.h
-- Installing: /TiaGo_TourGuide/TiagoTourGuide_ws/install/include/pal_interaction_msgs/SoundLocalisationServiceRequest.h
-- Installing: /TiaGo_TourGuide/TiagoTourGuide_ws/install/include/pal_interaction_msgs/recognizerServiceResponse.h
-- Installing: /TiaGo_TourGuide/TiagoTourGuide_ws/install/include/pal_interaction_msgs/VoiceActivity.h
-- Installing: /TiaGo_TourGuide/TiagoTourGuide_ws/install/include/pal_interaction_msgs/AudioPlayActionResult.h
-- Installing: /TiaGo_TourGuide/TiagoTourGuide_ws/install/include/pal_interaction_msgs/TtsMark.h
-- Installing: /TiaGo_TourGuide/TiagoTourGuide_ws/install/include/pal_interaction_msgs/TtsText.h
-- Installing: /TiaGo_TourGuide/TiagoTourGuide_ws/install/include/pal_interaction_msgs/I18nArgument.h
-- Installing: /TiaGo_TourGuide/TiagoTourGuide_ws/install/include/pal_interaction_msgs/SoundResult.h
-- Installing: /TiaGo_TourGuide/TiagoTourGuide_ws/install/include/pal_interaction_msgs/InputArgument.h
-- Installing: /TiaGo_TourGuide/TiagoTourGuide_ws/install/include/pal_interaction_msgs/ASREvent.h
-- Installing: /TiaGo_TourGuide/TiagoTourGuide_ws/install/include/pal_interaction_msgs/SoundActionGoal.h
-- Installing: /TiaGo_TourGuide/TiagoTourGuide_ws/install/include/pal_interaction_msgs/AudioPlayAction.h
-- Installing: /TiaGo_TourGuide/TiagoTourGuide_ws/install/include/pal_interaction_msgs/AudioDeviceDescription.h
-- Installing: /TiaGo_TourGuide/TiagoTourGuide_ws/install/include/pal_interaction_msgs/AudioPlayResult.h
-- Installing: /TiaGo_TourGuide/TiagoTourGuide_ws/install/include/pal_interaction_msgs/SoundAction.h
-- Installing: /TiaGo_TourGuide/TiagoTourGuide_ws/install/include/pal_interaction_msgs/TtsFeedback.h
-- Installing: /TiaGo_TourGuide/TiagoTourGuide_ws/install/include/pal_interaction_msgs/AudioPlayActionGoal.h
-- Installing: /TiaGo_TourGuide/TiagoTourGuide_ws/install/include/pal_interaction_msgs/ASRServiceRequest.h
-- Installing: /TiaGo_TourGuide/TiagoTourGuide_ws/install/include/pal_interaction_msgs/ASRFileFeedback.h
-- Installing: /TiaGo_TourGuide/TiagoTourGuide_ws/install/include/pal_interaction_msgs/actiontag.h
-- Installing: /TiaGo_TourGuide/TiagoTourGuide_ws/install/include/pal_interaction_msgs/AudioPlayActionFeedback.h
-- Installing: /TiaGo_TourGuide/TiagoTourGuide_ws/install/include/pal_interaction_msgs/I18nText.h
-- Installing: /TiaGo_TourGuide/TiagoTourGuide_ws/install/include/pal_interaction_msgs/SoundActionResult.h
-- Installing: /TiaGo_TourGuide/TiagoTourGuide_ws/install/include/pal_interaction_msgs/recognizerService.h
-- Installing: /TiaGo_TourGuide/TiagoTourGuide_ws/install/share/roseus/ros/pal_interaction_msgs
-- Installing: /TiaGo_TourGuide/TiagoTourGuide_ws/install/share/roseus/ros/pal_interaction_msgs/msg
-- Installing: /TiaGo_TourGuide/TiagoTourGuide_ws/install/share/roseus/ros/pal_interaction_msgs/msg/asrupdate.l
-- Installing: /TiaGo_TourGuide/TiagoTourGuide_ws/install/share/roseus/ros/pal_interaction_msgs/msg/DirectionOfArrival.l
-- Installing: /TiaGo_TourGuide/TiagoTourGuide_ws/install/share/roseus/ros/pal_interaction_msgs/msg/EnablingSoundLocalisation.l
-- Installing: /TiaGo_TourGuide/TiagoTourGuide_ws/install/share/roseus/ros/pal_interaction_msgs/msg/AudioPlayActionResult.l
-- Installing: /TiaGo_TourGuide/TiagoTourGuide_ws/install/share/roseus/ros/pal_interaction_msgs/msg/VoiceActivity.l
-- Installing: /TiaGo_TourGuide/TiagoTourGuide_ws/install/share/roseus/ros/pal_interaction_msgs/msg/TtsMark.l
-- Installing: /TiaGo_TourGuide/TiagoTourGuide_ws/install/share/roseus/ros/pal_interaction_msgs/msg/TtsText.l
-- Installing: /TiaGo_TourGuide/TiagoTourGuide_ws/install/share/roseus/ros/pal_interaction_msgs/msg/ASREvent.l
-- Installing: /TiaGo_TourGuide/TiagoTourGuide_ws/install/share/roseus/ros/pal_interaction_msgs/msg/SoundActionGoal.l
-- Installing: /TiaGo_TourGuide/TiagoTourGuide_ws/install/share/roseus/ros/pal_interaction_msgs/msg/AudioPlayAction.l
-- Installing: /TiaGo_TourGuide/TiagoTourGuide_ws/install/share/roseus/ros/pal_interaction_msgs/msg/I18nArgument.l
-- Installing: /TiaGo_TourGuide/TiagoTourGuide_ws/install/share/roseus/ros/pal_interaction_msgs/msg/SoundResult.l
-- Installing: /TiaGo_TourGuide/TiagoTourGuide_ws/install/share/roseus/ros/pal_interaction_msgs/msg/InputArgument.l
-- Installing: /TiaGo_TourGuide/TiagoTourGuide_ws/install/share/roseus/ros/pal_interaction_msgs/msg/SoundAction.l
-- Installing: /TiaGo_TourGuide/TiagoTourGuide_ws/install/share/roseus/ros/pal_interaction_msgs/msg/TtsFeedback.l
-- Installing: /TiaGo_TourGuide/TiagoTourGuide_ws/install/share/roseus/ros/pal_interaction_msgs/msg/AudioDeviceDescription.l
-- Installing: /TiaGo_TourGuide/TiagoTourGuide_ws/install/share/roseus/ros/pal_interaction_msgs/msg/AudioPlayResult.l
-- Installing: /TiaGo_TourGuide/TiagoTourGuide_ws/install/share/roseus/ros/pal_interaction_msgs/msg/AudioPlayActionGoal.l
-- Installing: /TiaGo_TourGuide/TiagoTourGuide_ws/install/share/roseus/ros/pal_interaction_msgs/msg/ASRFileFeedback.l
-- Installing: /TiaGo_TourGuide/TiagoTourGuide_ws/install/share/roseus/ros/pal_interaction_msgs/msg/actiontag.l
-- Installing: /TiaGo_TourGuide/TiagoTourGuide_ws/install/share/roseus/ros/pal_interaction_msgs/msg/SoundActionResult.l
-- Installing: /TiaGo_TourGuide/TiagoTourGuide_ws/install/share/roseus/ros/pal_interaction_msgs/msg/AudioPlayActionFeedback.l
-- Installing: /TiaGo_TourGuide/TiagoTourGuide_ws/install/share/roseus/ros/pal_interaction_msgs/msg/I18nText.l
-- Installing: /TiaGo_TourGuide/TiagoTourGuide_ws/install/share/roseus/ros/pal_interaction_msgs/msg/AudioPlayFeedback.l
-- Installing: /TiaGo_TourGuide/TiagoTourGuide_ws/install/share/roseus/ros/pal_interaction_msgs/msg/AudioPlayGoal.l
-- Installing: /TiaGo_TourGuide/TiagoTourGuide_ws/install/share/roseus/ros/pal_interaction_msgs/msg/ASRFileGoal.l
-- Installing: /TiaGo_TourGuide/TiagoTourGuide_ws/install/share/roseus/ros/pal_interaction_msgs/msg/SoundGoal.l
-- Installing: /TiaGo_TourGuide/TiagoTourGuide_ws/install/share/roseus/ros/pal_interaction_msgs/msg/TtsActionGoal.l
-- Installing: /TiaGo_TourGuide/TiagoTourGuide_ws/install/share/roseus/ros/pal_interaction_msgs/msg/TTSstate.l
-- Installing: /TiaGo_TourGuide/TiagoTourGuide_ws/install/share/roseus/ros/pal_interaction_msgs/msg/ASRFileActionFeedback.l
-- Installing: /TiaGo_TourGuide/TiagoTourGuide_ws/install/share/roseus/ros/pal_interaction_msgs/msg/ASRLanguage.l
-- Installing: /TiaGo_TourGuide/TiagoTourGuide_ws/install/share/roseus/ros/pal_interaction_msgs/msg/TtsActionFeedback.l
-- Installing: /TiaGo_TourGuide/TiagoTourGuide_ws/install/share/roseus/ros/pal_interaction_msgs/msg/asrresult.l
-- Installing: /TiaGo_TourGuide/TiagoTourGuide_ws/install/share/roseus/ros/pal_interaction_msgs/msg/Input.l
-- Installing: /TiaGo_TourGuide/TiagoTourGuide_ws/install/share/roseus/ros/pal_interaction_msgs/msg/ASRFileAction.l
-- Installing: /TiaGo_TourGuide/TiagoTourGuide_ws/install/share/roseus/ros/pal_interaction_msgs/msg/TtsGoal.l
-- Installing: /TiaGo_TourGuide/TiagoTourGuide_ws/install/share/roseus/ros/pal_interaction_msgs/msg/ASRActivation.l
-- Installing: /TiaGo_TourGuide/TiagoTourGuide_ws/install/share/roseus/ros/pal_interaction_msgs/msg/SoundActionFeedback.l
-- Installing: /TiaGo_TourGuide/TiagoTourGuide_ws/install/share/roseus/ros/pal_interaction_msgs/msg/ASRSrvRequest.l
-- Installing: /TiaGo_TourGuide/TiagoTourGuide_ws/install/share/roseus/ros/pal_interaction_msgs/msg/WebGuiEvent.l
-- Installing: /TiaGo_TourGuide/TiagoTourGuide_ws/install/share/roseus/ros/pal_interaction_msgs/msg/ASRFileResult.l
-- Installing: /TiaGo_TourGuide/TiagoTourGuide_ws/install/share/roseus/ros/pal_interaction_msgs/msg/TtsActionResult.l
-- Installing: /TiaGo_TourGuide/TiagoTourGuide_ws/install/share/roseus/ros/pal_interaction_msgs/msg/audiosignal.l
-- Installing: /TiaGo_TourGuide/TiagoTourGuide_ws/install/share/roseus/ros/pal_interaction_msgs/msg/TtsResult.l
-- Installing: /TiaGo_TourGuide/TiagoTourGuide_ws/install/share/roseus/ros/pal_interaction_msgs/msg/AudioPlayerState.l
-- Installing: /TiaGo_TourGuide/TiagoTourGuide_ws/install/share/roseus/ros/pal_interaction_msgs/msg/ASRLangModelMngmt.l
-- Installing: /TiaGo_TourGuide/TiagoTourGuide_ws/install/share/roseus/ros/pal_interaction_msgs/msg/ASRFileActionResult.l
-- Installing: /TiaGo_TourGuide/TiagoTourGuide_ws/install/share/roseus/ros/pal_interaction_msgs/msg/ASRStatus.l
-- Installing: /TiaGo_TourGuide/TiagoTourGuide_ws/install/share/roseus/ros/pal_interaction_msgs/msg/TtsAction.l
-- Installing: /TiaGo_TourGuide/TiagoTourGuide_ws/install/share/roseus/ros/pal_interaction_msgs/msg/ASRSrvResponse.l
-- Installing: /TiaGo_TourGuide/TiagoTourGuide_ws/install/share/roseus/ros/pal_interaction_msgs/msg/ASRFileActionGoal.l
-- Installing: /TiaGo_TourGuide/TiagoTourGuide_ws/install/share/roseus/ros/pal_interaction_msgs/msg/SoundFeedback.l
-- Installing: /TiaGo_TourGuide/TiagoTourGuide_ws/install/share/roseus/ros/pal_interaction_msgs/manifest.l
-- Installing: /TiaGo_TourGuide/TiagoTourGuide_ws/install/share/roseus/ros/pal_interaction_msgs/srv
-- Installing: /TiaGo_TourGuide/TiagoTourGuide_ws/install/share/roseus/ros/pal_interaction_msgs/srv/recognizerService.l
-- Installing: /TiaGo_TourGuide/TiagoTourGuide_ws/install/share/roseus/ros/pal_interaction_msgs/srv/ASRService.l
-- Installing: /TiaGo_TourGuide/TiagoTourGuide_ws/install/share/roseus/ros/pal_interaction_msgs/srv/SoundLocalisationService.l
-- Installing: /TiaGo_TourGuide/TiagoTourGuide_ws/install/share/roseus/ros/pal_interaction_msgs/srv/GetSpeechDuration.l
-- Installing: /TiaGo_TourGuide/TiagoTourGuide_ws/install/share/common-lisp/ros/pal_interaction_msgs
-- Installing: /TiaGo_TourGuide/TiagoTourGuide_ws/install/share/common-lisp/ros/pal_interaction_msgs/msg
-- Installing: /TiaGo_TourGuide/TiagoTourGuide_ws/install/share/common-lisp/ros/pal_interaction_msgs/msg/TtsGoal.lisp
-- Installing: /TiaGo_TourGuide/TiagoTourGuide_ws/install/share/common-lisp/ros/pal_interaction_msgs/msg/ASRLanguage.lisp
-- Installing: /TiaGo_TourGuide/TiagoTourGuide_ws/install/share/common-lisp/ros/pal_interaction_msgs/msg/_package_ASRSrvResponse.lisp
-- Installing: /TiaGo_TourGuide/TiagoTourGuide_ws/install/share/common-lisp/ros/pal_interaction_msgs/msg/_package_SoundAction.lisp
-- Installing: /TiaGo_TourGuide/TiagoTourGuide_ws/install/share/common-lisp/ros/pal_interaction_msgs/msg/ASRFileFeedback.lisp
-- Installing: /TiaGo_TourGuide/TiagoTourGuide_ws/install/share/common-lisp/ros/pal_interaction_msgs/msg/_package_AudioPlayAction.lisp
-- Installing: /TiaGo_TourGuide/TiagoTourGuide_ws/install/share/common-lisp/ros/pal_interaction_msgs/msg/_package_TtsResult.lisp
-- Installing: /TiaGo_TourGuide/TiagoTourGuide_ws/install/share/common-lisp/ros/pal_interaction_msgs/msg/ASRStatus.lisp
-- Installing: /TiaGo_TourGuide/TiagoTourGuide_ws/install/share/common-lisp/ros/pal_interaction_msgs/msg/_package_DirectionOfArrival.lisp
-- Installing: /TiaGo_TourGuide/TiagoTourGuide_ws/install/share/common-lisp/ros/pal_interaction_msgs/msg/_package_SoundResult.lisp
-- Installing: /TiaGo_TourGuide/TiagoTourGuide_ws/install/share/common-lisp/ros/pal_interaction_msgs/msg/_package_InputArgument.lisp
-- Installing: /TiaGo_TourGuide/TiagoTourGuide_ws/install/share/common-lisp/ros/pal_interaction_msgs/msg/_package_TtsAction.lisp
-- Installing: /TiaGo_TourGuide/TiagoTourGuide_ws/install/share/common-lisp/ros/pal_interaction_msgs/msg/_package_AudioPlayResult.lisp
-- Installing: /TiaGo_TourGuide/TiagoTourGuide_ws/install/share/common-lisp/ros/pal_interaction_msgs/msg/TtsActionFeedback.lisp
-- Installing: /TiaGo_TourGuide/TiagoTourGuide_ws/install/share/common-lisp/ros/pal_interaction_msgs/msg/_package_I18nText.lisp
-- Installing: /TiaGo_TourGuide/TiagoTourGuide_ws/install/share/common-lisp/ros/pal_interaction_msgs/msg/_package_SoundActionGoal.lisp
-- Installing: /TiaGo_TourGuide/TiagoTourGuide_ws/install/share/common-lisp/ros/pal_interaction_msgs/msg/EnablingSoundLocalisation.lisp
-- Installing: /TiaGo_TourGuide/TiagoTourGuide_ws/install/share/common-lisp/ros/pal_interaction_msgs/msg/audiosignal.lisp
-- Installing: /TiaGo_TourGuide/TiagoTourGuide_ws/install/share/common-lisp/ros/pal_interaction_msgs/msg/_package_ASRFileFeedback.lisp
-- Installing: /TiaGo_TourGuide/TiagoTourGuide_ws/install/share/common-lisp/ros/pal_interaction_msgs/msg/AudioPlayAction.lisp
-- Installing: /TiaGo_TourGuide/TiagoTourGuide_ws/install/share/common-lisp/ros/pal_interaction_msgs/msg/AudioPlayGoal.lisp
-- Installing: /TiaGo_TourGuide/TiagoTourGuide_ws/install/share/common-lisp/ros/pal_interaction_msgs/msg/_package_I18nArgument.lisp
-- Installing: /TiaGo_TourGuide/TiagoTourGuide_ws/install/share/common-lisp/ros/pal_interaction_msgs/msg/AudioPlayActionFeedback.lisp
-- Installing: /TiaGo_TourGuide/TiagoTourGuide_ws/install/share/common-lisp/ros/pal_interaction_msgs/msg/TtsFeedback.lisp
-- Installing: /TiaGo_TourGuide/TiagoTourGuide_ws/install/share/common-lisp/ros/pal_interaction_msgs/msg/_package_TtsActionFeedback.lisp
-- Installing: /TiaGo_TourGuide/TiagoTourGuide_ws/install/share/common-lisp/ros/pal_interaction_msgs/msg/_package_ASRFileActionFeedback.lisp
-- Installing: /TiaGo_TourGuide/TiagoTourGuide_ws/install/share/common-lisp/ros/pal_interaction_msgs/msg/_package_actiontag.lisp
-- Installing: /TiaGo_TourGuide/TiagoTourGuide_ws/install/share/common-lisp/ros/pal_interaction_msgs/msg/_package_asrresult.lisp
-- Installing: /TiaGo_TourGuide/TiagoTourGuide_ws/install/share/common-lisp/ros/pal_interaction_msgs/msg/SoundActionGoal.lisp
-- Installing: /TiaGo_TourGuide/TiagoTourGuide_ws/install/share/common-lisp/ros/pal_interaction_msgs/msg/_package_ASRFileActionResult.lisp
-- Installing: /TiaGo_TourGuide/TiagoTourGuide_ws/install/share/common-lisp/ros/pal_interaction_msgs/msg/_package_AudioPlayActionGoal.lisp
-- Installing: /TiaGo_TourGuide/TiagoTourGuide_ws/install/share/common-lisp/ros/pal_interaction_msgs/msg/asrupdate.lisp
-- Installing: /TiaGo_TourGuide/TiagoTourGuide_ws/install/share/common-lisp/ros/pal_interaction_msgs/msg/_package_Input.lisp
-- Installing: /TiaGo_TourGuide/TiagoTourGuide_ws/install/share/common-lisp/ros/pal_interaction_msgs/msg/AudioPlayResult.lisp
-- Installing: /TiaGo_TourGuide/TiagoTourGuide_ws/install/share/common-lisp/ros/pal_interaction_msgs/msg/AudioPlayActionResult.lisp
-- Installing: /TiaGo_TourGuide/TiagoTourGuide_ws/install/share/common-lisp/ros/pal_interaction_msgs/msg/_package_ASRFileAction.lisp
-- Installing: /TiaGo_TourGuide/TiagoTourGuide_ws/install/share/common-lisp/ros/pal_interaction_msgs/msg/AudioPlayFeedback.lisp
-- Installing: /TiaGo_TourGuide/TiagoTourGuide_ws/install/share/common-lisp/ros/pal_interaction_msgs/msg/I18nArgument.lisp
-- Installing: /TiaGo_TourGuide/TiagoTourGuide_ws/install/share/common-lisp/ros/pal_interaction_msgs/msg/ASRFileGoal.lisp
-- Installing: /TiaGo_TourGuide/TiagoTourGuide_ws/install/share/common-lisp/ros/pal_interaction_msgs/msg/AudioDeviceDescription.lisp
-- Installing: /TiaGo_TourGuide/TiagoTourGuide_ws/install/share/common-lisp/ros/pal_interaction_msgs/msg/_package_ASRFileResult.lisp
-- Installing: /TiaGo_TourGuide/TiagoTourGuide_ws/install/share/common-lisp/ros/pal_interaction_msgs/msg/_package_AudioPlayFeedback.lisp
-- Installing: /TiaGo_TourGuide/TiagoTourGuide_ws/install/share/common-lisp/ros/pal_interaction_msgs/msg/SoundFeedback.lisp
-- Installing: /TiaGo_TourGuide/TiagoTourGuide_ws/install/share/common-lisp/ros/pal_interaction_msgs/msg/AudioPlayerState.lisp
-- Installing: /TiaGo_TourGuide/TiagoTourGuide_ws/install/share/common-lisp/ros/pal_interaction_msgs/msg/_package_TtsMark.lisp
-- Installing: /TiaGo_TourGuide/TiagoTourGuide_ws/install/share/common-lisp/ros/pal_interaction_msgs/msg/_package_SoundGoal.lisp
-- Installing: /TiaGo_TourGuide/TiagoTourGuide_ws/install/share/common-lisp/ros/pal_interaction_msgs/msg/I18nText.lisp
-- Installing: /TiaGo_TourGuide/TiagoTourGuide_ws/install/share/common-lisp/ros/pal_interaction_msgs/msg/AudioPlayActionGoal.lisp
-- Installing: /TiaGo_TourGuide/TiagoTourGuide_ws/install/share/common-lisp/ros/pal_interaction_msgs/msg/_package_ASRSrvRequest.lisp
-- Installing: /TiaGo_TourGuide/TiagoTourGuide_ws/install/share/common-lisp/ros/pal_interaction_msgs/msg/_package_TtsActionGoal.lisp
-- Installing: /TiaGo_TourGuide/TiagoTourGuide_ws/install/share/common-lisp/ros/pal_interaction_msgs/msg/ASRFileActionResult.lisp
-- Installing: /TiaGo_TourGuide/TiagoTourGuide_ws/install/share/common-lisp/ros/pal_interaction_msgs/msg/DirectionOfArrival.lisp
-- Installing: /TiaGo_TourGuide/TiagoTourGuide_ws/install/share/common-lisp/ros/pal_interaction_msgs/msg/WebGuiEvent.lisp
-- Installing: /TiaGo_TourGuide/TiagoTourGuide_ws/install/share/common-lisp/ros/pal_interaction_msgs/msg/_package_TtsText.lisp
-- Installing: /TiaGo_TourGuide/TiagoTourGuide_ws/install/share/common-lisp/ros/pal_interaction_msgs/msg/_package_ASRActivation.lisp
-- Installing: /TiaGo_TourGuide/TiagoTourGuide_ws/install/share/common-lisp/ros/pal_interaction_msgs/msg/_package.lisp
-- Installing: /TiaGo_TourGuide/TiagoTourGuide_ws/install/share/common-lisp/ros/pal_interaction_msgs/msg/_package_VoiceActivity.lisp
-- Installing: /TiaGo_TourGuide/TiagoTourGuide_ws/install/share/common-lisp/ros/pal_interaction_msgs/msg/_package_EnablingSoundLocalisation.lisp
-- Installing: /TiaGo_TourGuide/TiagoTourGuide_ws/install/share/common-lisp/ros/pal_interaction_msgs/msg/TTSstate.lisp
-- Installing: /TiaGo_TourGuide/TiagoTourGuide_ws/install/share/common-lisp/ros/pal_interaction_msgs/msg/ASRFileAction.lisp
-- Installing: /TiaGo_TourGuide/TiagoTourGuide_ws/install/share/common-lisp/ros/pal_interaction_msgs/msg/ASREvent.lisp
-- Installing: /TiaGo_TourGuide/TiagoTourGuide_ws/install/share/common-lisp/ros/pal_interaction_msgs/msg/ASRFileResult.lisp
-- Installing: /TiaGo_TourGuide/TiagoTourGuide_ws/install/share/common-lisp/ros/pal_interaction_msgs/msg/_package_ASRFileGoal.lisp
-- Installing: /TiaGo_TourGuide/TiagoTourGuide_ws/install/share/common-lisp/ros/pal_interaction_msgs/msg/ASRFileActionFeedback.lisp
-- Installing: /TiaGo_TourGuide/TiagoTourGuide_ws/install/share/common-lisp/ros/pal_interaction_msgs/msg/SoundActionResult.lisp
-- Installing: /TiaGo_TourGuide/TiagoTourGuide_ws/install/share/common-lisp/ros/pal_interaction_msgs/msg/SoundActionFeedback.lisp
-- Installing: /TiaGo_TourGuide/TiagoTourGuide_ws/install/share/common-lisp/ros/pal_interaction_msgs/msg/SoundGoal.lisp
-- Installing: /TiaGo_TourGuide/TiagoTourGuide_ws/install/share/common-lisp/ros/pal_interaction_msgs/msg/ASRSrvResponse.lisp
-- Installing: /TiaGo_TourGuide/TiagoTourGuide_ws/install/share/common-lisp/ros/pal_interaction_msgs/msg/_package_SoundFeedback.lisp
-- Installing: /TiaGo_TourGuide/TiagoTourGuide_ws/install/share/common-lisp/ros/pal_interaction_msgs/msg/_package_WebGuiEvent.lisp
-- Installing: /TiaGo_TourGuide/TiagoTourGuide_ws/install/share/common-lisp/ros/pal_interaction_msgs/msg/_package_SoundActionResult.lisp
-- Installing: /TiaGo_TourGuide/TiagoTourGuide_ws/install/share/common-lisp/ros/pal_interaction_msgs/msg/ASRActivation.lisp
-- Installing: /TiaGo_TourGuide/TiagoTourGuide_ws/install/share/common-lisp/ros/pal_interaction_msgs/msg/VoiceActivity.lisp
-- Installing: /TiaGo_TourGuide/TiagoTourGuide_ws/install/share/common-lisp/ros/pal_interaction_msgs/msg/_package_AudioPlayerState.lisp
-- Installing: /TiaGo_TourGuide/TiagoTourGuide_ws/install/share/common-lisp/ros/pal_interaction_msgs/msg/TtsActionGoal.lisp
-- Installing: /TiaGo_TourGuide/TiagoTourGuide_ws/install/share/common-lisp/ros/pal_interaction_msgs/msg/ASRSrvRequest.lisp
-- Installing: /TiaGo_TourGuide/TiagoTourGuide_ws/install/share/common-lisp/ros/pal_interaction_msgs/msg/_package_TtsGoal.lisp
-- Installing: /TiaGo_TourGuide/TiagoTourGuide_ws/install/share/common-lisp/ros/pal_interaction_msgs/msg/actiontag.lisp
-- Installing: /TiaGo_TourGuide/TiagoTourGuide_ws/install/share/common-lisp/ros/pal_interaction_msgs/msg/_package_asrupdate.lisp
-- Installing: /TiaGo_TourGuide/TiagoTourGuide_ws/install/share/common-lisp/ros/pal_interaction_msgs/msg/_package_TtsActionResult.lisp
-- Installing: /TiaGo_TourGuide/TiagoTourGuide_ws/install/share/common-lisp/ros/pal_interaction_msgs/msg/_package_AudioDeviceDescription.lisp
-- Installing: /TiaGo_TourGuide/TiagoTourGuide_ws/install/share/common-lisp/ros/pal_interaction_msgs/msg/_package_ASRLangModelMngmt.lisp
-- Installing: /TiaGo_TourGuide/TiagoTourGuide_ws/install/share/common-lisp/ros/pal_interaction_msgs/msg/asrresult.lisp
-- Installing: /TiaGo_TourGuide/TiagoTourGuide_ws/install/share/common-lisp/ros/pal_interaction_msgs/msg/TtsText.lisp
-- Installing: /TiaGo_TourGuide/TiagoTourGuide_ws/install/share/common-lisp/ros/pal_interaction_msgs/msg/SoundResult.lisp
-- Installing: /TiaGo_TourGuide/TiagoTourGuide_ws/install/share/common-lisp/ros/pal_interaction_msgs/msg/ASRFileActionGoal.lisp
-- Installing: /TiaGo_TourGuide/TiagoTourGuide_ws/install/share/common-lisp/ros/pal_interaction_msgs/msg/SoundAction.lisp
-- Installing: /TiaGo_TourGuide/TiagoTourGuide_ws/install/share/common-lisp/ros/pal_interaction_msgs/msg/InputArgument.lisp
-- Installing: /TiaGo_TourGuide/TiagoTourGuide_ws/install/share/common-lisp/ros/pal_interaction_msgs/msg/_package_ASRLanguage.lisp
-- Installing: /TiaGo_TourGuide/TiagoTourGuide_ws/install/share/common-lisp/ros/pal_interaction_msgs/msg/TtsMark.lisp
-- Installing: /TiaGo_TourGuide/TiagoTourGuide_ws/install/share/common-lisp/ros/pal_interaction_msgs/msg/_package_SoundActionFeedback.lisp
-- Installing: /TiaGo_TourGuide/TiagoTourGuide_ws/install/share/common-lisp/ros/pal_interaction_msgs/msg/_package_ASREvent.lisp
-- Installing: /TiaGo_TourGuide/TiagoTourGuide_ws/install/share/common-lisp/ros/pal_interaction_msgs/msg/ASRLangModelMngmt.lisp
-- Installing: /TiaGo_TourGuide/TiagoTourGuide_ws/install/share/common-lisp/ros/pal_interaction_msgs/msg/_package_AudioPlayActionResult.lisp
-- Installing: /TiaGo_TourGuide/TiagoTourGuide_ws/install/share/common-lisp/ros/pal_interaction_msgs/msg/TtsAction.lisp
-- Installing: /TiaGo_TourGuide/TiagoTourGuide_ws/install/share/common-lisp/ros/pal_interaction_msgs/msg/pal_interaction_msgs-msg.asd
-- Installing: /TiaGo_TourGuide/TiagoTourGuide_ws/install/share/common-lisp/ros/pal_interaction_msgs/msg/_package_ASRFileActionGoal.lisp
-- Installing: /TiaGo_TourGuide/TiagoTourGuide_ws/install/share/common-lisp/ros/pal_interaction_msgs/msg/TtsActionResult.lisp
-- Installing: /TiaGo_TourGuide/TiagoTourGuide_ws/install/share/common-lisp/ros/pal_interaction_msgs/msg/_package_AudioPlayGoal.lisp
-- Installing: /TiaGo_TourGuide/TiagoTourGuide_ws/install/share/common-lisp/ros/pal_interaction_msgs/msg/_package_TTSstate.lisp
-- Installing: /TiaGo_TourGuide/TiagoTourGuide_ws/install/share/common-lisp/ros/pal_interaction_msgs/msg/_package_TtsFeedback.lisp
-- Installing: /TiaGo_TourGuide/TiagoTourGuide_ws/install/share/common-lisp/ros/pal_interaction_msgs/msg/_package_AudioPlayActionFeedback.lisp
-- Installing: /TiaGo_TourGuide/TiagoTourGuide_ws/install/share/common-lisp/ros/pal_interaction_msgs/msg/Input.lisp
-- Installing: /TiaGo_TourGuide/TiagoTourGuide_ws/install/share/common-lisp/ros/pal_interaction_msgs/msg/_package_ASRStatus.lisp
-- Installing: /TiaGo_TourGuide/TiagoTourGuide_ws/install/share/common-lisp/ros/pal_interaction_msgs/msg/TtsResult.lisp
-- Installing: /TiaGo_TourGuide/TiagoTourGuide_ws/install/share/common-lisp/ros/pal_interaction_msgs/msg/_package_audiosignal.lisp
-- Installing: /TiaGo_TourGuide/TiagoTourGuide_ws/install/share/common-lisp/ros/pal_interaction_msgs/srv
-- Installing: /TiaGo_TourGuide/TiagoTourGuide_ws/install/share/common-lisp/ros/pal_interaction_msgs/srv/_package_SoundLocalisationService.lisp
-- Installing: /TiaGo_TourGuide/TiagoTourGuide_ws/install/share/common-lisp/ros/pal_interaction_msgs/srv/_package_ASRService.lisp
-- Installing: /TiaGo_TourGuide/TiagoTourGuide_ws/install/share/common-lisp/ros/pal_interaction_msgs/srv/GetSpeechDuration.lisp
-- Installing: /TiaGo_TourGuide/TiagoTourGuide_ws/install/share/common-lisp/ros/pal_interaction_msgs/srv/recognizerService.lisp
-- Installing: /TiaGo_TourGuide/TiagoTourGuide_ws/install/share/common-lisp/ros/pal_interaction_msgs/srv/_package_GetSpeechDuration.lisp
-- Installing: /TiaGo_TourGuide/TiagoTourGuide_ws/install/share/common-lisp/ros/pal_interaction_msgs/srv/ASRService.lisp
-- Installing: /TiaGo_TourGuide/TiagoTourGuide_ws/install/share/common-lisp/ros/pal_interaction_msgs/srv/_package.lisp
-- Installing: /TiaGo_TourGuide/TiagoTourGuide_ws/install/share/common-lisp/ros/pal_interaction_msgs/srv/_package_recognizerService.lisp
-- Installing: /TiaGo_TourGuide/TiagoTourGuide_ws/install/share/common-lisp/ros/pal_interaction_msgs/srv/pal_interaction_msgs-srv.asd
-- Installing: /TiaGo_TourGuide/TiagoTourGuide_ws/install/share/common-lisp/ros/pal_interaction_msgs/srv/SoundLocalisationService.lisp
-- Installing: /TiaGo_TourGuide/TiagoTourGuide_ws/install/share/gennodejs/ros/pal_interaction_msgs
-- Installing: /TiaGo_TourGuide/TiagoTourGuide_ws/install/share/gennodejs/ros/pal_interaction_msgs/_index.js
-- Installing: /TiaGo_TourGuide/TiagoTourGuide_ws/install/share/gennodejs/ros/pal_interaction_msgs/msg
-- Installing: /TiaGo_TourGuide/TiagoTourGuide_ws/install/share/gennodejs/ros/pal_interaction_msgs/msg/_index.js
-- Installing: /TiaGo_TourGuide/TiagoTourGuide_ws/install/share/gennodejs/ros/pal_interaction_msgs/msg/ASRFileResult.js
-- Installing: /TiaGo_TourGuide/TiagoTourGuide_ws/install/share/gennodejs/ros/pal_interaction_msgs/msg/AudioPlayActionGoal.js
-- Installing: /TiaGo_TourGuide/TiagoTourGuide_ws/install/share/gennodejs/ros/pal_interaction_msgs/msg/audiosignal.js
-- Installing: /TiaGo_TourGuide/TiagoTourGuide_ws/install/share/gennodejs/ros/pal_interaction_msgs/msg/DirectionOfArrival.js
-- Installing: /TiaGo_TourGuide/TiagoTourGuide_ws/install/share/gennodejs/ros/pal_interaction_msgs/msg/ASRFileFeedback.js
-- Installing: /TiaGo_TourGuide/TiagoTourGuide_ws/install/share/gennodejs/ros/pal_interaction_msgs/msg/SoundActionFeedback.js
-- Installing: /TiaGo_TourGuide/TiagoTourGuide_ws/install/share/gennodejs/ros/pal_interaction_msgs/msg/SoundAction.js
-- Installing: /TiaGo_TourGuide/TiagoTourGuide_ws/install/share/gennodejs/ros/pal_interaction_msgs/msg/actiontag.js
-- Installing: /TiaGo_TourGuide/TiagoTourGuide_ws/install/share/gennodejs/ros/pal_interaction_msgs/msg/TtsText.js
-- Installing: /TiaGo_TourGuide/TiagoTourGuide_ws/install/share/gennodejs/ros/pal_interaction_msgs/msg/SoundActionGoal.js
-- Installing: /TiaGo_TourGuide/TiagoTourGuide_ws/install/share/gennodejs/ros/pal_interaction_msgs/msg/ASREvent.js
-- Installing: /TiaGo_TourGuide/TiagoTourGuide_ws/install/share/gennodejs/ros/pal_interaction_msgs/msg/I18nText.js
-- Installing: /TiaGo_TourGuide/TiagoTourGuide_ws/install/share/gennodejs/ros/pal_interaction_msgs/msg/AudioPlayActionResult.js
-- Installing: /TiaGo_TourGuide/TiagoTourGuide_ws/install/share/gennodejs/ros/pal_interaction_msgs/msg/ASRSrvResponse.js
-- Installing: /TiaGo_TourGuide/TiagoTourGuide_ws/install/share/gennodejs/ros/pal_interaction_msgs/msg/ASRFileActionGoal.js
-- Installing: /TiaGo_TourGuide/TiagoTourGuide_ws/install/share/gennodejs/ros/pal_interaction_msgs/msg/SoundFeedback.js
-- Installing: /TiaGo_TourGuide/TiagoTourGuide_ws/install/share/gennodejs/ros/pal_interaction_msgs/msg/TtsResult.js
-- Installing: /TiaGo_TourGuide/TiagoTourGuide_ws/install/share/gennodejs/ros/pal_interaction_msgs/msg/TtsGoal.js
-- Installing: /TiaGo_TourGuide/TiagoTourGuide_ws/install/share/gennodejs/ros/pal_interaction_msgs/msg/ASRActivation.js
-- Installing: /TiaGo_TourGuide/TiagoTourGuide_ws/install/share/gennodejs/ros/pal_interaction_msgs/msg/EnablingSoundLocalisation.js
-- Installing: /TiaGo_TourGuide/TiagoTourGuide_ws/install/share/gennodejs/ros/pal_interaction_msgs/msg/TtsActionGoal.js
-- Installing: /TiaGo_TourGuide/TiagoTourGuide_ws/install/share/gennodejs/ros/pal_interaction_msgs/msg/TtsActionFeedback.js
-- Installing: /TiaGo_TourGuide/TiagoTourGuide_ws/install/share/gennodejs/ros/pal_interaction_msgs/msg/AudioPlayResult.js
-- Installing: /TiaGo_TourGuide/TiagoTourGuide_ws/install/share/gennodejs/ros/pal_interaction_msgs/msg/asrupdate.js
-- Installing: /TiaGo_TourGuide/TiagoTourGuide_ws/install/share/gennodejs/ros/pal_interaction_msgs/msg/AudioPlayerState.js
-- Installing: /TiaGo_TourGuide/TiagoTourGuide_ws/install/share/gennodejs/ros/pal_interaction_msgs/msg/TtsFeedback.js
-- Installing: /TiaGo_TourGuide/TiagoTourGuide_ws/install/share/gennodejs/ros/pal_interaction_msgs/msg/SoundActionResult.js
-- Installing: /TiaGo_TourGuide/TiagoTourGuide_ws/install/share/gennodejs/ros/pal_interaction_msgs/msg/ASRSrvRequest.js
-- Installing: /TiaGo_TourGuide/TiagoTourGuide_ws/install/share/gennodejs/ros/pal_interaction_msgs/msg/TTSstate.js
-- Installing: /TiaGo_TourGuide/TiagoTourGuide_ws/install/share/gennodejs/ros/pal_interaction_msgs/msg/ASRFileActionResult.js
-- Installing: /TiaGo_TourGuide/TiagoTourGuide_ws/install/share/gennodejs/ros/pal_interaction_msgs/msg/TtsMark.js
-- Installing: /TiaGo_TourGuide/TiagoTourGuide_ws/install/share/gennodejs/ros/pal_interaction_msgs/msg/ASRLangModelMngmt.js
-- Installing: /TiaGo_TourGuide/TiagoTourGuide_ws/install/share/gennodejs/ros/pal_interaction_msgs/msg/AudioPlayGoal.js
-- Installing: /TiaGo_TourGuide/TiagoTourGuide_ws/install/share/gennodejs/ros/pal_interaction_msgs/msg/AudioDeviceDescription.js
-- Installing: /TiaGo_TourGuide/TiagoTourGuide_ws/install/share/gennodejs/ros/pal_interaction_msgs/msg/AudioPlayAction.js
-- Installing: /TiaGo_TourGuide/TiagoTourGuide_ws/install/share/gennodejs/ros/pal_interaction_msgs/msg/ASRStatus.js
-- Installing: /TiaGo_TourGuide/TiagoTourGuide_ws/install/share/gennodejs/ros/pal_interaction_msgs/msg/SoundGoal.js
-- Installing: /TiaGo_TourGuide/TiagoTourGuide_ws/install/share/gennodejs/ros/pal_interaction_msgs/msg/InputArgument.js
-- Installing: /TiaGo_TourGuide/TiagoTourGuide_ws/install/share/gennodejs/ros/pal_interaction_msgs/msg/ASRLanguage.js
-- Installing: /TiaGo_TourGuide/TiagoTourGuide_ws/install/share/gennodejs/ros/pal_interaction_msgs/msg/AudioPlayFeedback.js
-- Installing: /TiaGo_TourGuide/TiagoTourGuide_ws/install/share/gennodejs/ros/pal_interaction_msgs/msg/TtsAction.js
-- Installing: /TiaGo_TourGuide/TiagoTourGuide_ws/install/share/gennodejs/ros/pal_interaction_msgs/msg/AudioPlayActionFeedback.js
-- Installing: /TiaGo_TourGuide/TiagoTourGuide_ws/install/share/gennodejs/ros/pal_interaction_msgs/msg/SoundResult.js
-- Installing: /TiaGo_TourGuide/TiagoTourGuide_ws/install/share/gennodejs/ros/pal_interaction_msgs/msg/I18nArgument.js
-- Installing: /TiaGo_TourGuide/TiagoTourGuide_ws/install/share/gennodejs/ros/pal_interaction_msgs/msg/asrresult.js
-- Installing: /TiaGo_TourGuide/TiagoTourGuide_ws/install/share/gennodejs/ros/pal_interaction_msgs/msg/WebGuiEvent.js
-- Installing: /TiaGo_TourGuide/TiagoTourGuide_ws/install/share/gennodejs/ros/pal_interaction_msgs/msg/ASRFileGoal.js
-- Installing: /TiaGo_TourGuide/TiagoTourGuide_ws/install/share/gennodejs/ros/pal_interaction_msgs/msg/VoiceActivity.js
-- Installing: /TiaGo_TourGuide/TiagoTourGuide_ws/install/share/gennodejs/ros/pal_interaction_msgs/msg/ASRFileAction.js
-- Installing: /TiaGo_TourGuide/TiagoTourGuide_ws/install/share/gennodejs/ros/pal_interaction_msgs/msg/Input.js
-- Installing: /TiaGo_TourGuide/TiagoTourGuide_ws/install/share/gennodejs/ros/pal_interaction_msgs/msg/TtsActionResult.js
-- Installing: /TiaGo_TourGuide/TiagoTourGuide_ws/install/share/gennodejs/ros/pal_interaction_msgs/msg/ASRFileActionFeedback.js
-- Installing: /TiaGo_TourGuide/TiagoTourGuide_ws/install/share/gennodejs/ros/pal_interaction_msgs/srv
-- Installing: /TiaGo_TourGuide/TiagoTourGuide_ws/install/share/gennodejs/ros/pal_interaction_msgs/srv/ASRService.js
-- Installing: /TiaGo_TourGuide/TiagoTourGuide_ws/install/share/gennodejs/ros/pal_interaction_msgs/srv/_index.js
-- Installing: /TiaGo_TourGuide/TiagoTourGuide_ws/install/share/gennodejs/ros/pal_interaction_msgs/srv/recognizerService.js
-- Installing: /TiaGo_TourGuide/TiagoTourGuide_ws/install/share/gennodejs/ros/pal_interaction_msgs/srv/SoundLocalisationService.js
-- Installing: /TiaGo_TourGuide/TiagoTourGuide_ws/install/share/gennodejs/ros/pal_interaction_msgs/srv/GetSpeechDuration.js
Listing '/TiaGo_TourGuide/TiagoTourGuide_ws/devel/.private/pal_interaction_msgs/lib/python3/dist-packages/pal_interaction_msgs'...
Compiling '/TiaGo_TourGuide/TiagoTourGuide_ws/devel/.private/pal_interaction_msgs/lib/python3/dist-packages/pal_interaction_msgs/__init__.py'...
Listing '/TiaGo_TourGuide/TiagoTourGuide_ws/devel/.private/pal_interaction_msgs/lib/python3/dist-packages/pal_interaction_msgs/msg'...
Compiling '/TiaGo_TourGuide/TiagoTourGuide_ws/devel/.private/pal_interaction_msgs/lib/python3/dist-packages/pal_interaction_msgs/msg/_ASRActivation.py'...
Compiling '/TiaGo_TourGuide/TiagoTourGuide_ws/devel/.private/pal_interaction_msgs/lib/python3/dist-packages/pal_interaction_msgs/msg/_ASREvent.py'...
Compiling '/TiaGo_TourGuide/TiagoTourGuide_ws/devel/.private/pal_interaction_msgs/lib/python3/dist-packages/pal_interaction_msgs/msg/_ASRFileAction.py'...
Compiling '/TiaGo_TourGuide/TiagoTourGuide_ws/devel/.private/pal_interaction_msgs/lib/python3/dist-packages/pal_interaction_msgs/msg/_ASRFileActionFeedback.py'...
Compiling '/TiaGo_TourGuide/TiagoTourGuide_ws/devel/.private/pal_interaction_msgs/lib/python3/dist-packages/pal_interaction_msgs/msg/_ASRFileActionGoal.py'...
Compiling '/TiaGo_TourGuide/TiagoTourGuide_ws/devel/.private/pal_interaction_msgs/lib/python3/dist-packages/pal_interaction_msgs/msg/_ASRFileActionResult.py'...
Compiling '/TiaGo_TourGuide/TiagoTourGuide_ws/devel/.private/pal_interaction_msgs/lib/python3/dist-packages/pal_interaction_msgs/msg/_ASRFileFeedback.py'...
Compiling '/TiaGo_TourGuide/TiagoTourGuide_ws/devel/.private/pal_interaction_msgs/lib/python3/dist-packages/pal_interaction_msgs/msg/_ASRFileGoal.py'...
Compiling '/TiaGo_TourGuide/TiagoTourGuide_ws/devel/.private/pal_interaction_msgs/lib/python3/dist-packages/pal_interaction_msgs/msg/_ASRFileResult.py'...
Compiling '/TiaGo_TourGuide/TiagoTourGuide_ws/devel/.private/pal_interaction_msgs/lib/python3/dist-packages/pal_interaction_msgs/msg/_ASRLangModelMngmt.py'...
Compiling '/TiaGo_TourGuide/TiagoTourGuide_ws/devel/.private/pal_interaction_msgs/lib/python3/dist-packages/pal_interaction_msgs/msg/_ASRLanguage.py'...
Compiling '/TiaGo_TourGuide/TiagoTourGuide_ws/devel/.private/pal_interaction_msgs/lib/python3/dist-packages/pal_interaction_msgs/msg/_ASRSrvRequest.py'...
Compiling '/TiaGo_TourGuide/TiagoTourGuide_ws/devel/.private/pal_interaction_msgs/lib/python3/dist-packages/pal_interaction_msgs/msg/_ASRSrvResponse.py'...
Compiling '/TiaGo_TourGuide/TiagoTourGuide_ws/devel/.private/pal_interaction_msgs/lib/python3/dist-packages/pal_interaction_msgs/msg/_ASRStatus.py'...
Compiling '/TiaGo_TourGuide/TiagoTourGuide_ws/devel/.private/pal_interaction_msgs/lib/python3/dist-packages/pal_interaction_msgs/msg/_AudioDeviceDescription.py'...
Compiling '/TiaGo_TourGuide/TiagoTourGuide_ws/devel/.private/pal_interaction_msgs/lib/python3/dist-packages/pal_interaction_msgs/msg/_AudioPlayAction.py'...
Compiling '/TiaGo_TourGuide/TiagoTourGuide_ws/devel/.private/pal_interaction_msgs/lib/python3/dist-packages/pal_interaction_msgs/msg/_AudioPlayActionFeedback.py'...
Compiling '/TiaGo_TourGuide/TiagoTourGuide_ws/devel/.private/pal_interaction_msgs/lib/python3/dist-packages/pal_interaction_msgs/msg/_AudioPlayActionGoal.py'...
Compiling '/TiaGo_TourGuide/TiagoTourGuide_ws/devel/.private/pal_interaction_msgs/lib/python3/dist-packages/pal_interaction_msgs/msg/_AudioPlayActionResult.py'...
Compiling '/TiaGo_TourGuide/TiagoTourGuide_ws/devel/.private/pal_interaction_msgs/lib/python3/dist-packages/pal_interaction_msgs/msg/_AudioPlayFeedback.py'...
Compiling '/TiaGo_TourGuide/TiagoTourGuide_ws/devel/.private/pal_interaction_msgs/lib/python3/dist-packages/pal_interaction_msgs/msg/_AudioPlayGoal.py'...
Compiling '/TiaGo_TourGuide/TiagoTourGuide_ws/devel/.private/pal_interaction_msgs/lib/python3/dist-packages/pal_interaction_msgs/msg/_AudioPlayResult.py'...
Compiling '/TiaGo_TourGuide/TiagoTourGuide_ws/devel/.private/pal_interaction_msgs/lib/python3/dist-packages/pal_interaction_msgs/msg/_AudioPlayerState.py'...
Compiling '/TiaGo_TourGuide/TiagoTourGuide_ws/devel/.private/pal_interaction_msgs/lib/python3/dist-packages/pal_interaction_msgs/msg/_DirectionOfArrival.py'...
Compiling '/TiaGo_TourGuide/TiagoTourGuide_ws/devel/.private/pal_interaction_msgs/lib/python3/dist-packages/pal_interaction_msgs/msg/_EnablingSoundLocalisation.py'...
Compiling '/TiaGo_TourGuide/TiagoTourGuide_ws/devel/.private/pal_interaction_msgs/lib/python3/dist-packages/pal_interaction_msgs/msg/_I18nArgument.py'...
Compiling '/TiaGo_TourGuide/TiagoTourGuide_ws/devel/.private/pal_interaction_msgs/lib/python3/dist-packages/pal_interaction_msgs/msg/_I18nText.py'...
Compiling '/TiaGo_TourGuide/TiagoTourGuide_ws/devel/.private/pal_interaction_msgs/lib/python3/dist-packages/pal_interaction_msgs/msg/_Input.py'...
Compiling '/TiaGo_TourGuide/TiagoTourGuide_ws/devel/.private/pal_interaction_msgs/lib/python3/dist-packages/pal_interaction_msgs/msg/_InputArgument.py'...
Compiling '/TiaGo_TourGuide/TiagoTourGuide_ws/devel/.private/pal_interaction_msgs/lib/python3/dist-packages/pal_interaction_msgs/msg/_SoundAction.py'...
Compiling '/TiaGo_TourGuide/TiagoTourGuide_ws/devel/.private/pal_interaction_msgs/lib/python3/dist-packages/pal_interaction_msgs/msg/_SoundActionFeedback.py'...
Compiling '/TiaGo_TourGuide/TiagoTourGuide_ws/devel/.private/pal_interaction_msgs/lib/python3/dist-packages/pal_interaction_msgs/msg/_SoundActionGoal.py'...
Compiling '/TiaGo_TourGuide/TiagoTourGuide_ws/devel/.private/pal_interaction_msgs/lib/python3/dist-packages/pal_interaction_msgs/msg/_SoundActionResult.py'...
Compiling '/TiaGo_TourGuide/TiagoTourGuide_ws/devel/.private/pal_interaction_msgs/lib/python3/dist-packages/pal_interaction_msgs/msg/_SoundFeedback.py'...
Compiling '/TiaGo_TourGuide/TiagoTourGuide_ws/devel/.private/pal_interaction_msgs/lib/python3/dist-packages/pal_interaction_msgs/msg/_SoundGoal.py'...
Compiling '/TiaGo_TourGuide/TiagoTourGuide_ws/devel/.private/pal_interaction_msgs/lib/python3/dist-packages/pal_interaction_msgs/msg/_SoundResult.py'...
Compiling '/TiaGo_TourGuide/TiagoTourGuide_ws/devel/.private/pal_interaction_msgs/lib/python3/dist-packages/pal_interaction_msgs/msg/_TTSstate.py'...
Compiling '/TiaGo_TourGuide/TiagoTourGuide_ws/devel/.private/pal_interaction_msgs/lib/python3/dist-packages/pal_interaction_msgs/msg/_TtsAction.py'...
Compiling '/TiaGo_TourGuide/TiagoTourGuide_ws/devel/.private/pal_interaction_msgs/lib/python3/dist-packages/pal_interaction_msgs/msg/_TtsActionFeedback.py'...
Compiling '/TiaGo_TourGuide/TiagoTourGuide_ws/devel/.private/pal_interaction_msgs/lib/python3/dist-packages/pal_interaction_msgs/msg/_TtsActionGoal.py'...
Compiling '/TiaGo_TourGuide/TiagoTourGuide_ws/devel/.private/pal_interaction_msgs/lib/python3/dist-packages/pal_interaction_msgs/msg/_TtsActionResult.py'...
Compiling '/TiaGo_TourGuide/TiagoTourGuide_ws/devel/.private/pal_interaction_msgs/lib/python3/dist-packages/pal_interaction_msgs/msg/_TtsFeedback.py'...
Compiling '/TiaGo_TourGuide/TiagoTourGuide_ws/devel/.private/pal_interaction_msgs/lib/python3/dist-packages/pal_interaction_msgs/msg/_TtsGoal.py'...
Compiling '/TiaGo_TourGuide/TiagoTourGuide_ws/devel/.private/pal_interaction_msgs/lib/python3/dist-packages/pal_interaction_msgs/msg/_TtsMark.py'...
Compiling '/TiaGo_TourGuide/TiagoTourGuide_ws/devel/.private/pal_interaction_msgs/lib/python3/dist-packages/pal_interaction_msgs/msg/_TtsResult.py'...
Compiling '/TiaGo_TourGuide/TiagoTourGuide_ws/devel/.private/pal_interaction_msgs/lib/python3/dist-packages/pal_interaction_msgs/msg/_TtsText.py'...
Compiling '/TiaGo_TourGuide/TiagoTourGuide_ws/devel/.private/pal_interaction_msgs/lib/python3/dist-packages/pal_interaction_msgs/msg/_VoiceActivity.py'...
Compiling '/TiaGo_TourGuide/TiagoTourGuide_ws/devel/.private/pal_interaction_msgs/lib/python3/dist-packages/pal_interaction_msgs/msg/_WebGuiEvent.py'...
Compiling '/TiaGo_TourGuide/TiagoTourGuide_ws/devel/.private/pal_interaction_msgs/lib/python3/dist-packages/pal_interaction_msgs/msg/__init__.py'...
Compiling '/TiaGo_TourGuide/TiagoTourGuide_ws/devel/.private/pal_interaction_msgs/lib/python3/dist-packages/pal_interaction_msgs/msg/_actiontag.py'...
Compiling '/TiaGo_TourGuide/TiagoTourGuide_ws/devel/.private/pal_interaction_msgs/lib/python3/dist-packages/pal_interaction_msgs/msg/_asrresult.py'...
Compiling '/TiaGo_TourGuide/TiagoTourGuide_ws/devel/.private/pal_interaction_msgs/lib/python3/dist-packages/pal_interaction_msgs/msg/_asrupdate.py'...
Compiling '/TiaGo_TourGuide/TiagoTourGuide_ws/devel/.private/pal_interaction_msgs/lib/python3/dist-packages/pal_interaction_msgs/msg/_audiosignal.py'...
Listing '/TiaGo_TourGuide/TiagoTourGuide_ws/devel/.private/pal_interaction_msgs/lib/python3/dist-packages/pal_interaction_msgs/srv'...
Compiling '/TiaGo_TourGuide/TiagoTourGuide_ws/devel/.private/pal_interaction_msgs/lib/python3/dist-packages/pal_interaction_msgs/srv/_ASRService.py'...
Compiling '/TiaGo_TourGuide/TiagoTourGuide_ws/devel/.private/pal_interaction_msgs/lib/python3/dist-packages/pal_interaction_msgs/srv/_GetSpeechDuration.py'...
Compiling '/TiaGo_TourGuide/TiagoTourGuide_ws/devel/.private/pal_interaction_msgs/lib/python3/dist-packages/pal_interaction_msgs/srv/_SoundLocalisationService.py'...
Compiling '/TiaGo_TourGuide/TiagoTourGuide_ws/devel/.private/pal_interaction_msgs/lib/python3/dist-packages/pal_interaction_msgs/srv/__init__.py'...
Compiling '/TiaGo_TourGuide/TiagoTourGuide_ws/devel/.private/pal_interaction_msgs/lib/python3/dist-packages/pal_interaction_msgs/srv/_recognizerService.py'...
-- Installing: /TiaGo_TourGuide/TiagoTourGuide_ws/install/lib/python3/dist-packages/pal_interaction_msgs
-- Installing: /TiaGo_TourGuide/TiagoTourGuide_ws/install/lib/python3/dist-packages/pal_interaction_msgs/msg
-- Installing: /TiaGo_TourGuide/TiagoTourGuide_ws/install/lib/python3/dist-packages/pal_interaction_msgs/msg/_TtsGoal.py
-- Installing: /TiaGo_TourGuide/TiagoTourGuide_ws/install/lib/python3/dist-packages/pal_interaction_msgs/msg/_SoundActionResult.py
-- Installing: /TiaGo_TourGuide/TiagoTourGuide_ws/install/lib/python3/dist-packages/pal_interaction_msgs/msg/_TtsActionFeedback.py
-- Installing: /TiaGo_TourGuide/TiagoTourGuide_ws/install/lib/python3/dist-packages/pal_interaction_msgs/msg/_AudioPlayGoal.py
-- Installing: /TiaGo_TourGuide/TiagoTourGuide_ws/install/lib/python3/dist-packages/pal_interaction_msgs/msg/_actiontag.py
-- Installing: /TiaGo_TourGuide/TiagoTourGuide_ws/install/lib/python3/dist-packages/pal_interaction_msgs/msg/_AudioPlayResult.py
-- Installing: /TiaGo_TourGuide/TiagoTourGuide_ws/install/lib/python3/dist-packages/pal_interaction_msgs/msg/_ASRFileActionGoal.py
-- Installing: /TiaGo_TourGuide/TiagoTourGuide_ws/install/lib/python3/dist-packages/pal_interaction_msgs/msg/_InputArgument.py
-- Installing: /TiaGo_TourGuide/TiagoTourGuide_ws/install/lib/python3/dist-packages/pal_interaction_msgs/msg/_ASRFileActionFeedback.py
-- Installing: /TiaGo_TourGuide/TiagoTourGuide_ws/install/lib/python3/dist-packages/pal_interaction_msgs/msg/_I18nArgument.py
-- Installing: /TiaGo_TourGuide/TiagoTourGuide_ws/install/lib/python3/dist-packages/pal_interaction_msgs/msg/_TtsFeedback.py
-- Installing: /TiaGo_TourGuide/TiagoTourGuide_ws/install/lib/python3/dist-packages/pal_interaction_msgs/msg/_TtsResult.py
-- Installing: /TiaGo_TourGuide/TiagoTourGuide_ws/install/lib/python3/dist-packages/pal_interaction_msgs/msg/_audiosignal.py
-- Installing: /TiaGo_TourGuide/TiagoTourGuide_ws/install/lib/python3/dist-packages/pal_interaction_msgs/msg/_ASRFileFeedback.py
-- Installing: /TiaGo_TourGuide/TiagoTourGuide_ws/install/lib/python3/dist-packages/pal_interaction_msgs/msg/_SoundActionFeedback.py
-- Installing: /TiaGo_TourGuide/TiagoTourGuide_ws/install/lib/python3/dist-packages/pal_interaction_msgs/msg/_I18nText.py
-- Installing: /TiaGo_TourGuide/TiagoTourGuide_ws/install/lib/python3/dist-packages/pal_interaction_msgs/msg/_ASRSrvResponse.py
-- Installing: /TiaGo_TourGuide/TiagoTourGuide_ws/install/lib/python3/dist-packages/pal_interaction_msgs/msg/_AudioPlayActionGoal.py
-- Installing: /TiaGo_TourGuide/TiagoTourGuide_ws/install/lib/python3/dist-packages/pal_interaction_msgs/msg/_ASREvent.py
-- Installing: /TiaGo_TourGuide/TiagoTourGuide_ws/install/lib/python3/dist-packages/pal_interaction_msgs/msg/_EnablingSoundLocalisation.py
-- Installing: /TiaGo_TourGuide/TiagoTourGuide_ws/install/lib/python3/dist-packages/pal_interaction_msgs/msg/_TtsText.py
-- Installing: /TiaGo_TourGuide/TiagoTourGuide_ws/install/lib/python3/dist-packages/pal_interaction_msgs/msg/_asrupdate.py
-- Installing: /TiaGo_TourGuide/TiagoTourGuide_ws/install/lib/python3/dist-packages/pal_interaction_msgs/msg/_AudioPlayerState.py
-- Installing: /TiaGo_TourGuide/TiagoTourGuide_ws/install/lib/python3/dist-packages/pal_interaction_msgs/msg/__init__.py
-- Installing: /TiaGo_TourGuide/TiagoTourGuide_ws/install/lib/python3/dist-packages/pal_interaction_msgs/msg/_SoundAction.py
-- Installing: /TiaGo_TourGuide/TiagoTourGuide_ws/install/lib/python3/dist-packages/pal_interaction_msgs/msg/_ASRFileAction.py
-- Installing: /TiaGo_TourGuide/TiagoTourGuide_ws/install/lib/python3/dist-packages/pal_interaction_msgs/msg/_VoiceActivity.py
-- Installing: /TiaGo_TourGuide/TiagoTourGuide_ws/install/lib/python3/dist-packages/pal_interaction_msgs/msg/__pycache__
-- Installing: /TiaGo_TourGuide/TiagoTourGuide_ws/install/lib/python3/dist-packages/pal_interaction_msgs/msg/__pycache__/_ASREvent.cpython-38.pyc
-- Installing: /TiaGo_TourGuide/TiagoTourGuide_ws/install/lib/python3/dist-packages/pal_interaction_msgs/msg/__pycache__/_ASRSrvResponse.cpython-38.pyc
-- Installing: /TiaGo_TourGuide/TiagoTourGuide_ws/install/lib/python3/dist-packages/pal_interaction_msgs/msg/__pycache__/_ASRFileFeedback.cpython-38.pyc
-- Installing: /TiaGo_TourGuide/TiagoTourGuide_ws/install/lib/python3/dist-packages/pal_interaction_msgs/msg/__pycache__/_TtsMark.cpython-38.pyc
-- Installing: /TiaGo_TourGuide/TiagoTourGuide_ws/install/lib/python3/dist-packages/pal_interaction_msgs/msg/__pycache__/_TtsActionResult.cpython-38.pyc
-- Installing: /TiaGo_TourGuide/TiagoTourGuide_ws/install/lib/python3/dist-packages/pal_interaction_msgs/msg/__pycache__/__init__.cpython-38.pyc
-- Installing: /TiaGo_TourGuide/TiagoTourGuide_ws/install/lib/python3/dist-packages/pal_interaction_msgs/msg/__pycache__/_asrresult.cpython-38.pyc
-- Installing: /TiaGo_TourGuide/TiagoTourGuide_ws/install/lib/python3/dist-packages/pal_interaction_msgs/msg/__pycache__/_AudioPlayResult.cpython-38.pyc
-- Installing: /TiaGo_TourGuide/TiagoTourGuide_ws/install/lib/python3/dist-packages/pal_interaction_msgs/msg/__pycache__/_Input.cpython-38.pyc
-- Installing: /TiaGo_TourGuide/TiagoTourGuide_ws/install/lib/python3/dist-packages/pal_interaction_msgs/msg/__pycache__/_ASRFileGoal.cpython-38.pyc
-- Installing: /TiaGo_TourGuide/TiagoTourGuide_ws/install/lib/python3/dist-packages/pal_interaction_msgs/msg/__pycache__/_ASRActivation.cpython-38.pyc
-- Installing: /TiaGo_TourGuide/TiagoTourGuide_ws/install/lib/python3/dist-packages/pal_interaction_msgs/msg/__pycache__/_TtsText.cpython-38.pyc
-- Installing: /TiaGo_TourGuide/TiagoTourGuide_ws/install/lib/python3/dist-packages/pal_interaction_msgs/msg/__pycache__/_WebGuiEvent.cpython-38.pyc
-- Installing: /TiaGo_TourGuide/TiagoTourGuide_ws/install/lib/python3/dist-packages/pal_interaction_msgs/msg/__pycache__/_asrupdate.cpython-38.pyc
-- Installing: /TiaGo_TourGuide/TiagoTourGuide_ws/install/lib/python3/dist-packages/pal_interaction_msgs/msg/__pycache__/_TtsActionFeedback.cpython-38.pyc
-- Installing: /TiaGo_TourGuide/TiagoTourGuide_ws/install/lib/python3/dist-packages/pal_interaction_msgs/msg/__pycache__/_TtsActionGoal.cpython-38.pyc
-- Installing: /TiaGo_TourGuide/TiagoTourGuide_ws/install/lib/python3/dist-packages/pal_interaction_msgs/msg/__pycache__/_SoundResult.cpython-38.pyc
-- Installing: /TiaGo_TourGuide/TiagoTourGuide_ws/install/lib/python3/dist-packages/pal_interaction_msgs/msg/__pycache__/_AudioPlayActionFeedback.cpython-38.pyc
-- Installing: /TiaGo_TourGuide/TiagoTourGuide_ws/install/lib/python3/dist-packages/pal_interaction_msgs/msg/__pycache__/_ASRFileResult.cpython-38.pyc
-- Installing: /TiaGo_TourGuide/TiagoTourGuide_ws/install/lib/python3/dist-packages/pal_interaction_msgs/msg/__pycache__/_ASRStatus.cpython-38.pyc
-- Installing: /TiaGo_TourGuide/TiagoTourGuide_ws/install/lib/python3/dist-packages/pal_interaction_msgs/msg/__pycache__/_TtsResult.cpython-38.pyc
-- Installing: /TiaGo_TourGuide/TiagoTourGuide_ws/install/lib/python3/dist-packages/pal_interaction_msgs/msg/__pycache__/_ASRSrvRequest.cpython-38.pyc
-- Installing: /TiaGo_TourGuide/TiagoTourGuide_ws/install/lib/python3/dist-packages/pal_interaction_msgs/msg/__pycache__/_AudioPlayActionResult.cpython-38.pyc
-- Installing: /TiaGo_TourGuide/TiagoTourGuide_ws/install/lib/python3/dist-packages/pal_interaction_msgs/msg/__pycache__/_AudioPlayActionGoal.cpython-38.pyc
-- Installing: /TiaGo_TourGuide/TiagoTourGuide_ws/install/lib/python3/dist-packages/pal_interaction_msgs/msg/__pycache__/_ASRLanguage.cpython-38.pyc
-- Installing: /TiaGo_TourGuide/TiagoTourGuide_ws/install/lib/python3/dist-packages/pal_interaction_msgs/msg/__pycache__/_ASRFileActionGoal.cpython-38.pyc
-- Installing: /TiaGo_TourGuide/TiagoTourGuide_ws/install/lib/python3/dist-packages/pal_interaction_msgs/msg/__pycache__/_AudioPlayAction.cpython-38.pyc
-- Installing: /TiaGo_TourGuide/TiagoTourGuide_ws/install/lib/python3/dist-packages/pal_interaction_msgs/msg/__pycache__/_SoundFeedback.cpython-38.pyc
-- Installing: /TiaGo_TourGuide/TiagoTourGuide_ws/install/lib/python3/dist-packages/pal_interaction_msgs/msg/__pycache__/_AudioPlayerState.cpython-38.pyc
-- Installing: /TiaGo_TourGuide/TiagoTourGuide_ws/install/lib/python3/dist-packages/pal_interaction_msgs/msg/__pycache__/_SoundActionGoal.cpython-38.pyc
-- Installing: /TiaGo_TourGuide/TiagoTourGuide_ws/install/lib/python3/dist-packages/pal_interaction_msgs/msg/__pycache__/_SoundGoal.cpython-38.pyc
-- Installing: /TiaGo_TourGuide/TiagoTourGuide_ws/install/lib/python3/dist-packages/pal_interaction_msgs/msg/__pycache__/_actiontag.cpython-38.pyc
-- Installing: /TiaGo_TourGuide/TiagoTourGuide_ws/install/lib/python3/dist-packages/pal_interaction_msgs/msg/__pycache__/_AudioDeviceDescription.cpython-38.pyc
-- Installing: /TiaGo_TourGuide/TiagoTourGuide_ws/install/lib/python3/dist-packages/pal_interaction_msgs/msg/__pycache__/_TtsFeedback.cpython-38.pyc
-- Installing: /TiaGo_TourGuide/TiagoTourGuide_ws/install/lib/python3/dist-packages/pal_interaction_msgs/msg/__pycache__/_VoiceActivity.cpython-38.pyc
-- Installing: /TiaGo_TourGuide/TiagoTourGuide_ws/install/lib/python3/dist-packages/pal_interaction_msgs/msg/__pycache__/_TtsGoal.cpython-38.pyc
-- Installing: /TiaGo_TourGuide/TiagoTourGuide_ws/install/lib/python3/dist-packages/pal_interaction_msgs/msg/__pycache__/_ASRFileActionResult.cpython-38.pyc
-- Installing: /TiaGo_TourGuide/TiagoTourGuide_ws/install/lib/python3/dist-packages/pal_interaction_msgs/msg/__pycache__/_ASRFileActionFeedback.cpython-38.pyc
-- Installing: /TiaGo_TourGuide/TiagoTourGuide_ws/install/lib/python3/dist-packages/pal_interaction_msgs/msg/__pycache__/_DirectionOfArrival.cpython-38.pyc
-- Installing: /TiaGo_TourGuide/TiagoTourGuide_ws/install/lib/python3/dist-packages/pal_interaction_msgs/msg/__pycache__/_I18nText.cpython-38.pyc
-- Installing: /TiaGo_TourGuide/TiagoTourGuide_ws/install/lib/python3/dist-packages/pal_interaction_msgs/msg/__pycache__/_SoundActionResult.cpython-38.pyc
-- Installing: /TiaGo_TourGuide/TiagoTourGuide_ws/install/lib/python3/dist-packages/pal_interaction_msgs/msg/__pycache__/_ASRLangModelMngmt.cpython-38.pyc
-- Installing: /TiaGo_TourGuide/TiagoTourGuide_ws/install/lib/python3/dist-packages/pal_interaction_msgs/msg/__pycache__/_AudioPlayFeedback.cpython-38.pyc
-- Installing: /TiaGo_TourGuide/TiagoTourGuide_ws/install/lib/python3/dist-packages/pal_interaction_msgs/msg/__pycache__/_SoundAction.cpython-38.pyc
-- Installing: /TiaGo_TourGuide/TiagoTourGuide_ws/install/lib/python3/dist-packages/pal_interaction_msgs/msg/__pycache__/_TTSstate.cpython-38.pyc
-- Installing: /TiaGo_TourGuide/TiagoTourGuide_ws/install/lib/python3/dist-packages/pal_interaction_msgs/msg/__pycache__/_EnablingSoundLocalisation.cpython-38.pyc
-- Installing: /TiaGo_TourGuide/TiagoTourGuide_ws/install/lib/python3/dist-packages/pal_interaction_msgs/msg/__pycache__/_AudioPlayGoal.cpython-38.pyc
-- Installing: /TiaGo_TourGuide/TiagoTourGuide_ws/install/lib/python3/dist-packages/pal_interaction_msgs/msg/__pycache__/_ASRFileAction.cpython-38.pyc
-- Installing: /TiaGo_TourGuide/TiagoTourGuide_ws/install/lib/python3/dist-packages/pal_interaction_msgs/msg/__pycache__/_InputArgument.cpython-38.pyc
-- Installing: /TiaGo_TourGuide/TiagoTourGuide_ws/install/lib/python3/dist-packages/pal_interaction_msgs/msg/__pycache__/_TtsAction.cpython-38.pyc
-- Installing: /TiaGo_TourGuide/TiagoTourGuide_ws/install/lib/python3/dist-packages/pal_interaction_msgs/msg/__pycache__/_SoundActionFeedback.cpython-38.pyc
-- Installing: /TiaGo_TourGuide/TiagoTourGuide_ws/install/lib/python3/dist-packages/pal_interaction_msgs/msg/__pycache__/_I18nArgument.cpython-38.pyc
-- Installing: /TiaGo_TourGuide/TiagoTourGuide_ws/install/lib/python3/dist-packages/pal_interaction_msgs/msg/__pycache__/_audiosignal.cpython-38.pyc
-- Installing: /TiaGo_TourGuide/TiagoTourGuide_ws/install/lib/python3/dist-packages/pal_interaction_msgs/msg/_SoundActionGoal.py
-- Installing: /TiaGo_TourGuide/TiagoTourGuide_ws/install/lib/python3/dist-packages/pal_interaction_msgs/msg/_AudioPlayActionFeedback.py
-- Installing: /TiaGo_TourGuide/TiagoTourGuide_ws/install/lib/python3/dist-packages/pal_interaction_msgs/msg/_ASRStatus.py
-- Installing: /TiaGo_TourGuide/TiagoTourGuide_ws/install/lib/python3/dist-packages/pal_interaction_msgs/msg/_SoundResult.py
-- Installing: /TiaGo_TourGuide/TiagoTourGuide_ws/install/lib/python3/dist-packages/pal_interaction_msgs/msg/_ASRFileResult.py
-- Installing: /TiaGo_TourGuide/TiagoTourGuide_ws/install/lib/python3/dist-packages/pal_interaction_msgs/msg/_ASRFileGoal.py
-- Installing: /TiaGo_TourGuide/TiagoTourGuide_ws/install/lib/python3/dist-packages/pal_interaction_msgs/msg/_DirectionOfArrival.py
-- Installing: /TiaGo_TourGuide/TiagoTourGuide_ws/install/lib/python3/dist-packages/pal_interaction_msgs/msg/_SoundGoal.py
-- Installing: /TiaGo_TourGuide/TiagoTourGuide_ws/install/lib/python3/dist-packages/pal_interaction_msgs/msg/_WebGuiEvent.py
-- Installing: /TiaGo_TourGuide/TiagoTourGuide_ws/install/lib/python3/dist-packages/pal_interaction_msgs/msg/_TtsActionResult.py
-- Installing: /TiaGo_TourGuide/TiagoTourGuide_ws/install/lib/python3/dist-packages/pal_interaction_msgs/msg/_TtsAction.py
-- Installing: /TiaGo_TourGuide/TiagoTourGuide_ws/install/lib/python3/dist-packages/pal_interaction_msgs/msg/_Input.py
-- Installing: /TiaGo_TourGuide/TiagoTourGuide_ws/install/lib/python3/dist-packages/pal_interaction_msgs/msg/_AudioPlayAction.py
-- Installing: /TiaGo_TourGuide/TiagoTourGuide_ws/install/lib/python3/dist-packages/pal_interaction_msgs/msg/_AudioPlayFeedback.py
-- Installing: /TiaGo_TourGuide/TiagoTourGuide_ws/install/lib/python3/dist-packages/pal_interaction_msgs/msg/_ASRActivation.py
-- Installing: /TiaGo_TourGuide/TiagoTourGuide_ws/install/lib/python3/dist-packages/pal_interaction_msgs/msg/_TtsMark.py
-- Installing: /TiaGo_TourGuide/TiagoTourGuide_ws/install/lib/python3/dist-packages/pal_interaction_msgs/msg/_SoundFeedback.py
-- Installing: /TiaGo_TourGuide/TiagoTourGuide_ws/install/lib/python3/dist-packages/pal_interaction_msgs/msg/_ASRFileActionResult.py
-- Installing: /TiaGo_TourGuide/TiagoTourGuide_ws/install/lib/python3/dist-packages/pal_interaction_msgs/msg/_ASRSrvRequest.py
-- Installing: /TiaGo_TourGuide/TiagoTourGuide_ws/install/lib/python3/dist-packages/pal_interaction_msgs/msg/_ASRLanguage.py
-- Installing: /TiaGo_TourGuide/TiagoTourGuide_ws/install/lib/python3/dist-packages/pal_interaction_msgs/msg/_TTSstate.py
-- Installing: /TiaGo_TourGuide/TiagoTourGuide_ws/install/lib/python3/dist-packages/pal_interaction_msgs/msg/_AudioDeviceDescription.py
-- Installing: /TiaGo_TourGuide/TiagoTourGuide_ws/install/lib/python3/dist-packages/pal_interaction_msgs/msg/_asrresult.py
-- Installing: /TiaGo_TourGuide/TiagoTourGuide_ws/install/lib/python3/dist-packages/pal_interaction_msgs/msg/_ASRLangModelMngmt.py
-- Installing: /TiaGo_TourGuide/TiagoTourGuide_ws/install/lib/python3/dist-packages/pal_interaction_msgs/msg/_AudioPlayActionResult.py
-- Installing: /TiaGo_TourGuide/TiagoTourGuide_ws/install/lib/python3/dist-packages/pal_interaction_msgs/msg/_TtsActionGoal.py
-- Installing: /TiaGo_TourGuide/TiagoTourGuide_ws/install/lib/python3/dist-packages/pal_interaction_msgs/__init__.py
-- Installing: /TiaGo_TourGuide/TiagoTourGuide_ws/install/lib/python3/dist-packages/pal_interaction_msgs/__pycache__
-- Installing: /TiaGo_TourGuide/TiagoTourGuide_ws/install/lib/python3/dist-packages/pal_interaction_msgs/__pycache__/__init__.cpython-38.pyc
-- Installing: /TiaGo_TourGuide/TiagoTourGuide_ws/install/lib/python3/dist-packages/pal_interaction_msgs/srv
-- Installing: /TiaGo_TourGuide/TiagoTourGuide_ws/install/lib/python3/dist-packages/pal_interaction_msgs/srv/_ASRService.py
-- Installing: /TiaGo_TourGuide/TiagoTourGuide_ws/install/lib/python3/dist-packages/pal_interaction_msgs/srv/_recognizerService.py
-- Installing: /TiaGo_TourGuide/TiagoTourGuide_ws/install/lib/python3/dist-packages/pal_interaction_msgs/srv/__init__.py
-- Installing: /TiaGo_TourGuide/TiagoTourGuide_ws/install/lib/python3/dist-packages/pal_interaction_msgs/srv/_SoundLocalisationService.py
-- Installing: /TiaGo_TourGuide/TiagoTourGuide_ws/install/lib/python3/dist-packages/pal_interaction_msgs/srv/__pycache__
-- Installing: /TiaGo_TourGuide/TiagoTourGuide_ws/install/lib/python3/dist-packages/pal_interaction_msgs/srv/__pycache__/__init__.cpython-38.pyc
-- Installing: /TiaGo_TourGuide/TiagoTourGuide_ws/install/lib/python3/dist-packages/pal_interaction_msgs/srv/__pycache__/_SoundLocalisationService.cpython-38.pyc
-- Installing: /TiaGo_TourGuide/TiagoTourGuide_ws/install/lib/python3/dist-packages/pal_interaction_msgs/srv/__pycache__/_recognizerService.cpython-38.pyc
-- Installing: /TiaGo_TourGuide/TiagoTourGuide_ws/install/lib/python3/dist-packages/pal_interaction_msgs/srv/__pycache__/_ASRService.cpython-38.pyc
-- Installing: /TiaGo_TourGuide/TiagoTourGuide_ws/install/lib/python3/dist-packages/pal_interaction_msgs/srv/__pycache__/_GetSpeechDuration.cpython-38.pyc
-- Installing: /TiaGo_TourGuide/TiagoTourGuide_ws/install/lib/python3/dist-packages/pal_interaction_msgs/srv/_GetSpeechDuration.py
-- Installing: /TiaGo_TourGuide/TiagoTourGuide_ws/install/lib/pkgconfig/pal_interaction_msgs.pc
-- Installing: /TiaGo_TourGuide/TiagoTourGuide_ws/install/share/pal_interaction_msgs/cmake/pal_interaction_msgs-msg-extras.cmake
-- Installing: /TiaGo_TourGuide/TiagoTourGuide_ws/install/share/pal_interaction_msgs/cmake/pal_interaction_msgsConfig.cmake
-- Installing: /TiaGo_TourGuide/TiagoTourGuide_ws/install/share/pal_interaction_msgs/cmake/pal_interaction_msgsConfig-version.cmake
-- Installing: /TiaGo_TourGuide/TiagoTourGuide_ws/install/share/pal_interaction_msgs/package.xml
