[35m[1mScanning dependencies of target _pal_interaction_msgs_generate_messages_check_deps_ASRFileGoal[0m
[35m[1mScanning dependencies of target _pal_interaction_msgs_generate_messages_check_deps_SoundResult[0m
[35m[1mScanning dependencies of target _pal_interaction_msgs_generate_messages_check_deps_AudioPlayerState[0m
[35m[1mScanning dependencies of target _pal_interaction_msgs_generate_messages_check_deps_SoundGoal[0m
[35m[1mScanning dependencies of target _pal_interaction_msgs_generate_messages_check_deps_SoundFeedback[0m
[35m[1mScanning dependencies of target std_msgs_generate_messages_py[0m
[35m[1mScanning dependencies of target _pal_interaction_msgs_generate_messages_check_deps_asrupdate[0m
[35m[1mScanning dependencies of target _pal_interaction_msgs_generate_messages_check_deps_I18nArgument[0m
[  0%] Built target std_msgs_generate_messages_py
[35m[1mScanning dependencies of target _pal_interaction_msgs_generate_messages_check_deps_ASRStatus[0m
[  0%] Built target _pal_interaction_msgs_generate_messages_check_deps_ASRFileGoal
[  0%] Built target _pal_interaction_msgs_generate_messages_check_deps_AudioPlayerState
[  0%] Built target _pal_interaction_msgs_generate_messages_check_deps_SoundResult
[  0%] Built target _pal_interaction_msgs_generate_messages_check_deps_SoundGoal
[  0%] Built target _pal_interaction_msgs_generate_messages_check_deps_SoundFeedback
[35m[1mScanning dependencies of target _pal_interaction_msgs_generate_messages_check_deps_ASRService[0m
[35m[1mScanning dependencies of target _pal_interaction_msgs_generate_messages_check_deps_TtsGoal[0m
[  0%] Built target _pal_interaction_msgs_generate_messages_check_deps_asrupdate
[35m[1mScanning dependencies of target _pal_interaction_msgs_generate_messages_check_deps_TtsActionFeedback[0m
[  0%] Built target _pal_interaction_msgs_generate_messages_check_deps_ASRStatus
[  0%] Built target _pal_interaction_msgs_generate_messages_check_deps_I18nArgument
[35m[1mScanning dependencies of target _pal_interaction_msgs_generate_messages_check_deps_TtsActionResult[0m
[35m[1mScanning dependencies of target _pal_interaction_msgs_generate_messages_check_deps_TtsActionGoal[0m
[35m[1mScanning dependencies of target _pal_interaction_msgs_generate_messages_check_deps_TtsAction[0m
[35m[1mScanning dependencies of target _pal_interaction_msgs_generate_messages_check_deps_ASRFileResult[0m
[35m[1mScanning dependencies of target _pal_interaction_msgs_generate_messages_check_deps_SoundLocalisationService[0m
[  0%] Built target _pal_interaction_msgs_generate_messages_check_deps_TtsGoal
[  0%] Built target _pal_interaction_msgs_generate_messages_check_deps_TtsActionGoal
[  0%] Built target _pal_interaction_msgs_generate_messages_check_deps_ASRService
[  0%] Built target _pal_interaction_msgs_generate_messages_check_deps_TtsActionResult
[  0%] Built target _pal_interaction_msgs_generate_messages_check_deps_TtsActionFeedback
[35m[1mScanning dependencies of target _pal_interaction_msgs_generate_messages_check_deps_AudioPlayActionFeedback[0m
[35m[1mScanning dependencies of target _pal_interaction_msgs_generate_messages_check_deps_GetSpeechDuration[0m
[  0%] Built target _pal_interaction_msgs_generate_messages_check_deps_TtsAction
[  0%] Built target _pal_interaction_msgs_generate_messages_check_deps_ASRFileResult
[35m[1mScanning dependencies of target _pal_interaction_msgs_generate_messages_check_deps_TtsFeedback[0m
[35m[1mScanning dependencies of target _pal_interaction_msgs_generate_messages_check_deps_asrresult[0m
[35m[1mScanning dependencies of target _pal_interaction_msgs_generate_messages_check_deps_ASRFileActionResult[0m
[35m[1mScanning dependencies of target _pal_interaction_msgs_generate_messages_check_deps_ASRLanguage[0m
[  0%] Built target _pal_interaction_msgs_generate_messages_check_deps_SoundLocalisationService
[35m[1mScanning dependencies of target _pal_interaction_msgs_generate_messages_check_deps_TtsText[0m
[35m[1mScanning dependencies of target _pal_interaction_msgs_generate_messages_check_deps_TTSstate[0m
[  0%] Built target _pal_interaction_msgs_generate_messages_check_deps_AudioPlayActionFeedback
[  0%] Built target _pal_interaction_msgs_generate_messages_check_deps_asrresult
[  0%] Built target _pal_interaction_msgs_generate_messages_check_deps_TtsFeedback
[  0%] Built target _pal_interaction_msgs_generate_messages_check_deps_GetSpeechDuration
[  0%] Built target _pal_interaction_msgs_generate_messages_check_deps_ASRLanguage
[35m[1mScanning dependencies of target _pal_interaction_msgs_generate_messages_check_deps_ASRFileAction[0m
[35m[1mScanning dependencies of target _pal_interaction_msgs_generate_messages_check_deps_WebGuiEvent[0m
[  0%] Built target _pal_interaction_msgs_generate_messages_check_deps_TtsText
[35m[1mScanning dependencies of target _pal_interaction_msgs_generate_messages_check_deps_ASRFileFeedback[0m
[35m[1mScanning dependencies of target _pal_interaction_msgs_generate_messages_check_deps_ASRLangModelMngmt[0m
[  0%] Built target _pal_interaction_msgs_generate_messages_check_deps_ASRFileActionResult
[35m[1mScanning dependencies of target _pal_interaction_msgs_generate_messages_check_deps_ASRActivation[0m
[35m[1mScanning dependencies of target _pal_interaction_msgs_generate_messages_check_deps_AudioPlayFeedback[0m
[35m[1mScanning dependencies of target _pal_interaction_msgs_generate_messages_check_deps_AudioDeviceDescription[0m
[  0%] Built target _pal_interaction_msgs_generate_messages_check_deps_TTSstate
[  0%] Built target _pal_interaction_msgs_generate_messages_check_deps_ASRFileAction
[35m[1mScanning dependencies of target _pal_interaction_msgs_generate_messages_check_deps_SoundAction[0m
[  0%] Built target _pal_interaction_msgs_generate_messages_check_deps_ASRFileFeedback
[35m[1mScanning dependencies of target _pal_interaction_msgs_generate_messages_check_deps_TtsResult[0m
[  0%] Built target _pal_interaction_msgs_generate_messages_check_deps_WebGuiEvent
[  0%] Built target _pal_interaction_msgs_generate_messages_check_deps_AudioPlayFeedback
[35m[1mScanning dependencies of target _pal_interaction_msgs_generate_messages_check_deps_DirectionOfArrival[0m
[  0%] Built target _pal_interaction_msgs_generate_messages_check_deps_ASRActivation
[  0%] Built target _pal_interaction_msgs_generate_messages_check_deps_ASRLangModelMngmt
[35m[1mScanning dependencies of target _pal_interaction_msgs_generate_messages_check_deps_EnablingSoundLocalisation[0m
[35m[1mScanning dependencies of target _pal_interaction_msgs_generate_messages_check_deps_I18nText[0m
[35m[1mScanning dependencies of target _pal_interaction_msgs_generate_messages_check_deps_InputArgument[0m
[35m[1mScanning dependencies of target _pal_interaction_msgs_generate_messages_check_deps_ASRFileActionFeedback[0m
[  0%] Built target _pal_interaction_msgs_generate_messages_check_deps_AudioDeviceDescription
[  0%] Built target _pal_interaction_msgs_generate_messages_check_deps_SoundAction
[35m[1mScanning dependencies of target _pal_interaction_msgs_generate_messages_check_deps_AudioPlayActionGoal[0m
[35m[1mScanning dependencies of target _pal_interaction_msgs_generate_messages_check_deps_recognizerService[0m
[  0%] Built target _pal_interaction_msgs_generate_messages_check_deps_TtsResult
[  0%] Built target _pal_interaction_msgs_generate_messages_check_deps_DirectionOfArrival
[  0%] Built target _pal_interaction_msgs_generate_messages_check_deps_EnablingSoundLocalisation
[35m[1mScanning dependencies of target _pal_interaction_msgs_generate_messages_check_deps_AudioPlayAction[0m
[35m[1mScanning dependencies of target _pal_interaction_msgs_generate_messages_check_deps_AudioPlayActionResult[0m
[  0%] Built target _pal_interaction_msgs_generate_messages_check_deps_I18nText
[35m[1mScanning dependencies of target _pal_interaction_msgs_generate_messages_check_deps_audiosignal[0m
[  0%] Built target _pal_interaction_msgs_generate_messages_check_deps_InputArgument
[  0%] Built target _pal_interaction_msgs_generate_messages_check_deps_ASRFileActionFeedback
[35m[1mScanning dependencies of target _pal_interaction_msgs_generate_messages_check_deps_AudioPlayResult[0m
[  0%] Built target _pal_interaction_msgs_generate_messages_check_deps_AudioPlayActionGoal
[35m[1mScanning dependencies of target _pal_interaction_msgs_generate_messages_check_deps_SoundActionResult[0m
[35m[1mScanning dependencies of target _pal_interaction_msgs_generate_messages_check_deps_actiontag[0m
[35m[1mScanning dependencies of target _pal_interaction_msgs_generate_messages_check_deps_SoundActionFeedback[0m
[  0%] Built target _pal_interaction_msgs_generate_messages_check_deps_recognizerService
[  0%] Built target _pal_interaction_msgs_generate_messages_check_deps_AudioPlayAction
[35m[1mScanning dependencies of target _pal_interaction_msgs_generate_messages_check_deps_ASRSrvRequest[0m
[  0%] Built target _pal_interaction_msgs_generate_messages_check_deps_AudioPlayActionResult
[35m[1mScanning dependencies of target _pal_interaction_msgs_generate_messages_check_deps_AudioPlayGoal[0m
[  0%] Built target _pal_interaction_msgs_generate_messages_check_deps_audiosignal
[35m[1mScanning dependencies of target _pal_interaction_msgs_generate_messages_check_deps_SoundActionGoal[0m
[  0%] Built target _pal_interaction_msgs_generate_messages_check_deps_SoundActionResult
[  0%] Built target _pal_interaction_msgs_generate_messages_check_deps_AudioPlayResult
[35m[1mScanning dependencies of target _pal_interaction_msgs_generate_messages_check_deps_ASREvent[0m
[  0%] Built target _pal_interaction_msgs_generate_messages_check_deps_actiontag
[35m[1mScanning dependencies of target _pal_interaction_msgs_generate_messages_check_deps_TtsMark[0m
[35m[1mScanning dependencies of target _pal_interaction_msgs_generate_messages_check_deps_ASRFileActionGoal[0m
[  0%] Built target _pal_interaction_msgs_generate_messages_check_deps_SoundActionFeedback
[  0%] Built target _pal_interaction_msgs_generate_messages_check_deps_ASRSrvRequest
[35m[1mScanning dependencies of target actionlib_msgs_generate_messages_py[0m
[35m[1mScanning dependencies of target _pal_interaction_msgs_generate_messages_check_deps_ASRSrvResponse[0m
[  0%] Built target _pal_interaction_msgs_generate_messages_check_deps_AudioPlayGoal
[35m[1mScanning dependencies of target _pal_interaction_msgs_generate_messages_check_deps_VoiceActivity[0m
[  0%] Built target actionlib_msgs_generate_messages_py
[35m[1mScanning dependencies of target _pal_interaction_msgs_generate_messages_check_deps_Input[0m
[  0%] Built target _pal_interaction_msgs_generate_messages_check_deps_SoundActionGoal
[35m[1mScanning dependencies of target actionlib_msgs_generate_messages_nodejs[0m
[35m[1mScanning dependencies of target std_msgs_generate_messages_nodejs[0m
[  0%] Built target _pal_interaction_msgs_generate_messages_check_deps_ASREvent
[  0%] Built target _pal_interaction_msgs_generate_messages_check_deps_TtsMark
[  0%] Built target _pal_interaction_msgs_generate_messages_check_deps_ASRFileActionGoal
[  0%] Built target actionlib_msgs_generate_messages_nodejs
[35m[1mScanning dependencies of target actionlib_msgs_generate_messages_lisp[0m
[35m[1mScanning dependencies of target std_msgs_generate_messages_lisp[0m
[  0%] Built target std_msgs_generate_messages_nodejs
[35m[1mScanning dependencies of target actionlib_msgs_generate_messages_eus[0m
[  0%] Built target _pal_interaction_msgs_generate_messages_check_deps_ASRSrvResponse
[  0%] Built target actionlib_msgs_generate_messages_lisp
[35m[1mScanning dependencies of target std_msgs_generate_messages_eus[0m
[  0%] Built target std_msgs_generate_messages_lisp
[35m[1mScanning dependencies of target std_msgs_generate_messages_cpp[0m
[  0%] Built target actionlib_msgs_generate_messages_eus
[  0%] Built target _pal_interaction_msgs_generate_messages_check_deps_VoiceActivity
[35m[1mScanning dependencies of target actionlib_msgs_generate_messages_cpp[0m
[  0%] Built target std_msgs_generate_messages_eus
[  0%] Built target std_msgs_generate_messages_cpp
[  0%] Built target _pal_interaction_msgs_generate_messages_check_deps_Input
[  0%] Built target actionlib_msgs_generate_messages_cpp
[35m[1mScanning dependencies of target pal_interaction_msgs_generate_messages_nodejs[0m
[35m[1mScanning dependencies of target pal_interaction_msgs_generate_messages_lisp[0m
[35m[1mScanning dependencies of target pal_interaction_msgs_generate_messages_py[0m
[35m[1mScanning dependencies of target pal_interaction_msgs_generate_messages_eus[0m
[35m[1mScanning dependencies of target pal_interaction_msgs_generate_messages_cpp[0m
[  1%] [34m[1mGenerating Javascript code from pal_interaction_msgs/actiontag.msg[0m
[  1%] [34m[1mGenerating Javascript code from pal_interaction_msgs/ASREvent.msg[0m
[  2%] [34m[1mGenerating Javascript code from pal_interaction_msgs/ASRLangModelMngmt.msg[0m
[  2%] [34m[1mGenerating Python from MSG pal_interaction_msgs/actiontag[0m
[  2%] [34m[1mGenerating Javascript code from pal_interaction_msgs/ASRActivation.msg[0m
[  3%] [34m[1mGenerating EusLisp code from pal_interaction_msgs/actiontag.msg[0m
[  3%] [34m[1mGenerating Lisp code from pal_interaction_msgs/actiontag.msg[0m
[  4%] [34m[1mGenerating C++ code from pal_interaction_msgs/actiontag.msg[0m
[  4%] [34m[1mGenerating Javascript code from pal_interaction_msgs/ASRLanguage.msg[0m
[  4%] [34m[1mGenerating C++ code from pal_interaction_msgs/ASRActivation.msg[0m
[  4%] [34m[1mGenerating C++ code from pal_interaction_msgs/ASREvent.msg[0m
[  4%] [34m[1mGenerating Javascript code from pal_interaction_msgs/asrresult.msg[0m
[  5%] [34m[1mGenerating Lisp code from pal_interaction_msgs/ASRActivation.msg[0m
[  6%] [34m[1mGenerating Javascript code from pal_interaction_msgs/ASRSrvRequest.msg[0m
[  6%] [34m[1mGenerating EusLisp code from pal_interaction_msgs/ASRActivation.msg[0m
[  7%] [34m[1mGenerating C++ code from pal_interaction_msgs/ASRLangModelMngmt.msg[0m
[  7%] [34m[1mGenerating Javascript code from pal_interaction_msgs/ASRSrvResponse.msg[0m
[  7%] [34m[1mGenerating Javascript code from pal_interaction_msgs/ASRStatus.msg[0m
[  7%] [34m[1mGenerating Lisp code from pal_interaction_msgs/ASREvent.msg[0m
[  7%] [34m[1mGenerating Python from MSG pal_interaction_msgs/ASRActivation[0m
[  7%] [34m[1mGenerating C++ code from pal_interaction_msgs/ASRLanguage.msg[0m
[  8%] [34m[1mGenerating EusLisp code from pal_interaction_msgs/ASREvent.msg[0m
[  8%] [34m[1mGenerating C++ code from pal_interaction_msgs/asrresult.msg[0m
[  9%] [34m[1mGenerating Javascript code from pal_interaction_msgs/asrupdate.msg[0m
[  9%] [34m[1mGenerating Javascript code from pal_interaction_msgs/AudioDeviceDescription.msg[0m
[  9%] [34m[1mGenerating Lisp code from pal_interaction_msgs/ASRLangModelMngmt.msg[0m
[  9%] [34m[1mGenerating EusLisp code from pal_interaction_msgs/ASRLangModelMngmt.msg[0m
[ 10%] [34m[1mGenerating Lisp code from pal_interaction_msgs/ASRLanguage.msg[0m
[ 10%] [34m[1mGenerating Javascript code from pal_interaction_msgs/AudioPlayerState.msg[0m
[ 10%] [34m[1mGenerating EusLisp code from pal_interaction_msgs/ASRLanguage.msg[0m
[ 10%] [34m[1mGenerating Lisp code from pal_interaction_msgs/asrresult.msg[0m
[ 11%] [34m[1mGenerating C++ code from pal_interaction_msgs/ASRSrvRequest.msg[0m
[ 12%] [34m[1mGenerating Javascript code from pal_interaction_msgs/audiosignal.msg[0m
[ 12%] [34m[1mGenerating Javascript code from pal_interaction_msgs/DirectionOfArrival.msg[0m
[ 12%] [34m[1mGenerating Lisp code from pal_interaction_msgs/ASRSrvRequest.msg[0m
[ 12%] [34m[1mGenerating C++ code from pal_interaction_msgs/ASRSrvResponse.msg[0m
[ 13%] [34m[1mGenerating Python from MSG pal_interaction_msgs/ASREvent[0m
[ 14%] [34m[1mGenerating Lisp code from pal_interaction_msgs/ASRSrvResponse.msg[0m
[ 15%] [34m[1mGenerating EusLisp code from pal_interaction_msgs/asrresult.msg[0m
[ 15%] [34m[1mGenerating Lisp code from pal_interaction_msgs/ASRStatus.msg[0m
[ 15%] [34m[1mGenerating Python from MSG pal_interaction_msgs/ASRLangModelMngmt[0m
[ 15%] [34m[1mGenerating Javascript code from pal_interaction_msgs/EnablingSoundLocalisation.msg[0m
[ 16%] [34m[1mGenerating Lisp code from pal_interaction_msgs/asrupdate.msg[0m
[ 17%] [34m[1mGenerating Javascript code from pal_interaction_msgs/I18nText.msg[0m
[ 17%] [34m[1mGenerating C++ code from pal_interaction_msgs/ASRStatus.msg[0m
[ 17%] [34m[1mGenerating EusLisp code from pal_interaction_msgs/ASRSrvRequest.msg[0m
[ 18%] [34m[1mGenerating C++ code from pal_interaction_msgs/asrupdate.msg[0m
[ 18%] [34m[1mGenerating Lisp code from pal_interaction_msgs/AudioDeviceDescription.msg[0m
[ 18%] [34m[1mGenerating Python from MSG pal_interaction_msgs/ASRLanguage[0m
[ 18%] [34m[1mGenerating Javascript code from pal_interaction_msgs/I18nArgument.msg[0m
[ 18%] [34m[1mGenerating C++ code from pal_interaction_msgs/AudioDeviceDescription.msg[0m
[ 18%] [34m[1mGenerating EusLisp code from pal_interaction_msgs/ASRSrvResponse.msg[0m
[ 18%] [34m[1mGenerating Lisp code from pal_interaction_msgs/AudioPlayerState.msg[0m
[ 18%] [34m[1mGenerating C++ code from pal_interaction_msgs/AudioPlayerState.msg[0m
[ 19%] [34m[1mGenerating Javascript code from pal_interaction_msgs/Input.msg[0m
[ 20%] [34m[1mGenerating EusLisp code from pal_interaction_msgs/ASRStatus.msg[0m
[ 21%] [34m[1mGenerating C++ code from pal_interaction_msgs/audiosignal.msg[0m
[ 21%] [34m[1mGenerating Javascript code from pal_interaction_msgs/InputArgument.msg[0m
[ 22%] [34m[1mGenerating Lisp code from pal_interaction_msgs/audiosignal.msg[0m
[ 23%] [34m[1mGenerating Python from MSG pal_interaction_msgs/asrresult[0m
[ 23%] [34m[1mGenerating EusLisp code from pal_interaction_msgs/asrupdate.msg[0m
[ 23%] [34m[1mGenerating Javascript code from pal_interaction_msgs/TTSstate.msg[0m
[ 23%] [34m[1mGenerating Python from MSG pal_interaction_msgs/ASRSrvRequest[0m
[ 23%] [34m[1mGenerating C++ code from pal_interaction_msgs/DirectionOfArrival.msg[0m
[ 23%] [34m[1mGenerating Python from MSG pal_interaction_msgs/ASRSrvResponse[0m
[ 23%] [34m[1mGenerating Lisp code from pal_interaction_msgs/DirectionOfArrival.msg[0m
[ 24%] [34m[1mGenerating Javascript code from pal_interaction_msgs/TtsText.msg[0m
[ 24%] [34m[1mGenerating EusLisp code from pal_interaction_msgs/AudioDeviceDescription.msg[0m
[ 24%] [34m[1mGenerating C++ code from pal_interaction_msgs/EnablingSoundLocalisation.msg[0m
[ 24%] [34m[1mGenerating Lisp code from pal_interaction_msgs/EnablingSoundLocalisation.msg[0m
[ 24%] [34m[1mGenerating Javascript code from pal_interaction_msgs/TtsMark.msg[0m
[ 25%] [34m[1mGenerating Lisp code from pal_interaction_msgs/I18nText.msg[0m
[ 26%] [34m[1mGenerating EusLisp code from pal_interaction_msgs/AudioPlayerState.msg[0m
[ 26%] [34m[1mGenerating Lisp code from pal_interaction_msgs/I18nArgument.msg[0m
[ 27%] [34m[1mGenerating C++ code from pal_interaction_msgs/I18nText.msg[0m
[ 27%] [34m[1mGenerating EusLisp code from pal_interaction_msgs/audiosignal.msg[0m
[ 27%] [34m[1mGenerating Javascript code from pal_interaction_msgs/VoiceActivity.msg[0m
[ 28%] [34m[1mGenerating Python from MSG pal_interaction_msgs/ASRStatus[0m
[ 28%] [34m[1mGenerating Lisp code from pal_interaction_msgs/Input.msg[0m
[ 29%] [34m[1mGenerating Lisp code from pal_interaction_msgs/InputArgument.msg[0m
[ 29%] [34m[1mGenerating C++ code from pal_interaction_msgs/I18nArgument.msg[0m
[ 29%] [34m[1mGenerating EusLisp code from pal_interaction_msgs/DirectionOfArrival.msg[0m
[ 30%] [34m[1mGenerating Javascript code from pal_interaction_msgs/WebGuiEvent.msg[0m
[ 30%] [34m[1mGenerating Javascript code from pal_interaction_msgs/ASRFileAction.msg[0m
[ 30%] [34m[1mGenerating Lisp code from pal_interaction_msgs/TTSstate.msg[0m
[ 30%] [34m[1mGenerating Javascript code from pal_interaction_msgs/ASRFileActionGoal.msg[0m
[ 30%] [34m[1mGenerating C++ code from pal_interaction_msgs/Input.msg[0m
[ 31%] [34m[1mGenerating Javascript code from pal_interaction_msgs/ASRFileActionResult.msg[0m
[ 31%] [34m[1mGenerating Javascript code from pal_interaction_msgs/ASRFileActionFeedback.msg[0m
[ 32%] [34m[1mGenerating C++ code from pal_interaction_msgs/InputArgument.msg[0m
[ 32%] [34m[1mGenerating Lisp code from pal_interaction_msgs/TtsText.msg[0m
[ 33%] [34m[1mGenerating EusLisp code from pal_interaction_msgs/EnablingSoundLocalisation.msg[0m
[ 33%] [34m[1mGenerating Javascript code from pal_interaction_msgs/ASRFileGoal.msg[0m
[ 33%] [34m[1mGenerating Python from MSG pal_interaction_msgs/asrupdate[0m
[ 33%] [34m[1mGenerating EusLisp code from pal_interaction_msgs/I18nText.msg[0m
[ 34%] [34m[1mGenerating Lisp code from pal_interaction_msgs/TtsMark.msg[0m
[ 35%] [34m[1mGenerating Javascript code from pal_interaction_msgs/ASRFileResult.msg[0m
[ 35%] [34m[1mGenerating Lisp code from pal_interaction_msgs/VoiceActivity.msg[0m
[ 35%] [34m[1mGenerating Lisp code from pal_interaction_msgs/WebGuiEvent.msg[0m
[ 35%] [34m[1mGenerating C++ code from pal_interaction_msgs/TTSstate.msg[0m
[ 35%] [34m[1mGenerating Javascript code from pal_interaction_msgs/ASRFileFeedback.msg[0m
[ 35%] [34m[1mGenerating EusLisp code from pal_interaction_msgs/I18nArgument.msg[0m
[ 36%] [34m[1mGenerating Lisp code from pal_interaction_msgs/ASRFileAction.msg[0m
[ 36%] [34m[1mGenerating C++ code from pal_interaction_msgs/TtsText.msg[0m
[ 37%] [34m[1mGenerating EusLisp code from pal_interaction_msgs/Input.msg[0m
[ 37%] [34m[1mGenerating Javascript code from pal_interaction_msgs/AudioPlayAction.msg[0m
[ 37%] [34m[1mGenerating EusLisp code from pal_interaction_msgs/InputArgument.msg[0m
[ 37%] [34m[1mGenerating Python from MSG pal_interaction_msgs/AudioDeviceDescription[0m
[ 37%] [34m[1mGenerating Lisp code from pal_interaction_msgs/ASRFileActionGoal.msg[0m
[ 37%] [34m[1mGenerating Lisp code from pal_interaction_msgs/ASRFileActionResult.msg[0m
[ 38%] [34m[1mGenerating C++ code from pal_interaction_msgs/TtsMark.msg[0m
[ 38%] [34m[1mGenerating EusLisp code from pal_interaction_msgs/TTSstate.msg[0m
[ 39%] [34m[1mGenerating Javascript code from pal_interaction_msgs/AudioPlayActionGoal.msg[0m
[ 40%] [34m[1mGenerating Lisp code from pal_interaction_msgs/ASRFileActionFeedback.msg[0m
[ 40%] [34m[1mGenerating Lisp code from pal_interaction_msgs/ASRFileGoal.msg[0m
[ 40%] [34m[1mGenerating C++ code from pal_interaction_msgs/VoiceActivity.msg[0m
[ 41%] [34m[1mGenerating EusLisp code from pal_interaction_msgs/TtsText.msg[0m
[ 41%] [34m[1mGenerating C++ code from pal_interaction_msgs/WebGuiEvent.msg[0m
[ 41%] [34m[1mGenerating Lisp code from pal_interaction_msgs/ASRFileResult.msg[0m
[ 42%] [34m[1mGenerating C++ code from pal_interaction_msgs/ASRFileAction.msg[0m
[ 42%] [34m[1mGenerating Javascript code from pal_interaction_msgs/AudioPlayActionResult.msg[0m
[ 43%] [34m[1mGenerating Python from MSG pal_interaction_msgs/AudioPlayerState[0m
[ 43%] [34m[1mGenerating EusLisp code from pal_interaction_msgs/TtsMark.msg[0m
[ 44%] [34m[1mGenerating Lisp code from pal_interaction_msgs/ASRFileFeedback.msg[0m
[ 44%] [34m[1mGenerating EusLisp code from pal_interaction_msgs/VoiceActivity.msg[0m
[ 44%] [34m[1mGenerating Javascript code from pal_interaction_msgs/AudioPlayActionFeedback.msg[0m
[ 44%] [34m[1mGenerating C++ code from pal_interaction_msgs/ASRFileActionGoal.msg[0m
[ 45%] [34m[1mGenerating EusLisp code from pal_interaction_msgs/WebGuiEvent.msg[0m
[ 45%] [34m[1mGenerating Lisp code from pal_interaction_msgs/AudioPlayAction.msg[0m
[ 46%] [34m[1mGenerating Javascript code from pal_interaction_msgs/AudioPlayGoal.msg[0m
[ 47%] [34m[1mGenerating C++ code from pal_interaction_msgs/ASRFileActionResult.msg[0m
[ 47%] [34m[1mGenerating Javascript code from pal_interaction_msgs/AudioPlayResult.msg[0m
[ 47%] [34m[1mGenerating EusLisp code from pal_interaction_msgs/ASRFileAction.msg[0m
[ 47%] [34m[1mGenerating Python from MSG pal_interaction_msgs/audiosignal[0m
[ 47%] [34m[1mGenerating Lisp code from pal_interaction_msgs/AudioPlayActionGoal.msg[0m
[ 47%] [34m[1mGenerating Javascript code from pal_interaction_msgs/AudioPlayFeedback.msg[0m
[ 47%] [34m[1mGenerating EusLisp code from pal_interaction_msgs/ASRFileActionGoal.msg[0m
[ 47%] [34m[1mGenerating Python from MSG pal_interaction_msgs/DirectionOfArrival[0m
[ 47%] [34m[1mGenerating C++ code from pal_interaction_msgs/ASRFileActionFeedback.msg[0m
[ 48%] [34m[1mGenerating Lisp code from pal_interaction_msgs/AudioPlayActionResult.msg[0m
[ 48%] [34m[1mGenerating C++ code from pal_interaction_msgs/ASRFileGoal.msg[0m
[ 50%] [34m[1mGenerating Javascript code from pal_interaction_msgs/SoundAction.msg[0m
[ 50%] [34m[1mGenerating Lisp code from pal_interaction_msgs/AudioPlayActionFeedback.msg[0m
[ 50%] [34m[1mGenerating Lisp code from pal_interaction_msgs/AudioPlayGoal.msg[0m
[ 51%] [34m[1mGenerating EusLisp code from pal_interaction_msgs/ASRFileActionResult.msg[0m
[ 51%] [34m[1mGenerating Javascript code from pal_interaction_msgs/SoundActionGoal.msg[0m
[ 51%] [34m[1mGenerating Javascript code from pal_interaction_msgs/SoundActionResult.msg[0m
[ 52%] [34m[1mGenerating Lisp code from pal_interaction_msgs/AudioPlayResult.msg[0m
[ 52%] [34m[1mGenerating EusLisp code from pal_interaction_msgs/ASRFileActionFeedback.msg[0m
[ 53%] [34m[1mGenerating C++ code from pal_interaction_msgs/ASRFileResult.msg[0m
[ 54%] [34m[1mGenerating Javascript code from pal_interaction_msgs/SoundActionFeedback.msg[0m
[ 55%] [34m[1mGenerating Python from MSG pal_interaction_msgs/EnablingSoundLocalisation[0m
[ 55%] [34m[1mGenerating Javascript code from pal_interaction_msgs/SoundGoal.msg[0m
[ 55%] [34m[1mGenerating Lisp code from pal_interaction_msgs/AudioPlayFeedback.msg[0m
[ 55%] [34m[1mGenerating Lisp code from pal_interaction_msgs/SoundAction.msg[0m
[ 55%] [34m[1mGenerating Javascript code from pal_interaction_msgs/SoundResult.msg[0m
[ 56%] [34m[1mGenerating Javascript code from pal_interaction_msgs/SoundFeedback.msg[0m
[ 56%] [34m[1mGenerating EusLisp code from pal_interaction_msgs/ASRFileGoal.msg[0m
[ 56%] [34m[1mGenerating Javascript code from pal_interaction_msgs/TtsAction.msg[0m
[ 56%] [34m[1mGenerating Javascript code from pal_interaction_msgs/TtsActionGoal.msg[0m
[ 57%] [34m[1mGenerating Javascript code from pal_interaction_msgs/TtsActionResult.msg[0m
[ 58%] [34m[1mGenerating Lisp code from pal_interaction_msgs/SoundActionGoal.msg[0m
[ 58%] [34m[1mGenerating Lisp code from pal_interaction_msgs/SoundActionResult.msg[0m
[ 58%] [34m[1mGenerating C++ code from pal_interaction_msgs/ASRFileFeedback.msg[0m
[ 58%] [34m[1mGenerating Javascript code from pal_interaction_msgs/TtsActionFeedback.msg[0m
[ 59%] [34m[1mGenerating Lisp code from pal_interaction_msgs/SoundActionFeedback.msg[0m
[ 60%] [34m[1mGenerating EusLisp code from pal_interaction_msgs/ASRFileResult.msg[0m
[ 60%] [34m[1mGenerating Lisp code from pal_interaction_msgs/SoundGoal.msg[0m
[ 60%] [34m[1mGenerating EusLisp code from pal_interaction_msgs/ASRFileFeedback.msg[0m
[ 61%] [34m[1mGenerating Javascript code from pal_interaction_msgs/TtsGoal.msg[0m
[ 61%] [34m[1mGenerating Python from MSG pal_interaction_msgs/I18nText[0m
[ 61%] [34m[1mGenerating EusLisp code from pal_interaction_msgs/AudioPlayAction.msg[0m
[ 61%] [34m[1mGenerating Lisp code from pal_interaction_msgs/SoundResult.msg[0m
[ 61%] [34m[1mGenerating Python from MSG pal_interaction_msgs/I18nArgument[0m
[ 62%] [34m[1mGenerating EusLisp code from pal_interaction_msgs/AudioPlayActionGoal.msg[0m
[ 62%] [34m[1mGenerating Javascript code from pal_interaction_msgs/TtsResult.msg[0m
[ 62%] [34m[1mGenerating C++ code from pal_interaction_msgs/AudioPlayAction.msg[0m
[ 63%] [34m[1mGenerating Lisp code from pal_interaction_msgs/SoundFeedback.msg[0m
[ 64%] [34m[1mGenerating Python from MSG pal_interaction_msgs/Input[0m
[ 64%] [34m[1mGenerating Javascript code from pal_interaction_msgs/TtsFeedback.msg[0m
[ 64%] [34m[1mGenerating EusLisp code from pal_interaction_msgs/AudioPlayActionResult.msg[0m
[ 65%] [34m[1mGenerating EusLisp code from pal_interaction_msgs/AudioPlayActionFeedback.msg[0m
[ 66%] [34m[1mGenerating Javascript code from pal_interaction_msgs/ASRService.srv[0m
[ 66%] [34m[1mGenerating Lisp code from pal_interaction_msgs/TtsAction.msg[0m
[ 66%] [34m[1mGenerating Python from MSG pal_interaction_msgs/InputArgument[0m
[ 67%] [34m[1mGenerating C++ code from pal_interaction_msgs/AudioPlayActionGoal.msg[0m
[ 67%] [34m[1mGenerating EusLisp code from pal_interaction_msgs/AudioPlayGoal.msg[0m
[ 67%] [34m[1mGenerating Python from MSG pal_interaction_msgs/TTSstate[0m
[ 67%] [34m[1mGenerating Lisp code from pal_interaction_msgs/TtsActionGoal.msg[0m
[ 67%] [34m[1mGenerating Javascript code from pal_interaction_msgs/GetSpeechDuration.srv[0m
[ 68%] [34m[1mGenerating Lisp code from pal_interaction_msgs/TtsActionResult.msg[0m
[ 68%] [34m[1mGenerating Lisp code from pal_interaction_msgs/TtsActionFeedback.msg[0m
[ 68%] [34m[1mGenerating Javascript code from pal_interaction_msgs/recognizerService.srv[0m
[ 69%] [34m[1mGenerating Python from MSG pal_interaction_msgs/TtsText[0m
[ 69%] [34m[1mGenerating EusLisp code from pal_interaction_msgs/AudioPlayResult.msg[0m
[ 69%] [34m[1mGenerating Python from MSG pal_interaction_msgs/TtsMark[0m
[ 69%] [34m[1mGenerating C++ code from pal_interaction_msgs/AudioPlayActionResult.msg[0m
[ 70%] [34m[1mGenerating Javascript code from pal_interaction_msgs/SoundLocalisationService.srv[0m
[ 70%] [34m[1mGenerating Lisp code from pal_interaction_msgs/TtsGoal.msg[0m
[ 70%] [34m[1mGenerating Python from MSG pal_interaction_msgs/VoiceActivity[0m
[ 70%] Built target pal_interaction_msgs_generate_messages_nodejs
[ 71%] [34m[1mGenerating Python from MSG pal_interaction_msgs/WebGuiEvent[0m
[ 71%] [34m[1mGenerating Python from MSG pal_interaction_msgs/ASRFileAction[0m
[ 72%] [34m[1mGenerating EusLisp code from pal_interaction_msgs/AudioPlayFeedback.msg[0m
[ 73%] [34m[1mGenerating Lisp code from pal_interaction_msgs/TtsResult.msg[0m
[ 73%] [34m[1mGenerating C++ code from pal_interaction_msgs/AudioPlayActionFeedback.msg[0m
[ 74%] [34m[1mGenerating Python from MSG pal_interaction_msgs/ASRFileActionGoal[0m
[ 74%] [34m[1mGenerating EusLisp code from pal_interaction_msgs/SoundAction.msg[0m
[ 75%] [34m[1mGenerating C++ code from pal_interaction_msgs/AudioPlayGoal.msg[0m
[ 75%] [34m[1mGenerating Lisp code from pal_interaction_msgs/TtsFeedback.msg[0m
[ 75%] [34m[1mGenerating Lisp code from pal_interaction_msgs/ASRService.srv[0m
[ 75%] [34m[1mGenerating EusLisp code from pal_interaction_msgs/SoundActionGoal.msg[0m
[ 76%] [34m[1mGenerating Lisp code from pal_interaction_msgs/GetSpeechDuration.srv[0m
[ 76%] [34m[1mGenerating Lisp code from pal_interaction_msgs/recognizerService.srv[0m
[ 77%] [34m[1mGenerating EusLisp code from pal_interaction_msgs/SoundActionResult.msg[0m
[ 77%] [34m[1mGenerating Lisp code from pal_interaction_msgs/SoundLocalisationService.srv[0m
[ 77%] [34m[1mGenerating Python from MSG pal_interaction_msgs/ASRFileActionResult[0m
[ 77%] [34m[1mGenerating C++ code from pal_interaction_msgs/AudioPlayResult.msg[0m
[ 77%] [34m[1mGenerating C++ code from pal_interaction_msgs/AudioPlayFeedback.msg[0m
[ 77%] [34m[1mGenerating Python from MSG pal_interaction_msgs/ASRFileActionFeedback[0m
[ 77%] [34m[1mGenerating EusLisp code from pal_interaction_msgs/SoundActionFeedback.msg[0m
[ 78%] [34m[1mGenerating Python from MSG pal_interaction_msgs/ASRFileGoal[0m
[ 78%] Built target pal_interaction_msgs_generate_messages_lisp
[ 78%] [34m[1mGenerating Python from MSG pal_interaction_msgs/ASRFileResult[0m
[ 78%] [34m[1mGenerating EusLisp code from pal_interaction_msgs/SoundGoal.msg[0m
[ 78%] [34m[1mGenerating EusLisp code from pal_interaction_msgs/SoundFeedback.msg[0m
[ 79%] [34m[1mGenerating EusLisp code from pal_interaction_msgs/SoundResult.msg[0m
[ 79%] [34m[1mGenerating EusLisp code from pal_interaction_msgs/TtsAction.msg[0m
[ 80%] [34m[1mGenerating EusLisp code from pal_interaction_msgs/TtsActionGoal.msg[0m
[ 81%] [34m[1mGenerating C++ code from pal_interaction_msgs/SoundAction.msg[0m
[ 81%] [34m[1mGenerating Python from MSG pal_interaction_msgs/ASRFileFeedback[0m
[ 81%] [34m[1mGenerating EusLisp code from pal_interaction_msgs/TtsActionResult.msg[0m
[ 81%] [34m[1mGenerating EusLisp code from pal_interaction_msgs/TtsActionFeedback.msg[0m
[ 81%] [34m[1mGenerating C++ code from pal_interaction_msgs/SoundActionGoal.msg[0m
[ 82%] [34m[1mGenerating EusLisp code from pal_interaction_msgs/TtsGoal.msg[0m
[ 83%] [34m[1mGenerating Python from MSG pal_interaction_msgs/AudioPlayAction[0m
[ 83%] [34m[1mGenerating Python from MSG pal_interaction_msgs/AudioPlayActionGoal[0m
[ 83%] [34m[1mGenerating C++ code from pal_interaction_msgs/SoundActionResult.msg[0m
[ 84%] [34m[1mGenerating C++ code from pal_interaction_msgs/SoundActionFeedback.msg[0m
[ 84%] [34m[1mGenerating EusLisp code from pal_interaction_msgs/TtsResult.msg[0m
[ 84%] [34m[1mGenerating Python from MSG pal_interaction_msgs/AudioPlayActionResult[0m
[ 84%] [34m[1mGenerating EusLisp code from pal_interaction_msgs/TtsFeedback.msg[0m
[ 85%] [34m[1mGenerating EusLisp code from pal_interaction_msgs/ASRService.srv[0m
[ 85%] [34m[1mGenerating C++ code from pal_interaction_msgs/SoundGoal.msg[0m
[ 86%] [34m[1mGenerating Python from MSG pal_interaction_msgs/AudioPlayActionFeedback[0m
[ 86%] [34m[1mGenerating Python from MSG pal_interaction_msgs/AudioPlayGoal[0m
[ 86%] [34m[1mGenerating EusLisp code from pal_interaction_msgs/GetSpeechDuration.srv[0m
[ 86%] [34m[1mGenerating Python from MSG pal_interaction_msgs/AudioPlayResult[0m
[ 87%] [34m[1mGenerating Python from MSG pal_interaction_msgs/AudioPlayFeedback[0m
[ 87%] [34m[1mGenerating EusLisp code from pal_interaction_msgs/recognizerService.srv[0m
[ 87%] [34m[1mGenerating C++ code from pal_interaction_msgs/SoundResult.msg[0m
[ 88%] [34m[1mGenerating EusLisp code from pal_interaction_msgs/SoundLocalisationService.srv[0m
[ 88%] [34m[1mGenerating EusLisp manifest code for pal_interaction_msgs[0m
[ 88%] [34m[1mGenerating Python from MSG pal_interaction_msgs/SoundAction[0m
[ 88%] [34m[1mGenerating Python from MSG pal_interaction_msgs/SoundActionGoal[0m
[ 89%] [34m[1mGenerating Python from MSG pal_interaction_msgs/SoundActionResult[0m
[ 90%] [34m[1mGenerating C++ code from pal_interaction_msgs/SoundFeedback.msg[0m
[ 90%] [34m[1mGenerating Python from MSG pal_interaction_msgs/SoundActionFeedback[0m
[ 90%] [34m[1mGenerating Python from MSG pal_interaction_msgs/SoundGoal[0m
[ 91%] [34m[1mGenerating Python from MSG pal_interaction_msgs/SoundResult[0m
WARNING: Package name "TiagoTourGuide" does not follow the naming conventions. It should start with a lower case letter and only contain lower case letters, digits, underscores, and dashes.
WARNING: Package name "TiagoTourGuide" does not follow the naming conventions. It should start with a lower case letter and only contain lower case letters, digits, underscores, and dashes.
WARNING: Package name "TiagoTourGuide" does not follow the naming conventions. It should start with a lower case letter and only contain lower case letters, digits, underscores, and dashes.
[ 91%] [34m[1mGenerating Python from MSG pal_interaction_msgs/SoundFeedback[0m
[ 91%] [34m[1mGenerating C++ code from pal_interaction_msgs/TtsAction.msg[0m
[ 91%] [34m[1mGenerating C++ code from pal_interaction_msgs/TtsActionGoal.msg[0m
[ 91%] [34m[1mGenerating Python from MSG pal_interaction_msgs/TtsAction[0m
[ 92%] [34m[1mGenerating Python from MSG pal_interaction_msgs/TtsActionGoal[0m
[ 92%] [34m[1mGenerating Python from MSG pal_interaction_msgs/TtsActionResult[0m
[ 93%] [34m[1mGenerating C++ code from pal_interaction_msgs/TtsActionResult.msg[0m
[ 93%] [34m[1mGenerating C++ code from pal_interaction_msgs/TtsActionFeedback.msg[0m
[ 93%] [34m[1mGenerating Python from MSG pal_interaction_msgs/TtsActionFeedback[0m
WARNING: Package name "TiagoTourGuide" does not follow the naming conventions. It should start with a lower case letter and only contain lower case letters, digits, underscores, and dashes.
[ 93%] [34m[1mGenerating C++ code from pal_interaction_msgs/TtsGoal.msg[0m
WARNING: Package name "TiagoTourGuide" does not follow the naming conventions. It should start with a lower case letter and only contain lower case letters, digits, underscores, and dashes.
[ 94%] [34m[1mGenerating Python from MSG pal_interaction_msgs/TtsGoal[0m
[ 95%] [34m[1mGenerating C++ code from pal_interaction_msgs/TtsResult.msg[0m
[ 95%] [34m[1mGenerating Python from MSG pal_interaction_msgs/TtsResult[0m
WARNING: Package name "TiagoTourGuide" does not follow the naming conventions. It should start with a lower case letter and only contain lower case letters, digits, underscores, and dashes.
[ 95%] [34m[1mGenerating C++ code from pal_interaction_msgs/TtsFeedback.msg[0m
[ 95%] [34m[1mGenerating C++ code from pal_interaction_msgs/ASRService.srv[0m
[ 96%] [34m[1mGenerating C++ code from pal_interaction_msgs/GetSpeechDuration.srv[0m
[ 96%] [34m[1mGenerating Python from MSG pal_interaction_msgs/TtsFeedback[0m
[ 96%] [34m[1mGenerating C++ code from pal_interaction_msgs/SoundLocalisationService.srv[0m
[ 96%] [34m[1mGenerating C++ code from pal_interaction_msgs/recognizerService.srv[0m
[ 97%] [34m[1mGenerating Python code from SRV pal_interaction_msgs/ASRService[0m
[ 97%] [34m[1mGenerating Python code from SRV pal_interaction_msgs/GetSpeechDuration[0m
[ 97%] Built target pal_interaction_msgs_generate_messages_eus
[ 97%] [34m[1mGenerating Python code from SRV pal_interaction_msgs/recognizerService[0m
[ 98%] [34m[1mGenerating Python code from SRV pal_interaction_msgs/SoundLocalisationService[0m
[ 98%] Built target pal_interaction_msgs_generate_messages_cpp
[100%] [34m[1mGenerating Python srv __init__.py for pal_interaction_msgs[0m
[100%] [34m[1mGenerating Python msg __init__.py for pal_interaction_msgs[0m
[100%] Built target pal_interaction_msgs_generate_messages_py
[35m[1mScanning dependencies of target pal_interaction_msgs_generate_messages[0m
[100%] Built target pal_interaction_msgs_generate_messages
