Warning: Cannot symlink from /home/james/test/TiaGo_TourGuide/TiagoTourGuide_ws/devel/.private/pal_interaction_msgs/share/pal_interaction_msgs/cmake/pal_interaction_msgsConfig.cmake to existing file /home/james/test/TiaGo_TourGuide/TiagoTourGuide_ws/devel/share/pal_interaction_msgs/cmake/pal_interaction_msgsConfig.cmake
Warning: Source hash: a04949214750f1aaff9fa5be9ac84e39
Warning: Dest hash: 8a1eb204e85e60db625d3f600d22810b
Warning: Cannot symlink from /home/james/test/TiaGo_TourGuide/TiagoTourGuide_ws/devel/.private/pal_interaction_msgs/share/pal_interaction_msgs/cmake/pal_interaction_msgs-msg-extras.cmake to existing file /home/james/test/TiaGo_TourGuide/TiagoTourGuide_ws/devel/share/pal_interaction_msgs/cmake/pal_interaction_msgs-msg-extras.cmake
Warning: Source hash: a305700a2ee2235ac7d251c95442039a
Warning: Dest hash: 54d0b7598dc92951d4858d355f76a06d
Warning: Cannot symlink from /home/james/test/TiaGo_TourGuide/TiagoTourGuide_ws/devel/.private/pal_interaction_msgs/share/pal_interaction_msgs/cmake/pal_interaction_msgs-msg-paths.cmake to existing file /home/james/test/TiaGo_TourGuide/TiagoTourGuide_ws/devel/share/pal_interaction_msgs/cmake/pal_interaction_msgs-msg-paths.cmake
Warning: Source hash: 3be3cdf608a3cc2d54d8ea9f23cb9456
Warning: Dest hash: f214a32b6efd7c3e7859f41b2e20d22f
Warning: Cannot symlink from /home/james/test/TiaGo_TourGuide/TiagoTourGuide_ws/devel/.private/pal_interaction_msgs/share/gennodejs/ros/pal_interaction_msgs/msg/SoundActionGoal.js to existing file /home/james/test/TiaGo_TourGuide/TiagoTourGuide_ws/devel/share/gennodejs/ros/pal_interaction_msgs/msg/SoundActionGoal.js
Warning: Source hash: bd468105dc111e1e70d1a496b32d9c96
Warning: Dest hash: aa5a57e319f3f83f6fbab08551a23e21
Warning: Cannot symlink from /home/james/test/TiaGo_TourGuide/TiagoTourGuide_ws/devel/.private/pal_interaction_msgs/share/gennodejs/ros/pal_interaction_msgs/msg/AudioPlayActionResult.js to existing file /home/james/test/TiaGo_TourGuide/TiagoTourGuide_ws/devel/share/gennodejs/ros/pal_interaction_msgs/msg/AudioPlayActionResult.js
Warning: Source hash: 1358f3e633da18492038204d352256f6
Warning: Dest hash: ebf34a52bac75ac09fbbab4e18fd738c
Warning: Cannot symlink from /home/james/test/TiaGo_TourGuide/TiagoTourGuide_ws/devel/.private/pal_interaction_msgs/share/gennodejs/ros/pal_interaction_msgs/msg/AudioPlayActionGoal.js to existing file /home/james/test/TiaGo_TourGuide/TiagoTourGuide_ws/devel/share/gennodejs/ros/pal_interaction_msgs/msg/AudioPlayActionGoal.js
Warning: Source hash: 1e938433c32b1c30b73ec622c3e0942a
Warning: Dest hash: 8b9d8329fdf10f59fbcfd3c8e70dcadb
Warning: Cannot symlink from /home/james/test/TiaGo_TourGuide/TiagoTourGuide_ws/devel/.private/pal_interaction_msgs/share/gennodejs/ros/pal_interaction_msgs/msg/SoundActionResult.js to existing file /home/james/test/TiaGo_TourGuide/TiagoTourGuide_ws/devel/share/gennodejs/ros/pal_interaction_msgs/msg/SoundActionResult.js
Warning: Source hash: 8f64992666cec78c49c4ac228737aab0
Warning: Dest hash: e11b80e9ba4090112302777f35f4a904
Warning: Cannot symlink from /home/james/test/TiaGo_TourGuide/TiagoTourGuide_ws/devel/.private/pal_interaction_msgs/share/gennodejs/ros/pal_interaction_msgs/msg/AudioPlayActionFeedback.js to existing file /home/james/test/TiaGo_TourGuide/TiagoTourGuide_ws/devel/share/gennodejs/ros/pal_interaction_msgs/msg/AudioPlayActionFeedback.js
Warning: Source hash: e123bc14eb25de6b35a4936aed5123df
Warning: Dest hash: e5c170ffa7eb8b9aad0375e44430cb00
Warning: Cannot symlink from /home/james/test/TiaGo_TourGuide/TiagoTourGuide_ws/devel/.private/pal_interaction_msgs/share/gennodejs/ros/pal_interaction_msgs/msg/ASRFileActionResult.js to existing file /home/james/test/TiaGo_TourGuide/TiagoTourGuide_ws/devel/share/gennodejs/ros/pal_interaction_msgs/msg/ASRFileActionResult.js
Warning: Source hash: 67c7ca1f56af567c6860e97ab7d7d059
Warning: Dest hash: 76a1b2667338dd8d7d08efcd7c9ae9be
Warning: Cannot symlink from /home/james/test/TiaGo_TourGuide/TiagoTourGuide_ws/devel/.private/pal_interaction_msgs/lib/pkgconfig/pal_interaction_msgs.pc to existing file /home/james/test/TiaGo_TourGuide/TiagoTourGuide_ws/devel/lib/pkgconfig/pal_interaction_msgs.pc
Warning: Source hash: fa32626e6111e1445365a9f40492d6d2
Warning: Dest hash: ce3c0189f786787fe80d8ef69558ca73
