[  0%] Built target _pal_simulation_msgs_generate_messages_check_deps_ExternalWrench
[  0%] Built target geometry_msgs_generate_messages_cpp
[ 14%] Built target pal_simulation_msgs_generate_messages_cpp
[ 14%] Built target geometry_msgs_generate_messages_eus
[ 42%] Built target pal_simulation_msgs_generate_messages_eus
[ 42%] Built target geometry_msgs_generate_messages_py
[ 71%] Built target pal_simulation_msgs_generate_messages_py
[ 71%] Built target geometry_msgs_generate_messages_lisp
[ 85%] Built target pal_simulation_msgs_generate_messages_lisp
[ 85%] Built target geometry_msgs_generate_messages_nodejs
[100%] Built target pal_simulation_msgs_generate_messages_nodejs
[100%] Built target pal_simulation_msgs_generate_messages
[36mInstall the project...[0m
-- Install configuration: ""
-- Installing: /home/james/TiaGo_TourGuide/TiagoTourGuide_ws/install/_setup_util.py
-- Installing: /home/james/TiaGo_TourGuide/TiagoTourGuide_ws/install/env.sh
-- Installing: /home/james/TiaGo_TourGuide/TiagoTourGuide_ws/install/setup.bash
-- Installing: /home/james/TiaGo_TourGuide/TiagoTourGuide_ws/install/local_setup.bash
-- Installing: /home/james/TiaGo_TourGuide/TiagoTourGuide_ws/install/setup.sh
-- Installing: /home/james/TiaGo_TourGuide/TiagoTourGuide_ws/install/local_setup.sh
-- Installing: /home/james/TiaGo_TourGuide/TiagoTourGuide_ws/install/setup.zsh
-- Installing: /home/james/TiaGo_TourGuide/TiagoTourGuide_ws/install/local_setup.zsh
-- Installing: /home/james/TiaGo_TourGuide/TiagoTourGuide_ws/install/.rosinstall
-- Up-to-date: /home/james/TiaGo_TourGuide/TiagoTourGuide_ws/install/share/pal_simulation_msgs/msg/ExternalWrench.msg
-- Up-to-date: /home/james/TiaGo_TourGuide/TiagoTourGuide_ws/install/share/pal_simulation_msgs/cmake/pal_simulation_msgs-msg-paths.cmake
-- Up-to-date: /home/james/TiaGo_TourGuide/TiagoTourGuide_ws/install/include/pal_simulation_msgs
-- Up-to-date: /home/james/TiaGo_TourGuide/TiagoTourGuide_ws/install/include/pal_simulation_msgs/ExternalWrench.h
-- Up-to-date: /home/james/TiaGo_TourGuide/TiagoTourGuide_ws/install/share/roseus/ros/pal_simulation_msgs
-- Up-to-date: /home/james/TiaGo_TourGuide/TiagoTourGuide_ws/install/share/roseus/ros/pal_simulation_msgs/manifest.l
-- Up-to-date: /home/james/TiaGo_TourGuide/TiagoTourGuide_ws/install/share/roseus/ros/pal_simulation_msgs/msg
-- Up-to-date: /home/james/TiaGo_TourGuide/TiagoTourGuide_ws/install/share/roseus/ros/pal_simulation_msgs/msg/ExternalWrench.l
-- Up-to-date: /home/james/TiaGo_TourGuide/TiagoTourGuide_ws/install/share/common-lisp/ros/pal_simulation_msgs
-- Up-to-date: /home/james/TiaGo_TourGuide/TiagoTourGuide_ws/install/share/common-lisp/ros/pal_simulation_msgs/msg
-- Up-to-date: /home/james/TiaGo_TourGuide/TiagoTourGuide_ws/install/share/common-lisp/ros/pal_simulation_msgs/msg/ExternalWrench.lisp
-- Up-to-date: /home/james/TiaGo_TourGuide/TiagoTourGuide_ws/install/share/common-lisp/ros/pal_simulation_msgs/msg/_package.lisp
-- Up-to-date: /home/james/TiaGo_TourGuide/TiagoTourGuide_ws/install/share/common-lisp/ros/pal_simulation_msgs/msg/pal_simulation_msgs-msg.asd
-- Up-to-date: /home/james/TiaGo_TourGuide/TiagoTourGuide_ws/install/share/common-lisp/ros/pal_simulation_msgs/msg/_package_ExternalWrench.lisp
-- Up-to-date: /home/james/TiaGo_TourGuide/TiagoTourGuide_ws/install/share/gennodejs/ros/pal_simulation_msgs
-- Up-to-date: /home/james/TiaGo_TourGuide/TiagoTourGuide_ws/install/share/gennodejs/ros/pal_simulation_msgs/_index.js
-- Up-to-date: /home/james/TiaGo_TourGuide/TiagoTourGuide_ws/install/share/gennodejs/ros/pal_simulation_msgs/msg
-- Up-to-date: /home/james/TiaGo_TourGuide/TiagoTourGuide_ws/install/share/gennodejs/ros/pal_simulation_msgs/msg/_index.js
-- Up-to-date: /home/james/TiaGo_TourGuide/TiagoTourGuide_ws/install/share/gennodejs/ros/pal_simulation_msgs/msg/ExternalWrench.js
Listing '/home/james/TiaGo_TourGuide/TiagoTourGuide_ws/devel/.private/pal_simulation_msgs/lib/python3/dist-packages/pal_simulation_msgs'...
Listing '/home/james/TiaGo_TourGuide/TiagoTourGuide_ws/devel/.private/pal_simulation_msgs/lib/python3/dist-packages/pal_simulation_msgs/msg'...
-- Up-to-date: /home/james/TiaGo_TourGuide/TiagoTourGuide_ws/install/lib/python3/dist-packages/pal_simulation_msgs
-- Up-to-date: /home/james/TiaGo_TourGuide/TiagoTourGuide_ws/install/lib/python3/dist-packages/pal_simulation_msgs/__pycache__
-- Up-to-date: /home/james/TiaGo_TourGuide/TiagoTourGuide_ws/install/lib/python3/dist-packages/pal_simulation_msgs/__pycache__/__init__.cpython-38.pyc
-- Up-to-date: /home/james/TiaGo_TourGuide/TiagoTourGuide_ws/install/lib/python3/dist-packages/pal_simulation_msgs/__init__.py
-- Up-to-date: /home/james/TiaGo_TourGuide/TiagoTourGuide_ws/install/lib/python3/dist-packages/pal_simulation_msgs/msg
-- Up-to-date: /home/james/TiaGo_TourGuide/TiagoTourGuide_ws/install/lib/python3/dist-packages/pal_simulation_msgs/msg/_ExternalWrench.py
-- Up-to-date: /home/james/TiaGo_TourGuide/TiagoTourGuide_ws/install/lib/python3/dist-packages/pal_simulation_msgs/msg/__pycache__
-- Up-to-date: /home/james/TiaGo_TourGuide/TiagoTourGuide_ws/install/lib/python3/dist-packages/pal_simulation_msgs/msg/__pycache__/__init__.cpython-38.pyc
-- Up-to-date: /home/james/TiaGo_TourGuide/TiagoTourGuide_ws/install/lib/python3/dist-packages/pal_simulation_msgs/msg/__pycache__/_ExternalWrench.cpython-38.pyc
-- Up-to-date: /home/james/TiaGo_TourGuide/TiagoTourGuide_ws/install/lib/python3/dist-packages/pal_simulation_msgs/msg/__init__.py
-- Up-to-date: /home/james/TiaGo_TourGuide/TiagoTourGuide_ws/install/lib/pkgconfig/pal_simulation_msgs.pc
-- Up-to-date: /home/james/TiaGo_TourGuide/TiagoTourGuide_ws/install/share/pal_simulation_msgs/cmake/pal_simulation_msgs-msg-extras.cmake
-- Up-to-date: /home/james/TiaGo_TourGuide/TiagoTourGuide_ws/install/share/pal_simulation_msgs/cmake/pal_simulation_msgsConfig.cmake
-- Up-to-date: /home/james/TiaGo_TourGuide/TiagoTourGuide_ws/install/share/pal_simulation_msgs/cmake/pal_simulation_msgsConfig-version.cmake
-- Up-to-date: /home/james/TiaGo_TourGuide/TiagoTourGuide_ws/install/share/pal_simulation_msgs/package.xml
