[  0%] Built target tf2_msgs_generate_messages_py
[  0%] Built target tf2_msgs_generate_messages_lisp
[  0%] Built target tf2_msgs_generate_messages_nodejs
[  0%] Built target actionlib_msgs_generate_messages_lisp
[  0%] Built target actionlib_msgs_generate_messages_nodejs
[  0%] Built target actionlib_msgs_generate_messages_py
[  0%] Built target actionlib_msgs_generate_messages_eus
[  0%] Built target actionlib_msgs_generate_messages_cpp
[  0%] Built target std_msgs_generate_messages_eus
[  0%] Built target geometry_msgs_generate_messages_lisp
[  0%] Built target geometry_msgs_generate_messages_nodejs
[  0%] Built target std_msgs_generate_messages_lisp
[  0%] Built target tf2_msgs_generate_messages_eus
[  0%] Built target geometry_msgs_generate_messages_py
[  0%] Built target geometry_msgs_generate_messages_eus
[  0%] Built target std_msgs_generate_messages_nodejs
[  0%] Built target std_msgs_generate_messages_py
[  0%] Built target std_msgs_generate_messages_cpp
[  0%] Built target tf2_msgs_generate_messages_cpp
[  0%] Built target geometry_msgs_generate_messages_cpp
[100%] Built target tf2
[36mInstall the project...[0m
-- Install configuration: ""
-- Installing: /TiaGo_TourGuide/TiagoTourGuide_ws/install/_setup_util.py
-- Installing: /TiaGo_TourGuide/TiagoTourGuide_ws/install/env.sh
-- Installing: /TiaGo_TourGuide/TiagoTourGuide_ws/install/setup.bash
-- Installing: /TiaGo_TourGuide/TiagoTourGuide_ws/install/local_setup.bash
-- Installing: /TiaGo_TourGuide/TiagoTourGuide_ws/install/setup.sh
-- Installing: /TiaGo_TourGuide/TiagoTourGuide_ws/install/local_setup.sh
-- Installing: /TiaGo_TourGuide/TiagoTourGuide_ws/install/setup.zsh
-- Installing: /TiaGo_TourGuide/TiagoTourGuide_ws/install/local_setup.zsh
-- Installing: /TiaGo_TourGuide/TiagoTourGuide_ws/install/.rosinstall
-- Installing: /TiaGo_TourGuide/TiagoTourGuide_ws/install/lib/pkgconfig/tf2.pc
-- Installing: /TiaGo_TourGuide/TiagoTourGuide_ws/install/share/tf2/cmake/tf2Config.cmake
-- Installing: /TiaGo_TourGuide/TiagoTourGuide_ws/install/share/tf2/cmake/tf2Config-version.cmake
-- Installing: /TiaGo_TourGuide/TiagoTourGuide_ws/install/share/tf2/package.xml
-- Installing: /TiaGo_TourGuide/TiagoTourGuide_ws/install/lib/libtf2.so
-- Set runtime path of "/TiaGo_TourGuide/TiagoTourGuide_ws/install/lib/libtf2.so" to ""
-- Installing: /TiaGo_TourGuide/TiagoTourGuide_ws/install/include/tf2
-- Installing: /TiaGo_TourGuide/TiagoTourGuide_ws/install/include/tf2/impl
-- Installing: /TiaGo_TourGuide/TiagoTourGuide_ws/install/include/tf2/impl/utils.h
-- Installing: /TiaGo_TourGuide/TiagoTourGuide_ws/install/include/tf2/impl/convert.h
-- Installing: /TiaGo_TourGuide/TiagoTourGuide_ws/install/include/tf2/utils.h
-- Installing: /TiaGo_TourGuide/TiagoTourGuide_ws/install/include/tf2/transform_datatypes.h
-- Installing: /TiaGo_TourGuide/TiagoTourGuide_ws/install/include/tf2/exceptions.h
-- Installing: /TiaGo_TourGuide/TiagoTourGuide_ws/install/include/tf2/buffer_core.h
-- Installing: /TiaGo_TourGuide/TiagoTourGuide_ws/install/include/tf2/time_cache.h
-- Installing: /TiaGo_TourGuide/TiagoTourGuide_ws/install/include/tf2/convert.h
-- Installing: /TiaGo_TourGuide/TiagoTourGuide_ws/install/include/tf2/LinearMath
-- Installing: /TiaGo_TourGuide/TiagoTourGuide_ws/install/include/tf2/LinearMath/MinMax.h
-- Installing: /TiaGo_TourGuide/TiagoTourGuide_ws/install/include/tf2/LinearMath/Matrix3x3.h
-- Installing: /TiaGo_TourGuide/TiagoTourGuide_ws/install/include/tf2/LinearMath/QuadWord.h
-- Installing: /TiaGo_TourGuide/TiagoTourGuide_ws/install/include/tf2/LinearMath/Quaternion.h
-- Installing: /TiaGo_TourGuide/TiagoTourGuide_ws/install/include/tf2/LinearMath/Scalar.h
-- Installing: /TiaGo_TourGuide/TiagoTourGuide_ws/install/include/tf2/LinearMath/Transform.h
-- Installing: /TiaGo_TourGuide/TiagoTourGuide_ws/install/include/tf2/LinearMath/Vector3.h
-- Installing: /TiaGo_TourGuide/TiagoTourGuide_ws/install/include/tf2/transform_storage.h
