[  0%] Built target _pal_video_recording_msgs_generate_messages_check_deps_StartRecording
[  0%] Built target _pal_video_recording_msgs_generate_messages_check_deps_StopRecording
[ 16%] Built target pal_video_recording_msgs_generate_messages_nodejs
[ 41%] Built target pal_video_recording_msgs_generate_messages_py
[ 58%] Built target pal_video_recording_msgs_generate_messages_lisp
[ 75%] Built target pal_video_recording_msgs_generate_messages_cpp
[100%] Built target pal_video_recording_msgs_generate_messages_eus
[100%] Built target pal_video_recording_msgs_generate_messages
[36mInstall the project...[0m
-- Install configuration: ""
-- Up-to-date: /home/james/TiaGo_TourGuide/TiagoTourGuide_ws/install/_setup_util.py
-- Up-to-date: /home/james/TiaGo_TourGuide/TiagoTourGuide_ws/install/env.sh
-- Up-to-date: /home/james/TiaGo_TourGuide/TiagoTourGuide_ws/install/setup.bash
-- Up-to-date: /home/james/TiaGo_TourGuide/TiagoTourGuide_ws/install/local_setup.bash
-- Up-to-date: /home/james/TiaGo_TourGuide/TiagoTourGuide_ws/install/setup.sh
-- Up-to-date: /home/james/TiaGo_TourGuide/TiagoTourGuide_ws/install/local_setup.sh
-- Up-to-date: /home/james/TiaGo_TourGuide/TiagoTourGuide_ws/install/setup.zsh
-- Up-to-date: /home/james/TiaGo_TourGuide/TiagoTourGuide_ws/install/local_setup.zsh
-- Up-to-date: /home/james/TiaGo_TourGuide/TiagoTourGuide_ws/install/.rosinstall
-- Installing: /home/james/TiaGo_TourGuide/TiagoTourGuide_ws/install/share/pal_video_recording_msgs/srv/StartRecording.srv
-- Installing: /home/james/TiaGo_TourGuide/TiagoTourGuide_ws/install/share/pal_video_recording_msgs/srv/StopRecording.srv
-- Installing: /home/james/TiaGo_TourGuide/TiagoTourGuide_ws/install/share/pal_video_recording_msgs/cmake/pal_video_recording_msgs-msg-paths.cmake
-- Installing: /home/james/TiaGo_TourGuide/TiagoTourGuide_ws/install/include/pal_video_recording_msgs
-- Installing: /home/james/TiaGo_TourGuide/TiagoTourGuide_ws/install/include/pal_video_recording_msgs/StartRecordingRequest.h
-- Installing: /home/james/TiaGo_TourGuide/TiagoTourGuide_ws/install/include/pal_video_recording_msgs/StartRecording.h
-- Installing: /home/james/TiaGo_TourGuide/TiagoTourGuide_ws/install/include/pal_video_recording_msgs/StopRecordingResponse.h
-- Installing: /home/james/TiaGo_TourGuide/TiagoTourGuide_ws/install/include/pal_video_recording_msgs/StartRecordingResponse.h
-- Installing: /home/james/TiaGo_TourGuide/TiagoTourGuide_ws/install/include/pal_video_recording_msgs/StopRecording.h
-- Installing: /home/james/TiaGo_TourGuide/TiagoTourGuide_ws/install/include/pal_video_recording_msgs/StopRecordingRequest.h
-- Installing: /home/james/TiaGo_TourGuide/TiagoTourGuide_ws/install/share/roseus/ros/pal_video_recording_msgs
-- Installing: /home/james/TiaGo_TourGuide/TiagoTourGuide_ws/install/share/roseus/ros/pal_video_recording_msgs/manifest.l
-- Installing: /home/james/TiaGo_TourGuide/TiagoTourGuide_ws/install/share/roseus/ros/pal_video_recording_msgs/srv
-- Installing: /home/james/TiaGo_TourGuide/TiagoTourGuide_ws/install/share/roseus/ros/pal_video_recording_msgs/srv/StopRecording.l
-- Installing: /home/james/TiaGo_TourGuide/TiagoTourGuide_ws/install/share/roseus/ros/pal_video_recording_msgs/srv/StartRecording.l
-- Installing: /home/james/TiaGo_TourGuide/TiagoTourGuide_ws/install/share/common-lisp/ros/pal_video_recording_msgs
-- Installing: /home/james/TiaGo_TourGuide/TiagoTourGuide_ws/install/share/common-lisp/ros/pal_video_recording_msgs/srv
-- Installing: /home/james/TiaGo_TourGuide/TiagoTourGuide_ws/install/share/common-lisp/ros/pal_video_recording_msgs/srv/_package.lisp
-- Installing: /home/james/TiaGo_TourGuide/TiagoTourGuide_ws/install/share/common-lisp/ros/pal_video_recording_msgs/srv/StopRecording.lisp
-- Installing: /home/james/TiaGo_TourGuide/TiagoTourGuide_ws/install/share/common-lisp/ros/pal_video_recording_msgs/srv/_package_StopRecording.lisp
-- Installing: /home/james/TiaGo_TourGuide/TiagoTourGuide_ws/install/share/common-lisp/ros/pal_video_recording_msgs/srv/_package_StartRecording.lisp
-- Installing: /home/james/TiaGo_TourGuide/TiagoTourGuide_ws/install/share/common-lisp/ros/pal_video_recording_msgs/srv/pal_video_recording_msgs-srv.asd
-- Installing: /home/james/TiaGo_TourGuide/TiagoTourGuide_ws/install/share/common-lisp/ros/pal_video_recording_msgs/srv/StartRecording.lisp
-- Installing: /home/james/TiaGo_TourGuide/TiagoTourGuide_ws/install/share/gennodejs/ros/pal_video_recording_msgs
-- Installing: /home/james/TiaGo_TourGuide/TiagoTourGuide_ws/install/share/gennodejs/ros/pal_video_recording_msgs/_index.js
-- Installing: /home/james/TiaGo_TourGuide/TiagoTourGuide_ws/install/share/gennodejs/ros/pal_video_recording_msgs/srv
-- Installing: /home/james/TiaGo_TourGuide/TiagoTourGuide_ws/install/share/gennodejs/ros/pal_video_recording_msgs/srv/StopRecording.js
-- Installing: /home/james/TiaGo_TourGuide/TiagoTourGuide_ws/install/share/gennodejs/ros/pal_video_recording_msgs/srv/StartRecording.js
-- Installing: /home/james/TiaGo_TourGuide/TiagoTourGuide_ws/install/share/gennodejs/ros/pal_video_recording_msgs/srv/_index.js
Listing '/home/james/TiaGo_TourGuide/TiagoTourGuide_ws/devel/.private/pal_video_recording_msgs/lib/python3/dist-packages/pal_video_recording_msgs'...
Compiling '/home/james/TiaGo_TourGuide/TiagoTourGuide_ws/devel/.private/pal_video_recording_msgs/lib/python3/dist-packages/pal_video_recording_msgs/__init__.py'...
Listing '/home/james/TiaGo_TourGuide/TiagoTourGuide_ws/devel/.private/pal_video_recording_msgs/lib/python3/dist-packages/pal_video_recording_msgs/srv'...
Compiling '/home/james/TiaGo_TourGuide/TiagoTourGuide_ws/devel/.private/pal_video_recording_msgs/lib/python3/dist-packages/pal_video_recording_msgs/srv/_StartRecording.py'...
Compiling '/home/james/TiaGo_TourGuide/TiagoTourGuide_ws/devel/.private/pal_video_recording_msgs/lib/python3/dist-packages/pal_video_recording_msgs/srv/_StopRecording.py'...
Compiling '/home/james/TiaGo_TourGuide/TiagoTourGuide_ws/devel/.private/pal_video_recording_msgs/lib/python3/dist-packages/pal_video_recording_msgs/srv/__init__.py'...
-- Installing: /home/james/TiaGo_TourGuide/TiagoTourGuide_ws/install/lib/python3/dist-packages/pal_video_recording_msgs
-- Installing: /home/james/TiaGo_TourGuide/TiagoTourGuide_ws/install/lib/python3/dist-packages/pal_video_recording_msgs/__pycache__
-- Installing: /home/james/TiaGo_TourGuide/TiagoTourGuide_ws/install/lib/python3/dist-packages/pal_video_recording_msgs/__pycache__/__init__.cpython-38.pyc
-- Installing: /home/james/TiaGo_TourGuide/TiagoTourGuide_ws/install/lib/python3/dist-packages/pal_video_recording_msgs/__init__.py
-- Installing: /home/james/TiaGo_TourGuide/TiagoTourGuide_ws/install/lib/python3/dist-packages/pal_video_recording_msgs/srv
-- Installing: /home/james/TiaGo_TourGuide/TiagoTourGuide_ws/install/lib/python3/dist-packages/pal_video_recording_msgs/srv/__pycache__
-- Installing: /home/james/TiaGo_TourGuide/TiagoTourGuide_ws/install/lib/python3/dist-packages/pal_video_recording_msgs/srv/__pycache__/_StartRecording.cpython-38.pyc
-- Installing: /home/james/TiaGo_TourGuide/TiagoTourGuide_ws/install/lib/python3/dist-packages/pal_video_recording_msgs/srv/__pycache__/__init__.cpython-38.pyc
-- Installing: /home/james/TiaGo_TourGuide/TiagoTourGuide_ws/install/lib/python3/dist-packages/pal_video_recording_msgs/srv/__pycache__/_StopRecording.cpython-38.pyc
-- Installing: /home/james/TiaGo_TourGuide/TiagoTourGuide_ws/install/lib/python3/dist-packages/pal_video_recording_msgs/srv/__init__.py
-- Installing: /home/james/TiaGo_TourGuide/TiagoTourGuide_ws/install/lib/python3/dist-packages/pal_video_recording_msgs/srv/_StartRecording.py
-- Installing: /home/james/TiaGo_TourGuide/TiagoTourGuide_ws/install/lib/python3/dist-packages/pal_video_recording_msgs/srv/_StopRecording.py
-- Installing: /home/james/TiaGo_TourGuide/TiagoTourGuide_ws/install/lib/pkgconfig/pal_video_recording_msgs.pc
-- Installing: /home/james/TiaGo_TourGuide/TiagoTourGuide_ws/install/share/pal_video_recording_msgs/cmake/pal_video_recording_msgs-msg-extras.cmake
-- Installing: /home/james/TiaGo_TourGuide/TiagoTourGuide_ws/install/share/pal_video_recording_msgs/cmake/pal_video_recording_msgsConfig.cmake
-- Installing: /home/james/TiaGo_TourGuide/TiagoTourGuide_ws/install/share/pal_video_recording_msgs/cmake/pal_video_recording_msgsConfig-version.cmake
-- Installing: /home/james/TiaGo_TourGuide/TiagoTourGuide_ws/install/share/pal_video_recording_msgs/package.xml
