Symlinking /home/james/TiaGo_TourGuide/TiagoTourGuide_ws/devel/share/roseus/ros/pal_video_recording_msgs/manifest.l
Symlinking /home/james/TiaGo_TourGuide/TiagoTourGuide_ws/devel/share/roseus/ros/pal_video_recording_msgs/srv/StopRecording.l
Symlinking /home/james/TiaGo_TourGuide/TiagoTourGuide_ws/devel/share/roseus/ros/pal_video_recording_msgs/srv/StartRecording.l
Symlinking /home/james/TiaGo_TourGuide/TiagoTourGuide_ws/devel/share/common-lisp/ros/pal_video_recording_msgs/srv/_package.lisp
Symlinking /home/james/TiaGo_TourGuide/TiagoTourGuide_ws/devel/share/common-lisp/ros/pal_video_recording_msgs/srv/StopRecording.lisp
Symlinking /home/james/TiaGo_TourGuide/TiagoTourGuide_ws/devel/share/common-lisp/ros/pal_video_recording_msgs/srv/_package_StopRecording.lisp
Symlinking /home/james/TiaGo_TourGuide/TiagoTourGuide_ws/devel/share/common-lisp/ros/pal_video_recording_msgs/srv/_package_StartRecording.lisp
Symlinking /home/james/TiaGo_TourGuide/TiagoTourGuide_ws/devel/share/common-lisp/ros/pal_video_recording_msgs/srv/pal_video_recording_msgs-srv.asd
Symlinking /home/james/TiaGo_TourGuide/TiagoTourGuide_ws/devel/share/common-lisp/ros/pal_video_recording_msgs/srv/StartRecording.lisp
Symlinking /home/james/TiaGo_TourGuide/TiagoTourGuide_ws/devel/share/pal_video_recording_msgs/cmake/pal_video_recording_msgs-msg-paths.cmake
Symlinking /home/james/TiaGo_TourGuide/TiagoTourGuide_ws/devel/share/pal_video_recording_msgs/cmake/pal_video_recording_msgsConfig.cmake
Symlinking /home/james/TiaGo_TourGuide/TiagoTourGuide_ws/devel/share/pal_video_recording_msgs/cmake/pal_video_recording_msgs-msg-extras.cmake
Symlinking /home/james/TiaGo_TourGuide/TiagoTourGuide_ws/devel/share/pal_video_recording_msgs/cmake/pal_video_recording_msgsConfig-version.cmake
Symlinking /home/james/TiaGo_TourGuide/TiagoTourGuide_ws/devel/share/gennodejs/ros/pal_video_recording_msgs/_index.js
Symlinking /home/james/TiaGo_TourGuide/TiagoTourGuide_ws/devel/share/gennodejs/ros/pal_video_recording_msgs/srv/StopRecording.js
Symlinking /home/james/TiaGo_TourGuide/TiagoTourGuide_ws/devel/share/gennodejs/ros/pal_video_recording_msgs/srv/StartRecording.js
Symlinking /home/james/TiaGo_TourGuide/TiagoTourGuide_ws/devel/share/gennodejs/ros/pal_video_recording_msgs/srv/_index.js
Symlinking /home/james/TiaGo_TourGuide/TiagoTourGuide_ws/devel/lib/pkgconfig/pal_video_recording_msgs.pc
Symlinking /home/james/TiaGo_TourGuide/TiagoTourGuide_ws/devel/lib/python3/dist-packages/pal_video_recording_msgs/__init__.py
Symlinking /home/james/TiaGo_TourGuide/TiagoTourGuide_ws/devel/lib/python3/dist-packages/pal_video_recording_msgs/srv/__init__.py
Symlinking /home/james/TiaGo_TourGuide/TiagoTourGuide_ws/devel/lib/python3/dist-packages/pal_video_recording_msgs/srv/_StartRecording.py
Symlinking /home/james/TiaGo_TourGuide/TiagoTourGuide_ws/devel/lib/python3/dist-packages/pal_video_recording_msgs/srv/_StopRecording.py
Symlinking /home/james/TiaGo_TourGuide/TiagoTourGuide_ws/devel/include/pal_video_recording_msgs/StartRecordingRequest.h
Symlinking /home/james/TiaGo_TourGuide/TiagoTourGuide_ws/devel/include/pal_video_recording_msgs/StartRecording.h
Symlinking /home/james/TiaGo_TourGuide/TiagoTourGuide_ws/devel/include/pal_video_recording_msgs/StopRecordingResponse.h
Symlinking /home/james/TiaGo_TourGuide/TiagoTourGuide_ws/devel/include/pal_video_recording_msgs/StartRecordingResponse.h
Symlinking /home/james/TiaGo_TourGuide/TiagoTourGuide_ws/devel/include/pal_video_recording_msgs/StopRecording.h
Symlinking /home/james/TiaGo_TourGuide/TiagoTourGuide_ws/devel/include/pal_video_recording_msgs/StopRecordingRequest.h
