[  0%] Built target _tf2_msgs_generate_messages_check_deps_LookupTransformActionFeedback
[  0%] Built target _tf2_msgs_generate_messages_check_deps_LookupTransformFeedback
[  0%] Built target _tf2_msgs_generate_messages_check_deps_LookupTransformResult
[  0%] Built target geometry_msgs_generate_messages_nodejs
[  0%] Built target _tf2_msgs_generate_messages_check_deps_TF2Error
[  0%] Built target _tf2_msgs_generate_messages_check_deps_FrameGraph
[  0%] Built target std_msgs_generate_messages_nodejs
[  0%] Built target actionlib_msgs_generate_messages_nodejs
[  0%] Built target _tf2_msgs_generate_messages_check_deps_LookupTransformActionGoal
[  0%] Built target _tf2_msgs_generate_messages_check_deps_TFMessage
[  0%] Built target _tf2_msgs_generate_messages_check_deps_LookupTransformAction
[  0%] Built target _tf2_msgs_generate_messages_check_deps_LookupTransformGoal
[  0%] Built target _tf2_msgs_generate_messages_check_deps_LookupTransformActionResult
[ 18%] Built target tf2_msgs_generate_messages_nodejs
[ 18%] Built target geometry_msgs_generate_messages_lisp
[ 18%] Built target std_msgs_generate_messages_lisp
[ 18%] Built target actionlib_msgs_generate_messages_lisp
[ 37%] Built target tf2_msgs_generate_messages_lisp
[ 37%] Built target std_msgs_generate_messages_eus
[ 37%] Built target actionlib_msgs_generate_messages_eus
[ 37%] Built target geometry_msgs_generate_messages_eus
[ 58%] Built target tf2_msgs_generate_messages_eus
[ 58%] Built target std_msgs_generate_messages_cpp
[ 58%] Built target geometry_msgs_generate_messages_cpp
[ 58%] Built target actionlib_msgs_generate_messages_cpp
[ 77%] Built target tf2_msgs_generate_messages_cpp
[ 77%] Built target geometry_msgs_generate_messages_py
[ 77%] Built target std_msgs_generate_messages_py
[ 77%] Built target actionlib_msgs_generate_messages_py
[100%] Built target tf2_msgs_generate_messages_py
[100%] Built target tf2_msgs_generate_messages
[36mInstall the project...[0m
-- Install configuration: ""
-- Installing: /TiaGo_TourGuide/TiagoTourGuide_ws/install/_setup_util.py
-- Installing: /TiaGo_TourGuide/TiagoTourGuide_ws/install/env.sh
-- Installing: /TiaGo_TourGuide/TiagoTourGuide_ws/install/setup.bash
-- Installing: /TiaGo_TourGuide/TiagoTourGuide_ws/install/local_setup.bash
-- Installing: /TiaGo_TourGuide/TiagoTourGuide_ws/install/setup.sh
-- Installing: /TiaGo_TourGuide/TiagoTourGuide_ws/install/local_setup.sh
-- Installing: /TiaGo_TourGuide/TiagoTourGuide_ws/install/setup.zsh
-- Installing: /TiaGo_TourGuide/TiagoTourGuide_ws/install/local_setup.zsh
-- Installing: /TiaGo_TourGuide/TiagoTourGuide_ws/install/.rosinstall
-- Installing: /TiaGo_TourGuide/TiagoTourGuide_ws/install/share/tf2_msgs/msg/TF2Error.msg
-- Installing: /TiaGo_TourGuide/TiagoTourGuide_ws/install/share/tf2_msgs/msg/TFMessage.msg
-- Installing: /TiaGo_TourGuide/TiagoTourGuide_ws/install/share/tf2_msgs/srv/FrameGraph.srv
-- Installing: /TiaGo_TourGuide/TiagoTourGuide_ws/install/share/tf2_msgs/action/LookupTransform.action
-- Installing: /TiaGo_TourGuide/TiagoTourGuide_ws/install/share/tf2_msgs/msg/LookupTransformAction.msg
-- Installing: /TiaGo_TourGuide/TiagoTourGuide_ws/install/share/tf2_msgs/msg/LookupTransformActionGoal.msg
-- Installing: /TiaGo_TourGuide/TiagoTourGuide_ws/install/share/tf2_msgs/msg/LookupTransformActionResult.msg
-- Installing: /TiaGo_TourGuide/TiagoTourGuide_ws/install/share/tf2_msgs/msg/LookupTransformActionFeedback.msg
-- Installing: /TiaGo_TourGuide/TiagoTourGuide_ws/install/share/tf2_msgs/msg/LookupTransformGoal.msg
-- Installing: /TiaGo_TourGuide/TiagoTourGuide_ws/install/share/tf2_msgs/msg/LookupTransformResult.msg
-- Installing: /TiaGo_TourGuide/TiagoTourGuide_ws/install/share/tf2_msgs/msg/LookupTransformFeedback.msg
-- Installing: /TiaGo_TourGuide/TiagoTourGuide_ws/install/share/tf2_msgs/cmake/tf2_msgs-msg-paths.cmake
-- Installing: /TiaGo_TourGuide/TiagoTourGuide_ws/install/include/tf2_msgs
-- Installing: /TiaGo_TourGuide/TiagoTourGuide_ws/install/include/tf2_msgs/LookupTransformFeedback.h
-- Installing: /TiaGo_TourGuide/TiagoTourGuide_ws/install/include/tf2_msgs/LookupTransformResult.h
-- Installing: /TiaGo_TourGuide/TiagoTourGuide_ws/install/include/tf2_msgs/TFMessage.h
-- Installing: /TiaGo_TourGuide/TiagoTourGuide_ws/install/include/tf2_msgs/LookupTransformAction.h
-- Installing: /TiaGo_TourGuide/TiagoTourGuide_ws/install/include/tf2_msgs/FrameGraph.h
-- Installing: /TiaGo_TourGuide/TiagoTourGuide_ws/install/include/tf2_msgs/TF2Error.h
-- Installing: /TiaGo_TourGuide/TiagoTourGuide_ws/install/include/tf2_msgs/LookupTransformGoal.h
-- Installing: /TiaGo_TourGuide/TiagoTourGuide_ws/install/include/tf2_msgs/FrameGraphRequest.h
-- Installing: /TiaGo_TourGuide/TiagoTourGuide_ws/install/include/tf2_msgs/LookupTransformActionResult.h
-- Installing: /TiaGo_TourGuide/TiagoTourGuide_ws/install/include/tf2_msgs/LookupTransformActionFeedback.h
-- Installing: /TiaGo_TourGuide/TiagoTourGuide_ws/install/include/tf2_msgs/FrameGraphResponse.h
-- Installing: /TiaGo_TourGuide/TiagoTourGuide_ws/install/include/tf2_msgs/LookupTransformActionGoal.h
-- Installing: /TiaGo_TourGuide/TiagoTourGuide_ws/install/share/roseus/ros/tf2_msgs
-- Installing: /TiaGo_TourGuide/TiagoTourGuide_ws/install/share/roseus/ros/tf2_msgs/msg
-- Installing: /TiaGo_TourGuide/TiagoTourGuide_ws/install/share/roseus/ros/tf2_msgs/msg/TF2Error.l
-- Installing: /TiaGo_TourGuide/TiagoTourGuide_ws/install/share/roseus/ros/tf2_msgs/msg/LookupTransformGoal.l
-- Installing: /TiaGo_TourGuide/TiagoTourGuide_ws/install/share/roseus/ros/tf2_msgs/msg/LookupTransformActionResult.l
-- Installing: /TiaGo_TourGuide/TiagoTourGuide_ws/install/share/roseus/ros/tf2_msgs/msg/LookupTransformActionFeedback.l
-- Installing: /TiaGo_TourGuide/TiagoTourGuide_ws/install/share/roseus/ros/tf2_msgs/msg/LookupTransformActionGoal.l
-- Installing: /TiaGo_TourGuide/TiagoTourGuide_ws/install/share/roseus/ros/tf2_msgs/msg/LookupTransformFeedback.l
-- Installing: /TiaGo_TourGuide/TiagoTourGuide_ws/install/share/roseus/ros/tf2_msgs/msg/LookupTransformResult.l
-- Installing: /TiaGo_TourGuide/TiagoTourGuide_ws/install/share/roseus/ros/tf2_msgs/msg/TFMessage.l
-- Installing: /TiaGo_TourGuide/TiagoTourGuide_ws/install/share/roseus/ros/tf2_msgs/msg/LookupTransformAction.l
-- Installing: /TiaGo_TourGuide/TiagoTourGuide_ws/install/share/roseus/ros/tf2_msgs/manifest.l
-- Installing: /TiaGo_TourGuide/TiagoTourGuide_ws/install/share/roseus/ros/tf2_msgs/srv
-- Installing: /TiaGo_TourGuide/TiagoTourGuide_ws/install/share/roseus/ros/tf2_msgs/srv/FrameGraph.l
-- Installing: /TiaGo_TourGuide/TiagoTourGuide_ws/install/share/common-lisp/ros/tf2_msgs
-- Installing: /TiaGo_TourGuide/TiagoTourGuide_ws/install/share/common-lisp/ros/tf2_msgs/msg
-- Installing: /TiaGo_TourGuide/TiagoTourGuide_ws/install/share/common-lisp/ros/tf2_msgs/msg/_package_LookupTransformActionFeedback.lisp
-- Installing: /TiaGo_TourGuide/TiagoTourGuide_ws/install/share/common-lisp/ros/tf2_msgs/msg/LookupTransformActionResult.lisp
-- Installing: /TiaGo_TourGuide/TiagoTourGuide_ws/install/share/common-lisp/ros/tf2_msgs/msg/_package_LookupTransformActionGoal.lisp
-- Installing: /TiaGo_TourGuide/TiagoTourGuide_ws/install/share/common-lisp/ros/tf2_msgs/msg/LookupTransformResult.lisp
-- Installing: /TiaGo_TourGuide/TiagoTourGuide_ws/install/share/common-lisp/ros/tf2_msgs/msg/_package_LookupTransformFeedback.lisp
-- Installing: /TiaGo_TourGuide/TiagoTourGuide_ws/install/share/common-lisp/ros/tf2_msgs/msg/LookupTransformAction.lisp
-- Installing: /TiaGo_TourGuide/TiagoTourGuide_ws/install/share/common-lisp/ros/tf2_msgs/msg/LookupTransformActionFeedback.lisp
-- Installing: /TiaGo_TourGuide/TiagoTourGuide_ws/install/share/common-lisp/ros/tf2_msgs/msg/TFMessage.lisp
-- Installing: /TiaGo_TourGuide/TiagoTourGuide_ws/install/share/common-lisp/ros/tf2_msgs/msg/_package.lisp
-- Installing: /TiaGo_TourGuide/TiagoTourGuide_ws/install/share/common-lisp/ros/tf2_msgs/msg/LookupTransformFeedback.lisp
-- Installing: /TiaGo_TourGuide/TiagoTourGuide_ws/install/share/common-lisp/ros/tf2_msgs/msg/LookupTransformGoal.lisp
-- Installing: /TiaGo_TourGuide/TiagoTourGuide_ws/install/share/common-lisp/ros/tf2_msgs/msg/_package_TF2Error.lisp
-- Installing: /TiaGo_TourGuide/TiagoTourGuide_ws/install/share/common-lisp/ros/tf2_msgs/msg/_package_TFMessage.lisp
-- Installing: /TiaGo_TourGuide/TiagoTourGuide_ws/install/share/common-lisp/ros/tf2_msgs/msg/_package_LookupTransformGoal.lisp
-- Installing: /TiaGo_TourGuide/TiagoTourGuide_ws/install/share/common-lisp/ros/tf2_msgs/msg/_package_LookupTransformActionResult.lisp
-- Installing: /TiaGo_TourGuide/TiagoTourGuide_ws/install/share/common-lisp/ros/tf2_msgs/msg/tf2_msgs-msg.asd
-- Installing: /TiaGo_TourGuide/TiagoTourGuide_ws/install/share/common-lisp/ros/tf2_msgs/msg/LookupTransformActionGoal.lisp
-- Installing: /TiaGo_TourGuide/TiagoTourGuide_ws/install/share/common-lisp/ros/tf2_msgs/msg/_package_LookupTransformResult.lisp
-- Installing: /TiaGo_TourGuide/TiagoTourGuide_ws/install/share/common-lisp/ros/tf2_msgs/msg/_package_LookupTransformAction.lisp
-- Installing: /TiaGo_TourGuide/TiagoTourGuide_ws/install/share/common-lisp/ros/tf2_msgs/msg/TF2Error.lisp
-- Installing: /TiaGo_TourGuide/TiagoTourGuide_ws/install/share/common-lisp/ros/tf2_msgs/srv
-- Installing: /TiaGo_TourGuide/TiagoTourGuide_ws/install/share/common-lisp/ros/tf2_msgs/srv/FrameGraph.lisp
-- Installing: /TiaGo_TourGuide/TiagoTourGuide_ws/install/share/common-lisp/ros/tf2_msgs/srv/_package_FrameGraph.lisp
-- Installing: /TiaGo_TourGuide/TiagoTourGuide_ws/install/share/common-lisp/ros/tf2_msgs/srv/_package.lisp
-- Installing: /TiaGo_TourGuide/TiagoTourGuide_ws/install/share/common-lisp/ros/tf2_msgs/srv/tf2_msgs-srv.asd
-- Installing: /TiaGo_TourGuide/TiagoTourGuide_ws/install/share/gennodejs/ros/tf2_msgs
-- Installing: /TiaGo_TourGuide/TiagoTourGuide_ws/install/share/gennodejs/ros/tf2_msgs/_index.js
-- Installing: /TiaGo_TourGuide/TiagoTourGuide_ws/install/share/gennodejs/ros/tf2_msgs/msg
-- Installing: /TiaGo_TourGuide/TiagoTourGuide_ws/install/share/gennodejs/ros/tf2_msgs/msg/_index.js
-- Installing: /TiaGo_TourGuide/TiagoTourGuide_ws/install/share/gennodejs/ros/tf2_msgs/msg/TFMessage.js
-- Installing: /TiaGo_TourGuide/TiagoTourGuide_ws/install/share/gennodejs/ros/tf2_msgs/msg/LookupTransformAction.js
-- Installing: /TiaGo_TourGuide/TiagoTourGuide_ws/install/share/gennodejs/ros/tf2_msgs/msg/LookupTransformActionFeedback.js
-- Installing: /TiaGo_TourGuide/TiagoTourGuide_ws/install/share/gennodejs/ros/tf2_msgs/msg/LookupTransformActionResult.js
-- Installing: /TiaGo_TourGuide/TiagoTourGuide_ws/install/share/gennodejs/ros/tf2_msgs/msg/LookupTransformResult.js
-- Installing: /TiaGo_TourGuide/TiagoTourGuide_ws/install/share/gennodejs/ros/tf2_msgs/msg/LookupTransformFeedback.js
-- Installing: /TiaGo_TourGuide/TiagoTourGuide_ws/install/share/gennodejs/ros/tf2_msgs/msg/LookupTransformActionGoal.js
-- Installing: /TiaGo_TourGuide/TiagoTourGuide_ws/install/share/gennodejs/ros/tf2_msgs/msg/TF2Error.js
-- Installing: /TiaGo_TourGuide/TiagoTourGuide_ws/install/share/gennodejs/ros/tf2_msgs/msg/LookupTransformGoal.js
-- Installing: /TiaGo_TourGuide/TiagoTourGuide_ws/install/share/gennodejs/ros/tf2_msgs/srv
-- Installing: /TiaGo_TourGuide/TiagoTourGuide_ws/install/share/gennodejs/ros/tf2_msgs/srv/_index.js
-- Installing: /TiaGo_TourGuide/TiagoTourGuide_ws/install/share/gennodejs/ros/tf2_msgs/srv/FrameGraph.js
Listing '/TiaGo_TourGuide/TiagoTourGuide_ws/devel/.private/tf2_msgs/lib/python3/dist-packages/tf2_msgs'...
Compiling '/TiaGo_TourGuide/TiagoTourGuide_ws/devel/.private/tf2_msgs/lib/python3/dist-packages/tf2_msgs/__init__.py'...
Listing '/TiaGo_TourGuide/TiagoTourGuide_ws/devel/.private/tf2_msgs/lib/python3/dist-packages/tf2_msgs/msg'...
Compiling '/TiaGo_TourGuide/TiagoTourGuide_ws/devel/.private/tf2_msgs/lib/python3/dist-packages/tf2_msgs/msg/_LookupTransformAction.py'...
Compiling '/TiaGo_TourGuide/TiagoTourGuide_ws/devel/.private/tf2_msgs/lib/python3/dist-packages/tf2_msgs/msg/_LookupTransformActionFeedback.py'...
Compiling '/TiaGo_TourGuide/TiagoTourGuide_ws/devel/.private/tf2_msgs/lib/python3/dist-packages/tf2_msgs/msg/_LookupTransformActionGoal.py'...
Compiling '/TiaGo_TourGuide/TiagoTourGuide_ws/devel/.private/tf2_msgs/lib/python3/dist-packages/tf2_msgs/msg/_LookupTransformActionResult.py'...
Compiling '/TiaGo_TourGuide/TiagoTourGuide_ws/devel/.private/tf2_msgs/lib/python3/dist-packages/tf2_msgs/msg/_LookupTransformFeedback.py'...
Compiling '/TiaGo_TourGuide/TiagoTourGuide_ws/devel/.private/tf2_msgs/lib/python3/dist-packages/tf2_msgs/msg/_LookupTransformGoal.py'...
Compiling '/TiaGo_TourGuide/TiagoTourGuide_ws/devel/.private/tf2_msgs/lib/python3/dist-packages/tf2_msgs/msg/_LookupTransformResult.py'...
Compiling '/TiaGo_TourGuide/TiagoTourGuide_ws/devel/.private/tf2_msgs/lib/python3/dist-packages/tf2_msgs/msg/_TF2Error.py'...
Compiling '/TiaGo_TourGuide/TiagoTourGuide_ws/devel/.private/tf2_msgs/lib/python3/dist-packages/tf2_msgs/msg/_TFMessage.py'...
Compiling '/TiaGo_TourGuide/TiagoTourGuide_ws/devel/.private/tf2_msgs/lib/python3/dist-packages/tf2_msgs/msg/__init__.py'...
Listing '/TiaGo_TourGuide/TiagoTourGuide_ws/devel/.private/tf2_msgs/lib/python3/dist-packages/tf2_msgs/srv'...
Compiling '/TiaGo_TourGuide/TiagoTourGuide_ws/devel/.private/tf2_msgs/lib/python3/dist-packages/tf2_msgs/srv/_FrameGraph.py'...
Compiling '/TiaGo_TourGuide/TiagoTourGuide_ws/devel/.private/tf2_msgs/lib/python3/dist-packages/tf2_msgs/srv/__init__.py'...
-- Installing: /TiaGo_TourGuide/TiagoTourGuide_ws/install/lib/python3/dist-packages/tf2_msgs
-- Installing: /TiaGo_TourGuide/TiagoTourGuide_ws/install/lib/python3/dist-packages/tf2_msgs/msg
-- Installing: /TiaGo_TourGuide/TiagoTourGuide_ws/install/lib/python3/dist-packages/tf2_msgs/msg/_LookupTransformResult.py
-- Installing: /TiaGo_TourGuide/TiagoTourGuide_ws/install/lib/python3/dist-packages/tf2_msgs/msg/_TFMessage.py
-- Installing: /TiaGo_TourGuide/TiagoTourGuide_ws/install/lib/python3/dist-packages/tf2_msgs/msg/__init__.py
-- Installing: /TiaGo_TourGuide/TiagoTourGuide_ws/install/lib/python3/dist-packages/tf2_msgs/msg/__pycache__
-- Installing: /TiaGo_TourGuide/TiagoTourGuide_ws/install/lib/python3/dist-packages/tf2_msgs/msg/__pycache__/__init__.cpython-38.pyc
-- Installing: /TiaGo_TourGuide/TiagoTourGuide_ws/install/lib/python3/dist-packages/tf2_msgs/msg/__pycache__/_TFMessage.cpython-38.pyc
-- Installing: /TiaGo_TourGuide/TiagoTourGuide_ws/install/lib/python3/dist-packages/tf2_msgs/msg/__pycache__/_LookupTransformFeedback.cpython-38.pyc
-- Installing: /TiaGo_TourGuide/TiagoTourGuide_ws/install/lib/python3/dist-packages/tf2_msgs/msg/__pycache__/_TF2Error.cpython-38.pyc
-- Installing: /TiaGo_TourGuide/TiagoTourGuide_ws/install/lib/python3/dist-packages/tf2_msgs/msg/__pycache__/_LookupTransformAction.cpython-38.pyc
-- Installing: /TiaGo_TourGuide/TiagoTourGuide_ws/install/lib/python3/dist-packages/tf2_msgs/msg/__pycache__/_LookupTransformGoal.cpython-38.pyc
-- Installing: /TiaGo_TourGuide/TiagoTourGuide_ws/install/lib/python3/dist-packages/tf2_msgs/msg/__pycache__/_LookupTransformActionFeedback.cpython-38.pyc
-- Installing: /TiaGo_TourGuide/TiagoTourGuide_ws/install/lib/python3/dist-packages/tf2_msgs/msg/__pycache__/_LookupTransformActionResult.cpython-38.pyc
-- Installing: /TiaGo_TourGuide/TiagoTourGuide_ws/install/lib/python3/dist-packages/tf2_msgs/msg/__pycache__/_LookupTransformActionGoal.cpython-38.pyc
-- Installing: /TiaGo_TourGuide/TiagoTourGuide_ws/install/lib/python3/dist-packages/tf2_msgs/msg/__pycache__/_LookupTransformResult.cpython-38.pyc
-- Installing: /TiaGo_TourGuide/TiagoTourGuide_ws/install/lib/python3/dist-packages/tf2_msgs/msg/_LookupTransformFeedback.py
-- Installing: /TiaGo_TourGuide/TiagoTourGuide_ws/install/lib/python3/dist-packages/tf2_msgs/msg/_LookupTransformActionFeedback.py
-- Installing: /TiaGo_TourGuide/TiagoTourGuide_ws/install/lib/python3/dist-packages/tf2_msgs/msg/_LookupTransformGoal.py
-- Installing: /TiaGo_TourGuide/TiagoTourGuide_ws/install/lib/python3/dist-packages/tf2_msgs/msg/_TF2Error.py
-- Installing: /TiaGo_TourGuide/TiagoTourGuide_ws/install/lib/python3/dist-packages/tf2_msgs/msg/_LookupTransformAction.py
-- Installing: /TiaGo_TourGuide/TiagoTourGuide_ws/install/lib/python3/dist-packages/tf2_msgs/msg/_LookupTransformActionGoal.py
-- Installing: /TiaGo_TourGuide/TiagoTourGuide_ws/install/lib/python3/dist-packages/tf2_msgs/msg/_LookupTransformActionResult.py
-- Installing: /TiaGo_TourGuide/TiagoTourGuide_ws/install/lib/python3/dist-packages/tf2_msgs/__init__.py
-- Installing: /TiaGo_TourGuide/TiagoTourGuide_ws/install/lib/python3/dist-packages/tf2_msgs/__pycache__
-- Installing: /TiaGo_TourGuide/TiagoTourGuide_ws/install/lib/python3/dist-packages/tf2_msgs/__pycache__/__init__.cpython-38.pyc
-- Installing: /TiaGo_TourGuide/TiagoTourGuide_ws/install/lib/python3/dist-packages/tf2_msgs/srv
-- Installing: /TiaGo_TourGuide/TiagoTourGuide_ws/install/lib/python3/dist-packages/tf2_msgs/srv/__init__.py
-- Installing: /TiaGo_TourGuide/TiagoTourGuide_ws/install/lib/python3/dist-packages/tf2_msgs/srv/__pycache__
-- Installing: /TiaGo_TourGuide/TiagoTourGuide_ws/install/lib/python3/dist-packages/tf2_msgs/srv/__pycache__/__init__.cpython-38.pyc
-- Installing: /TiaGo_TourGuide/TiagoTourGuide_ws/install/lib/python3/dist-packages/tf2_msgs/srv/__pycache__/_FrameGraph.cpython-38.pyc
-- Installing: /TiaGo_TourGuide/TiagoTourGuide_ws/install/lib/python3/dist-packages/tf2_msgs/srv/_FrameGraph.py
-- Installing: /TiaGo_TourGuide/TiagoTourGuide_ws/install/lib/pkgconfig/tf2_msgs.pc
-- Installing: /TiaGo_TourGuide/TiagoTourGuide_ws/install/share/tf2_msgs/cmake/tf2_msgs-msg-extras.cmake
-- Installing: /TiaGo_TourGuide/TiagoTourGuide_ws/install/share/tf2_msgs/cmake/tf2_msgsConfig.cmake
-- Installing: /TiaGo_TourGuide/TiagoTourGuide_ws/install/share/tf2_msgs/cmake/tf2_msgsConfig-version.cmake
-- Installing: /TiaGo_TourGuide/TiagoTourGuide_ws/install/share/tf2_msgs/package.xml
