[35m[1mScanning dependencies of target _pal_behaviour_msgs_generate_messages_check_deps_PresentationGoal[0m
[  0%] Built target _pal_behaviour_msgs_generate_messages_check_deps_PresentationGoal
[35m[1mScanning dependencies of target _pal_behaviour_msgs_generate_messages_check_deps_BehaviourArgument[0m
[  0%] Built target _pal_behaviour_msgs_generate_messages_check_deps_BehaviourArgument
[35m[1mScanning dependencies of target _pal_behaviour_msgs_generate_messages_check_deps_PresentationFeedback[0m
[  0%] Built target _pal_behaviour_msgs_generate_messages_check_deps_PresentationFeedback
[35m[1mScanning dependencies of target _pal_behaviour_msgs_generate_messages_check_deps_PresentationResult[0m
[  0%] Built target _pal_behaviour_msgs_generate_messages_check_deps_PresentationResult
[35m[1mScanning dependencies of target _pal_behaviour_msgs_generate_messages_check_deps_BehaviourTaskActionGoal[0m
[  0%] Built target _pal_behaviour_msgs_generate_messages_check_deps_BehaviourTaskActionGoal
[35m[1mScanning dependencies of target _pal_behaviour_msgs_generate_messages_check_deps_PresentationAction[0m
[  0%] Built target _pal_behaviour_msgs_generate_messages_check_deps_PresentationAction
[35m[1mScanning dependencies of target actionlib_msgs_generate_messages_lisp[0m
[  0%] Built target actionlib_msgs_generate_messages_lisp
[35m[1mScanning dependencies of target _pal_behaviour_msgs_generate_messages_check_deps_BehaviourTaskFeedback[0m
[  0%] Built target _pal_behaviour_msgs_generate_messages_check_deps_BehaviourTaskFeedback
[35m[1mScanning dependencies of target _pal_behaviour_msgs_generate_messages_check_deps_BehaviourTaskAction[0m
[  0%] Built target _pal_behaviour_msgs_generate_messages_check_deps_BehaviourTaskAction
[35m[1mScanning dependencies of target _pal_behaviour_msgs_generate_messages_check_deps_BehaviourTaskActionFeedback[0m
[  0%] Built target _pal_behaviour_msgs_generate_messages_check_deps_BehaviourTaskActionFeedback
[35m[1mScanning dependencies of target _pal_behaviour_msgs_generate_messages_check_deps_BehaviourTaskActionResult[0m
[  0%] Built target _pal_behaviour_msgs_generate_messages_check_deps_BehaviourTaskActionResult
[35m[1mScanning dependencies of target _pal_behaviour_msgs_generate_messages_check_deps_BehaviourTaskGoal[0m
[  0%] Built target _pal_behaviour_msgs_generate_messages_check_deps_BehaviourTaskGoal
[35m[1mScanning dependencies of target std_msgs_generate_messages_lisp[0m
[  0%] Built target std_msgs_generate_messages_lisp
[35m[1mScanning dependencies of target _pal_behaviour_msgs_generate_messages_check_deps_PresentationActionGoal[0m
[  0%] Built target _pal_behaviour_msgs_generate_messages_check_deps_PresentationActionGoal
[35m[1mScanning dependencies of target _pal_behaviour_msgs_generate_messages_check_deps_BehaviourTaskResult[0m
[  0%] Built target _pal_behaviour_msgs_generate_messages_check_deps_BehaviourTaskResult
[35m[1mScanning dependencies of target _pal_behaviour_msgs_generate_messages_check_deps_PresentationActionResult[0m
[  0%] Built target _pal_behaviour_msgs_generate_messages_check_deps_PresentationActionResult
[35m[1mScanning dependencies of target _pal_behaviour_msgs_generate_messages_check_deps_PresentationActionFeedback[0m
[  0%] Built target _pal_behaviour_msgs_generate_messages_check_deps_PresentationActionFeedback
[35m[1mScanning dependencies of target _pal_behaviour_msgs_generate_messages_check_deps_BehaviourEvent[0m
[  0%] Built target _pal_behaviour_msgs_generate_messages_check_deps_BehaviourEvent
[35m[1mScanning dependencies of target std_msgs_generate_messages_py[0m
[  0%] Built target std_msgs_generate_messages_py
[35m[1mScanning dependencies of target actionlib_msgs_generate_messages_py[0m
[  0%] Built target actionlib_msgs_generate_messages_py
[35m[1mScanning dependencies of target std_msgs_generate_messages_eus[0m
[  0%] Built target std_msgs_generate_messages_eus
[35m[1mScanning dependencies of target actionlib_msgs_generate_messages_eus[0m
[  0%] Built target actionlib_msgs_generate_messages_eus
[35m[1mScanning dependencies of target actionlib_msgs_generate_messages_cpp[0m
[  0%] Built target actionlib_msgs_generate_messages_cpp
[35m[1mScanning dependencies of target std_msgs_generate_messages_cpp[0m
[  0%] Built target std_msgs_generate_messages_cpp
[35m[1mScanning dependencies of target std_msgs_generate_messages_nodejs[0m
[  0%] Built target std_msgs_generate_messages_nodejs
[35m[1mScanning dependencies of target actionlib_msgs_generate_messages_nodejs[0m
[  0%] Built target actionlib_msgs_generate_messages_nodejs
[35m[1mScanning dependencies of target pal_behaviour_msgs_generate_messages_lisp[0m
[  1%] [34m[1mGenerating Lisp code from pal_behaviour_msgs/BehaviourTaskAction.msg[0m
[  2%] [34m[1mGenerating Lisp code from pal_behaviour_msgs/BehaviourTaskActionGoal.msg[0m
[  3%] [34m[1mGenerating Lisp code from pal_behaviour_msgs/BehaviourTaskActionResult.msg[0m
[  4%] [34m[1mGenerating Lisp code from pal_behaviour_msgs/BehaviourTaskActionFeedback.msg[0m
[  6%] [34m[1mGenerating Lisp code from pal_behaviour_msgs/BehaviourTaskGoal.msg[0m
[  7%] [34m[1mGenerating Lisp code from pal_behaviour_msgs/BehaviourTaskResult.msg[0m
[  8%] [34m[1mGenerating Lisp code from pal_behaviour_msgs/BehaviourTaskFeedback.msg[0m
[  9%] [34m[1mGenerating Lisp code from pal_behaviour_msgs/PresentationAction.msg[0m
[ 10%] [34m[1mGenerating Lisp code from pal_behaviour_msgs/PresentationActionGoal.msg[0m
[ 12%] [34m[1mGenerating Lisp code from pal_behaviour_msgs/PresentationActionResult.msg[0m
[ 13%] [34m[1mGenerating Lisp code from pal_behaviour_msgs/PresentationActionFeedback.msg[0m
[ 14%] [34m[1mGenerating Lisp code from pal_behaviour_msgs/PresentationGoal.msg[0m
[ 15%] [34m[1mGenerating Lisp code from pal_behaviour_msgs/PresentationResult.msg[0m
[ 16%] [34m[1mGenerating Lisp code from pal_behaviour_msgs/PresentationFeedback.msg[0m
[ 18%] [34m[1mGenerating Lisp code from pal_behaviour_msgs/BehaviourArgument.msg[0m
[ 19%] [34m[1mGenerating Lisp code from pal_behaviour_msgs/BehaviourEvent.srv[0m
[ 19%] Built target pal_behaviour_msgs_generate_messages_lisp
[35m[1mScanning dependencies of target pal_behaviour_msgs_generate_messages_py[0m
[ 20%] [34m[1mGenerating Python from MSG pal_behaviour_msgs/BehaviourTaskAction[0m
[ 21%] [34m[1mGenerating Python from MSG pal_behaviour_msgs/BehaviourTaskActionGoal[0m
[ 22%] [34m[1mGenerating Python from MSG pal_behaviour_msgs/BehaviourTaskActionResult[0m
[ 24%] [34m[1mGenerating Python from MSG pal_behaviour_msgs/BehaviourTaskActionFeedback[0m
[ 25%] [34m[1mGenerating Python from MSG pal_behaviour_msgs/BehaviourTaskGoal[0m
[ 26%] [34m[1mGenerating Python from MSG pal_behaviour_msgs/BehaviourTaskResult[0m
[ 27%] [34m[1mGenerating Python from MSG pal_behaviour_msgs/BehaviourTaskFeedback[0m
[ 28%] [34m[1mGenerating Python from MSG pal_behaviour_msgs/PresentationAction[0m
[ 30%] [34m[1mGenerating Python from MSG pal_behaviour_msgs/PresentationActionGoal[0m
[ 31%] [34m[1mGenerating Python from MSG pal_behaviour_msgs/PresentationActionResult[0m
[ 32%] [34m[1mGenerating Python from MSG pal_behaviour_msgs/PresentationActionFeedback[0m
[ 33%] [34m[1mGenerating Python from MSG pal_behaviour_msgs/PresentationGoal[0m
[ 34%] [34m[1mGenerating Python from MSG pal_behaviour_msgs/PresentationResult[0m
[ 36%] [34m[1mGenerating Python from MSG pal_behaviour_msgs/PresentationFeedback[0m
[ 37%] [34m[1mGenerating Python from MSG pal_behaviour_msgs/BehaviourArgument[0m
[ 38%] [34m[1mGenerating Python code from SRV pal_behaviour_msgs/BehaviourEvent[0m
[ 39%] [34m[1mGenerating Python msg __init__.py for pal_behaviour_msgs[0m
[ 40%] [34m[1mGenerating Python srv __init__.py for pal_behaviour_msgs[0m
[ 40%] Built target pal_behaviour_msgs_generate_messages_py
[35m[1mScanning dependencies of target pal_behaviour_msgs_generate_messages_eus[0m
[ 42%] [34m[1mGenerating EusLisp code from pal_behaviour_msgs/BehaviourTaskAction.msg[0m
[ 43%] [34m[1mGenerating EusLisp code from pal_behaviour_msgs/BehaviourTaskActionGoal.msg[0m
[ 44%] [34m[1mGenerating EusLisp code from pal_behaviour_msgs/BehaviourTaskActionResult.msg[0m
[ 45%] [34m[1mGenerating EusLisp code from pal_behaviour_msgs/BehaviourTaskActionFeedback.msg[0m
[ 46%] [34m[1mGenerating EusLisp code from pal_behaviour_msgs/BehaviourTaskGoal.msg[0m
[ 48%] [34m[1mGenerating EusLisp code from pal_behaviour_msgs/BehaviourTaskResult.msg[0m
[ 49%] [34m[1mGenerating EusLisp code from pal_behaviour_msgs/BehaviourTaskFeedback.msg[0m
[ 50%] [34m[1mGenerating EusLisp code from pal_behaviour_msgs/PresentationAction.msg[0m
[ 51%] [34m[1mGenerating EusLisp code from pal_behaviour_msgs/PresentationActionGoal.msg[0m
[ 53%] [34m[1mGenerating EusLisp code from pal_behaviour_msgs/PresentationActionResult.msg[0m
[ 54%] [34m[1mGenerating EusLisp code from pal_behaviour_msgs/PresentationActionFeedback.msg[0m
[ 55%] [34m[1mGenerating EusLisp code from pal_behaviour_msgs/PresentationGoal.msg[0m
[ 56%] [34m[1mGenerating EusLisp code from pal_behaviour_msgs/PresentationResult.msg[0m
[ 57%] [34m[1mGenerating EusLisp code from pal_behaviour_msgs/PresentationFeedback.msg[0m
[ 59%] [34m[1mGenerating EusLisp code from pal_behaviour_msgs/BehaviourArgument.msg[0m
[ 60%] [34m[1mGenerating EusLisp code from pal_behaviour_msgs/BehaviourEvent.srv[0m
[ 61%] [34m[1mGenerating EusLisp manifest code for pal_behaviour_msgs[0m
WARNING: Package name "TiagoTourGuide" does not follow the naming conventions. It should start with a lower case letter and only contain lower case letters, digits, underscores, and dashes.
WARNING: Package name "TiagoTourGuide" does not follow the naming conventions. It should start with a lower case letter and only contain lower case letters, digits, underscores, and dashes.
WARNING: Package name "TiagoTourGuide" does not follow the naming conventions. It should start with a lower case letter and only contain lower case letters, digits, underscores, and dashes.
WARNING: Package name "TiagoTourGuide" does not follow the naming conventions. It should start with a lower case letter and only contain lower case letters, digits, underscores, and dashes.
[ 61%] Built target pal_behaviour_msgs_generate_messages_eus
[35m[1mScanning dependencies of target pal_behaviour_msgs_generate_messages_cpp[0m
[ 62%] [34m[1mGenerating C++ code from pal_behaviour_msgs/BehaviourTaskAction.msg[0m
[ 63%] [34m[1mGenerating C++ code from pal_behaviour_msgs/BehaviourTaskActionGoal.msg[0m
[ 65%] [34m[1mGenerating C++ code from pal_behaviour_msgs/BehaviourTaskActionResult.msg[0m
[ 66%] [34m[1mGenerating C++ code from pal_behaviour_msgs/BehaviourTaskActionFeedback.msg[0m
[ 67%] [34m[1mGenerating C++ code from pal_behaviour_msgs/BehaviourTaskGoal.msg[0m
[ 68%] [34m[1mGenerating C++ code from pal_behaviour_msgs/BehaviourTaskResult.msg[0m
[ 69%] [34m[1mGenerating C++ code from pal_behaviour_msgs/BehaviourTaskFeedback.msg[0m
[ 71%] [34m[1mGenerating C++ code from pal_behaviour_msgs/PresentationAction.msg[0m
[ 72%] [34m[1mGenerating C++ code from pal_behaviour_msgs/PresentationActionGoal.msg[0m
[ 73%] [34m[1mGenerating C++ code from pal_behaviour_msgs/PresentationActionResult.msg[0m
[ 74%] [34m[1mGenerating C++ code from pal_behaviour_msgs/PresentationActionFeedback.msg[0m
[ 75%] [34m[1mGenerating C++ code from pal_behaviour_msgs/PresentationGoal.msg[0m
[ 77%] [34m[1mGenerating C++ code from pal_behaviour_msgs/PresentationResult.msg[0m
[ 78%] [34m[1mGenerating C++ code from pal_behaviour_msgs/PresentationFeedback.msg[0m
[ 79%] [34m[1mGenerating C++ code from pal_behaviour_msgs/BehaviourArgument.msg[0m
[ 80%] [34m[1mGenerating C++ code from pal_behaviour_msgs/BehaviourEvent.srv[0m
[ 80%] Built target pal_behaviour_msgs_generate_messages_cpp
[35m[1mScanning dependencies of target pal_behaviour_msgs_generate_messages_nodejs[0m
[ 81%] [34m[1mGenerating Javascript code from pal_behaviour_msgs/BehaviourTaskAction.msg[0m
[ 83%] [34m[1mGenerating Javascript code from pal_behaviour_msgs/BehaviourTaskActionGoal.msg[0m
[ 84%] [34m[1mGenerating Javascript code from pal_behaviour_msgs/BehaviourTaskActionResult.msg[0m
[ 85%] [34m[1mGenerating Javascript code from pal_behaviour_msgs/BehaviourTaskActionFeedback.msg[0m
[ 86%] [34m[1mGenerating Javascript code from pal_behaviour_msgs/BehaviourTaskGoal.msg[0m
[ 87%] [34m[1mGenerating Javascript code from pal_behaviour_msgs/BehaviourTaskResult.msg[0m
[ 89%] [34m[1mGenerating Javascript code from pal_behaviour_msgs/BehaviourTaskFeedback.msg[0m
[ 90%] [34m[1mGenerating Javascript code from pal_behaviour_msgs/PresentationAction.msg[0m
[ 91%] [34m[1mGenerating Javascript code from pal_behaviour_msgs/PresentationActionGoal.msg[0m
[ 92%] [34m[1mGenerating Javascript code from pal_behaviour_msgs/PresentationActionResult.msg[0m
[ 93%] [34m[1mGenerating Javascript code from pal_behaviour_msgs/PresentationActionFeedback.msg[0m
[ 95%] [34m[1mGenerating Javascript code from pal_behaviour_msgs/PresentationGoal.msg[0m
[ 96%] [34m[1mGenerating Javascript code from pal_behaviour_msgs/PresentationResult.msg[0m
[ 97%] [34m[1mGenerating Javascript code from pal_behaviour_msgs/PresentationFeedback.msg[0m
[ 98%] [34m[1mGenerating Javascript code from pal_behaviour_msgs/BehaviourArgument.msg[0m
[100%] [34m[1mGenerating Javascript code from pal_behaviour_msgs/BehaviourEvent.srv[0m
[100%] Built target pal_behaviour_msgs_generate_messages_nodejs
[35m[1mScanning dependencies of target pal_behaviour_msgs_generate_messages[0m
[100%] Built target pal_behaviour_msgs_generate_messages
