[  0%] Built target _pal_behaviour_msgs_generate_messages_check_deps_PresentationGoal
[  0%] Built target _pal_behaviour_msgs_generate_messages_check_deps_BehaviourArgument
[  0%] Built target _pal_behaviour_msgs_generate_messages_check_deps_PresentationFeedback
[  0%] Built target _pal_behaviour_msgs_generate_messages_check_deps_PresentationResult
[  0%] Built target _pal_behaviour_msgs_generate_messages_check_deps_BehaviourTaskActionGoal
[  0%] Built target _pal_behaviour_msgs_generate_messages_check_deps_PresentationAction
[  0%] Built target actionlib_msgs_generate_messages_lisp
[  0%] Built target _pal_behaviour_msgs_generate_messages_check_deps_BehaviourTaskFeedback
[  0%] Built target _pal_behaviour_msgs_generate_messages_check_deps_BehaviourTaskAction
[  0%] Built target _pal_behaviour_msgs_generate_messages_check_deps_BehaviourTaskActionFeedback
[  0%] Built target _pal_behaviour_msgs_generate_messages_check_deps_BehaviourTaskActionResult
[  0%] Built target _pal_behaviour_msgs_generate_messages_check_deps_BehaviourTaskGoal
[  0%] Built target std_msgs_generate_messages_lisp
[  0%] Built target _pal_behaviour_msgs_generate_messages_check_deps_PresentationActionGoal
[  0%] Built target _pal_behaviour_msgs_generate_messages_check_deps_BehaviourTaskResult
[  0%] Built target _pal_behaviour_msgs_generate_messages_check_deps_PresentationActionResult
[  0%] Built target _pal_behaviour_msgs_generate_messages_check_deps_PresentationActionFeedback
[  0%] Built target _pal_behaviour_msgs_generate_messages_check_deps_BehaviourEvent
[ 19%] Built target pal_behaviour_msgs_generate_messages_lisp
[ 19%] Built target std_msgs_generate_messages_py
[ 19%] Built target actionlib_msgs_generate_messages_py
[ 40%] Built target pal_behaviour_msgs_generate_messages_py
[ 40%] Built target std_msgs_generate_messages_eus
[ 40%] Built target actionlib_msgs_generate_messages_eus
[ 61%] Built target pal_behaviour_msgs_generate_messages_eus
[ 61%] Built target actionlib_msgs_generate_messages_cpp
[ 61%] Built target std_msgs_generate_messages_cpp
[ 80%] Built target pal_behaviour_msgs_generate_messages_cpp
[ 80%] Built target std_msgs_generate_messages_nodejs
[ 80%] Built target actionlib_msgs_generate_messages_nodejs
[100%] Built target pal_behaviour_msgs_generate_messages_nodejs
[100%] Built target pal_behaviour_msgs_generate_messages
[36mInstall the project...[0m
-- Install configuration: ""
-- Installing: /home/james/TiaGo_TourGuide/TiagoTourGuide_ws/install/_setup_util.py
-- Installing: /home/james/TiaGo_TourGuide/TiagoTourGuide_ws/install/env.sh
-- Installing: /home/james/TiaGo_TourGuide/TiagoTourGuide_ws/install/setup.bash
-- Installing: /home/james/TiaGo_TourGuide/TiagoTourGuide_ws/install/local_setup.bash
-- Installing: /home/james/TiaGo_TourGuide/TiagoTourGuide_ws/install/setup.sh
-- Installing: /home/james/TiaGo_TourGuide/TiagoTourGuide_ws/install/local_setup.sh
-- Installing: /home/james/TiaGo_TourGuide/TiagoTourGuide_ws/install/setup.zsh
-- Installing: /home/james/TiaGo_TourGuide/TiagoTourGuide_ws/install/local_setup.zsh
-- Installing: /home/james/TiaGo_TourGuide/TiagoTourGuide_ws/install/.rosinstall
-- Up-to-date: /home/james/TiaGo_TourGuide/TiagoTourGuide_ws/install/share/pal_behaviour_msgs/action/BehaviourTask.action
-- Up-to-date: /home/james/TiaGo_TourGuide/TiagoTourGuide_ws/install/share/pal_behaviour_msgs/action/Presentation.action
-- Up-to-date: /home/james/TiaGo_TourGuide/TiagoTourGuide_ws/install/share/pal_behaviour_msgs/msg/BehaviourTaskAction.msg
-- Up-to-date: /home/james/TiaGo_TourGuide/TiagoTourGuide_ws/install/share/pal_behaviour_msgs/msg/BehaviourTaskActionGoal.msg
-- Up-to-date: /home/james/TiaGo_TourGuide/TiagoTourGuide_ws/install/share/pal_behaviour_msgs/msg/BehaviourTaskActionResult.msg
-- Up-to-date: /home/james/TiaGo_TourGuide/TiagoTourGuide_ws/install/share/pal_behaviour_msgs/msg/BehaviourTaskActionFeedback.msg
-- Up-to-date: /home/james/TiaGo_TourGuide/TiagoTourGuide_ws/install/share/pal_behaviour_msgs/msg/BehaviourTaskGoal.msg
-- Up-to-date: /home/james/TiaGo_TourGuide/TiagoTourGuide_ws/install/share/pal_behaviour_msgs/msg/BehaviourTaskResult.msg
-- Up-to-date: /home/james/TiaGo_TourGuide/TiagoTourGuide_ws/install/share/pal_behaviour_msgs/msg/BehaviourTaskFeedback.msg
-- Up-to-date: /home/james/TiaGo_TourGuide/TiagoTourGuide_ws/install/share/pal_behaviour_msgs/msg/PresentationAction.msg
-- Up-to-date: /home/james/TiaGo_TourGuide/TiagoTourGuide_ws/install/share/pal_behaviour_msgs/msg/PresentationActionGoal.msg
-- Up-to-date: /home/james/TiaGo_TourGuide/TiagoTourGuide_ws/install/share/pal_behaviour_msgs/msg/PresentationActionResult.msg
-- Up-to-date: /home/james/TiaGo_TourGuide/TiagoTourGuide_ws/install/share/pal_behaviour_msgs/msg/PresentationActionFeedback.msg
-- Up-to-date: /home/james/TiaGo_TourGuide/TiagoTourGuide_ws/install/share/pal_behaviour_msgs/msg/PresentationGoal.msg
-- Up-to-date: /home/james/TiaGo_TourGuide/TiagoTourGuide_ws/install/share/pal_behaviour_msgs/msg/PresentationResult.msg
-- Up-to-date: /home/james/TiaGo_TourGuide/TiagoTourGuide_ws/install/share/pal_behaviour_msgs/msg/PresentationFeedback.msg
-- Up-to-date: /home/james/TiaGo_TourGuide/TiagoTourGuide_ws/install/share/pal_behaviour_msgs/msg/BehaviourArgument.msg
-- Up-to-date: /home/james/TiaGo_TourGuide/TiagoTourGuide_ws/install/share/pal_behaviour_msgs/srv/BehaviourEvent.srv
-- Up-to-date: /home/james/TiaGo_TourGuide/TiagoTourGuide_ws/install/share/pal_behaviour_msgs/cmake/pal_behaviour_msgs-msg-paths.cmake
-- Up-to-date: /home/james/TiaGo_TourGuide/TiagoTourGuide_ws/install/include/pal_behaviour_msgs
-- Up-to-date: /home/james/TiaGo_TourGuide/TiagoTourGuide_ws/install/include/pal_behaviour_msgs/PresentationAction.h
-- Up-to-date: /home/james/TiaGo_TourGuide/TiagoTourGuide_ws/install/include/pal_behaviour_msgs/PresentationActionGoal.h
-- Up-to-date: /home/james/TiaGo_TourGuide/TiagoTourGuide_ws/install/include/pal_behaviour_msgs/BehaviourTaskGoal.h
-- Up-to-date: /home/james/TiaGo_TourGuide/TiagoTourGuide_ws/install/include/pal_behaviour_msgs/PresentationResult.h
-- Up-to-date: /home/james/TiaGo_TourGuide/TiagoTourGuide_ws/install/include/pal_behaviour_msgs/PresentationGoal.h
-- Up-to-date: /home/james/TiaGo_TourGuide/TiagoTourGuide_ws/install/include/pal_behaviour_msgs/PresentationActionFeedback.h
-- Up-to-date: /home/james/TiaGo_TourGuide/TiagoTourGuide_ws/install/include/pal_behaviour_msgs/BehaviourTaskActionResult.h
-- Up-to-date: /home/james/TiaGo_TourGuide/TiagoTourGuide_ws/install/include/pal_behaviour_msgs/PresentationFeedback.h
-- Up-to-date: /home/james/TiaGo_TourGuide/TiagoTourGuide_ws/install/include/pal_behaviour_msgs/BehaviourEventResponse.h
-- Up-to-date: /home/james/TiaGo_TourGuide/TiagoTourGuide_ws/install/include/pal_behaviour_msgs/BehaviourEvent.h
-- Up-to-date: /home/james/TiaGo_TourGuide/TiagoTourGuide_ws/install/include/pal_behaviour_msgs/BehaviourArgument.h
-- Up-to-date: /home/james/TiaGo_TourGuide/TiagoTourGuide_ws/install/include/pal_behaviour_msgs/BehaviourTaskActionFeedback.h
-- Up-to-date: /home/james/TiaGo_TourGuide/TiagoTourGuide_ws/install/include/pal_behaviour_msgs/PresentationActionResult.h
-- Up-to-date: /home/james/TiaGo_TourGuide/TiagoTourGuide_ws/install/include/pal_behaviour_msgs/BehaviourTaskAction.h
-- Up-to-date: /home/james/TiaGo_TourGuide/TiagoTourGuide_ws/install/include/pal_behaviour_msgs/BehaviourTaskFeedback.h
-- Up-to-date: /home/james/TiaGo_TourGuide/TiagoTourGuide_ws/install/include/pal_behaviour_msgs/BehaviourTaskResult.h
-- Up-to-date: /home/james/TiaGo_TourGuide/TiagoTourGuide_ws/install/include/pal_behaviour_msgs/BehaviourEventRequest.h
-- Up-to-date: /home/james/TiaGo_TourGuide/TiagoTourGuide_ws/install/include/pal_behaviour_msgs/BehaviourTaskActionGoal.h
-- Up-to-date: /home/james/TiaGo_TourGuide/TiagoTourGuide_ws/install/share/roseus/ros/pal_behaviour_msgs
-- Up-to-date: /home/james/TiaGo_TourGuide/TiagoTourGuide_ws/install/share/roseus/ros/pal_behaviour_msgs/manifest.l
-- Up-to-date: /home/james/TiaGo_TourGuide/TiagoTourGuide_ws/install/share/roseus/ros/pal_behaviour_msgs/msg
-- Up-to-date: /home/james/TiaGo_TourGuide/TiagoTourGuide_ws/install/share/roseus/ros/pal_behaviour_msgs/msg/PresentationActionGoal.l
-- Up-to-date: /home/james/TiaGo_TourGuide/TiagoTourGuide_ws/install/share/roseus/ros/pal_behaviour_msgs/msg/PresentationActionResult.l
-- Up-to-date: /home/james/TiaGo_TourGuide/TiagoTourGuide_ws/install/share/roseus/ros/pal_behaviour_msgs/msg/BehaviourTaskActionFeedback.l
-- Up-to-date: /home/james/TiaGo_TourGuide/TiagoTourGuide_ws/install/share/roseus/ros/pal_behaviour_msgs/msg/BehaviourTaskResult.l
-- Up-to-date: /home/james/TiaGo_TourGuide/TiagoTourGuide_ws/install/share/roseus/ros/pal_behaviour_msgs/msg/PresentationAction.l
-- Up-to-date: /home/james/TiaGo_TourGuide/TiagoTourGuide_ws/install/share/roseus/ros/pal_behaviour_msgs/msg/BehaviourTaskGoal.l
-- Up-to-date: /home/james/TiaGo_TourGuide/TiagoTourGuide_ws/install/share/roseus/ros/pal_behaviour_msgs/msg/PresentationFeedback.l
-- Up-to-date: /home/james/TiaGo_TourGuide/TiagoTourGuide_ws/install/share/roseus/ros/pal_behaviour_msgs/msg/BehaviourArgument.l
-- Up-to-date: /home/james/TiaGo_TourGuide/TiagoTourGuide_ws/install/share/roseus/ros/pal_behaviour_msgs/msg/PresentationGoal.l
-- Up-to-date: /home/james/TiaGo_TourGuide/TiagoTourGuide_ws/install/share/roseus/ros/pal_behaviour_msgs/msg/BehaviourTaskActionResult.l
-- Up-to-date: /home/james/TiaGo_TourGuide/TiagoTourGuide_ws/install/share/roseus/ros/pal_behaviour_msgs/msg/PresentationResult.l
-- Up-to-date: /home/james/TiaGo_TourGuide/TiagoTourGuide_ws/install/share/roseus/ros/pal_behaviour_msgs/msg/BehaviourTaskFeedback.l
-- Up-to-date: /home/james/TiaGo_TourGuide/TiagoTourGuide_ws/install/share/roseus/ros/pal_behaviour_msgs/msg/BehaviourTaskActionGoal.l
-- Up-to-date: /home/james/TiaGo_TourGuide/TiagoTourGuide_ws/install/share/roseus/ros/pal_behaviour_msgs/msg/BehaviourTaskAction.l
-- Up-to-date: /home/james/TiaGo_TourGuide/TiagoTourGuide_ws/install/share/roseus/ros/pal_behaviour_msgs/msg/PresentationActionFeedback.l
-- Up-to-date: /home/james/TiaGo_TourGuide/TiagoTourGuide_ws/install/share/roseus/ros/pal_behaviour_msgs/srv
-- Up-to-date: /home/james/TiaGo_TourGuide/TiagoTourGuide_ws/install/share/roseus/ros/pal_behaviour_msgs/srv/BehaviourEvent.l
-- Up-to-date: /home/james/TiaGo_TourGuide/TiagoTourGuide_ws/install/share/common-lisp/ros/pal_behaviour_msgs
-- Up-to-date: /home/james/TiaGo_TourGuide/TiagoTourGuide_ws/install/share/common-lisp/ros/pal_behaviour_msgs/msg
-- Up-to-date: /home/james/TiaGo_TourGuide/TiagoTourGuide_ws/install/share/common-lisp/ros/pal_behaviour_msgs/msg/BehaviourTaskGoal.lisp
-- Up-to-date: /home/james/TiaGo_TourGuide/TiagoTourGuide_ws/install/share/common-lisp/ros/pal_behaviour_msgs/msg/_package_PresentationAction.lisp
-- Up-to-date: /home/james/TiaGo_TourGuide/TiagoTourGuide_ws/install/share/common-lisp/ros/pal_behaviour_msgs/msg/PresentationActionGoal.lisp
-- Up-to-date: /home/james/TiaGo_TourGuide/TiagoTourGuide_ws/install/share/common-lisp/ros/pal_behaviour_msgs/msg/_package_PresentationActionGoal.lisp
-- Up-to-date: /home/james/TiaGo_TourGuide/TiagoTourGuide_ws/install/share/common-lisp/ros/pal_behaviour_msgs/msg/_package_PresentationFeedback.lisp
-- Up-to-date: /home/james/TiaGo_TourGuide/TiagoTourGuide_ws/install/share/common-lisp/ros/pal_behaviour_msgs/msg/_package.lisp
-- Up-to-date: /home/james/TiaGo_TourGuide/TiagoTourGuide_ws/install/share/common-lisp/ros/pal_behaviour_msgs/msg/pal_behaviour_msgs-msg.asd
-- Up-to-date: /home/james/TiaGo_TourGuide/TiagoTourGuide_ws/install/share/common-lisp/ros/pal_behaviour_msgs/msg/_package_BehaviourArgument.lisp
-- Up-to-date: /home/james/TiaGo_TourGuide/TiagoTourGuide_ws/install/share/common-lisp/ros/pal_behaviour_msgs/msg/PresentationActionResult.lisp
-- Up-to-date: /home/james/TiaGo_TourGuide/TiagoTourGuide_ws/install/share/common-lisp/ros/pal_behaviour_msgs/msg/BehaviourTaskResult.lisp
-- Up-to-date: /home/james/TiaGo_TourGuide/TiagoTourGuide_ws/install/share/common-lisp/ros/pal_behaviour_msgs/msg/_package_BehaviourTaskActionResult.lisp
-- Up-to-date: /home/james/TiaGo_TourGuide/TiagoTourGuide_ws/install/share/common-lisp/ros/pal_behaviour_msgs/msg/_package_PresentationActionFeedback.lisp
-- Up-to-date: /home/james/TiaGo_TourGuide/TiagoTourGuide_ws/install/share/common-lisp/ros/pal_behaviour_msgs/msg/PresentationFeedback.lisp
-- Up-to-date: /home/james/TiaGo_TourGuide/TiagoTourGuide_ws/install/share/common-lisp/ros/pal_behaviour_msgs/msg/_package_BehaviourTaskActionGoal.lisp
-- Up-to-date: /home/james/TiaGo_TourGuide/TiagoTourGuide_ws/install/share/common-lisp/ros/pal_behaviour_msgs/msg/BehaviourTaskFeedback.lisp
-- Up-to-date: /home/james/TiaGo_TourGuide/TiagoTourGuide_ws/install/share/common-lisp/ros/pal_behaviour_msgs/msg/_package_PresentationGoal.lisp
-- Up-to-date: /home/james/TiaGo_TourGuide/TiagoTourGuide_ws/install/share/common-lisp/ros/pal_behaviour_msgs/msg/_package_PresentationActionResult.lisp
-- Up-to-date: /home/james/TiaGo_TourGuide/TiagoTourGuide_ws/install/share/common-lisp/ros/pal_behaviour_msgs/msg/PresentationGoal.lisp
-- Up-to-date: /home/james/TiaGo_TourGuide/TiagoTourGuide_ws/install/share/common-lisp/ros/pal_behaviour_msgs/msg/_package_BehaviourTaskFeedback.lisp
-- Up-to-date: /home/james/TiaGo_TourGuide/TiagoTourGuide_ws/install/share/common-lisp/ros/pal_behaviour_msgs/msg/BehaviourTaskActionResult.lisp
-- Up-to-date: /home/james/TiaGo_TourGuide/TiagoTourGuide_ws/install/share/common-lisp/ros/pal_behaviour_msgs/msg/PresentationResult.lisp
-- Up-to-date: /home/james/TiaGo_TourGuide/TiagoTourGuide_ws/install/share/common-lisp/ros/pal_behaviour_msgs/msg/_package_PresentationResult.lisp
-- Up-to-date: /home/james/TiaGo_TourGuide/TiagoTourGuide_ws/install/share/common-lisp/ros/pal_behaviour_msgs/msg/PresentationActionFeedback.lisp
-- Up-to-date: /home/james/TiaGo_TourGuide/TiagoTourGuide_ws/install/share/common-lisp/ros/pal_behaviour_msgs/msg/BehaviourTaskActionFeedback.lisp
-- Up-to-date: /home/james/TiaGo_TourGuide/TiagoTourGuide_ws/install/share/common-lisp/ros/pal_behaviour_msgs/msg/_package_BehaviourTaskResult.lisp
-- Up-to-date: /home/james/TiaGo_TourGuide/TiagoTourGuide_ws/install/share/common-lisp/ros/pal_behaviour_msgs/msg/_package_BehaviourTaskAction.lisp
-- Up-to-date: /home/james/TiaGo_TourGuide/TiagoTourGuide_ws/install/share/common-lisp/ros/pal_behaviour_msgs/msg/BehaviourArgument.lisp
-- Up-to-date: /home/james/TiaGo_TourGuide/TiagoTourGuide_ws/install/share/common-lisp/ros/pal_behaviour_msgs/msg/BehaviourTaskActionGoal.lisp
-- Up-to-date: /home/james/TiaGo_TourGuide/TiagoTourGuide_ws/install/share/common-lisp/ros/pal_behaviour_msgs/msg/_package_BehaviourTaskActionFeedback.lisp
-- Up-to-date: /home/james/TiaGo_TourGuide/TiagoTourGuide_ws/install/share/common-lisp/ros/pal_behaviour_msgs/msg/BehaviourTaskAction.lisp
-- Up-to-date: /home/james/TiaGo_TourGuide/TiagoTourGuide_ws/install/share/common-lisp/ros/pal_behaviour_msgs/msg/PresentationAction.lisp
-- Up-to-date: /home/james/TiaGo_TourGuide/TiagoTourGuide_ws/install/share/common-lisp/ros/pal_behaviour_msgs/msg/_package_BehaviourTaskGoal.lisp
-- Up-to-date: /home/james/TiaGo_TourGuide/TiagoTourGuide_ws/install/share/common-lisp/ros/pal_behaviour_msgs/srv
-- Up-to-date: /home/james/TiaGo_TourGuide/TiagoTourGuide_ws/install/share/common-lisp/ros/pal_behaviour_msgs/srv/_package.lisp
-- Up-to-date: /home/james/TiaGo_TourGuide/TiagoTourGuide_ws/install/share/common-lisp/ros/pal_behaviour_msgs/srv/_package_BehaviourEvent.lisp
-- Up-to-date: /home/james/TiaGo_TourGuide/TiagoTourGuide_ws/install/share/common-lisp/ros/pal_behaviour_msgs/srv/BehaviourEvent.lisp
-- Up-to-date: /home/james/TiaGo_TourGuide/TiagoTourGuide_ws/install/share/common-lisp/ros/pal_behaviour_msgs/srv/pal_behaviour_msgs-srv.asd
-- Up-to-date: /home/james/TiaGo_TourGuide/TiagoTourGuide_ws/install/share/gennodejs/ros/pal_behaviour_msgs
-- Up-to-date: /home/james/TiaGo_TourGuide/TiagoTourGuide_ws/install/share/gennodejs/ros/pal_behaviour_msgs/_index.js
-- Up-to-date: /home/james/TiaGo_TourGuide/TiagoTourGuide_ws/install/share/gennodejs/ros/pal_behaviour_msgs/msg
-- Up-to-date: /home/james/TiaGo_TourGuide/TiagoTourGuide_ws/install/share/gennodejs/ros/pal_behaviour_msgs/msg/PresentationActionResult.js
-- Up-to-date: /home/james/TiaGo_TourGuide/TiagoTourGuide_ws/install/share/gennodejs/ros/pal_behaviour_msgs/msg/PresentationActionGoal.js
-- Up-to-date: /home/james/TiaGo_TourGuide/TiagoTourGuide_ws/install/share/gennodejs/ros/pal_behaviour_msgs/msg/PresentationActionFeedback.js
-- Up-to-date: /home/james/TiaGo_TourGuide/TiagoTourGuide_ws/install/share/gennodejs/ros/pal_behaviour_msgs/msg/PresentationResult.js
-- Up-to-date: /home/james/TiaGo_TourGuide/TiagoTourGuide_ws/install/share/gennodejs/ros/pal_behaviour_msgs/msg/BehaviourTaskAction.js
-- Up-to-date: /home/james/TiaGo_TourGuide/TiagoTourGuide_ws/install/share/gennodejs/ros/pal_behaviour_msgs/msg/BehaviourTaskActionResult.js
-- Up-to-date: /home/james/TiaGo_TourGuide/TiagoTourGuide_ws/install/share/gennodejs/ros/pal_behaviour_msgs/msg/BehaviourTaskGoal.js
-- Up-to-date: /home/james/TiaGo_TourGuide/TiagoTourGuide_ws/install/share/gennodejs/ros/pal_behaviour_msgs/msg/BehaviourArgument.js
-- Up-to-date: /home/james/TiaGo_TourGuide/TiagoTourGuide_ws/install/share/gennodejs/ros/pal_behaviour_msgs/msg/_index.js
-- Up-to-date: /home/james/TiaGo_TourGuide/TiagoTourGuide_ws/install/share/gennodejs/ros/pal_behaviour_msgs/msg/PresentationFeedback.js
-- Up-to-date: /home/james/TiaGo_TourGuide/TiagoTourGuide_ws/install/share/gennodejs/ros/pal_behaviour_msgs/msg/BehaviourTaskFeedback.js
-- Up-to-date: /home/james/TiaGo_TourGuide/TiagoTourGuide_ws/install/share/gennodejs/ros/pal_behaviour_msgs/msg/PresentationGoal.js
-- Up-to-date: /home/james/TiaGo_TourGuide/TiagoTourGuide_ws/install/share/gennodejs/ros/pal_behaviour_msgs/msg/PresentationAction.js
-- Up-to-date: /home/james/TiaGo_TourGuide/TiagoTourGuide_ws/install/share/gennodejs/ros/pal_behaviour_msgs/msg/BehaviourTaskActionFeedback.js
-- Up-to-date: /home/james/TiaGo_TourGuide/TiagoTourGuide_ws/install/share/gennodejs/ros/pal_behaviour_msgs/msg/BehaviourTaskActionGoal.js
-- Up-to-date: /home/james/TiaGo_TourGuide/TiagoTourGuide_ws/install/share/gennodejs/ros/pal_behaviour_msgs/msg/BehaviourTaskResult.js
-- Up-to-date: /home/james/TiaGo_TourGuide/TiagoTourGuide_ws/install/share/gennodejs/ros/pal_behaviour_msgs/srv
-- Up-to-date: /home/james/TiaGo_TourGuide/TiagoTourGuide_ws/install/share/gennodejs/ros/pal_behaviour_msgs/srv/BehaviourEvent.js
-- Up-to-date: /home/james/TiaGo_TourGuide/TiagoTourGuide_ws/install/share/gennodejs/ros/pal_behaviour_msgs/srv/_index.js
Listing '/home/james/TiaGo_TourGuide/TiagoTourGuide_ws/devel/.private/pal_behaviour_msgs/lib/python3/dist-packages/pal_behaviour_msgs'...
Listing '/home/james/TiaGo_TourGuide/TiagoTourGuide_ws/devel/.private/pal_behaviour_msgs/lib/python3/dist-packages/pal_behaviour_msgs/msg'...
Listing '/home/james/TiaGo_TourGuide/TiagoTourGuide_ws/devel/.private/pal_behaviour_msgs/lib/python3/dist-packages/pal_behaviour_msgs/srv'...
-- Up-to-date: /home/james/TiaGo_TourGuide/TiagoTourGuide_ws/install/lib/python3/dist-packages/pal_behaviour_msgs
-- Up-to-date: /home/james/TiaGo_TourGuide/TiagoTourGuide_ws/install/lib/python3/dist-packages/pal_behaviour_msgs/__pycache__
-- Up-to-date: /home/james/TiaGo_TourGuide/TiagoTourGuide_ws/install/lib/python3/dist-packages/pal_behaviour_msgs/__pycache__/__init__.cpython-38.pyc
-- Up-to-date: /home/james/TiaGo_TourGuide/TiagoTourGuide_ws/install/lib/python3/dist-packages/pal_behaviour_msgs/__init__.py
-- Up-to-date: /home/james/TiaGo_TourGuide/TiagoTourGuide_ws/install/lib/python3/dist-packages/pal_behaviour_msgs/msg
-- Up-to-date: /home/james/TiaGo_TourGuide/TiagoTourGuide_ws/install/lib/python3/dist-packages/pal_behaviour_msgs/msg/_PresentationResult.py
-- Up-to-date: /home/james/TiaGo_TourGuide/TiagoTourGuide_ws/install/lib/python3/dist-packages/pal_behaviour_msgs/msg/_PresentationGoal.py
-- Up-to-date: /home/james/TiaGo_TourGuide/TiagoTourGuide_ws/install/lib/python3/dist-packages/pal_behaviour_msgs/msg/_BehaviourTaskFeedback.py
-- Up-to-date: /home/james/TiaGo_TourGuide/TiagoTourGuide_ws/install/lib/python3/dist-packages/pal_behaviour_msgs/msg/_PresentationFeedback.py
-- Up-to-date: /home/james/TiaGo_TourGuide/TiagoTourGuide_ws/install/lib/python3/dist-packages/pal_behaviour_msgs/msg/_PresentationActionGoal.py
-- Up-to-date: /home/james/TiaGo_TourGuide/TiagoTourGuide_ws/install/lib/python3/dist-packages/pal_behaviour_msgs/msg/_BehaviourTaskGoal.py
-- Up-to-date: /home/james/TiaGo_TourGuide/TiagoTourGuide_ws/install/lib/python3/dist-packages/pal_behaviour_msgs/msg/_BehaviourTaskActionFeedback.py
-- Up-to-date: /home/james/TiaGo_TourGuide/TiagoTourGuide_ws/install/lib/python3/dist-packages/pal_behaviour_msgs/msg/_BehaviourTaskActionGoal.py
-- Up-to-date: /home/james/TiaGo_TourGuide/TiagoTourGuide_ws/install/lib/python3/dist-packages/pal_behaviour_msgs/msg/_PresentationActionFeedback.py
-- Up-to-date: /home/james/TiaGo_TourGuide/TiagoTourGuide_ws/install/lib/python3/dist-packages/pal_behaviour_msgs/msg/_BehaviourTaskAction.py
-- Up-to-date: /home/james/TiaGo_TourGuide/TiagoTourGuide_ws/install/lib/python3/dist-packages/pal_behaviour_msgs/msg/__pycache__
-- Up-to-date: /home/james/TiaGo_TourGuide/TiagoTourGuide_ws/install/lib/python3/dist-packages/pal_behaviour_msgs/msg/__pycache__/_PresentationActionGoal.cpython-38.pyc
-- Up-to-date: /home/james/TiaGo_TourGuide/TiagoTourGuide_ws/install/lib/python3/dist-packages/pal_behaviour_msgs/msg/__pycache__/_PresentationActionFeedback.cpython-38.pyc
-- Up-to-date: /home/james/TiaGo_TourGuide/TiagoTourGuide_ws/install/lib/python3/dist-packages/pal_behaviour_msgs/msg/__pycache__/_BehaviourTaskActionGoal.cpython-38.pyc
-- Up-to-date: /home/james/TiaGo_TourGuide/TiagoTourGuide_ws/install/lib/python3/dist-packages/pal_behaviour_msgs/msg/__pycache__/_BehaviourArgument.cpython-38.pyc
-- Up-to-date: /home/james/TiaGo_TourGuide/TiagoTourGuide_ws/install/lib/python3/dist-packages/pal_behaviour_msgs/msg/__pycache__/_BehaviourTaskResult.cpython-38.pyc
-- Up-to-date: /home/james/TiaGo_TourGuide/TiagoTourGuide_ws/install/lib/python3/dist-packages/pal_behaviour_msgs/msg/__pycache__/_PresentationResult.cpython-38.pyc
-- Up-to-date: /home/james/TiaGo_TourGuide/TiagoTourGuide_ws/install/lib/python3/dist-packages/pal_behaviour_msgs/msg/__pycache__/_BehaviourTaskGoal.cpython-38.pyc
-- Up-to-date: /home/james/TiaGo_TourGuide/TiagoTourGuide_ws/install/lib/python3/dist-packages/pal_behaviour_msgs/msg/__pycache__/__init__.cpython-38.pyc
-- Up-to-date: /home/james/TiaGo_TourGuide/TiagoTourGuide_ws/install/lib/python3/dist-packages/pal_behaviour_msgs/msg/__pycache__/_PresentationGoal.cpython-38.pyc
-- Up-to-date: /home/james/TiaGo_TourGuide/TiagoTourGuide_ws/install/lib/python3/dist-packages/pal_behaviour_msgs/msg/__pycache__/_PresentationActionResult.cpython-38.pyc
-- Up-to-date: /home/james/TiaGo_TourGuide/TiagoTourGuide_ws/install/lib/python3/dist-packages/pal_behaviour_msgs/msg/__pycache__/_PresentationFeedback.cpython-38.pyc
-- Up-to-date: /home/james/TiaGo_TourGuide/TiagoTourGuide_ws/install/lib/python3/dist-packages/pal_behaviour_msgs/msg/__pycache__/_PresentationAction.cpython-38.pyc
-- Up-to-date: /home/james/TiaGo_TourGuide/TiagoTourGuide_ws/install/lib/python3/dist-packages/pal_behaviour_msgs/msg/__pycache__/_BehaviourTaskActionResult.cpython-38.pyc
-- Up-to-date: /home/james/TiaGo_TourGuide/TiagoTourGuide_ws/install/lib/python3/dist-packages/pal_behaviour_msgs/msg/__pycache__/_BehaviourTaskAction.cpython-38.pyc
-- Up-to-date: /home/james/TiaGo_TourGuide/TiagoTourGuide_ws/install/lib/python3/dist-packages/pal_behaviour_msgs/msg/__pycache__/_BehaviourTaskFeedback.cpython-38.pyc
-- Up-to-date: /home/james/TiaGo_TourGuide/TiagoTourGuide_ws/install/lib/python3/dist-packages/pal_behaviour_msgs/msg/__pycache__/_BehaviourTaskActionFeedback.cpython-38.pyc
-- Up-to-date: /home/james/TiaGo_TourGuide/TiagoTourGuide_ws/install/lib/python3/dist-packages/pal_behaviour_msgs/msg/_PresentationActionResult.py
-- Up-to-date: /home/james/TiaGo_TourGuide/TiagoTourGuide_ws/install/lib/python3/dist-packages/pal_behaviour_msgs/msg/_BehaviourArgument.py
-- Up-to-date: /home/james/TiaGo_TourGuide/TiagoTourGuide_ws/install/lib/python3/dist-packages/pal_behaviour_msgs/msg/__init__.py
-- Up-to-date: /home/james/TiaGo_TourGuide/TiagoTourGuide_ws/install/lib/python3/dist-packages/pal_behaviour_msgs/msg/_BehaviourTaskResult.py
-- Up-to-date: /home/james/TiaGo_TourGuide/TiagoTourGuide_ws/install/lib/python3/dist-packages/pal_behaviour_msgs/msg/_BehaviourTaskActionResult.py
-- Up-to-date: /home/james/TiaGo_TourGuide/TiagoTourGuide_ws/install/lib/python3/dist-packages/pal_behaviour_msgs/msg/_PresentationAction.py
-- Up-to-date: /home/james/TiaGo_TourGuide/TiagoTourGuide_ws/install/lib/python3/dist-packages/pal_behaviour_msgs/srv
-- Up-to-date: /home/james/TiaGo_TourGuide/TiagoTourGuide_ws/install/lib/python3/dist-packages/pal_behaviour_msgs/srv/_BehaviourEvent.py
-- Up-to-date: /home/james/TiaGo_TourGuide/TiagoTourGuide_ws/install/lib/python3/dist-packages/pal_behaviour_msgs/srv/__pycache__
-- Up-to-date: /home/james/TiaGo_TourGuide/TiagoTourGuide_ws/install/lib/python3/dist-packages/pal_behaviour_msgs/srv/__pycache__/__init__.cpython-38.pyc
-- Up-to-date: /home/james/TiaGo_TourGuide/TiagoTourGuide_ws/install/lib/python3/dist-packages/pal_behaviour_msgs/srv/__pycache__/_BehaviourEvent.cpython-38.pyc
-- Up-to-date: /home/james/TiaGo_TourGuide/TiagoTourGuide_ws/install/lib/python3/dist-packages/pal_behaviour_msgs/srv/__init__.py
-- Up-to-date: /home/james/TiaGo_TourGuide/TiagoTourGuide_ws/install/lib/pkgconfig/pal_behaviour_msgs.pc
-- Up-to-date: /home/james/TiaGo_TourGuide/TiagoTourGuide_ws/install/share/pal_behaviour_msgs/cmake/pal_behaviour_msgs-msg-extras.cmake
-- Up-to-date: /home/james/TiaGo_TourGuide/TiagoTourGuide_ws/install/share/pal_behaviour_msgs/cmake/pal_behaviour_msgsConfig.cmake
-- Up-to-date: /home/james/TiaGo_TourGuide/TiagoTourGuide_ws/install/share/pal_behaviour_msgs/cmake/pal_behaviour_msgsConfig-version.cmake
-- Up-to-date: /home/james/TiaGo_TourGuide/TiagoTourGuide_ws/install/share/pal_behaviour_msgs/package.xml
