Warning: Cannot symlink from /home/james/test/TiaGo_TourGuide/TiagoTourGuide_ws/devel/.private/par_a3/share/par_a3/cmake/par_a3Config.cmake to existing file /home/james/test/TiaGo_TourGuide/TiagoTourGuide_ws/devel/share/par_a3/cmake/par_a3Config.cmake
Warning: Source hash: b5eb1db5c39b561520b1b639a64f05e3
Warning: Dest hash: 6833e336966b7547fe6a7f2ffa7ae8f1
Warning: Cannot symlink from /home/james/test/TiaGo_TourGuide/TiagoTourGuide_ws/devel/.private/par_a3/lib/pkgconfig/par_a3.pc to existing file /home/james/test/TiaGo_TourGuide/TiagoTourGuide_ws/devel/lib/pkgconfig/par_a3.pc
Warning: Source hash: f90abaab2ab8ee827bc99242887a9f10
Warning: Dest hash: 279c3002fc775b23fa84450bd5afdc5e
Warning: Cannot symlink from /home/james/test/TiaGo_TourGuide/TiagoTourGuide_ws/devel/.private/par_a3/lib/par_a3/cv_sub.py to existing file /home/james/test/TiaGo_TourGuide/TiagoTourGuide_ws/devel/lib/par_a3/cv_sub.py
Warning: Source hash: 273d0f7b146de871c66bf94636b6e9de
Warning: Dest hash: c4f24cab33ec3bb20281df7a8ce5f5bc
Warning: Cannot symlink from /home/james/test/TiaGo_TourGuide/TiagoTourGuide_ws/devel/.private/par_a3/lib/par_a3/head_controller.py to existing file /home/james/test/TiaGo_TourGuide/TiagoTourGuide_ws/devel/lib/par_a3/head_controller.py
Warning: Source hash: 6710a0b24b33095fa8ca74f433de66a5
Warning: Dest hash: e6791d6fd8d9b5f8f92a4cc2a9d0be15
Warning: Cannot symlink from /home/james/test/TiaGo_TourGuide/TiagoTourGuide_ws/devel/.private/par_a3/lib/par_a3/webcam_pub.py to existing file /home/james/test/TiaGo_TourGuide/TiagoTourGuide_ws/devel/lib/par_a3/webcam_pub.py
Warning: Source hash: 9f3ffe7a4d50d5698d4779d2139439ee
Warning: Dest hash: f578b76d2270f0034c503c34115a06d8
Warning: Cannot symlink from /home/james/test/TiaGo_TourGuide/TiagoTourGuide_ws/devel/.private/par_a3/lib/par_a3/depth_to_laserscan.py to existing file /home/james/test/TiaGo_TourGuide/TiagoTourGuide_ws/devel/lib/par_a3/depth_to_laserscan.py
Warning: Source hash: 009b452a3d75e9fb0527090f3866443e
Warning: Dest hash: d33308f4a8391b64e96118e6e6aef077
Warning: Cannot symlink from /home/james/test/TiaGo_TourGuide/TiagoTourGuide_ws/devel/.private/par_a3/lib/par_a3/move_amcl.py to existing file /home/james/test/TiaGo_TourGuide/TiagoTourGuide_ws/devel/lib/par_a3/move_amcl.py
Warning: Source hash: 3755c0c5b27fe8fccfc7f8dbb822a7da
Warning: Dest hash: 1dc14018e90f13cbfea21f26026586a2
Warning: Cannot symlink from /home/james/test/TiaGo_TourGuide/TiagoTourGuide_ws/devel/.private/par_a3/lib/par_a3/audio.py to existing file /home/james/test/TiaGo_TourGuide/TiagoTourGuide_ws/devel/lib/par_a3/audio.py
Warning: Source hash: 5ce3a433e4e4e708b800036425a09c4f
Warning: Dest hash: 3a2a966914d67db23394314f3485a976
