[  0%] Built target _pal_motion_model_msgs_generate_messages_check_deps_MotionModelMap
[  0%] Built target _pal_motion_model_msgs_generate_messages_check_deps_GetMotionMap
[  0%] Built target _pal_motion_model_msgs_generate_messages_check_deps_MotionModel
[  0%] Built target nav_msgs_generate_messages_nodejs
[  0%] Built target std_msgs_generate_messages_nodejs
[  0%] Built target _pal_motion_model_msgs_generate_messages_check_deps_MotionModelList
[ 17%] Built target pal_motion_model_msgs_generate_messages_nodejs
[ 17%] Built target nav_msgs_generate_messages_py
[ 17%] Built target std_msgs_generate_messages_py
[ 43%] Built target pal_motion_model_msgs_generate_messages_py
[ 43%] Built target nav_msgs_generate_messages_cpp
[ 43%] Built target std_msgs_generate_messages_cpp
[ 60%] Built target pal_motion_model_msgs_generate_messages_cpp
[ 60%] Built target std_msgs_generate_messages_eus
[ 60%] Built target nav_msgs_generate_messages_eus
[ 82%] Built target pal_motion_model_msgs_generate_messages_eus
[ 82%] Built target nav_msgs_generate_messages_lisp
[ 82%] Built target std_msgs_generate_messages_lisp
[100%] Built target pal_motion_model_msgs_generate_messages_lisp
[100%] Built target pal_motion_model_msgs_generate_messages
[36mInstall the project...[0m
-- Install configuration: ""
-- Up-to-date: /home/james/TiaGo_TourGuide/TiagoTourGuide_ws/install/_setup_util.py
-- Up-to-date: /home/james/TiaGo_TourGuide/TiagoTourGuide_ws/install/env.sh
-- Up-to-date: /home/james/TiaGo_TourGuide/TiagoTourGuide_ws/install/setup.bash
-- Up-to-date: /home/james/TiaGo_TourGuide/TiagoTourGuide_ws/install/local_setup.bash
-- Up-to-date: /home/james/TiaGo_TourGuide/TiagoTourGuide_ws/install/setup.sh
-- Up-to-date: /home/james/TiaGo_TourGuide/TiagoTourGuide_ws/install/local_setup.sh
-- Up-to-date: /home/james/TiaGo_TourGuide/TiagoTourGuide_ws/install/setup.zsh
-- Up-to-date: /home/james/TiaGo_TourGuide/TiagoTourGuide_ws/install/local_setup.zsh
-- Up-to-date: /home/james/TiaGo_TourGuide/TiagoTourGuide_ws/install/.rosinstall
-- Installing: /home/james/TiaGo_TourGuide/TiagoTourGuide_ws/install/share/pal_motion_model_msgs/msg/MotionModelList.msg
-- Installing: /home/james/TiaGo_TourGuide/TiagoTourGuide_ws/install/share/pal_motion_model_msgs/msg/MotionModelMap.msg
-- Installing: /home/james/TiaGo_TourGuide/TiagoTourGuide_ws/install/share/pal_motion_model_msgs/msg/MotionModel.msg
-- Installing: /home/james/TiaGo_TourGuide/TiagoTourGuide_ws/install/share/pal_motion_model_msgs/srv/GetMotionMap.srv
-- Installing: /home/james/TiaGo_TourGuide/TiagoTourGuide_ws/install/share/pal_motion_model_msgs/cmake/pal_motion_model_msgs-msg-paths.cmake
-- Installing: /home/james/TiaGo_TourGuide/TiagoTourGuide_ws/install/include/pal_motion_model_msgs
-- Installing: /home/james/TiaGo_TourGuide/TiagoTourGuide_ws/install/include/pal_motion_model_msgs/MotionModelList.h
-- Installing: /home/james/TiaGo_TourGuide/TiagoTourGuide_ws/install/include/pal_motion_model_msgs/GetMotionMap.h
-- Installing: /home/james/TiaGo_TourGuide/TiagoTourGuide_ws/install/include/pal_motion_model_msgs/MotionModel.h
-- Installing: /home/james/TiaGo_TourGuide/TiagoTourGuide_ws/install/include/pal_motion_model_msgs/GetMotionMapRequest.h
-- Installing: /home/james/TiaGo_TourGuide/TiagoTourGuide_ws/install/include/pal_motion_model_msgs/MotionModelMap.h
-- Installing: /home/james/TiaGo_TourGuide/TiagoTourGuide_ws/install/include/pal_motion_model_msgs/GetMotionMapResponse.h
-- Installing: /home/james/TiaGo_TourGuide/TiagoTourGuide_ws/install/share/roseus/ros/pal_motion_model_msgs
-- Installing: /home/james/TiaGo_TourGuide/TiagoTourGuide_ws/install/share/roseus/ros/pal_motion_model_msgs/manifest.l
-- Installing: /home/james/TiaGo_TourGuide/TiagoTourGuide_ws/install/share/roseus/ros/pal_motion_model_msgs/msg
-- Installing: /home/james/TiaGo_TourGuide/TiagoTourGuide_ws/install/share/roseus/ros/pal_motion_model_msgs/msg/MotionModelList.l
-- Installing: /home/james/TiaGo_TourGuide/TiagoTourGuide_ws/install/share/roseus/ros/pal_motion_model_msgs/msg/MotionModelMap.l
-- Installing: /home/james/TiaGo_TourGuide/TiagoTourGuide_ws/install/share/roseus/ros/pal_motion_model_msgs/msg/MotionModel.l
-- Installing: /home/james/TiaGo_TourGuide/TiagoTourGuide_ws/install/share/roseus/ros/pal_motion_model_msgs/srv
-- Installing: /home/james/TiaGo_TourGuide/TiagoTourGuide_ws/install/share/roseus/ros/pal_motion_model_msgs/srv/GetMotionMap.l
-- Installing: /home/james/TiaGo_TourGuide/TiagoTourGuide_ws/install/share/common-lisp/ros/pal_motion_model_msgs
-- Installing: /home/james/TiaGo_TourGuide/TiagoTourGuide_ws/install/share/common-lisp/ros/pal_motion_model_msgs/msg
-- Installing: /home/james/TiaGo_TourGuide/TiagoTourGuide_ws/install/share/common-lisp/ros/pal_motion_model_msgs/msg/pal_motion_model_msgs-msg.asd
-- Installing: /home/james/TiaGo_TourGuide/TiagoTourGuide_ws/install/share/common-lisp/ros/pal_motion_model_msgs/msg/_package_MotionModelMap.lisp
-- Installing: /home/james/TiaGo_TourGuide/TiagoTourGuide_ws/install/share/common-lisp/ros/pal_motion_model_msgs/msg/_package_MotionModel.lisp
-- Installing: /home/james/TiaGo_TourGuide/TiagoTourGuide_ws/install/share/common-lisp/ros/pal_motion_model_msgs/msg/MotionModelList.lisp
-- Installing: /home/james/TiaGo_TourGuide/TiagoTourGuide_ws/install/share/common-lisp/ros/pal_motion_model_msgs/msg/_package.lisp
-- Installing: /home/james/TiaGo_TourGuide/TiagoTourGuide_ws/install/share/common-lisp/ros/pal_motion_model_msgs/msg/MotionModelMap.lisp
-- Installing: /home/james/TiaGo_TourGuide/TiagoTourGuide_ws/install/share/common-lisp/ros/pal_motion_model_msgs/msg/_package_MotionModelList.lisp
-- Installing: /home/james/TiaGo_TourGuide/TiagoTourGuide_ws/install/share/common-lisp/ros/pal_motion_model_msgs/msg/MotionModel.lisp
-- Installing: /home/james/TiaGo_TourGuide/TiagoTourGuide_ws/install/share/common-lisp/ros/pal_motion_model_msgs/srv
-- Installing: /home/james/TiaGo_TourGuide/TiagoTourGuide_ws/install/share/common-lisp/ros/pal_motion_model_msgs/srv/_package.lisp
-- Installing: /home/james/TiaGo_TourGuide/TiagoTourGuide_ws/install/share/common-lisp/ros/pal_motion_model_msgs/srv/_package_GetMotionMap.lisp
-- Installing: /home/james/TiaGo_TourGuide/TiagoTourGuide_ws/install/share/common-lisp/ros/pal_motion_model_msgs/srv/GetMotionMap.lisp
-- Installing: /home/james/TiaGo_TourGuide/TiagoTourGuide_ws/install/share/common-lisp/ros/pal_motion_model_msgs/srv/pal_motion_model_msgs-srv.asd
-- Installing: /home/james/TiaGo_TourGuide/TiagoTourGuide_ws/install/share/gennodejs/ros/pal_motion_model_msgs
-- Installing: /home/james/TiaGo_TourGuide/TiagoTourGuide_ws/install/share/gennodejs/ros/pal_motion_model_msgs/_index.js
-- Installing: /home/james/TiaGo_TourGuide/TiagoTourGuide_ws/install/share/gennodejs/ros/pal_motion_model_msgs/msg
-- Installing: /home/james/TiaGo_TourGuide/TiagoTourGuide_ws/install/share/gennodejs/ros/pal_motion_model_msgs/msg/MotionModel.js
-- Installing: /home/james/TiaGo_TourGuide/TiagoTourGuide_ws/install/share/gennodejs/ros/pal_motion_model_msgs/msg/MotionModelList.js
-- Installing: /home/james/TiaGo_TourGuide/TiagoTourGuide_ws/install/share/gennodejs/ros/pal_motion_model_msgs/msg/MotionModelMap.js
-- Installing: /home/james/TiaGo_TourGuide/TiagoTourGuide_ws/install/share/gennodejs/ros/pal_motion_model_msgs/msg/_index.js
-- Installing: /home/james/TiaGo_TourGuide/TiagoTourGuide_ws/install/share/gennodejs/ros/pal_motion_model_msgs/srv
-- Installing: /home/james/TiaGo_TourGuide/TiagoTourGuide_ws/install/share/gennodejs/ros/pal_motion_model_msgs/srv/_index.js
-- Installing: /home/james/TiaGo_TourGuide/TiagoTourGuide_ws/install/share/gennodejs/ros/pal_motion_model_msgs/srv/GetMotionMap.js
Listing '/home/james/TiaGo_TourGuide/TiagoTourGuide_ws/devel/.private/pal_motion_model_msgs/lib/python3/dist-packages/pal_motion_model_msgs'...
Compiling '/home/james/TiaGo_TourGuide/TiagoTourGuide_ws/devel/.private/pal_motion_model_msgs/lib/python3/dist-packages/pal_motion_model_msgs/__init__.py'...
Listing '/home/james/TiaGo_TourGuide/TiagoTourGuide_ws/devel/.private/pal_motion_model_msgs/lib/python3/dist-packages/pal_motion_model_msgs/msg'...
Compiling '/home/james/TiaGo_TourGuide/TiagoTourGuide_ws/devel/.private/pal_motion_model_msgs/lib/python3/dist-packages/pal_motion_model_msgs/msg/_MotionModel.py'...
Compiling '/home/james/TiaGo_TourGuide/TiagoTourGuide_ws/devel/.private/pal_motion_model_msgs/lib/python3/dist-packages/pal_motion_model_msgs/msg/_MotionModelList.py'...
Compiling '/home/james/TiaGo_TourGuide/TiagoTourGuide_ws/devel/.private/pal_motion_model_msgs/lib/python3/dist-packages/pal_motion_model_msgs/msg/_MotionModelMap.py'...
Compiling '/home/james/TiaGo_TourGuide/TiagoTourGuide_ws/devel/.private/pal_motion_model_msgs/lib/python3/dist-packages/pal_motion_model_msgs/msg/__init__.py'...
Listing '/home/james/TiaGo_TourGuide/TiagoTourGuide_ws/devel/.private/pal_motion_model_msgs/lib/python3/dist-packages/pal_motion_model_msgs/srv'...
Compiling '/home/james/TiaGo_TourGuide/TiagoTourGuide_ws/devel/.private/pal_motion_model_msgs/lib/python3/dist-packages/pal_motion_model_msgs/srv/_GetMotionMap.py'...
Compiling '/home/james/TiaGo_TourGuide/TiagoTourGuide_ws/devel/.private/pal_motion_model_msgs/lib/python3/dist-packages/pal_motion_model_msgs/srv/__init__.py'...
-- Installing: /home/james/TiaGo_TourGuide/TiagoTourGuide_ws/install/lib/python3/dist-packages/pal_motion_model_msgs
-- Installing: /home/james/TiaGo_TourGuide/TiagoTourGuide_ws/install/lib/python3/dist-packages/pal_motion_model_msgs/__pycache__
-- Installing: /home/james/TiaGo_TourGuide/TiagoTourGuide_ws/install/lib/python3/dist-packages/pal_motion_model_msgs/__pycache__/__init__.cpython-38.pyc
-- Installing: /home/james/TiaGo_TourGuide/TiagoTourGuide_ws/install/lib/python3/dist-packages/pal_motion_model_msgs/__init__.py
-- Installing: /home/james/TiaGo_TourGuide/TiagoTourGuide_ws/install/lib/python3/dist-packages/pal_motion_model_msgs/msg
-- Installing: /home/james/TiaGo_TourGuide/TiagoTourGuide_ws/install/lib/python3/dist-packages/pal_motion_model_msgs/msg/_MotionModel.py
-- Installing: /home/james/TiaGo_TourGuide/TiagoTourGuide_ws/install/lib/python3/dist-packages/pal_motion_model_msgs/msg/_MotionModelMap.py
-- Installing: /home/james/TiaGo_TourGuide/TiagoTourGuide_ws/install/lib/python3/dist-packages/pal_motion_model_msgs/msg/__pycache__
-- Installing: /home/james/TiaGo_TourGuide/TiagoTourGuide_ws/install/lib/python3/dist-packages/pal_motion_model_msgs/msg/__pycache__/_MotionModelList.cpython-38.pyc
-- Installing: /home/james/TiaGo_TourGuide/TiagoTourGuide_ws/install/lib/python3/dist-packages/pal_motion_model_msgs/msg/__pycache__/_MotionModelMap.cpython-38.pyc
-- Installing: /home/james/TiaGo_TourGuide/TiagoTourGuide_ws/install/lib/python3/dist-packages/pal_motion_model_msgs/msg/__pycache__/__init__.cpython-38.pyc
-- Installing: /home/james/TiaGo_TourGuide/TiagoTourGuide_ws/install/lib/python3/dist-packages/pal_motion_model_msgs/msg/__pycache__/_MotionModel.cpython-38.pyc
-- Installing: /home/james/TiaGo_TourGuide/TiagoTourGuide_ws/install/lib/python3/dist-packages/pal_motion_model_msgs/msg/__init__.py
-- Installing: /home/james/TiaGo_TourGuide/TiagoTourGuide_ws/install/lib/python3/dist-packages/pal_motion_model_msgs/msg/_MotionModelList.py
-- Installing: /home/james/TiaGo_TourGuide/TiagoTourGuide_ws/install/lib/python3/dist-packages/pal_motion_model_msgs/srv
-- Installing: /home/james/TiaGo_TourGuide/TiagoTourGuide_ws/install/lib/python3/dist-packages/pal_motion_model_msgs/srv/_GetMotionMap.py
-- Installing: /home/james/TiaGo_TourGuide/TiagoTourGuide_ws/install/lib/python3/dist-packages/pal_motion_model_msgs/srv/__pycache__
-- Installing: /home/james/TiaGo_TourGuide/TiagoTourGuide_ws/install/lib/python3/dist-packages/pal_motion_model_msgs/srv/__pycache__/__init__.cpython-38.pyc
-- Installing: /home/james/TiaGo_TourGuide/TiagoTourGuide_ws/install/lib/python3/dist-packages/pal_motion_model_msgs/srv/__pycache__/_GetMotionMap.cpython-38.pyc
-- Installing: /home/james/TiaGo_TourGuide/TiagoTourGuide_ws/install/lib/python3/dist-packages/pal_motion_model_msgs/srv/__init__.py
-- Installing: /home/james/TiaGo_TourGuide/TiagoTourGuide_ws/install/lib/pkgconfig/pal_motion_model_msgs.pc
-- Installing: /home/james/TiaGo_TourGuide/TiagoTourGuide_ws/install/share/pal_motion_model_msgs/cmake/pal_motion_model_msgs-msg-extras.cmake
-- Installing: /home/james/TiaGo_TourGuide/TiagoTourGuide_ws/install/share/pal_motion_model_msgs/cmake/pal_motion_model_msgsConfig.cmake
-- Installing: /home/james/TiaGo_TourGuide/TiagoTourGuide_ws/install/share/pal_motion_model_msgs/cmake/pal_motion_model_msgsConfig-version.cmake
-- Installing: /home/james/TiaGo_TourGuide/TiagoTourGuide_ws/install/share/pal_motion_model_msgs/package.xml
