[  0%] Built target _pal_motion_model_msgs_generate_messages_check_deps_MotionModelMap
[  0%] Built target _pal_motion_model_msgs_generate_messages_check_deps_GetMotionMap
[  0%] Built target nav_msgs_generate_messages_nodejs
[  0%] Built target _pal_motion_model_msgs_generate_messages_check_deps_MotionModel
[  0%] Built target std_msgs_generate_messages_nodejs
[  0%] Built target _pal_motion_model_msgs_generate_messages_check_deps_MotionModelList
[  0%] Built target nav_msgs_generate_messages_py
[  0%] Built target std_msgs_generate_messages_py
[  0%] Built target nav_msgs_generate_messages_cpp
[  0%] Built target std_msgs_generate_messages_cpp
[  0%] Built target std_msgs_generate_messages_eus
[  0%] Built target nav_msgs_generate_messages_eus
[  0%] Built target std_msgs_generate_messages_lisp
[  0%] Built target nav_msgs_generate_messages_lisp
[ 17%] Built target pal_motion_model_msgs_generate_messages_nodejs
[ 43%] Built target pal_motion_model_msgs_generate_messages_py
[ 60%] Built target pal_motion_model_msgs_generate_messages_cpp
[ 82%] Built target pal_motion_model_msgs_generate_messages_eus
[100%] Built target pal_motion_model_msgs_generate_messages_lisp
[100%] Built target pal_motion_model_msgs_generate_messages
