[  0%] Built target _pal_device_msgs_generate_messages_check_deps_LedEffectViaTopicParams
[  0%] Built target _pal_device_msgs_generate_messages_check_deps_TimedBlinkEffect
[  0%] Built target _pal_device_msgs_generate_messages_check_deps_LedFlowParams
[  0%] Built target _pal_device_msgs_generate_messages_check_deps_LedPreProgrammedParams
[  0%] Built target _pal_device_msgs_generate_messages_check_deps_DoTimedLedEffectActionResult
[  0%] Built target _pal_device_msgs_generate_messages_check_deps_LedEffectParams
[  0%] Built target _pal_device_msgs_generate_messages_check_deps_ShutdownAndWakeUpRobot
[  0%] Built target _pal_device_msgs_generate_messages_check_deps_CancelEffect
[  0%] Built target _pal_device_msgs_generate_messages_check_deps_DoTimedLedEffectFeedback
[  0%] Built target _pal_device_msgs_generate_messages_check_deps_DoTimedLedEffectResult
[  0%] Built target _pal_device_msgs_generate_messages_check_deps_DoTimedLedEffectActionFeedback
[  0%] Built target _pal_device_msgs_generate_messages_check_deps_DoTimedLedEffectGoal
[  0%] Built target _pal_device_msgs_generate_messages_check_deps_DoTimedLedEffectActionGoal
[  0%] Built target std_msgs_generate_messages_py
[  0%] Built target _pal_device_msgs_generate_messages_check_deps_Bumper
[  0%] Built target _pal_device_msgs_generate_messages_check_deps_DoTimedLedEffectAction
[  0%] Built target _pal_device_msgs_generate_messages_check_deps_LedFixedColorParams
[  0%] Built target actionlib_msgs_generate_messages_py
[  0%] Built target _pal_device_msgs_generate_messages_check_deps_BatteryState
[  0%] Built target _pal_device_msgs_generate_messages_check_deps_LedGroup
[  0%] Built target _pal_device_msgs_generate_messages_check_deps_LedRainbowParams
[  0%] Built target _pal_device_msgs_generate_messages_check_deps_TimedColourEffect
[  0%] Built target _pal_device_msgs_generate_messages_check_deps_LedDataArrayParams
[  0%] Built target _pal_device_msgs_generate_messages_check_deps_LedFadeParams
[  0%] Built target _pal_device_msgs_generate_messages_check_deps_TimedFadeEffect
[  0%] Built target _pal_device_msgs_generate_messages_check_deps_LedProgressParams
[  0%] Built target _pal_device_msgs_generate_messages_check_deps_LedBlinkParams
[  0%] Built target std_msgs_generate_messages_cpp
[  0%] Built target actionlib_msgs_generate_messages_cpp
[  0%] Built target std_msgs_generate_messages_lisp
[  0%] Built target actionlib_msgs_generate_messages_lisp
[  0%] Built target actionlib_msgs_generate_messages_eus
[  0%] Built target std_msgs_generate_messages_eus
[  0%] Built target actionlib_msgs_generate_messages_nodejs
[  0%] Built target std_msgs_generate_messages_nodejs
[ 21%] Built target pal_device_msgs_generate_messages_py
[ 41%] Built target pal_device_msgs_generate_messages_cpp
[ 60%] Built target pal_device_msgs_generate_messages_lisp
[ 80%] Built target pal_device_msgs_generate_messages_eus
[100%] Built target pal_device_msgs_generate_messages_nodejs
[100%] Built target pal_device_msgs_generate_messages
