[35m[1mScanning dependencies of target _pal_device_msgs_generate_messages_check_deps_LedEffectViaTopicParams[0m
[  0%] Built target _pal_device_msgs_generate_messages_check_deps_LedEffectViaTopicParams
[35m[1mScanning dependencies of target _pal_device_msgs_generate_messages_check_deps_TimedBlinkEffect[0m
[  0%] Built target _pal_device_msgs_generate_messages_check_deps_TimedBlinkEffect
[35m[1mScanning dependencies of target _pal_device_msgs_generate_messages_check_deps_LedFlowParams[0m
[  0%] Built target _pal_device_msgs_generate_messages_check_deps_LedFlowParams
[35m[1mScanning dependencies of target _pal_device_msgs_generate_messages_check_deps_LedPreProgrammedParams[0m
[  0%] Built target _pal_device_msgs_generate_messages_check_deps_LedPreProgrammedParams
[35m[1mScanning dependencies of target _pal_device_msgs_generate_messages_check_deps_DoTimedLedEffectActionResult[0m
[  0%] Built target _pal_device_msgs_generate_messages_check_deps_DoTimedLedEffectActionResult
[35m[1mScanning dependencies of target _pal_device_msgs_generate_messages_check_deps_LedEffectParams[0m
[  0%] Built target _pal_device_msgs_generate_messages_check_deps_LedEffectParams
[35m[1mScanning dependencies of target _pal_device_msgs_generate_messages_check_deps_ShutdownAndWakeUpRobot[0m
[  0%] Built target _pal_device_msgs_generate_messages_check_deps_ShutdownAndWakeUpRobot
[35m[1mScanning dependencies of target _pal_device_msgs_generate_messages_check_deps_CancelEffect[0m
[  0%] Built target _pal_device_msgs_generate_messages_check_deps_CancelEffect
[35m[1mScanning dependencies of target _pal_device_msgs_generate_messages_check_deps_DoTimedLedEffectFeedback[0m
[  0%] Built target _pal_device_msgs_generate_messages_check_deps_DoTimedLedEffectFeedback
[35m[1mScanning dependencies of target _pal_device_msgs_generate_messages_check_deps_DoTimedLedEffectResult[0m
[  0%] Built target _pal_device_msgs_generate_messages_check_deps_DoTimedLedEffectResult
[35m[1mScanning dependencies of target _pal_device_msgs_generate_messages_check_deps_DoTimedLedEffectActionFeedback[0m
[  0%] Built target _pal_device_msgs_generate_messages_check_deps_DoTimedLedEffectActionFeedback
[35m[1mScanning dependencies of target _pal_device_msgs_generate_messages_check_deps_DoTimedLedEffectGoal[0m
[  0%] Built target _pal_device_msgs_generate_messages_check_deps_DoTimedLedEffectGoal
[35m[1mScanning dependencies of target _pal_device_msgs_generate_messages_check_deps_DoTimedLedEffectActionGoal[0m
[  0%] Built target _pal_device_msgs_generate_messages_check_deps_DoTimedLedEffectActionGoal
[35m[1mScanning dependencies of target std_msgs_generate_messages_py[0m
[  0%] Built target std_msgs_generate_messages_py
[35m[1mScanning dependencies of target _pal_device_msgs_generate_messages_check_deps_Bumper[0m
[  0%] Built target _pal_device_msgs_generate_messages_check_deps_Bumper
[35m[1mScanning dependencies of target _pal_device_msgs_generate_messages_check_deps_DoTimedLedEffectAction[0m
[  0%] Built target _pal_device_msgs_generate_messages_check_deps_DoTimedLedEffectAction
[35m[1mScanning dependencies of target _pal_device_msgs_generate_messages_check_deps_LedFixedColorParams[0m
[  0%] Built target _pal_device_msgs_generate_messages_check_deps_LedFixedColorParams
[35m[1mScanning dependencies of target actionlib_msgs_generate_messages_py[0m
[  0%] Built target actionlib_msgs_generate_messages_py
[35m[1mScanning dependencies of target _pal_device_msgs_generate_messages_check_deps_BatteryState[0m
[  0%] Built target _pal_device_msgs_generate_messages_check_deps_BatteryState
[35m[1mScanning dependencies of target _pal_device_msgs_generate_messages_check_deps_LedGroup[0m
[  0%] Built target _pal_device_msgs_generate_messages_check_deps_LedGroup
[35m[1mScanning dependencies of target _pal_device_msgs_generate_messages_check_deps_LedRainbowParams[0m
[  0%] Built target _pal_device_msgs_generate_messages_check_deps_LedRainbowParams
[35m[1mScanning dependencies of target _pal_device_msgs_generate_messages_check_deps_TimedColourEffect[0m
[  0%] Built target _pal_device_msgs_generate_messages_check_deps_TimedColourEffect
[35m[1mScanning dependencies of target _pal_device_msgs_generate_messages_check_deps_LedDataArrayParams[0m
[  0%] Built target _pal_device_msgs_generate_messages_check_deps_LedDataArrayParams
[35m[1mScanning dependencies of target _pal_device_msgs_generate_messages_check_deps_LedFadeParams[0m
[  0%] Built target _pal_device_msgs_generate_messages_check_deps_LedFadeParams
[35m[1mScanning dependencies of target _pal_device_msgs_generate_messages_check_deps_TimedFadeEffect[0m
[  0%] Built target _pal_device_msgs_generate_messages_check_deps_TimedFadeEffect
[35m[1mScanning dependencies of target _pal_device_msgs_generate_messages_check_deps_LedBlinkParams[0m
[  0%] Built target _pal_device_msgs_generate_messages_check_deps_LedBlinkParams
[35m[1mScanning dependencies of target _pal_device_msgs_generate_messages_check_deps_LedProgressParams[0m
[  0%] Built target _pal_device_msgs_generate_messages_check_deps_LedProgressParams
[35m[1mScanning dependencies of target std_msgs_generate_messages_cpp[0m
[  0%] Built target std_msgs_generate_messages_cpp
[35m[1mScanning dependencies of target actionlib_msgs_generate_messages_cpp[0m
[  0%] Built target actionlib_msgs_generate_messages_cpp
[35m[1mScanning dependencies of target std_msgs_generate_messages_lisp[0m
[  0%] Built target std_msgs_generate_messages_lisp
[35m[1mScanning dependencies of target actionlib_msgs_generate_messages_lisp[0m
[  0%] Built target actionlib_msgs_generate_messages_lisp
[35m[1mScanning dependencies of target actionlib_msgs_generate_messages_eus[0m
[  0%] Built target actionlib_msgs_generate_messages_eus
[35m[1mScanning dependencies of target std_msgs_generate_messages_eus[0m
[  0%] Built target std_msgs_generate_messages_eus
[35m[1mScanning dependencies of target std_msgs_generate_messages_nodejs[0m
[  0%] Built target std_msgs_generate_messages_nodejs
[35m[1mScanning dependencies of target actionlib_msgs_generate_messages_nodejs[0m
[  0%] Built target actionlib_msgs_generate_messages_nodejs
[35m[1mScanning dependencies of target pal_device_msgs_generate_messages_py[0m
[  0%] [34m[1mGenerating Python from MSG pal_device_msgs/BatteryState[0m
[  1%] [34m[1mGenerating Python from MSG pal_device_msgs/Bumper[0m
[  2%] [34m[1mGenerating Python from MSG pal_device_msgs/LedGroup[0m
[  3%] [34m[1mGenerating Python from MSG pal_device_msgs/LedEffectParams[0m
[  3%] [34m[1mGenerating Python from MSG pal_device_msgs/LedFixedColorParams[0m
[  4%] [34m[1mGenerating Python from MSG pal_device_msgs/LedRainbowParams[0m
[  5%] [34m[1mGenerating Python from MSG pal_device_msgs/LedFadeParams[0m
[  6%] [34m[1mGenerating Python from MSG pal_device_msgs/LedBlinkParams[0m
[  6%] [34m[1mGenerating Python from MSG pal_device_msgs/LedProgressParams[0m
[  7%] [34m[1mGenerating Python from MSG pal_device_msgs/LedFlowParams[0m
[  8%] [34m[1mGenerating Python from MSG pal_device_msgs/LedDataArrayParams[0m
[  8%] [34m[1mGenerating Python from MSG pal_device_msgs/LedEffectViaTopicParams[0m
[  9%] [34m[1mGenerating Python from MSG pal_device_msgs/LedPreProgrammedParams[0m
[ 10%] [34m[1mGenerating Python from MSG pal_device_msgs/DoTimedLedEffectAction[0m
[ 11%] [34m[1mGenerating Python from MSG pal_device_msgs/DoTimedLedEffectActionGoal[0m
[ 11%] [34m[1mGenerating Python from MSG pal_device_msgs/DoTimedLedEffectActionResult[0m
[ 12%] [34m[1mGenerating Python from MSG pal_device_msgs/DoTimedLedEffectActionFeedback[0m
[ 13%] [34m[1mGenerating Python from MSG pal_device_msgs/DoTimedLedEffectGoal[0m
[ 14%] [34m[1mGenerating Python from MSG pal_device_msgs/DoTimedLedEffectResult[0m
[ 14%] [34m[1mGenerating Python from MSG pal_device_msgs/DoTimedLedEffectFeedback[0m
[ 15%] [34m[1mGenerating Python code from SRV pal_device_msgs/CancelEffect[0m
[ 16%] [34m[1mGenerating Python code from SRV pal_device_msgs/ShutdownAndWakeUpRobot[0m
[ 17%] [34m[1mGenerating Python code from SRV pal_device_msgs/TimedBlinkEffect[0m
[ 17%] [34m[1mGenerating Python code from SRV pal_device_msgs/TimedColourEffect[0m
[ 18%] [34m[1mGenerating Python code from SRV pal_device_msgs/TimedFadeEffect[0m
[ 20%] [34m[1mGenerating Python msg __init__.py for pal_device_msgs[0m
[ 21%] [34m[1mGenerating Python srv __init__.py for pal_device_msgs[0m
[ 21%] Built target pal_device_msgs_generate_messages_py
[35m[1mScanning dependencies of target pal_device_msgs_generate_messages_cpp[0m
[ 22%] [34m[1mGenerating C++ code from pal_device_msgs/BatteryState.msg[0m
[ 23%] [34m[1mGenerating C++ code from pal_device_msgs/Bumper.msg[0m
[ 24%] [34m[1mGenerating C++ code from pal_device_msgs/LedGroup.msg[0m
[ 24%] [34m[1mGenerating C++ code from pal_device_msgs/LedEffectParams.msg[0m
[ 25%] [34m[1mGenerating C++ code from pal_device_msgs/LedFixedColorParams.msg[0m
[ 26%] [34m[1mGenerating C++ code from pal_device_msgs/LedRainbowParams.msg[0m
[ 27%] [34m[1mGenerating C++ code from pal_device_msgs/LedFadeParams.msg[0m
[35m[1mScanning dependencies of target pal_device_msgs_generate_messages_lisp[0m
[ 28%] [34m[1mGenerating Lisp code from pal_device_msgs/BatteryState.msg[0m
[ 28%] [34m[1mGenerating Lisp code from pal_device_msgs/Bumper.msg[0m
[ 28%] [34m[1mGenerating C++ code from pal_device_msgs/LedBlinkParams.msg[0m
[ 29%] [34m[1mGenerating Lisp code from pal_device_msgs/LedGroup.msg[0m
[ 30%] [34m[1mGenerating Lisp code from pal_device_msgs/LedEffectParams.msg[0m
[ 31%] [34m[1mGenerating Lisp code from pal_device_msgs/LedFixedColorParams.msg[0m
[ 31%] [34m[1mGenerating Lisp code from pal_device_msgs/LedRainbowParams.msg[0m
[ 32%] [34m[1mGenerating Lisp code from pal_device_msgs/LedFadeParams.msg[0m
[ 33%] [34m[1mGenerating C++ code from pal_device_msgs/LedProgressParams.msg[0m
[ 34%] [34m[1mGenerating Lisp code from pal_device_msgs/LedBlinkParams.msg[0m
[ 35%] [34m[1mGenerating Lisp code from pal_device_msgs/LedProgressParams.msg[0m
[ 36%] [34m[1mGenerating C++ code from pal_device_msgs/LedFlowParams.msg[0m
[ 36%] [34m[1mGenerating Lisp code from pal_device_msgs/LedFlowParams.msg[0m
[ 37%] [34m[1mGenerating Lisp code from pal_device_msgs/LedDataArrayParams.msg[0m
[ 37%] [34m[1mGenerating C++ code from pal_device_msgs/LedDataArrayParams.msg[0m
[ 38%] [34m[1mGenerating Lisp code from pal_device_msgs/LedEffectViaTopicParams.msg[0m
[ 38%] [34m[1mGenerating Lisp code from pal_device_msgs/LedPreProgrammedParams.msg[0m
[ 40%] [34m[1mGenerating Lisp code from pal_device_msgs/DoTimedLedEffectAction.msg[0m
[ 41%] [34m[1mGenerating C++ code from pal_device_msgs/LedEffectViaTopicParams.msg[0m
[ 42%] [34m[1mGenerating Lisp code from pal_device_msgs/DoTimedLedEffectActionGoal.msg[0m
[ 43%] [34m[1mGenerating Lisp code from pal_device_msgs/DoTimedLedEffectActionResult.msg[0m
[ 43%] [34m[1mGenerating Lisp code from pal_device_msgs/DoTimedLedEffectActionFeedback.msg[0m
[ 44%] [34m[1mGenerating C++ code from pal_device_msgs/LedPreProgrammedParams.msg[0m
[ 45%] [34m[1mGenerating Lisp code from pal_device_msgs/DoTimedLedEffectGoal.msg[0m
[ 46%] [34m[1mGenerating Lisp code from pal_device_msgs/DoTimedLedEffectResult.msg[0m
[ 47%] [34m[1mGenerating Lisp code from pal_device_msgs/DoTimedLedEffectFeedback.msg[0m
[ 48%] [34m[1mGenerating C++ code from pal_device_msgs/DoTimedLedEffectAction.msg[0m
[ 48%] [34m[1mGenerating Lisp code from pal_device_msgs/CancelEffect.srv[0m
[ 49%] [34m[1mGenerating Lisp code from pal_device_msgs/ShutdownAndWakeUpRobot.srv[0m
[ 50%] [34m[1mGenerating Lisp code from pal_device_msgs/TimedBlinkEffect.srv[0m
[ 50%] [34m[1mGenerating C++ code from pal_device_msgs/DoTimedLedEffectActionGoal.msg[0m
[ 51%] [34m[1mGenerating Lisp code from pal_device_msgs/TimedColourEffect.srv[0m
[ 51%] [34m[1mGenerating Lisp code from pal_device_msgs/TimedFadeEffect.srv[0m
[ 51%] Built target pal_device_msgs_generate_messages_lisp
[35m[1mScanning dependencies of target pal_device_msgs_generate_messages_eus[0m
[ 53%] [34m[1mGenerating C++ code from pal_device_msgs/DoTimedLedEffectActionResult.msg[0m
[ 53%] [34m[1mGenerating EusLisp code from pal_device_msgs/BatteryState.msg[0m
[ 53%] [34m[1mGenerating EusLisp code from pal_device_msgs/Bumper.msg[0m
[ 54%] [34m[1mGenerating C++ code from pal_device_msgs/DoTimedLedEffectActionFeedback.msg[0m
[ 55%] [34m[1mGenerating EusLisp code from pal_device_msgs/LedGroup.msg[0m
[ 56%] [34m[1mGenerating C++ code from pal_device_msgs/DoTimedLedEffectGoal.msg[0m
[ 57%] [34m[1mGenerating EusLisp code from pal_device_msgs/LedEffectParams.msg[0m
[ 57%] [34m[1mGenerating EusLisp code from pal_device_msgs/LedFixedColorParams.msg[0m
[ 57%] [34m[1mGenerating C++ code from pal_device_msgs/DoTimedLedEffectResult.msg[0m
[ 58%] [34m[1mGenerating EusLisp code from pal_device_msgs/LedRainbowParams.msg[0m
[ 60%] [34m[1mGenerating C++ code from pal_device_msgs/DoTimedLedEffectFeedback.msg[0m
[ 61%] [34m[1mGenerating EusLisp code from pal_device_msgs/LedFadeParams.msg[0m
[ 62%] [34m[1mGenerating EusLisp code from pal_device_msgs/LedBlinkParams.msg[0m
[ 62%] [34m[1mGenerating EusLisp code from pal_device_msgs/LedProgressParams.msg[0m
[ 63%] [34m[1mGenerating C++ code from pal_device_msgs/CancelEffect.srv[0m
[ 64%] [34m[1mGenerating EusLisp code from pal_device_msgs/LedFlowParams.msg[0m
[ 65%] [34m[1mGenerating EusLisp code from pal_device_msgs/LedDataArrayParams.msg[0m
[ 66%] [34m[1mGenerating C++ code from pal_device_msgs/ShutdownAndWakeUpRobot.srv[0m
[ 67%] [34m[1mGenerating EusLisp code from pal_device_msgs/LedEffectViaTopicParams.msg[0m
[ 67%] [34m[1mGenerating EusLisp code from pal_device_msgs/LedPreProgrammedParams.msg[0m
[ 67%] [34m[1mGenerating C++ code from pal_device_msgs/TimedBlinkEffect.srv[0m
[ 68%] [34m[1mGenerating C++ code from pal_device_msgs/TimedColourEffect.srv[0m
[ 69%] [34m[1mGenerating EusLisp code from pal_device_msgs/DoTimedLedEffectAction.msg[0m
[ 70%] [34m[1mGenerating EusLisp code from pal_device_msgs/DoTimedLedEffectActionGoal.msg[0m
[ 71%] [34m[1mGenerating EusLisp code from pal_device_msgs/DoTimedLedEffectActionResult.msg[0m
[ 71%] [34m[1mGenerating EusLisp code from pal_device_msgs/DoTimedLedEffectActionFeedback.msg[0m
[ 72%] [34m[1mGenerating EusLisp code from pal_device_msgs/DoTimedLedEffectGoal.msg[0m
[ 73%] [34m[1mGenerating C++ code from pal_device_msgs/TimedFadeEffect.srv[0m
[ 74%] [34m[1mGenerating EusLisp code from pal_device_msgs/DoTimedLedEffectResult.msg[0m
[ 74%] [34m[1mGenerating EusLisp code from pal_device_msgs/DoTimedLedEffectFeedback.msg[0m
[ 75%] [34m[1mGenerating EusLisp code from pal_device_msgs/CancelEffect.srv[0m
[ 76%] [34m[1mGenerating EusLisp code from pal_device_msgs/ShutdownAndWakeUpRobot.srv[0m
[ 77%] [34m[1mGenerating EusLisp code from pal_device_msgs/TimedBlinkEffect.srv[0m
[ 77%] Built target pal_device_msgs_generate_messages_cpp
[35m[1mScanning dependencies of target pal_device_msgs_generate_messages_nodejs[0m
[ 78%] [34m[1mGenerating Javascript code from pal_device_msgs/BatteryState.msg[0m
[ 78%] [34m[1mGenerating EusLisp code from pal_device_msgs/TimedColourEffect.srv[0m
[ 80%] [34m[1mGenerating Javascript code from pal_device_msgs/Bumper.msg[0m
[ 81%] [34m[1mGenerating EusLisp code from pal_device_msgs/TimedFadeEffect.srv[0m
[ 81%] [34m[1mGenerating Javascript code from pal_device_msgs/LedGroup.msg[0m
[ 82%] [34m[1mGenerating Javascript code from pal_device_msgs/LedEffectParams.msg[0m
[ 83%] [34m[1mGenerating EusLisp manifest code for pal_device_msgs[0m
[ 84%] [34m[1mGenerating Javascript code from pal_device_msgs/LedFixedColorParams.msg[0m
[ 85%] [34m[1mGenerating Javascript code from pal_device_msgs/LedRainbowParams.msg[0m
[ 85%] [34m[1mGenerating Javascript code from pal_device_msgs/LedFadeParams.msg[0m
WARNING: Package name "TiagoTourGuide" does not follow the naming conventions. It should start with a lower case letter and only contain lower case letters, digits, underscores, and dashes.
WARNING: Package name "TiagoTourGuide" does not follow the naming conventions. It should start with a lower case letter and only contain lower case letters, digits, underscores, and dashes.
[ 86%] [34m[1mGenerating Javascript code from pal_device_msgs/LedBlinkParams.msg[0m
[ 87%] [34m[1mGenerating Javascript code from pal_device_msgs/LedProgressParams.msg[0m
[ 88%] [34m[1mGenerating Javascript code from pal_device_msgs/LedFlowParams.msg[0m
[ 88%] [34m[1mGenerating Javascript code from pal_device_msgs/LedDataArrayParams.msg[0m
[ 89%] [34m[1mGenerating Javascript code from pal_device_msgs/LedEffectViaTopicParams.msg[0m
WARNING: Package name "TiagoTourGuide" does not follow the naming conventions. It should start with a lower case letter and only contain lower case letters, digits, underscores, and dashes.
WARNING: Package name "TiagoTourGuide" does not follow the naming conventions. It should start with a lower case letter and only contain lower case letters, digits, underscores, and dashes.
[ 90%] [34m[1mGenerating Javascript code from pal_device_msgs/LedPreProgrammedParams.msg[0m
[ 91%] [34m[1mGenerating Javascript code from pal_device_msgs/DoTimedLedEffectAction.msg[0m
[ 91%] [34m[1mGenerating Javascript code from pal_device_msgs/DoTimedLedEffectActionGoal.msg[0m
[ 92%] [34m[1mGenerating Javascript code from pal_device_msgs/DoTimedLedEffectActionResult.msg[0m
[ 92%] Built target pal_device_msgs_generate_messages_eus
[ 93%] [34m[1mGenerating Javascript code from pal_device_msgs/DoTimedLedEffectActionFeedback.msg[0m
[ 94%] [34m[1mGenerating Javascript code from pal_device_msgs/DoTimedLedEffectGoal.msg[0m
[ 94%] [34m[1mGenerating Javascript code from pal_device_msgs/DoTimedLedEffectResult.msg[0m
[ 95%] [34m[1mGenerating Javascript code from pal_device_msgs/DoTimedLedEffectFeedback.msg[0m
[ 96%] [34m[1mGenerating Javascript code from pal_device_msgs/CancelEffect.srv[0m
[ 96%] [34m[1mGenerating Javascript code from pal_device_msgs/ShutdownAndWakeUpRobot.srv[0m
[ 97%] [34m[1mGenerating Javascript code from pal_device_msgs/TimedBlinkEffect.srv[0m
[ 98%] [34m[1mGenerating Javascript code from pal_device_msgs/TimedColourEffect.srv[0m
[100%] [34m[1mGenerating Javascript code from pal_device_msgs/TimedFadeEffect.srv[0m
[100%] Built target pal_device_msgs_generate_messages_nodejs
[35m[1mScanning dependencies of target pal_device_msgs_generate_messages[0m
[100%] Built target pal_device_msgs_generate_messages
