[  0%] Built target tf2_msgs_generate_messages_lisp
[  0%] Built target actionlib_msgs_generate_messages_py
[  0%] Built target std_msgs_generate_messages_py
[  0%] Built target std_msgs_generate_messages_cpp
[  0%] Built target tf2_msgs_generate_messages_cpp
[  0%] Built target geometry_msgs_generate_messages_cpp
[  0%] Built target tf2_msgs_generate_messages_py
[  0%] Built target _catkin_empty_exported_target
[  0%] Built target actionlib_msgs_generate_messages_lisp
[  0%] Built target actionlib_msgs_generate_messages_nodejs
[  0%] Built target actionlib_msgs_generate_messages_eus
[  0%] Built target tf2_msgs_generate_messages_nodejs
[  0%] Built target tf2_msgs_generate_messages_eus
[  0%] Built target geometry_msgs_generate_messages_py
[  0%] Built target geometry_msgs_generate_messages_eus
[  0%] Built target std_msgs_generate_messages_nodejs
[  0%] Built target std_msgs_generate_messages_lisp
[  0%] Built target actionlib_msgs_generate_messages_cpp
[  0%] Built target std_msgs_generate_messages_eus
[  0%] Built target geometry_msgs_generate_messages_lisp
[  0%] Built target geometry_msgs_generate_messages_nodejs
[100%] Built target tf2_py
[36mInstall the project...[0m
-- Install configuration: ""
-- Up-to-date: /TiaGo_TourGuide/TiagoTourGuide_ws/install/_setup_util.py
-- Up-to-date: /TiaGo_TourGuide/TiagoTourGuide_ws/install/env.sh
-- Up-to-date: /TiaGo_TourGuide/TiagoTourGuide_ws/install/setup.bash
-- Up-to-date: /TiaGo_TourGuide/TiagoTourGuide_ws/install/local_setup.bash
-- Up-to-date: /TiaGo_TourGuide/TiagoTourGuide_ws/install/setup.sh
-- Up-to-date: /TiaGo_TourGuide/TiagoTourGuide_ws/install/local_setup.sh
-- Up-to-date: /TiaGo_TourGuide/TiagoTourGuide_ws/install/setup.zsh
-- Up-to-date: /TiaGo_TourGuide/TiagoTourGuide_ws/install/local_setup.zsh
-- Up-to-date: /TiaGo_TourGuide/TiagoTourGuide_ws/install/.rosinstall
+ cd /TiaGo_TourGuide/TiagoTourGuide_ws/src/geometry2-noetic-devel/tf2_py
+ mkdir -p /TiaGo_TourGuide/TiagoTourGuide_ws/install/lib/python3/dist-packages
+ /usr/bin/env PYTHONPATH=/TiaGo_TourGuide/TiagoTourGuide_ws/install/lib/python3/dist-packages:/TiaGo_TourGuide/TiagoTourGuide_ws/build/tf2_py/lib/python3/dist-packages:/TiaGo_TourGuide/TiagoTourGuide_ws/install/lib/python3/dist-packages:/TiaGo_TourGuide/TiagoTourGuide_ws/devel/lib/python3/dist-packages:/opt/ros/noetic/lib/python3/dist-packages CATKIN_BINARY_DIR=/TiaGo_TourGuide/TiagoTourGuide_ws/build/tf2_py /usr/bin/python3 /TiaGo_TourGuide/TiagoTourGuide_ws/src/geometry2-noetic-devel/tf2_py/setup.py egg_info --egg-base /TiaGo_TourGuide/TiagoTourGuide_ws/build/tf2_py build --build-base /TiaGo_TourGuide/TiagoTourGuide_ws/build/tf2_py install --root=/ --install-layout=deb --prefix=/TiaGo_TourGuide/TiagoTourGuide_ws/install --install-scripts=/TiaGo_TourGuide/TiagoTourGuide_ws/install/bin
running egg_info
creating /TiaGo_TourGuide/TiagoTourGuide_ws/build/tf2_py/tf2_py.egg-info
writing /TiaGo_TourGuide/TiagoTourGuide_ws/build/tf2_py/tf2_py.egg-info/PKG-INFO
writing dependency_links to /TiaGo_TourGuide/TiagoTourGuide_ws/build/tf2_py/tf2_py.egg-info/dependency_links.txt
writing top-level names to /TiaGo_TourGuide/TiagoTourGuide_ws/build/tf2_py/tf2_py.egg-info/top_level.txt
writing manifest file '/TiaGo_TourGuide/TiagoTourGuide_ws/build/tf2_py/tf2_py.egg-info/SOURCES.txt'
reading manifest file '/TiaGo_TourGuide/TiagoTourGuide_ws/build/tf2_py/tf2_py.egg-info/SOURCES.txt'
writing manifest file '/TiaGo_TourGuide/TiagoTourGuide_ws/build/tf2_py/tf2_py.egg-info/SOURCES.txt'
running build
running build_py
creating /TiaGo_TourGuide/TiagoTourGuide_ws/build/tf2_py/lib
creating /TiaGo_TourGuide/TiagoTourGuide_ws/build/tf2_py/lib/tf2_py
copying src/tf2_py/__init__.py -> /TiaGo_TourGuide/TiagoTourGuide_ws/build/tf2_py/lib/tf2_py
running install
running install_lib
creating /TiaGo_TourGuide/TiagoTourGuide_ws/install/lib/python3/dist-packages/tf2_py
copying /TiaGo_TourGuide/TiagoTourGuide_ws/build/tf2_py/lib/tf2_py/__init__.py -> /TiaGo_TourGuide/TiagoTourGuide_ws/install/lib/python3/dist-packages/tf2_py
byte-compiling /TiaGo_TourGuide/TiagoTourGuide_ws/install/lib/python3/dist-packages/tf2_py/__init__.py to __init__.cpython-38.pyc
running install_egg_info
Copying /TiaGo_TourGuide/TiagoTourGuide_ws/build/tf2_py/tf2_py.egg-info to /TiaGo_TourGuide/TiagoTourGuide_ws/install/lib/python3/dist-packages/tf2_py-0.7.7.egg-info
Skipping SOURCES.txt
running install_scripts
-- Installing: /TiaGo_TourGuide/TiagoTourGuide_ws/install/lib/pkgconfig/tf2_py.pc
-- Installing: /TiaGo_TourGuide/TiagoTourGuide_ws/install/share/tf2_py/cmake/tf2_pyConfig.cmake
-- Installing: /TiaGo_TourGuide/TiagoTourGuide_ws/install/share/tf2_py/cmake/tf2_pyConfig-version.cmake
-- Installing: /TiaGo_TourGuide/TiagoTourGuide_ws/install/share/tf2_py/package.xml
-- Installing: /TiaGo_TourGuide/TiagoTourGuide_ws/install/lib/python3/dist-packages/tf2_py/_tf2.so
