[35m[1mScanning dependencies of target _pal_control_msgs_generate_messages_check_deps_MotionManagerActionGoal[0m
[  0%] Built target _pal_control_msgs_generate_messages_check_deps_MotionManagerActionGoal
[35m[1mScanning dependencies of target _pal_control_msgs_generate_messages_check_deps_CurrentLimit[0m
[  0%] Built target _pal_control_msgs_generate_messages_check_deps_CurrentLimit
[35m[1mScanning dependencies of target _pal_control_msgs_generate_messages_check_deps_RigidBodyTrajectoryFeedback[0m
[  0%] Built target _pal_control_msgs_generate_messages_check_deps_RigidBodyTrajectoryFeedback
[35m[1mScanning dependencies of target _pal_control_msgs_generate_messages_check_deps_RigidBodyTrajectoryActionResult[0m
[  0%] Built target _pal_control_msgs_generate_messages_check_deps_RigidBodyTrajectoryActionResult
[35m[1mScanning dependencies of target _pal_control_msgs_generate_messages_check_deps_RigidBodyTrajectoryActionGoal[0m
[  0%] Built target _pal_control_msgs_generate_messages_check_deps_RigidBodyTrajectoryActionGoal
[35m[1mScanning dependencies of target _pal_control_msgs_generate_messages_check_deps_RigidBodyTrajectoryAction[0m
[  0%] Built target _pal_control_msgs_generate_messages_check_deps_RigidBodyTrajectoryAction
[35m[1mScanning dependencies of target _pal_control_msgs_generate_messages_check_deps_MotionManagerFeedback[0m
[  0%] Built target _pal_control_msgs_generate_messages_check_deps_MotionManagerFeedback
[35m[1mScanning dependencies of target _pal_control_msgs_generate_messages_check_deps_RigidBodyTrajectoryResult[0m
[  0%] Built target _pal_control_msgs_generate_messages_check_deps_RigidBodyTrajectoryResult
[35m[1mScanning dependencies of target _pal_control_msgs_generate_messages_check_deps_MotionManagerGoal[0m
[  0%] Built target _pal_control_msgs_generate_messages_check_deps_MotionManagerGoal
[35m[1mScanning dependencies of target _pal_control_msgs_generate_messages_check_deps_MotionManagerActionFeedback[0m
[  0%] Built target _pal_control_msgs_generate_messages_check_deps_MotionManagerActionFeedback
[35m[1mScanning dependencies of target _pal_control_msgs_generate_messages_check_deps_ActuatorCurrentLimit[0m
[  0%] Built target _pal_control_msgs_generate_messages_check_deps_ActuatorCurrentLimit
[35m[1mScanning dependencies of target _pal_control_msgs_generate_messages_check_deps_RigidBodyTrajectoryActionFeedback[0m
[  0%] Built target _pal_control_msgs_generate_messages_check_deps_RigidBodyTrajectoryActionFeedback
[35m[1mScanning dependencies of target _pal_control_msgs_generate_messages_check_deps_MotionManagerActionResult[0m
[  0%] Built target _pal_control_msgs_generate_messages_check_deps_MotionManagerActionResult
[35m[1mScanning dependencies of target geometry_msgs_generate_messages_py[0m
[  0%] Built target geometry_msgs_generate_messages_py
[35m[1mScanning dependencies of target _pal_control_msgs_generate_messages_check_deps_RigidBodyTrajectoryGoal[0m
[  0%] Built target _pal_control_msgs_generate_messages_check_deps_RigidBodyTrajectoryGoal
[35m[1mScanning dependencies of target actionlib_msgs_generate_messages_py[0m
[  0%] Built target actionlib_msgs_generate_messages_py
[35m[1mScanning dependencies of target _pal_control_msgs_generate_messages_check_deps_RigidBodyTrajectoryPoint[0m
[  0%] Built target _pal_control_msgs_generate_messages_check_deps_RigidBodyTrajectoryPoint
[35m[1mScanning dependencies of target _pal_control_msgs_generate_messages_check_deps_MotionManagerResult[0m
[  0%] Built target _pal_control_msgs_generate_messages_check_deps_MotionManagerResult
[35m[1mScanning dependencies of target _pal_control_msgs_generate_messages_check_deps_OperationalSpaceGoal[0m
[  0%] Built target _pal_control_msgs_generate_messages_check_deps_OperationalSpaceGoal
[35m[1mScanning dependencies of target _pal_control_msgs_generate_messages_check_deps_MotionManagerAction[0m
[  0%] Built target _pal_control_msgs_generate_messages_check_deps_MotionManagerAction
[35m[1mScanning dependencies of target actionlib_msgs_generate_messages_eus[0m
[  0%] Built target actionlib_msgs_generate_messages_eus
[35m[1mScanning dependencies of target geometry_msgs_generate_messages_eus[0m
[  0%] Built target geometry_msgs_generate_messages_eus
[35m[1mScanning dependencies of target actionlib_msgs_generate_messages_cpp[0m
[  0%] Built target actionlib_msgs_generate_messages_cpp
[35m[1mScanning dependencies of target geometry_msgs_generate_messages_cpp[0m
[  0%] Built target geometry_msgs_generate_messages_cpp
[35m[1mScanning dependencies of target geometry_msgs_generate_messages_nodejs[0m
[  0%] Built target geometry_msgs_generate_messages_nodejs
[35m[1mScanning dependencies of target actionlib_msgs_generate_messages_nodejs[0m
[  0%] Built target actionlib_msgs_generate_messages_nodejs
[35m[1mScanning dependencies of target geometry_msgs_generate_messages_lisp[0m
[  0%] Built target geometry_msgs_generate_messages_lisp
[35m[1mScanning dependencies of target actionlib_msgs_generate_messages_lisp[0m
[  0%] Built target actionlib_msgs_generate_messages_lisp
[35m[1mScanning dependencies of target pal_control_msgs_generate_messages_py[0m
[  1%] [34m[1mGenerating Python from MSG pal_control_msgs/ActuatorCurrentLimit[0m
[  2%] [34m[1mGenerating Python from MSG pal_control_msgs/OperationalSpaceGoal[0m
[  3%] [34m[1mGenerating Python from MSG pal_control_msgs/RigidBodyTrajectoryPoint[0m
[  4%] [34m[1mGenerating Python from MSG pal_control_msgs/MotionManagerAction[0m
[  5%] [34m[1mGenerating Python from MSG pal_control_msgs/MotionManagerActionGoal[0m
[  6%] [34m[1mGenerating Python from MSG pal_control_msgs/MotionManagerActionResult[0m
[  7%] [34m[1mGenerating Python from MSG pal_control_msgs/MotionManagerActionFeedback[0m
[  8%] [34m[1mGenerating Python from MSG pal_control_msgs/MotionManagerGoal[0m
[  9%] [34m[1mGenerating Python from MSG pal_control_msgs/MotionManagerResult[0m
[ 10%] [34m[1mGenerating Python from MSG pal_control_msgs/MotionManagerFeedback[0m
[ 11%] [34m[1mGenerating Python from MSG pal_control_msgs/RigidBodyTrajectoryAction[0m
[ 12%] [34m[1mGenerating Python from MSG pal_control_msgs/RigidBodyTrajectoryActionGoal[0m
[ 13%] [34m[1mGenerating Python from MSG pal_control_msgs/RigidBodyTrajectoryActionResult[0m
[ 15%] [34m[1mGenerating Python from MSG pal_control_msgs/RigidBodyTrajectoryActionFeedback[0m
[ 16%] [34m[1mGenerating Python from MSG pal_control_msgs/RigidBodyTrajectoryGoal[0m
[ 17%] [34m[1mGenerating Python from MSG pal_control_msgs/RigidBodyTrajectoryResult[0m
[ 18%] [34m[1mGenerating Python from MSG pal_control_msgs/RigidBodyTrajectoryFeedback[0m
[ 19%] [34m[1mGenerating Python code from SRV pal_control_msgs/CurrentLimit[0m
[ 20%] [34m[1mGenerating Python msg __init__.py for pal_control_msgs[0m
[ 21%] [34m[1mGenerating Python srv __init__.py for pal_control_msgs[0m
[ 21%] Built target pal_control_msgs_generate_messages_py
[35m[1mScanning dependencies of target pal_control_msgs_generate_messages_eus[0m
[ 22%] [34m[1mGenerating EusLisp code from pal_control_msgs/ActuatorCurrentLimit.msg[0m
[ 23%] [34m[1mGenerating EusLisp code from pal_control_msgs/OperationalSpaceGoal.msg[0m
[ 24%] [34m[1mGenerating EusLisp code from pal_control_msgs/RigidBodyTrajectoryPoint.msg[0m
[35m[1mScanning dependencies of target pal_control_msgs_generate_messages_cpp[0m
[ 25%] [34m[1mGenerating C++ code from pal_control_msgs/ActuatorCurrentLimit.msg[0m
[ 26%] [34m[1mGenerating EusLisp code from pal_control_msgs/MotionManagerAction.msg[0m
[ 27%] [34m[1mGenerating C++ code from pal_control_msgs/OperationalSpaceGoal.msg[0m
[ 29%] [34m[1mGenerating EusLisp code from pal_control_msgs/MotionManagerActionGoal.msg[0m
[ 30%] [34m[1mGenerating EusLisp code from pal_control_msgs/MotionManagerActionResult.msg[0m
[ 31%] [34m[1mGenerating C++ code from pal_control_msgs/RigidBodyTrajectoryPoint.msg[0m
[ 32%] [34m[1mGenerating EusLisp code from pal_control_msgs/MotionManagerActionFeedback.msg[0m
[ 33%] [34m[1mGenerating C++ code from pal_control_msgs/MotionManagerAction.msg[0m
[ 34%] [34m[1mGenerating EusLisp code from pal_control_msgs/MotionManagerGoal.msg[0m
[ 35%] [34m[1mGenerating C++ code from pal_control_msgs/MotionManagerActionGoal.msg[0m
[ 36%] [34m[1mGenerating EusLisp code from pal_control_msgs/MotionManagerResult.msg[0m
[ 37%] [34m[1mGenerating EusLisp code from pal_control_msgs/MotionManagerFeedback.msg[0m
[ 38%] [34m[1mGenerating C++ code from pal_control_msgs/MotionManagerActionResult.msg[0m
[ 39%] [34m[1mGenerating EusLisp code from pal_control_msgs/RigidBodyTrajectoryAction.msg[0m
[ 40%] [34m[1mGenerating EusLisp code from pal_control_msgs/RigidBodyTrajectoryActionGoal.msg[0m
[ 41%] [34m[1mGenerating C++ code from pal_control_msgs/MotionManagerActionFeedback.msg[0m
[ 43%] [34m[1mGenerating EusLisp code from pal_control_msgs/RigidBodyTrajectoryActionResult.msg[0m
[ 44%] [34m[1mGenerating C++ code from pal_control_msgs/MotionManagerGoal.msg[0m
[ 45%] [34m[1mGenerating EusLisp code from pal_control_msgs/RigidBodyTrajectoryActionFeedback.msg[0m
[ 46%] [34m[1mGenerating EusLisp code from pal_control_msgs/RigidBodyTrajectoryGoal.msg[0m
[ 47%] [34m[1mGenerating C++ code from pal_control_msgs/MotionManagerResult.msg[0m
[ 48%] [34m[1mGenerating EusLisp code from pal_control_msgs/RigidBodyTrajectoryResult.msg[0m
[ 49%] [34m[1mGenerating C++ code from pal_control_msgs/MotionManagerFeedback.msg[0m
[ 50%] [34m[1mGenerating EusLisp code from pal_control_msgs/RigidBodyTrajectoryFeedback.msg[0m
[ 51%] [34m[1mGenerating EusLisp code from pal_control_msgs/CurrentLimit.srv[0m
[ 52%] [34m[1mGenerating C++ code from pal_control_msgs/RigidBodyTrajectoryAction.msg[0m
[ 53%] [34m[1mGenerating EusLisp manifest code for pal_control_msgs[0m
[ 54%] [34m[1mGenerating C++ code from pal_control_msgs/RigidBodyTrajectoryActionGoal.msg[0m
WARNING: Package name "TiagoTourGuide" does not follow the naming conventions. It should start with a lower case letter and only contain lower case letters, digits, underscores, and dashes.
WARNING: Package name "TiagoTourGuide" does not follow the naming conventions. It should start with a lower case letter and only contain lower case letters, digits, underscores, and dashes.
[ 55%] [34m[1mGenerating C++ code from pal_control_msgs/RigidBodyTrajectoryActionResult.msg[0m
WARNING: Package name "TiagoTourGuide" does not follow the naming conventions. It should start with a lower case letter and only contain lower case letters, digits, underscores, and dashes.
[ 56%] [34m[1mGenerating C++ code from pal_control_msgs/RigidBodyTrajectoryActionFeedback.msg[0m
WARNING: Package name "TiagoTourGuide" does not follow the naming conventions. It should start with a lower case letter and only contain lower case letters, digits, underscores, and dashes.
[ 58%] [34m[1mGenerating C++ code from pal_control_msgs/RigidBodyTrajectoryGoal.msg[0m
[ 58%] Built target pal_control_msgs_generate_messages_eus
[35m[1mScanning dependencies of target pal_control_msgs_generate_messages_nodejs[0m
[ 59%] [34m[1mGenerating Javascript code from pal_control_msgs/ActuatorCurrentLimit.msg[0m
[ 60%] [34m[1mGenerating C++ code from pal_control_msgs/RigidBodyTrajectoryResult.msg[0m
[35m[1mScanning dependencies of target pal_control_msgs_generate_messages_lisp[0m
[ 61%] [34m[1mGenerating Javascript code from pal_control_msgs/OperationalSpaceGoal.msg[0m
[ 62%] [34m[1mGenerating Lisp code from pal_control_msgs/ActuatorCurrentLimit.msg[0m
[ 63%] [34m[1mGenerating Javascript code from pal_control_msgs/RigidBodyTrajectoryPoint.msg[0m
[ 64%] [34m[1mGenerating Lisp code from pal_control_msgs/OperationalSpaceGoal.msg[0m
[ 65%] [34m[1mGenerating C++ code from pal_control_msgs/RigidBodyTrajectoryFeedback.msg[0m
[ 66%] [34m[1mGenerating Javascript code from pal_control_msgs/MotionManagerAction.msg[0m
[ 67%] [34m[1mGenerating Lisp code from pal_control_msgs/RigidBodyTrajectoryPoint.msg[0m
[ 68%] [34m[1mGenerating Lisp code from pal_control_msgs/MotionManagerAction.msg[0m
[ 69%] [34m[1mGenerating Javascript code from pal_control_msgs/MotionManagerActionGoal.msg[0m
[ 70%] [34m[1mGenerating C++ code from pal_control_msgs/CurrentLimit.srv[0m
[ 72%] [34m[1mGenerating Lisp code from pal_control_msgs/MotionManagerActionGoal.msg[0m
[ 73%] [34m[1mGenerating Javascript code from pal_control_msgs/MotionManagerActionResult.msg[0m
[ 74%] [34m[1mGenerating Lisp code from pal_control_msgs/MotionManagerActionResult.msg[0m
[ 75%] [34m[1mGenerating Javascript code from pal_control_msgs/MotionManagerActionFeedback.msg[0m
[ 76%] [34m[1mGenerating Lisp code from pal_control_msgs/MotionManagerActionFeedback.msg[0m
[ 77%] [34m[1mGenerating Javascript code from pal_control_msgs/MotionManagerGoal.msg[0m
[ 78%] [34m[1mGenerating Lisp code from pal_control_msgs/MotionManagerGoal.msg[0m
[ 79%] [34m[1mGenerating Javascript code from pal_control_msgs/MotionManagerResult.msg[0m
[ 79%] Built target pal_control_msgs_generate_messages_cpp
[ 80%] [34m[1mGenerating Lisp code from pal_control_msgs/MotionManagerResult.msg[0m
[ 81%] [34m[1mGenerating Javascript code from pal_control_msgs/MotionManagerFeedback.msg[0m
[ 82%] [34m[1mGenerating Lisp code from pal_control_msgs/MotionManagerFeedback.msg[0m
[ 83%] [34m[1mGenerating Javascript code from pal_control_msgs/RigidBodyTrajectoryAction.msg[0m
[ 84%] [34m[1mGenerating Lisp code from pal_control_msgs/RigidBodyTrajectoryAction.msg[0m
[ 86%] [34m[1mGenerating Javascript code from pal_control_msgs/RigidBodyTrajectoryActionGoal.msg[0m
[ 87%] [34m[1mGenerating Lisp code from pal_control_msgs/RigidBodyTrajectoryActionGoal.msg[0m
[ 88%] [34m[1mGenerating Javascript code from pal_control_msgs/RigidBodyTrajectoryActionResult.msg[0m
[ 89%] [34m[1mGenerating Lisp code from pal_control_msgs/RigidBodyTrajectoryActionResult.msg[0m
[ 90%] [34m[1mGenerating Javascript code from pal_control_msgs/RigidBodyTrajectoryActionFeedback.msg[0m
[ 91%] [34m[1mGenerating Lisp code from pal_control_msgs/RigidBodyTrajectoryActionFeedback.msg[0m
[ 92%] [34m[1mGenerating Lisp code from pal_control_msgs/RigidBodyTrajectoryGoal.msg[0m
[ 93%] [34m[1mGenerating Javascript code from pal_control_msgs/RigidBodyTrajectoryGoal.msg[0m
[ 94%] [34m[1mGenerating Javascript code from pal_control_msgs/RigidBodyTrajectoryResult.msg[0m
[ 95%] [34m[1mGenerating Lisp code from pal_control_msgs/RigidBodyTrajectoryResult.msg[0m
[ 96%] [34m[1mGenerating Javascript code from pal_control_msgs/RigidBodyTrajectoryFeedback.msg[0m
[ 97%] [34m[1mGenerating Lisp code from pal_control_msgs/RigidBodyTrajectoryFeedback.msg[0m
[ 98%] [34m[1mGenerating Javascript code from pal_control_msgs/CurrentLimit.srv[0m
[100%] [34m[1mGenerating Lisp code from pal_control_msgs/CurrentLimit.srv[0m
[100%] Built target pal_control_msgs_generate_messages_nodejs
[100%] Built target pal_control_msgs_generate_messages_lisp
[35m[1mScanning dependencies of target pal_control_msgs_generate_messages[0m
[100%] Built target pal_control_msgs_generate_messages
