[  0%] Built target _pal_control_msgs_generate_messages_check_deps_MotionManagerActionGoal
[  0%] Built target _pal_control_msgs_generate_messages_check_deps_CurrentLimit
[  0%] Built target _pal_control_msgs_generate_messages_check_deps_RigidBodyTrajectoryFeedback
[  0%] Built target _pal_control_msgs_generate_messages_check_deps_RigidBodyTrajectoryActionResult
[  0%] Built target _pal_control_msgs_generate_messages_check_deps_RigidBodyTrajectoryActionGoal
[  0%] Built target _pal_control_msgs_generate_messages_check_deps_RigidBodyTrajectoryAction
[  0%] Built target _pal_control_msgs_generate_messages_check_deps_MotionManagerFeedback
[  0%] Built target _pal_control_msgs_generate_messages_check_deps_RigidBodyTrajectoryResult
[  0%] Built target _pal_control_msgs_generate_messages_check_deps_MotionManagerGoal
[  0%] Built target _pal_control_msgs_generate_messages_check_deps_MotionManagerActionFeedback
[  0%] Built target _pal_control_msgs_generate_messages_check_deps_ActuatorCurrentLimit
[  0%] Built target _pal_control_msgs_generate_messages_check_deps_RigidBodyTrajectoryActionFeedback
[  0%] Built target _pal_control_msgs_generate_messages_check_deps_MotionManagerActionResult
[  0%] Built target geometry_msgs_generate_messages_py
[  0%] Built target _pal_control_msgs_generate_messages_check_deps_RigidBodyTrajectoryGoal
[  0%] Built target actionlib_msgs_generate_messages_py
[  0%] Built target _pal_control_msgs_generate_messages_check_deps_RigidBodyTrajectoryPoint
[  0%] Built target _pal_control_msgs_generate_messages_check_deps_MotionManagerResult
[  0%] Built target _pal_control_msgs_generate_messages_check_deps_OperationalSpaceGoal
[  0%] Built target _pal_control_msgs_generate_messages_check_deps_MotionManagerAction
[  0%] Built target actionlib_msgs_generate_messages_eus
[  0%] Built target geometry_msgs_generate_messages_eus
[  0%] Built target actionlib_msgs_generate_messages_cpp
[  0%] Built target geometry_msgs_generate_messages_cpp
[  0%] Built target geometry_msgs_generate_messages_nodejs
[  0%] Built target actionlib_msgs_generate_messages_nodejs
[  0%] Built target geometry_msgs_generate_messages_lisp
[  0%] Built target actionlib_msgs_generate_messages_lisp
[ 21%] Built target pal_control_msgs_generate_messages_py
[ 41%] Built target pal_control_msgs_generate_messages_eus
[ 61%] Built target pal_control_msgs_generate_messages_cpp
[ 80%] Built target pal_control_msgs_generate_messages_nodejs
[100%] Built target pal_control_msgs_generate_messages_lisp
[100%] Built target pal_control_msgs_generate_messages
