[  0%] Built target roscpp_generate_messages_eus
[  0%] Built target tf2_msgs_generate_messages_eus
[  0%] Built target roscpp_generate_messages_cpp
[  0%] Built target std_msgs_generate_messages_nodejs
[  0%] Built target geometry_msgs_generate_messages_eus
[  0%] Built target roscpp_generate_messages_nodejs
[  0%] Built target std_msgs_generate_messages_cpp
[  0%] Built target tf2_msgs_generate_messages_cpp
[  0%] Built target actionlib_msgs_generate_messages_py
[  0%] Built target actionlib_generate_messages_cpp
[  0%] Built target rosgraph_msgs_generate_messages_nodejs
[  0%] Built target rosgraph_msgs_generate_messages_lisp
[  0%] Built target actionlib_msgs_generate_messages_eus
[  0%] Built target actionlib_generate_messages_py
[  0%] Built target actionlib_generate_messages_lisp
[  0%] Built target _catkin_empty_exported_target
[  0%] Built target roscpp_generate_messages_lisp
[  0%] Built target actionlib_generate_messages_nodejs
[  0%] Built target rosgraph_msgs_generate_messages_py
[  0%] Built target std_msgs_generate_messages_eus
[  0%] Built target actionlib_msgs_generate_messages_nodejs
[  0%] Built target actionlib_msgs_generate_messages_lisp
[  0%] Built target rosgraph_msgs_generate_messages_cpp
[  0%] Built target actionlib_generate_messages_eus
[  0%] Built target actionlib_msgs_generate_messages_cpp
[  0%] Built target roscpp_generate_messages_py
[  0%] Built target rosgraph_msgs_generate_messages_eus
[  0%] Built target std_msgs_generate_messages_lisp
[  0%] Built target geometry_msgs_generate_messages_cpp
[  0%] Built target tf2_msgs_generate_messages_py
[  0%] Built target geometry_msgs_generate_messages_lisp
[  0%] Built target geometry_msgs_generate_messages_nodejs
[  0%] Built target geometry_msgs_generate_messages_py
[  0%] Built target tf2_msgs_generate_messages_lisp
[  0%] Built target tf2_msgs_generate_messages_nodejs
[  0%] Built target std_msgs_generate_messages_py
[ 63%] Built target tf2_ros
[ 81%] Built target tf2_ros_buffer_server
[100%] Built target tf2_ros_static_transform_publisher
[36mInstall the project...[0m
-- Install configuration: ""
-- Installing: /TiaGo_TourGuide/TiagoTourGuide_ws/install/_setup_util.py
-- Installing: /TiaGo_TourGuide/TiagoTourGuide_ws/install/env.sh
-- Installing: /TiaGo_TourGuide/TiagoTourGuide_ws/install/setup.bash
-- Installing: /TiaGo_TourGuide/TiagoTourGuide_ws/install/local_setup.bash
-- Installing: /TiaGo_TourGuide/TiagoTourGuide_ws/install/setup.sh
-- Installing: /TiaGo_TourGuide/TiagoTourGuide_ws/install/local_setup.sh
-- Installing: /TiaGo_TourGuide/TiagoTourGuide_ws/install/setup.zsh
-- Installing: /TiaGo_TourGuide/TiagoTourGuide_ws/install/local_setup.zsh
-- Installing: /TiaGo_TourGuide/TiagoTourGuide_ws/install/.rosinstall
+ cd /TiaGo_TourGuide/TiagoTourGuide_ws/src/geometry2-noetic-devel/tf2_ros
+ mkdir -p /TiaGo_TourGuide/TiagoTourGuide_ws/install/lib/python3/dist-packages
+ /usr/bin/env PYTHONPATH=/TiaGo_TourGuide/TiagoTourGuide_ws/install/lib/python3/dist-packages:/TiaGo_TourGuide/TiagoTourGuide_ws/build/tf2_ros/lib/python3/dist-packages:/TiaGo_TourGuide/TiagoTourGuide_ws/install/lib/python3/dist-packages:/TiaGo_TourGuide/TiagoTourGuide_ws/devel/lib/python3/dist-packages:/opt/ros/noetic/lib/python3/dist-packages CATKIN_BINARY_DIR=/TiaGo_TourGuide/TiagoTourGuide_ws/build/tf2_ros /usr/bin/python3 /TiaGo_TourGuide/TiagoTourGuide_ws/src/geometry2-noetic-devel/tf2_ros/setup.py egg_info --egg-base /TiaGo_TourGuide/TiagoTourGuide_ws/build/tf2_ros build --build-base /TiaGo_TourGuide/TiagoTourGuide_ws/build/tf2_ros install --root=/ --install-layout=deb --prefix=/TiaGo_TourGuide/TiagoTourGuide_ws/install --install-scripts=/TiaGo_TourGuide/TiagoTourGuide_ws/install/bin
running egg_info
creating /TiaGo_TourGuide/TiagoTourGuide_ws/build/tf2_ros/tf2_ros.egg-info
writing /TiaGo_TourGuide/TiagoTourGuide_ws/build/tf2_ros/tf2_ros.egg-info/PKG-INFO
writing dependency_links to /TiaGo_TourGuide/TiagoTourGuide_ws/build/tf2_ros/tf2_ros.egg-info/dependency_links.txt
writing top-level names to /TiaGo_TourGuide/TiagoTourGuide_ws/build/tf2_ros/tf2_ros.egg-info/top_level.txt
writing manifest file '/TiaGo_TourGuide/TiagoTourGuide_ws/build/tf2_ros/tf2_ros.egg-info/SOURCES.txt'
reading manifest file '/TiaGo_TourGuide/TiagoTourGuide_ws/build/tf2_ros/tf2_ros.egg-info/SOURCES.txt'
writing manifest file '/TiaGo_TourGuide/TiagoTourGuide_ws/build/tf2_ros/tf2_ros.egg-info/SOURCES.txt'
running build
running build_py
creating /TiaGo_TourGuide/TiagoTourGuide_ws/build/tf2_ros/lib
creating /TiaGo_TourGuide/TiagoTourGuide_ws/build/tf2_ros/lib/tf2_ros
copying src/tf2_ros/transform_listener.py -> /TiaGo_TourGuide/TiagoTourGuide_ws/build/tf2_ros/lib/tf2_ros
copying src/tf2_ros/transform_broadcaster.py -> /TiaGo_TourGuide/TiagoTourGuide_ws/build/tf2_ros/lib/tf2_ros
copying src/tf2_ros/__init__.py -> /TiaGo_TourGuide/TiagoTourGuide_ws/build/tf2_ros/lib/tf2_ros
copying src/tf2_ros/buffer_client.py -> /TiaGo_TourGuide/TiagoTourGuide_ws/build/tf2_ros/lib/tf2_ros
copying src/tf2_ros/static_transform_broadcaster.py -> /TiaGo_TourGuide/TiagoTourGuide_ws/build/tf2_ros/lib/tf2_ros
copying src/tf2_ros/buffer.py -> /TiaGo_TourGuide/TiagoTourGuide_ws/build/tf2_ros/lib/tf2_ros
copying src/tf2_ros/buffer_interface.py -> /TiaGo_TourGuide/TiagoTourGuide_ws/build/tf2_ros/lib/tf2_ros
running install
running install_lib
creating /TiaGo_TourGuide/TiagoTourGuide_ws/install/lib/python3/dist-packages/tf2_ros
copying /TiaGo_TourGuide/TiagoTourGuide_ws/build/tf2_ros/lib/tf2_ros/transform_listener.py -> /TiaGo_TourGuide/TiagoTourGuide_ws/install/lib/python3/dist-packages/tf2_ros
copying /TiaGo_TourGuide/TiagoTourGuide_ws/build/tf2_ros/lib/tf2_ros/transform_broadcaster.py -> /TiaGo_TourGuide/TiagoTourGuide_ws/install/lib/python3/dist-packages/tf2_ros
copying /TiaGo_TourGuide/TiagoTourGuide_ws/build/tf2_ros/lib/tf2_ros/__init__.py -> /TiaGo_TourGuide/TiagoTourGuide_ws/install/lib/python3/dist-packages/tf2_ros
copying /TiaGo_TourGuide/TiagoTourGuide_ws/build/tf2_ros/lib/tf2_ros/buffer_client.py -> /TiaGo_TourGuide/TiagoTourGuide_ws/install/lib/python3/dist-packages/tf2_ros
copying /TiaGo_TourGuide/TiagoTourGuide_ws/build/tf2_ros/lib/tf2_ros/static_transform_broadcaster.py -> /TiaGo_TourGuide/TiagoTourGuide_ws/install/lib/python3/dist-packages/tf2_ros
copying /TiaGo_TourGuide/TiagoTourGuide_ws/build/tf2_ros/lib/tf2_ros/buffer.py -> /TiaGo_TourGuide/TiagoTourGuide_ws/install/lib/python3/dist-packages/tf2_ros
copying /TiaGo_TourGuide/TiagoTourGuide_ws/build/tf2_ros/lib/tf2_ros/buffer_interface.py -> /TiaGo_TourGuide/TiagoTourGuide_ws/install/lib/python3/dist-packages/tf2_ros
byte-compiling /TiaGo_TourGuide/TiagoTourGuide_ws/install/lib/python3/dist-packages/tf2_ros/transform_listener.py to transform_listener.cpython-38.pyc
byte-compiling /TiaGo_TourGuide/TiagoTourGuide_ws/install/lib/python3/dist-packages/tf2_ros/transform_broadcaster.py to transform_broadcaster.cpython-38.pyc
byte-compiling /TiaGo_TourGuide/TiagoTourGuide_ws/install/lib/python3/dist-packages/tf2_ros/__init__.py to __init__.cpython-38.pyc
byte-compiling /TiaGo_TourGuide/TiagoTourGuide_ws/install/lib/python3/dist-packages/tf2_ros/buffer_client.py to buffer_client.cpython-38.pyc
byte-compiling /TiaGo_TourGuide/TiagoTourGuide_ws/install/lib/python3/dist-packages/tf2_ros/static_transform_broadcaster.py to static_transform_broadcaster.cpython-38.pyc
byte-compiling /TiaGo_TourGuide/TiagoTourGuide_ws/install/lib/python3/dist-packages/tf2_ros/buffer.py to buffer.cpython-38.pyc
byte-compiling /TiaGo_TourGuide/TiagoTourGuide_ws/install/lib/python3/dist-packages/tf2_ros/buffer_interface.py to buffer_interface.cpython-38.pyc
running install_egg_info
Copying /TiaGo_TourGuide/TiagoTourGuide_ws/build/tf2_ros/tf2_ros.egg-info to /TiaGo_TourGuide/TiagoTourGuide_ws/install/lib/python3/dist-packages/tf2_ros-0.7.7.egg-info
Skipping SOURCES.txt
running install_scripts
-- Installing: /TiaGo_TourGuide/TiagoTourGuide_ws/install/lib/pkgconfig/tf2_ros.pc
-- Installing: /TiaGo_TourGuide/TiagoTourGuide_ws/install/share/tf2_ros/cmake/tf2_rosConfig.cmake
-- Installing: /TiaGo_TourGuide/TiagoTourGuide_ws/install/share/tf2_ros/cmake/tf2_rosConfig-version.cmake
-- Installing: /TiaGo_TourGuide/TiagoTourGuide_ws/install/share/tf2_ros/package.xml
-- Installing: /TiaGo_TourGuide/TiagoTourGuide_ws/install/lib/libtf2_ros.so
-- Set runtime path of "/TiaGo_TourGuide/TiagoTourGuide_ws/install/lib/libtf2_ros.so" to ""
-- Installing: /TiaGo_TourGuide/TiagoTourGuide_ws/install/lib/tf2_ros/buffer_server
-- Set runtime path of "/TiaGo_TourGuide/TiagoTourGuide_ws/install/lib/tf2_ros/buffer_server" to ""
-- Installing: /TiaGo_TourGuide/TiagoTourGuide_ws/install/lib/tf2_ros/static_transform_publisher
-- Set runtime path of "/TiaGo_TourGuide/TiagoTourGuide_ws/install/lib/tf2_ros/static_transform_publisher" to ""
-- Installing: /TiaGo_TourGuide/TiagoTourGuide_ws/install/include/tf2_ros
-- Installing: /TiaGo_TourGuide/TiagoTourGuide_ws/install/include/tf2_ros/transform_listener.h
-- Installing: /TiaGo_TourGuide/TiagoTourGuide_ws/install/include/tf2_ros/transform_broadcaster.h
-- Installing: /TiaGo_TourGuide/TiagoTourGuide_ws/install/include/tf2_ros/static_transform_broadcaster.h
-- Installing: /TiaGo_TourGuide/TiagoTourGuide_ws/install/include/tf2_ros/buffer_server.h
-- Installing: /TiaGo_TourGuide/TiagoTourGuide_ws/install/include/tf2_ros/message_filter.h
-- Installing: /TiaGo_TourGuide/TiagoTourGuide_ws/install/include/tf2_ros/buffer.h
-- Installing: /TiaGo_TourGuide/TiagoTourGuide_ws/install/include/tf2_ros/buffer_client.h
-- Installing: /TiaGo_TourGuide/TiagoTourGuide_ws/install/include/tf2_ros/buffer_interface.h
