[  0%] Built target _pal_detection_msgs_generate_messages_check_deps_FaceDetections
[  0%] Built target _pal_detection_msgs_generate_messages_check_deps_RecognizedObject
[  0%] Built target _pal_detection_msgs_generate_messages_check_deps_AddTexturedObject
[  0%] Built target _pal_detection_msgs_generate_messages_check_deps_RecognizeObjectsGoal
[  0%] Built target _pal_detection_msgs_generate_messages_check_deps_Detections2d
[  0%] Built target _pal_detection_msgs_generate_messages_check_deps_Obstacle
[  0%] Built target actionlib_msgs_generate_messages_cpp
[  0%] Built target _pal_detection_msgs_generate_messages_check_deps_RecognizeObjectsAction
[  0%] Built target _pal_detection_msgs_generate_messages_check_deps_RecognizedActions
[  0%] Built target geometry_msgs_generate_messages_cpp
[  0%] Built target _pal_detection_msgs_generate_messages_check_deps_PersonDetection
[  0%] Built target _pal_detection_msgs_generate_messages_check_deps_FaceThermalDetections
[  0%] Built target _pal_detection_msgs_generate_messages_check_deps_Gesture
[  0%] Built target _pal_detection_msgs_generate_messages_check_deps_StopEnrollment
[  0%] Built target _pal_detection_msgs_generate_messages_check_deps_LegDetections
[  0%] Built target _pal_detection_msgs_generate_messages_check_deps_Detection2d
[  0%] Built target _pal_detection_msgs_generate_messages_check_deps_RotatedDetection2d
[  0%] Built target _pal_detection_msgs_generate_messages_check_deps_PersonDetections
[  0%] Built target _pal_detection_msgs_generate_messages_check_deps_FaceDetection
[  0%] Built target _pal_detection_msgs_generate_messages_check_deps_RecognizeObjectsResult
[  0%] Built target _pal_detection_msgs_generate_messages_check_deps_Obstacles
[  0%] Built target _pal_detection_msgs_generate_messages_check_deps_WaveDetection
[  0%] Built target _pal_detection_msgs_generate_messages_check_deps_RecognizedObjectArray
[  0%] Built target _pal_detection_msgs_generate_messages_check_deps_RecognizeObjectsActionGoal
[  0%] Built target _pal_detection_msgs_generate_messages_check_deps_RecognizeObjectsActionResult
[  0%] Built target _pal_detection_msgs_generate_messages_check_deps_ChangeObjectRecognizerModel
[  0%] Built target sensor_msgs_generate_messages_cpp
[  0%] Built target _pal_detection_msgs_generate_messages_check_deps_TexturedObjectDetection
[  0%] Built target _pal_detection_msgs_generate_messages_check_deps_RecognizeObjectsFeedback
[  0%] Built target _pal_detection_msgs_generate_messages_check_deps_RecognizeObjectsActionFeedback
[  0%] Built target _pal_detection_msgs_generate_messages_check_deps_SelectTexturedObject
[  0%] Built target _pal_detection_msgs_generate_messages_check_deps_Recognizer
[  0%] Built target _pal_detection_msgs_generate_messages_check_deps_SetDatabase
[  0%] Built target _pal_detection_msgs_generate_messages_check_deps_StartEnrollment
[  0%] Built target actionlib_msgs_generate_messages_py
[  0%] Built target geometry_msgs_generate_messages_py
[  0%] Built target sensor_msgs_generate_messages_py
[  0%] Built target actionlib_msgs_generate_messages_nodejs
[  0%] Built target sensor_msgs_generate_messages_nodejs
[  0%] Built target geometry_msgs_generate_messages_nodejs
[  0%] Built target actionlib_msgs_generate_messages_lisp
[  0%] Built target sensor_msgs_generate_messages_lisp
[  0%] Built target geometry_msgs_generate_messages_lisp
[  0%] Built target geometry_msgs_generate_messages_eus
[  0%] Built target actionlib_msgs_generate_messages_eus
[  0%] Built target sensor_msgs_generate_messages_eus
[ 19%] Built target pal_detection_msgs_generate_messages_cpp
[ 40%] Built target pal_detection_msgs_generate_messages_py
[ 60%] Built target pal_detection_msgs_generate_messages_nodejs
[ 80%] Built target pal_detection_msgs_generate_messages_lisp
[100%] Built target pal_detection_msgs_generate_messages_eus
[100%] Built target pal_detection_msgs_generate_messages
