Symlinking /home/pal/TiaGo_TourGuide/TiagoTourGuide_ws/devel/include/pal_detection_msgs/FaceDetections.h
Symlinking /home/pal/TiaGo_TourGuide/TiagoTourGuide_ws/devel/include/pal_detection_msgs/RotatedDetection2d.h
Symlinking /home/pal/TiaGo_TourGuide/TiagoTourGuide_ws/devel/include/pal_detection_msgs/ChangeObjectRecognizerModelResponse.h
Symlinking /home/pal/TiaGo_TourGuide/TiagoTourGuide_ws/devel/include/pal_detection_msgs/StopEnrollmentRequest.h
Symlinking /home/pal/TiaGo_TourGuide/TiagoTourGuide_ws/devel/include/pal_detection_msgs/AddTexturedObjectRequest.h
Symlinking /home/pal/TiaGo_TourGuide/TiagoTourGuide_ws/devel/include/pal_detection_msgs/Detections2d.h
Symlinking /home/pal/TiaGo_TourGuide/TiagoTourGuide_ws/devel/include/pal_detection_msgs/RecognizeObjectsActionFeedback.h
Symlinking /home/pal/TiaGo_TourGuide/TiagoTourGuide_ws/devel/include/pal_detection_msgs/StartEnrollmentResponse.h
Symlinking /home/pal/TiaGo_TourGuide/TiagoTourGuide_ws/devel/include/pal_detection_msgs/RecognizerRequest.h
Symlinking /home/pal/TiaGo_TourGuide/TiagoTourGuide_ws/devel/include/pal_detection_msgs/SelectTexturedObjectResponse.h
Symlinking /home/pal/TiaGo_TourGuide/TiagoTourGuide_ws/devel/include/pal_detection_msgs/SelectTexturedObject.h
Symlinking /home/pal/TiaGo_TourGuide/TiagoTourGuide_ws/devel/include/pal_detection_msgs/Obstacles.h
Symlinking /home/pal/TiaGo_TourGuide/TiagoTourGuide_ws/devel/include/pal_detection_msgs/StopEnrollmentResponse.h
Symlinking /home/pal/TiaGo_TourGuide/TiagoTourGuide_ws/devel/include/pal_detection_msgs/RecognizeObjectsAction.h
Symlinking /home/pal/TiaGo_TourGuide/TiagoTourGuide_ws/devel/include/pal_detection_msgs/RecognizeObjectsActionGoal.h
Symlinking /home/pal/TiaGo_TourGuide/TiagoTourGuide_ws/devel/include/pal_detection_msgs/RecognizedObjectArray.h
Symlinking /home/pal/TiaGo_TourGuide/TiagoTourGuide_ws/devel/include/pal_detection_msgs/AddTexturedObject.h
Symlinking /home/pal/TiaGo_TourGuide/TiagoTourGuide_ws/devel/include/pal_detection_msgs/FaceDetection.h
Symlinking /home/pal/TiaGo_TourGuide/TiagoTourGuide_ws/devel/include/pal_detection_msgs/RecognizeObjectsGoal.h
Symlinking /home/pal/TiaGo_TourGuide/TiagoTourGuide_ws/devel/include/pal_detection_msgs/TexturedObjectDetection.h
Symlinking /home/pal/TiaGo_TourGuide/TiagoTourGuide_ws/devel/include/pal_detection_msgs/SetDatabaseResponse.h
Symlinking /home/pal/TiaGo_TourGuide/TiagoTourGuide_ws/devel/include/pal_detection_msgs/Obstacle.h
Symlinking /home/pal/TiaGo_TourGuide/TiagoTourGuide_ws/devel/include/pal_detection_msgs/SelectTexturedObjectRequest.h
Symlinking /home/pal/TiaGo_TourGuide/TiagoTourGuide_ws/devel/include/pal_detection_msgs/RecognizedObject.h
Symlinking /home/pal/TiaGo_TourGuide/TiagoTourGuide_ws/devel/include/pal_detection_msgs/PersonDetections.h
Symlinking /home/pal/TiaGo_TourGuide/TiagoTourGuide_ws/devel/include/pal_detection_msgs/RecognizeObjectsResult.h
Symlinking /home/pal/TiaGo_TourGuide/TiagoTourGuide_ws/devel/include/pal_detection_msgs/WaveDetection.h
Symlinking /home/pal/TiaGo_TourGuide/TiagoTourGuide_ws/devel/include/pal_detection_msgs/Detection2d.h
Symlinking /home/pal/TiaGo_TourGuide/TiagoTourGuide_ws/devel/include/pal_detection_msgs/RecognizeObjectsActionResult.h
Symlinking /home/pal/TiaGo_TourGuide/TiagoTourGuide_ws/devel/include/pal_detection_msgs/StartEnrollment.h
Symlinking /home/pal/TiaGo_TourGuide/TiagoTourGuide_ws/devel/include/pal_detection_msgs/StartEnrollmentRequest.h
Symlinking /home/pal/TiaGo_TourGuide/TiagoTourGuide_ws/devel/include/pal_detection_msgs/ChangeObjectRecognizerModelRequest.h
Symlinking /home/pal/TiaGo_TourGuide/TiagoTourGuide_ws/devel/include/pal_detection_msgs/SetDatabase.h
Symlinking /home/pal/TiaGo_TourGuide/TiagoTourGuide_ws/devel/include/pal_detection_msgs/AddTexturedObjectResponse.h
Symlinking /home/pal/TiaGo_TourGuide/TiagoTourGuide_ws/devel/include/pal_detection_msgs/FaceThermalDetections.h
Symlinking /home/pal/TiaGo_TourGuide/TiagoTourGuide_ws/devel/include/pal_detection_msgs/SetDatabaseRequest.h
Symlinking /home/pal/TiaGo_TourGuide/TiagoTourGuide_ws/devel/include/pal_detection_msgs/RecognizedActions.h
Symlinking /home/pal/TiaGo_TourGuide/TiagoTourGuide_ws/devel/include/pal_detection_msgs/StopEnrollment.h
Symlinking /home/pal/TiaGo_TourGuide/TiagoTourGuide_ws/devel/include/pal_detection_msgs/ChangeObjectRecognizerModel.h
Symlinking /home/pal/TiaGo_TourGuide/TiagoTourGuide_ws/devel/include/pal_detection_msgs/RecognizerResponse.h
Symlinking /home/pal/TiaGo_TourGuide/TiagoTourGuide_ws/devel/include/pal_detection_msgs/PersonDetection.h
Symlinking /home/pal/TiaGo_TourGuide/TiagoTourGuide_ws/devel/include/pal_detection_msgs/Recognizer.h
Symlinking /home/pal/TiaGo_TourGuide/TiagoTourGuide_ws/devel/include/pal_detection_msgs/RecognizeObjectsFeedback.h
Symlinking /home/pal/TiaGo_TourGuide/TiagoTourGuide_ws/devel/include/pal_detection_msgs/Gesture.h
Symlinking /home/pal/TiaGo_TourGuide/TiagoTourGuide_ws/devel/include/pal_detection_msgs/LegDetections.h
Symlinking /home/pal/TiaGo_TourGuide/TiagoTourGuide_ws/devel/lib/pkgconfig/pal_detection_msgs.pc
Symlinking /home/pal/TiaGo_TourGuide/TiagoTourGuide_ws/devel/lib/python3/dist-packages/pal_detection_msgs/__init__.py
Symlinking /home/pal/TiaGo_TourGuide/TiagoTourGuide_ws/devel/lib/python3/dist-packages/pal_detection_msgs/srv/__init__.py
Symlinking /home/pal/TiaGo_TourGuide/TiagoTourGuide_ws/devel/lib/python3/dist-packages/pal_detection_msgs/srv/_SetDatabase.py
Symlinking /home/pal/TiaGo_TourGuide/TiagoTourGuide_ws/devel/lib/python3/dist-packages/pal_detection_msgs/srv/_ChangeObjectRecognizerModel.py
Symlinking /home/pal/TiaGo_TourGuide/TiagoTourGuide_ws/devel/lib/python3/dist-packages/pal_detection_msgs/srv/_AddTexturedObject.py
Symlinking /home/pal/TiaGo_TourGuide/TiagoTourGuide_ws/devel/lib/python3/dist-packages/pal_detection_msgs/srv/_StartEnrollment.py
Symlinking /home/pal/TiaGo_TourGuide/TiagoTourGuide_ws/devel/lib/python3/dist-packages/pal_detection_msgs/srv/_SelectTexturedObject.py
Symlinking /home/pal/TiaGo_TourGuide/TiagoTourGuide_ws/devel/lib/python3/dist-packages/pal_detection_msgs/srv/_StopEnrollment.py
Symlinking /home/pal/TiaGo_TourGuide/TiagoTourGuide_ws/devel/lib/python3/dist-packages/pal_detection_msgs/srv/_Recognizer.py
Symlinking /home/pal/TiaGo_TourGuide/TiagoTourGuide_ws/devel/lib/python3/dist-packages/pal_detection_msgs/msg/_RecognizeObjectsActionResult.py
Symlinking /home/pal/TiaGo_TourGuide/TiagoTourGuide_ws/devel/lib/python3/dist-packages/pal_detection_msgs/msg/__init__.py
Symlinking /home/pal/TiaGo_TourGuide/TiagoTourGuide_ws/devel/lib/python3/dist-packages/pal_detection_msgs/msg/_Obstacle.py
Symlinking /home/pal/TiaGo_TourGuide/TiagoTourGuide_ws/devel/lib/python3/dist-packages/pal_detection_msgs/msg/_FaceDetection.py
Symlinking /home/pal/TiaGo_TourGuide/TiagoTourGuide_ws/devel/lib/python3/dist-packages/pal_detection_msgs/msg/_FaceThermalDetections.py
Symlinking /home/pal/TiaGo_TourGuide/TiagoTourGuide_ws/devel/lib/python3/dist-packages/pal_detection_msgs/msg/_Gesture.py
Symlinking /home/pal/TiaGo_TourGuide/TiagoTourGuide_ws/devel/lib/python3/dist-packages/pal_detection_msgs/msg/_LegDetections.py
Symlinking /home/pal/TiaGo_TourGuide/TiagoTourGuide_ws/devel/lib/python3/dist-packages/pal_detection_msgs/msg/_Obstacles.py
Symlinking /home/pal/TiaGo_TourGuide/TiagoTourGuide_ws/devel/lib/python3/dist-packages/pal_detection_msgs/msg/_RecognizeObjectsActionGoal.py
Symlinking /home/pal/TiaGo_TourGuide/TiagoTourGuide_ws/devel/lib/python3/dist-packages/pal_detection_msgs/msg/_RecognizedObjectArray.py
Symlinking /home/pal/TiaGo_TourGuide/TiagoTourGuide_ws/devel/lib/python3/dist-packages/pal_detection_msgs/msg/_Detection2d.py
Symlinking /home/pal/TiaGo_TourGuide/TiagoTourGuide_ws/devel/lib/python3/dist-packages/pal_detection_msgs/msg/_RecognizedObject.py
Symlinking /home/pal/TiaGo_TourGuide/TiagoTourGuide_ws/devel/lib/python3/dist-packages/pal_detection_msgs/msg/_RecognizeObjectsFeedback.py
Symlinking /home/pal/TiaGo_TourGuide/TiagoTourGuide_ws/devel/lib/python3/dist-packages/pal_detection_msgs/msg/_PersonDetections.py
Symlinking /home/pal/TiaGo_TourGuide/TiagoTourGuide_ws/devel/lib/python3/dist-packages/pal_detection_msgs/msg/_RecognizedActions.py
Symlinking /home/pal/TiaGo_TourGuide/TiagoTourGuide_ws/devel/lib/python3/dist-packages/pal_detection_msgs/msg/_PersonDetection.py
Symlinking /home/pal/TiaGo_TourGuide/TiagoTourGuide_ws/devel/lib/python3/dist-packages/pal_detection_msgs/msg/_TexturedObjectDetection.py
Symlinking /home/pal/TiaGo_TourGuide/TiagoTourGuide_ws/devel/lib/python3/dist-packages/pal_detection_msgs/msg/_RecognizeObjectsResult.py
Symlinking /home/pal/TiaGo_TourGuide/TiagoTourGuide_ws/devel/lib/python3/dist-packages/pal_detection_msgs/msg/_RotatedDetection2d.py
Symlinking /home/pal/TiaGo_TourGuide/TiagoTourGuide_ws/devel/lib/python3/dist-packages/pal_detection_msgs/msg/_RecognizeObjectsActionFeedback.py
Symlinking /home/pal/TiaGo_TourGuide/TiagoTourGuide_ws/devel/lib/python3/dist-packages/pal_detection_msgs/msg/_RecognizeObjectsAction.py
Symlinking /home/pal/TiaGo_TourGuide/TiagoTourGuide_ws/devel/lib/python3/dist-packages/pal_detection_msgs/msg/_FaceDetections.py
Symlinking /home/pal/TiaGo_TourGuide/TiagoTourGuide_ws/devel/lib/python3/dist-packages/pal_detection_msgs/msg/_WaveDetection.py
Symlinking /home/pal/TiaGo_TourGuide/TiagoTourGuide_ws/devel/lib/python3/dist-packages/pal_detection_msgs/msg/_Detections2d.py
Symlinking /home/pal/TiaGo_TourGuide/TiagoTourGuide_ws/devel/lib/python3/dist-packages/pal_detection_msgs/msg/_RecognizeObjectsGoal.py
Symlinking /home/pal/TiaGo_TourGuide/TiagoTourGuide_ws/devel/share/pal_detection_msgs/msg/RecognizeObjectsFeedback.msg
Symlinking /home/pal/TiaGo_TourGuide/TiagoTourGuide_ws/devel/share/pal_detection_msgs/msg/RecognizeObjectsActionResult.msg
Symlinking /home/pal/TiaGo_TourGuide/TiagoTourGuide_ws/devel/share/pal_detection_msgs/msg/RecognizeObjectsAction.msg
Symlinking /home/pal/TiaGo_TourGuide/TiagoTourGuide_ws/devel/share/pal_detection_msgs/msg/RecognizeObjectsResult.msg
Symlinking /home/pal/TiaGo_TourGuide/TiagoTourGuide_ws/devel/share/pal_detection_msgs/msg/RecognizeObjectsActionFeedback.msg
Symlinking /home/pal/TiaGo_TourGuide/TiagoTourGuide_ws/devel/share/pal_detection_msgs/msg/RecognizeObjectsActionGoal.msg
Symlinking /home/pal/TiaGo_TourGuide/TiagoTourGuide_ws/devel/share/pal_detection_msgs/msg/RecognizeObjectsGoal.msg
Symlinking /home/pal/TiaGo_TourGuide/TiagoTourGuide_ws/devel/share/pal_detection_msgs/cmake/pal_detection_msgsConfig.cmake
Symlinking /home/pal/TiaGo_TourGuide/TiagoTourGuide_ws/devel/share/pal_detection_msgs/cmake/pal_detection_msgs-msg-paths.cmake
Symlinking /home/pal/TiaGo_TourGuide/TiagoTourGuide_ws/devel/share/pal_detection_msgs/cmake/pal_detection_msgsConfig-version.cmake
Symlinking /home/pal/TiaGo_TourGuide/TiagoTourGuide_ws/devel/share/pal_detection_msgs/cmake/pal_detection_msgs-msg-extras.cmake
Symlinking /home/pal/TiaGo_TourGuide/TiagoTourGuide_ws/devel/share/common-lisp/ros/pal_detection_msgs/srv/ChangeObjectRecognizerModel.lisp
Symlinking /home/pal/TiaGo_TourGuide/TiagoTourGuide_ws/devel/share/common-lisp/ros/pal_detection_msgs/srv/_package_SetDatabase.lisp
Symlinking /home/pal/TiaGo_TourGuide/TiagoTourGuide_ws/devel/share/common-lisp/ros/pal_detection_msgs/srv/_package_SelectTexturedObject.lisp
Symlinking /home/pal/TiaGo_TourGuide/TiagoTourGuide_ws/devel/share/common-lisp/ros/pal_detection_msgs/srv/StopEnrollment.lisp
Symlinking /home/pal/TiaGo_TourGuide/TiagoTourGuide_ws/devel/share/common-lisp/ros/pal_detection_msgs/srv/StartEnrollment.lisp
Symlinking /home/pal/TiaGo_TourGuide/TiagoTourGuide_ws/devel/share/common-lisp/ros/pal_detection_msgs/srv/AddTexturedObject.lisp
Symlinking /home/pal/TiaGo_TourGuide/TiagoTourGuide_ws/devel/share/common-lisp/ros/pal_detection_msgs/srv/_package_StopEnrollment.lisp
Symlinking /home/pal/TiaGo_TourGuide/TiagoTourGuide_ws/devel/share/common-lisp/ros/pal_detection_msgs/srv/_package_AddTexturedObject.lisp
Symlinking /home/pal/TiaGo_TourGuide/TiagoTourGuide_ws/devel/share/common-lisp/ros/pal_detection_msgs/srv/_package_Recognizer.lisp
Symlinking /home/pal/TiaGo_TourGuide/TiagoTourGuide_ws/devel/share/common-lisp/ros/pal_detection_msgs/srv/_package.lisp
Symlinking /home/pal/TiaGo_TourGuide/TiagoTourGuide_ws/devel/share/common-lisp/ros/pal_detection_msgs/srv/SelectTexturedObject.lisp
Symlinking /home/pal/TiaGo_TourGuide/TiagoTourGuide_ws/devel/share/common-lisp/ros/pal_detection_msgs/srv/Recognizer.lisp
Symlinking /home/pal/TiaGo_TourGuide/TiagoTourGuide_ws/devel/share/common-lisp/ros/pal_detection_msgs/srv/_package_StartEnrollment.lisp
Symlinking /home/pal/TiaGo_TourGuide/TiagoTourGuide_ws/devel/share/common-lisp/ros/pal_detection_msgs/srv/pal_detection_msgs-srv.asd
Symlinking /home/pal/TiaGo_TourGuide/TiagoTourGuide_ws/devel/share/common-lisp/ros/pal_detection_msgs/srv/_package_ChangeObjectRecognizerModel.lisp
Symlinking /home/pal/TiaGo_TourGuide/TiagoTourGuide_ws/devel/share/common-lisp/ros/pal_detection_msgs/srv/SetDatabase.lisp
Symlinking /home/pal/TiaGo_TourGuide/TiagoTourGuide_ws/devel/share/common-lisp/ros/pal_detection_msgs/msg/_package_Obstacle.lisp
Symlinking /home/pal/TiaGo_TourGuide/TiagoTourGuide_ws/devel/share/common-lisp/ros/pal_detection_msgs/msg/_package_LegDetections.lisp
Symlinking /home/pal/TiaGo_TourGuide/TiagoTourGuide_ws/devel/share/common-lisp/ros/pal_detection_msgs/msg/RecognizeObjectsGoal.lisp
Symlinking /home/pal/TiaGo_TourGuide/TiagoTourGuide_ws/devel/share/common-lisp/ros/pal_detection_msgs/msg/RecognizeObjectsFeedback.lisp
Symlinking /home/pal/TiaGo_TourGuide/TiagoTourGuide_ws/devel/share/common-lisp/ros/pal_detection_msgs/msg/RecognizedObject.lisp
Symlinking /home/pal/TiaGo_TourGuide/TiagoTourGuide_ws/devel/share/common-lisp/ros/pal_detection_msgs/msg/RecognizeObjectsAction.lisp
Symlinking /home/pal/TiaGo_TourGuide/TiagoTourGuide_ws/devel/share/common-lisp/ros/pal_detection_msgs/msg/_package_RecognizedObject.lisp
Symlinking /home/pal/TiaGo_TourGuide/TiagoTourGuide_ws/devel/share/common-lisp/ros/pal_detection_msgs/msg/Obstacles.lisp
Symlinking /home/pal/TiaGo_TourGuide/TiagoTourGuide_ws/devel/share/common-lisp/ros/pal_detection_msgs/msg/WaveDetection.lisp
Symlinking /home/pal/TiaGo_TourGuide/TiagoTourGuide_ws/devel/share/common-lisp/ros/pal_detection_msgs/msg/_package_PersonDetection.lisp
Symlinking /home/pal/TiaGo_TourGuide/TiagoTourGuide_ws/devel/share/common-lisp/ros/pal_detection_msgs/msg/_package_RecognizeObjectsGoal.lisp
Symlinking /home/pal/TiaGo_TourGuide/TiagoTourGuide_ws/devel/share/common-lisp/ros/pal_detection_msgs/msg/pal_detection_msgs-msg.asd
Symlinking /home/pal/TiaGo_TourGuide/TiagoTourGuide_ws/devel/share/common-lisp/ros/pal_detection_msgs/msg/_package_RecognizeObjectsResult.lisp
Symlinking /home/pal/TiaGo_TourGuide/TiagoTourGuide_ws/devel/share/common-lisp/ros/pal_detection_msgs/msg/_package_RecognizeObjectsAction.lisp
Symlinking /home/pal/TiaGo_TourGuide/TiagoTourGuide_ws/devel/share/common-lisp/ros/pal_detection_msgs/msg/_package_Detection2d.lisp
Symlinking /home/pal/TiaGo_TourGuide/TiagoTourGuide_ws/devel/share/common-lisp/ros/pal_detection_msgs/msg/_package_RecognizeObjectsActionGoal.lisp
Symlinking /home/pal/TiaGo_TourGuide/TiagoTourGuide_ws/devel/share/common-lisp/ros/pal_detection_msgs/msg/_package_RecognizeObjectsFeedback.lisp
Symlinking /home/pal/TiaGo_TourGuide/TiagoTourGuide_ws/devel/share/common-lisp/ros/pal_detection_msgs/msg/_package_FaceThermalDetections.lisp
Symlinking /home/pal/TiaGo_TourGuide/TiagoTourGuide_ws/devel/share/common-lisp/ros/pal_detection_msgs/msg/FaceThermalDetections.lisp
Symlinking /home/pal/TiaGo_TourGuide/TiagoTourGuide_ws/devel/share/common-lisp/ros/pal_detection_msgs/msg/RecognizedActions.lisp
Symlinking /home/pal/TiaGo_TourGuide/TiagoTourGuide_ws/devel/share/common-lisp/ros/pal_detection_msgs/msg/RecognizeObjectsActionFeedback.lisp
Symlinking /home/pal/TiaGo_TourGuide/TiagoTourGuide_ws/devel/share/common-lisp/ros/pal_detection_msgs/msg/FaceDetection.lisp
Symlinking /home/pal/TiaGo_TourGuide/TiagoTourGuide_ws/devel/share/common-lisp/ros/pal_detection_msgs/msg/_package_PersonDetections.lisp
Symlinking /home/pal/TiaGo_TourGuide/TiagoTourGuide_ws/devel/share/common-lisp/ros/pal_detection_msgs/msg/_package_TexturedObjectDetection.lisp
Symlinking /home/pal/TiaGo_TourGuide/TiagoTourGuide_ws/devel/share/common-lisp/ros/pal_detection_msgs/msg/TexturedObjectDetection.lisp
Symlinking /home/pal/TiaGo_TourGuide/TiagoTourGuide_ws/devel/share/common-lisp/ros/pal_detection_msgs/msg/RecognizeObjectsActionGoal.lisp
Symlinking /home/pal/TiaGo_TourGuide/TiagoTourGuide_ws/devel/share/common-lisp/ros/pal_detection_msgs/msg/Gesture.lisp
Symlinking /home/pal/TiaGo_TourGuide/TiagoTourGuide_ws/devel/share/common-lisp/ros/pal_detection_msgs/msg/_package_RecognizeObjectsActionFeedback.lisp
Symlinking /home/pal/TiaGo_TourGuide/TiagoTourGuide_ws/devel/share/common-lisp/ros/pal_detection_msgs/msg/_package_Obstacles.lisp
Symlinking /home/pal/TiaGo_TourGuide/TiagoTourGuide_ws/devel/share/common-lisp/ros/pal_detection_msgs/msg/_package_RecognizeObjectsActionResult.lisp
Symlinking /home/pal/TiaGo_TourGuide/TiagoTourGuide_ws/devel/share/common-lisp/ros/pal_detection_msgs/msg/Detection2d.lisp
Symlinking /home/pal/TiaGo_TourGuide/TiagoTourGuide_ws/devel/share/common-lisp/ros/pal_detection_msgs/msg/_package_RecognizedObjectArray.lisp
Symlinking /home/pal/TiaGo_TourGuide/TiagoTourGuide_ws/devel/share/common-lisp/ros/pal_detection_msgs/msg/_package.lisp
Symlinking /home/pal/TiaGo_TourGuide/TiagoTourGuide_ws/devel/share/common-lisp/ros/pal_detection_msgs/msg/_package_RotatedDetection2d.lisp
Symlinking /home/pal/TiaGo_TourGuide/TiagoTourGuide_ws/devel/share/common-lisp/ros/pal_detection_msgs/msg/_package_FaceDetections.lisp
Symlinking /home/pal/TiaGo_TourGuide/TiagoTourGuide_ws/devel/share/common-lisp/ros/pal_detection_msgs/msg/Detections2d.lisp
Symlinking /home/pal/TiaGo_TourGuide/TiagoTourGuide_ws/devel/share/common-lisp/ros/pal_detection_msgs/msg/LegDetections.lisp
Symlinking /home/pal/TiaGo_TourGuide/TiagoTourGuide_ws/devel/share/common-lisp/ros/pal_detection_msgs/msg/_package_WaveDetection.lisp
Symlinking /home/pal/TiaGo_TourGuide/TiagoTourGuide_ws/devel/share/common-lisp/ros/pal_detection_msgs/msg/_package_Gesture.lisp
Symlinking /home/pal/TiaGo_TourGuide/TiagoTourGuide_ws/devel/share/common-lisp/ros/pal_detection_msgs/msg/_package_Detections2d.lisp
Symlinking /home/pal/TiaGo_TourGuide/TiagoTourGuide_ws/devel/share/common-lisp/ros/pal_detection_msgs/msg/_package_FaceDetection.lisp
Symlinking /home/pal/TiaGo_TourGuide/TiagoTourGuide_ws/devel/share/common-lisp/ros/pal_detection_msgs/msg/FaceDetections.lisp
Symlinking /home/pal/TiaGo_TourGuide/TiagoTourGuide_ws/devel/share/common-lisp/ros/pal_detection_msgs/msg/RecognizeObjectsActionResult.lisp
Symlinking /home/pal/TiaGo_TourGuide/TiagoTourGuide_ws/devel/share/common-lisp/ros/pal_detection_msgs/msg/RecognizedObjectArray.lisp
Symlinking /home/pal/TiaGo_TourGuide/TiagoTourGuide_ws/devel/share/common-lisp/ros/pal_detection_msgs/msg/Obstacle.lisp
Symlinking /home/pal/TiaGo_TourGuide/TiagoTourGuide_ws/devel/share/common-lisp/ros/pal_detection_msgs/msg/_package_RecognizedActions.lisp
Symlinking /home/pal/TiaGo_TourGuide/TiagoTourGuide_ws/devel/share/common-lisp/ros/pal_detection_msgs/msg/PersonDetection.lisp
Symlinking /home/pal/TiaGo_TourGuide/TiagoTourGuide_ws/devel/share/common-lisp/ros/pal_detection_msgs/msg/PersonDetections.lisp
Symlinking /home/pal/TiaGo_TourGuide/TiagoTourGuide_ws/devel/share/common-lisp/ros/pal_detection_msgs/msg/RotatedDetection2d.lisp
Symlinking /home/pal/TiaGo_TourGuide/TiagoTourGuide_ws/devel/share/common-lisp/ros/pal_detection_msgs/msg/RecognizeObjectsResult.lisp
Symlinking /home/pal/TiaGo_TourGuide/TiagoTourGuide_ws/devel/share/roseus/ros/pal_detection_msgs/manifest.l
Symlinking /home/pal/TiaGo_TourGuide/TiagoTourGuide_ws/devel/share/roseus/ros/pal_detection_msgs/srv/StartEnrollment.l
Symlinking /home/pal/TiaGo_TourGuide/TiagoTourGuide_ws/devel/share/roseus/ros/pal_detection_msgs/srv/Recognizer.l
Symlinking /home/pal/TiaGo_TourGuide/TiagoTourGuide_ws/devel/share/roseus/ros/pal_detection_msgs/srv/StopEnrollment.l
Symlinking /home/pal/TiaGo_TourGuide/TiagoTourGuide_ws/devel/share/roseus/ros/pal_detection_msgs/srv/SelectTexturedObject.l
Symlinking /home/pal/TiaGo_TourGuide/TiagoTourGuide_ws/devel/share/roseus/ros/pal_detection_msgs/srv/SetDatabase.l
Symlinking /home/pal/TiaGo_TourGuide/TiagoTourGuide_ws/devel/share/roseus/ros/pal_detection_msgs/srv/ChangeObjectRecognizerModel.l
Symlinking /home/pal/TiaGo_TourGuide/TiagoTourGuide_ws/devel/share/roseus/ros/pal_detection_msgs/srv/AddTexturedObject.l
Symlinking /home/pal/TiaGo_TourGuide/TiagoTourGuide_ws/devel/share/roseus/ros/pal_detection_msgs/msg/RecognizeObjectsActionGoal.l
Symlinking /home/pal/TiaGo_TourGuide/TiagoTourGuide_ws/devel/share/roseus/ros/pal_detection_msgs/msg/RecognizeObjectsResult.l
Symlinking /home/pal/TiaGo_TourGuide/TiagoTourGuide_ws/devel/share/roseus/ros/pal_detection_msgs/msg/RotatedDetection2d.l
Symlinking /home/pal/TiaGo_TourGuide/TiagoTourGuide_ws/devel/share/roseus/ros/pal_detection_msgs/msg/RecognizedObjectArray.l
Symlinking /home/pal/TiaGo_TourGuide/TiagoTourGuide_ws/devel/share/roseus/ros/pal_detection_msgs/msg/FaceThermalDetections.l
Symlinking /home/pal/TiaGo_TourGuide/TiagoTourGuide_ws/devel/share/roseus/ros/pal_detection_msgs/msg/Detection2d.l
Symlinking /home/pal/TiaGo_TourGuide/TiagoTourGuide_ws/devel/share/roseus/ros/pal_detection_msgs/msg/FaceDetection.l
Symlinking /home/pal/TiaGo_TourGuide/TiagoTourGuide_ws/devel/share/roseus/ros/pal_detection_msgs/msg/WaveDetection.l
Symlinking /home/pal/TiaGo_TourGuide/TiagoTourGuide_ws/devel/share/roseus/ros/pal_detection_msgs/msg/RecognizeObjectsFeedback.l
Symlinking /home/pal/TiaGo_TourGuide/TiagoTourGuide_ws/devel/share/roseus/ros/pal_detection_msgs/msg/LegDetections.l
Symlinking /home/pal/TiaGo_TourGuide/TiagoTourGuide_ws/devel/share/roseus/ros/pal_detection_msgs/msg/FaceDetections.l
Symlinking /home/pal/TiaGo_TourGuide/TiagoTourGuide_ws/devel/share/roseus/ros/pal_detection_msgs/msg/Gesture.l
Symlinking /home/pal/TiaGo_TourGuide/TiagoTourGuide_ws/devel/share/roseus/ros/pal_detection_msgs/msg/RecognizeObjectsAction.l
Symlinking /home/pal/TiaGo_TourGuide/TiagoTourGuide_ws/devel/share/roseus/ros/pal_detection_msgs/msg/Obstacle.l
Symlinking /home/pal/TiaGo_TourGuide/TiagoTourGuide_ws/devel/share/roseus/ros/pal_detection_msgs/msg/Obstacles.l
Symlinking /home/pal/TiaGo_TourGuide/TiagoTourGuide_ws/devel/share/roseus/ros/pal_detection_msgs/msg/PersonDetection.l
Symlinking /home/pal/TiaGo_TourGuide/TiagoTourGuide_ws/devel/share/roseus/ros/pal_detection_msgs/msg/RecognizedActions.l
Symlinking /home/pal/TiaGo_TourGuide/TiagoTourGuide_ws/devel/share/roseus/ros/pal_detection_msgs/msg/RecognizeObjectsActionFeedback.l
Symlinking /home/pal/TiaGo_TourGuide/TiagoTourGuide_ws/devel/share/roseus/ros/pal_detection_msgs/msg/PersonDetections.l
Symlinking /home/pal/TiaGo_TourGuide/TiagoTourGuide_ws/devel/share/roseus/ros/pal_detection_msgs/msg/Detections2d.l
Symlinking /home/pal/TiaGo_TourGuide/TiagoTourGuide_ws/devel/share/roseus/ros/pal_detection_msgs/msg/RecognizeObjectsActionResult.l
Symlinking /home/pal/TiaGo_TourGuide/TiagoTourGuide_ws/devel/share/roseus/ros/pal_detection_msgs/msg/TexturedObjectDetection.l
Symlinking /home/pal/TiaGo_TourGuide/TiagoTourGuide_ws/devel/share/roseus/ros/pal_detection_msgs/msg/RecognizeObjectsGoal.l
Symlinking /home/pal/TiaGo_TourGuide/TiagoTourGuide_ws/devel/share/roseus/ros/pal_detection_msgs/msg/RecognizedObject.l
Symlinking /home/pal/TiaGo_TourGuide/TiagoTourGuide_ws/devel/share/gennodejs/ros/pal_detection_msgs/_index.js
Symlinking /home/pal/TiaGo_TourGuide/TiagoTourGuide_ws/devel/share/gennodejs/ros/pal_detection_msgs/srv/SelectTexturedObject.js
Symlinking /home/pal/TiaGo_TourGuide/TiagoTourGuide_ws/devel/share/gennodejs/ros/pal_detection_msgs/srv/_index.js
Symlinking /home/pal/TiaGo_TourGuide/TiagoTourGuide_ws/devel/share/gennodejs/ros/pal_detection_msgs/srv/Recognizer.js
Symlinking /home/pal/TiaGo_TourGuide/TiagoTourGuide_ws/devel/share/gennodejs/ros/pal_detection_msgs/srv/AddTexturedObject.js
Symlinking /home/pal/TiaGo_TourGuide/TiagoTourGuide_ws/devel/share/gennodejs/ros/pal_detection_msgs/srv/StartEnrollment.js
Symlinking /home/pal/TiaGo_TourGuide/TiagoTourGuide_ws/devel/share/gennodejs/ros/pal_detection_msgs/srv/StopEnrollment.js
Symlinking /home/pal/TiaGo_TourGuide/TiagoTourGuide_ws/devel/share/gennodejs/ros/pal_detection_msgs/srv/SetDatabase.js
Symlinking /home/pal/TiaGo_TourGuide/TiagoTourGuide_ws/devel/share/gennodejs/ros/pal_detection_msgs/srv/ChangeObjectRecognizerModel.js
Symlinking /home/pal/TiaGo_TourGuide/TiagoTourGuide_ws/devel/share/gennodejs/ros/pal_detection_msgs/msg/PersonDetection.js
Symlinking /home/pal/TiaGo_TourGuide/TiagoTourGuide_ws/devel/share/gennodejs/ros/pal_detection_msgs/msg/RotatedDetection2d.js
Symlinking /home/pal/TiaGo_TourGuide/TiagoTourGuide_ws/devel/share/gennodejs/ros/pal_detection_msgs/msg/RecognizeObjectsGoal.js
Symlinking /home/pal/TiaGo_TourGuide/TiagoTourGuide_ws/devel/share/gennodejs/ros/pal_detection_msgs/msg/FaceDetections.js
Symlinking /home/pal/TiaGo_TourGuide/TiagoTourGuide_ws/devel/share/gennodejs/ros/pal_detection_msgs/msg/FaceThermalDetections.js
Symlinking /home/pal/TiaGo_TourGuide/TiagoTourGuide_ws/devel/share/gennodejs/ros/pal_detection_msgs/msg/_index.js
Symlinking /home/pal/TiaGo_TourGuide/TiagoTourGuide_ws/devel/share/gennodejs/ros/pal_detection_msgs/msg/FaceDetection.js
Symlinking /home/pal/TiaGo_TourGuide/TiagoTourGuide_ws/devel/share/gennodejs/ros/pal_detection_msgs/msg/RecognizeObjectsActionResult.js
Symlinking /home/pal/TiaGo_TourGuide/TiagoTourGuide_ws/devel/share/gennodejs/ros/pal_detection_msgs/msg/RecognizeObjectsActionFeedback.js
Symlinking /home/pal/TiaGo_TourGuide/TiagoTourGuide_ws/devel/share/gennodejs/ros/pal_detection_msgs/msg/RecognizeObjectsResult.js
Symlinking /home/pal/TiaGo_TourGuide/TiagoTourGuide_ws/devel/share/gennodejs/ros/pal_detection_msgs/msg/RecognizeObjectsAction.js
Symlinking /home/pal/TiaGo_TourGuide/TiagoTourGuide_ws/devel/share/gennodejs/ros/pal_detection_msgs/msg/Detections2d.js
Symlinking /home/pal/TiaGo_TourGuide/TiagoTourGuide_ws/devel/share/gennodejs/ros/pal_detection_msgs/msg/LegDetections.js
Symlinking /home/pal/TiaGo_TourGuide/TiagoTourGuide_ws/devel/share/gennodejs/ros/pal_detection_msgs/msg/Obstacles.js
Symlinking /home/pal/TiaGo_TourGuide/TiagoTourGuide_ws/devel/share/gennodejs/ros/pal_detection_msgs/msg/RecognizeObjectsFeedback.js
Symlinking /home/pal/TiaGo_TourGuide/TiagoTourGuide_ws/devel/share/gennodejs/ros/pal_detection_msgs/msg/RecognizedObject.js
Symlinking /home/pal/TiaGo_TourGuide/TiagoTourGuide_ws/devel/share/gennodejs/ros/pal_detection_msgs/msg/Obstacle.js
Symlinking /home/pal/TiaGo_TourGuide/TiagoTourGuide_ws/devel/share/gennodejs/ros/pal_detection_msgs/msg/RecognizeObjectsActionGoal.js
Symlinking /home/pal/TiaGo_TourGuide/TiagoTourGuide_ws/devel/share/gennodejs/ros/pal_detection_msgs/msg/RecognizedActions.js
Symlinking /home/pal/TiaGo_TourGuide/TiagoTourGuide_ws/devel/share/gennodejs/ros/pal_detection_msgs/msg/TexturedObjectDetection.js
Symlinking /home/pal/TiaGo_TourGuide/TiagoTourGuide_ws/devel/share/gennodejs/ros/pal_detection_msgs/msg/Detection2d.js
Symlinking /home/pal/TiaGo_TourGuide/TiagoTourGuide_ws/devel/share/gennodejs/ros/pal_detection_msgs/msg/RecognizedObjectArray.js
Symlinking /home/pal/TiaGo_TourGuide/TiagoTourGuide_ws/devel/share/gennodejs/ros/pal_detection_msgs/msg/WaveDetection.js
Symlinking /home/pal/TiaGo_TourGuide/TiagoTourGuide_ws/devel/share/gennodejs/ros/pal_detection_msgs/msg/Gesture.js
Symlinking /home/pal/TiaGo_TourGuide/TiagoTourGuide_ws/devel/share/gennodejs/ros/pal_detection_msgs/msg/PersonDetections.js
