[ 25%] Built target pointcloud_to_laserscan
[ 50%] Built target pointcloud_to_laserscan_node
[ 75%] Built target laserscan_to_pointcloud
[100%] Built target laserscan_to_pointcloud_node
[36mInstall the project...[0m
-- Install configuration: ""
-- Installing: /TiaGo_TourGuide/TiagoTourGuide_ws/install/_setup_util.py
-- Installing: /TiaGo_TourGuide/TiagoTourGuide_ws/install/env.sh
-- Installing: /TiaGo_TourGuide/TiagoTourGuide_ws/install/setup.bash
-- Installing: /TiaGo_TourGuide/TiagoTourGuide_ws/install/local_setup.bash
-- Installing: /TiaGo_TourGuide/TiagoTourGuide_ws/install/setup.sh
-- Installing: /TiaGo_TourGuide/TiagoTourGuide_ws/install/local_setup.sh
-- Installing: /TiaGo_TourGuide/TiagoTourGuide_ws/install/setup.zsh
-- Installing: /TiaGo_TourGuide/TiagoTourGuide_ws/install/local_setup.zsh
-- Installing: /TiaGo_TourGuide/TiagoTourGuide_ws/install/.rosinstall
-- Installing: /TiaGo_TourGuide/TiagoTourGuide_ws/install/lib/pkgconfig/pointcloud_to_laserscan.pc
-- Installing: /TiaGo_TourGuide/TiagoTourGuide_ws/install/share/pointcloud_to_laserscan/cmake/pointcloud_to_laserscanConfig.cmake
-- Installing: /TiaGo_TourGuide/TiagoTourGuide_ws/install/share/pointcloud_to_laserscan/cmake/pointcloud_to_laserscanConfig-version.cmake
-- Installing: /TiaGo_TourGuide/TiagoTourGuide_ws/install/share/pointcloud_to_laserscan/package.xml
-- Installing: /TiaGo_TourGuide/TiagoTourGuide_ws/install/lib/liblaserscan_to_pointcloud.so
-- Set runtime path of "/TiaGo_TourGuide/TiagoTourGuide_ws/install/lib/liblaserscan_to_pointcloud.so" to ""
-- Installing: /TiaGo_TourGuide/TiagoTourGuide_ws/install/lib/pointcloud_to_laserscan/laserscan_to_pointcloud_node
-- Set runtime path of "/TiaGo_TourGuide/TiagoTourGuide_ws/install/lib/pointcloud_to_laserscan/laserscan_to_pointcloud_node" to ""
-- Installing: /TiaGo_TourGuide/TiagoTourGuide_ws/install/lib/libpointcloud_to_laserscan.so
-- Set runtime path of "/TiaGo_TourGuide/TiagoTourGuide_ws/install/lib/libpointcloud_to_laserscan.so" to ""
-- Installing: /TiaGo_TourGuide/TiagoTourGuide_ws/install/lib/pointcloud_to_laserscan/pointcloud_to_laserscan_node
-- Set runtime path of "/TiaGo_TourGuide/TiagoTourGuide_ws/install/lib/pointcloud_to_laserscan/pointcloud_to_laserscan_node" to ""
-- Installing: /TiaGo_TourGuide/TiagoTourGuide_ws/install/include/pointcloud_to_laserscan
-- Installing: /TiaGo_TourGuide/TiagoTourGuide_ws/install/include/pointcloud_to_laserscan/pointcloud_to_laserscan_nodelet.h
-- Installing: /TiaGo_TourGuide/TiagoTourGuide_ws/install/include/pointcloud_to_laserscan/laserscan_to_pointcloud_nodelet.h
-- Installing: /TiaGo_TourGuide/TiagoTourGuide_ws/install/share/pointcloud_to_laserscan/nodelets.xml
-- Installing: /TiaGo_TourGuide/TiagoTourGuide_ws/install/share/pointcloud_to_laserscan/launch
-- Installing: /TiaGo_TourGuide/TiagoTourGuide_ws/install/share/pointcloud_to_laserscan/launch/sample_laserscan_to_pointcloud_node.launch
-- Installing: /TiaGo_TourGuide/TiagoTourGuide_ws/install/share/pointcloud_to_laserscan/launch/sample_nodelet.launch
-- Installing: /TiaGo_TourGuide/TiagoTourGuide_ws/install/share/pointcloud_to_laserscan/launch/sample_laserscan_to_pointcloud_nodelet.launch
-- Installing: /TiaGo_TourGuide/TiagoTourGuide_ws/install/share/pointcloud_to_laserscan/launch/sample_node.launch
